#
# There is insufficient memory for the Java Runtime Environment to continue.
# Native memory allocation (mmap) failed to map 37748736 bytes. Error detail: G1 virtual space
# Possible reasons:
#   The system is out of physical RAM or swap space
#   This process is running with CompressedOops enabled, and the Java Heap may be blocking the growth of the native heap
# Possible solutions:
#   Reduce memory load on the system
#   Increase physical memory or swap space
#   Check if swap backing store is full
#   Decrease Java heap size (-Xmx/-Xms)
#   Decrease number of Java threads
#   Decrease Java thread stack sizes (-Xss)
#   Set larger code cache with -XX:ReservedCodeCacheSize=
#   JVM is running with Unscaled Compressed Oops mode in which the Java heap is
#     placed in the first 4GB address space. The Java Heap base address is the
#     maximum limit for the native heap growth. Please use -XX:HeapBaseMinAddress
#     to set the Java Heap base and to place the Java Heap above 4GB virtual address.
# This output file may be truncated or incomplete.
#
#  Out of Memory Error (os_windows.cpp:3710), pid=18792, tid=5908
#
# JRE version: OpenJDK Runtime Environment Microsoft-10800295 (17.0.14+7) (build 17.0.14+7-LTS)
# Java VM: OpenJDK 64-Bit Server VM Microsoft-10800295 (17.0.14+7-LTS, mixed mode, sharing, tiered, compressed oops, compressed class ptrs, g1 gc, windows-amd64)
# No core dump will be written. Minidumps are not enabled by default on client versions of Windows
#

---------------  S U M M A R Y ------------

Command Line: --add-opens=java.base/java.lang=ALL-UNNAMED --add-opens=java.base/java.lang.invoke=ALL-UNNAMED --add-opens=java.base/java.util=ALL-UNNAMED --add-opens=java.prefs/java.util.prefs=ALL-UNNAMED --add-exports=jdk.compiler/com.sun.tools.javac.api=ALL-UNNAMED --add-exports=jdk.compiler/com.sun.tools.javac.util=ALL-UNNAMED --add-opens=java.base/java.util=ALL-UNNAMED --add-opens=java.prefs/java.util.prefs=ALL-UNNAMED --add-opens=java.base/java.nio.charset=ALL-UNNAMED --add-opens=java.base/java.net=ALL-UNNAMED --add-opens=java.base/java.util.concurrent.atomic=ALL-UNNAMED --add-opens=java.xml/javax.xml.namespace=ALL-UNNAMED -XX:MaxMetaspaceSize=512m -Xmx2048m -Dfile.encoding=windows-1252 -Duser.country=US -Duser.language=en -Duser.variant -javaagent:C:\Users\ASUS ROG\.gradle\wrapper\dists\gradle-8.13-bin\5xuhj0ry160q40clulazy9h7d\gradle-8.13\lib\agents\gradle-instrumentation-agent-8.13.jar org.gradle.launcher.daemon.bootstrap.GradleDaemon 8.13

Host: Intel(R) Core(TM) i7-9750H CPU @ 2.60GHz, 12 cores, 15G,  Windows 10 , 64 bit Build 19041 (10.0.19041.5438)
Time: Wed Apr  9 09:05:32 2025 SE Asia Standard Time elapsed time: 7.170811 seconds (0d 0h 0m 7s)

---------------  T H R E A D  ---------------

Current thread (0x00000244b0877e80):  VMThread "VM Thread" [stack: 0x000000fc24e00000,0x000000fc24f00000] [id=5908]

Stack: [0x000000fc24e00000,0x000000fc24f00000]
Native frames: (J=compiled Java code, j=interpreted, Vv=VM code, C=native code)
V  [jvm.dll+0x6886b9]
V  [jvm.dll+0x83f6f8]
V  [jvm.dll+0x8411a3]
V  [jvm.dll+0x841813]
V  [jvm.dll+0x2495cf]
V  [jvm.dll+0x6855f9]
V  [jvm.dll+0x679a8a]
V  [jvm.dll+0x30afc7]
V  [jvm.dll+0x312536]
V  [jvm.dll+0x362eee]
V  [jvm.dll+0x36312d]
V  [jvm.dll+0x2e225c]
V  [jvm.dll+0x2e0609]
V  [jvm.dll+0x2dfd6c]
V  [jvm.dll+0x32291b]
V  [jvm.dll+0x84604d]
V  [jvm.dll+0x846d83]
V  [jvm.dll+0x8472af]
V  [jvm.dll+0x847694]
V  [jvm.dll+0x84775e]
V  [jvm.dll+0x7ef2ac]
V  [jvm.dll+0x687597]
C  [ucrtbase.dll+0x21bb2]
C  [KERNEL32.DLL+0x17374]
C  [ntdll.dll+0x4cc91]

VM_Operation (0x000000fc268f5e60): G1CollectForAllocation, mode: safepoint, requested by thread 0x00000244d1bbf4a0


---------------  P R O C E S S  ---------------

Threads class SMR info:
_java_thread_list=0x00000244d504fd10, length=37, elements={
0x00000244921c3410, 0x00000244b087bb80, 0x00000244b087e660, 0x00000244b0894350,
0x00000244b0894c20, 0x00000244b08954f0, 0x00000244b0895dc0, 0x00000244b0897a80,
0x00000244b0898440, 0x00000244b089ad60, 0x00000244b0869710, 0x00000244b0d39760,
0x00000244b0db8b40, 0x00000244d2317760, 0x00000244d1fce870, 0x00000244d00a5b00,
0x00000244d22f6050, 0x00000244d0dbca30, 0x00000244d1bbef90, 0x00000244d1bbf4a0,
0x00000244d1bbd640, 0x00000244d1bbd130, 0x00000244d1bbe060, 0x00000244d1bbe570,
0x00000244d1bbc200, 0x00000244d1bbea80, 0x00000244d3d1e6d0, 0x00000244d1bbbcf0,
0x00000244d1bbc710, 0x00000244d1bbcc20, 0x00000244d3e6fa20, 0x00000244d3e70440,
0x00000244d3e6f000, 0x00000244d3e71370, 0x00000244d3e6f510, 0x00000244d3e70950,
0x00000244d3e70e60
}

Java Threads: ( => current thread )
  0x00000244921c3410 JavaThread "main" [_thread_blocked, id=1844, stack(0x000000fc24800000,0x000000fc24900000)]
  0x00000244b087bb80 JavaThread "Reference Handler" daemon [_thread_blocked, id=15720, stack(0x000000fc24f00000,0x000000fc25000000)]
  0x00000244b087e660 JavaThread "Finalizer" daemon [_thread_blocked, id=3544, stack(0x000000fc25000000,0x000000fc25100000)]
  0x00000244b0894350 JavaThread "Signal Dispatcher" daemon [_thread_blocked, id=19392, stack(0x000000fc25100000,0x000000fc25200000)]
  0x00000244b0894c20 JavaThread "Attach Listener" daemon [_thread_blocked, id=292, stack(0x000000fc25200000,0x000000fc25300000)]
  0x00000244b08954f0 JavaThread "Service Thread" daemon [_thread_blocked, id=2184, stack(0x000000fc25300000,0x000000fc25400000)]
  0x00000244b0895dc0 JavaThread "Monitor Deflation Thread" daemon [_thread_blocked, id=17688, stack(0x000000fc25400000,0x000000fc25500000)]
  0x00000244b0897a80 JavaThread "C2 CompilerThread0" daemon [_thread_in_native, id=17276, stack(0x000000fc25500000,0x000000fc25600000)]
  0x00000244b0898440 JavaThread "C1 CompilerThread0" daemon [_thread_blocked, id=12104, stack(0x000000fc25600000,0x000000fc25700000)]
  0x00000244b089ad60 JavaThread "Sweeper thread" daemon [_thread_blocked, id=18728, stack(0x000000fc25700000,0x000000fc25800000)]
  0x00000244b0869710 JavaThread "Common-Cleaner" daemon [_thread_blocked, id=18684, stack(0x000000fc25800000,0x000000fc25900000)]
  0x00000244b0d39760 JavaThread "Notification Thread" daemon [_thread_blocked, id=8088, stack(0x000000fc25900000,0x000000fc25a00000)]
  0x00000244b0db8b40 JavaThread "C2 CompilerThread1" daemon [_thread_in_native, id=2568, stack(0x000000fc25b00000,0x000000fc25c00000)]
  0x00000244d2317760 JavaThread "Daemon health stats" [_thread_blocked, id=7952, stack(0x000000fc25c00000,0x000000fc25d00000)]
  0x00000244d1fce870 JavaThread "Incoming local TCP Connector on port 50675" [_thread_in_native, id=1568, stack(0x000000fc26300000,0x000000fc26400000)]
  0x00000244d00a5b00 JavaThread "Daemon periodic checks" [_thread_blocked, id=896, stack(0x000000fc26400000,0x000000fc26500000)]
  0x00000244d22f6050 JavaThread "Daemon" [_thread_blocked, id=17388, stack(0x000000fc26500000,0x000000fc26600000)]
  0x00000244d0dbca30 JavaThread "Handler for socket connection from /127.0.0.1:50675 to /127.0.0.1:50676" [_thread_in_native, id=1340, stack(0x000000fc26600000,0x000000fc26700000)]
  0x00000244d1bbef90 JavaThread "Cancel handler" [_thread_blocked, id=18200, stack(0x000000fc26700000,0x000000fc26800000)]
  0x00000244d1bbf4a0 JavaThread "Daemon worker" [_thread_blocked, id=18336, stack(0x000000fc26800000,0x000000fc26900000)]
  0x00000244d1bbd640 JavaThread "Asynchronous log dispatcher for DefaultDaemonConnection: socket connection from /127.0.0.1:50675 to /127.0.0.1:50676" [_thread_blocked, id=2716, stack(0x000000fc26900000,0x000000fc26a00000)]
  0x00000244d1bbd130 JavaThread "Stdin handler" [_thread_blocked, id=15632, stack(0x000000fc26a00000,0x000000fc26b00000)]
  0x00000244d1bbe060 JavaThread "Daemon client event forwarder" [_thread_blocked, id=15236, stack(0x000000fc26b00000,0x000000fc26c00000)]
  0x00000244d1bbe570 JavaThread "Cache worker for journal cache (C:\Users\ASUS ROG\.gradle\caches\journal-1)" [_thread_blocked, id=16640, stack(0x000000fc26c00000,0x000000fc26d00000)]
  0x00000244d1bbc200 JavaThread "File lock request listener" [_thread_in_native, id=18748, stack(0x000000fc26d00000,0x000000fc26e00000)]
  0x00000244d1bbea80 JavaThread "Cache worker for file hash cache (C:\Users\ASUS ROG\.gradle\caches\8.13\fileHashes)" [_thread_blocked, id=16920, stack(0x000000fc26e00000,0x000000fc26f00000)]
  0x00000244d3d1e6d0 JavaThread "C2 CompilerThread2" daemon [_thread_blocked, id=14704, stack(0x000000fc26f00000,0x000000fc27000000)]
  0x00000244d1bbbcf0 JavaThread "Cache worker for file hash cache (D:\CSE441\FirstDemoApp\FirstDemoApp\android\.gradle\8.13\fileHashes)" [_thread_blocked, id=18004, stack(0x000000fc27000000,0x000000fc27100000)]
  0x00000244d1bbc710 JavaThread "Cache worker for Build Output Cleanup Cache (D:\CSE441\FirstDemoApp\FirstDemoApp\android\.gradle\buildOutputCleanup)" [_thread_blocked, id=18572, stack(0x000000fc27100000,0x000000fc27200000)]
  0x00000244d1bbcc20 JavaThread "File watcher server" daemon [_thread_in_native, id=14896, stack(0x000000fc27800000,0x000000fc27900000)]
  0x00000244d3e6fa20 JavaThread "File watcher consumer" daemon [_thread_blocked, id=10956, stack(0x000000fc27900000,0x000000fc27a00000)]
  0x00000244d3e70440 JavaThread "jar transforms" [_thread_blocked, id=18844, stack(0x000000fc27a00000,0x000000fc27b00000)]
  0x00000244d3e6f000 JavaThread "Cache worker for checksums cache (D:\CSE441\FirstDemoApp\FirstDemoApp\android\.gradle\8.13\checksums)" [_thread_blocked, id=1440, stack(0x000000fc27b00000,0x000000fc27c00000)]
  0x00000244d3e71370 JavaThread "Cache worker for file content cache (C:\Users\ASUS ROG\.gradle\caches\8.13\fileContent)" [_thread_blocked, id=9540, stack(0x000000fc27c00000,0x000000fc27d00000)]
  0x00000244d3e6f510 JavaThread "Cache worker for cache directory md-supplier (C:\Users\ASUS ROG\.gradle\caches\8.13\md-supplier)" [_thread_blocked, id=9572, stack(0x000000fc27d00000,0x000000fc27e00000)]
  0x00000244d3e70950 JavaThread "Cache worker for cache directory md-rule (C:\Users\ASUS ROG\.gradle\caches\8.13\md-rule)" [_thread_blocked, id=9532, stack(0x000000fc27e00000,0x000000fc27f00000)]
  0x00000244d3e70e60 JavaThread "Cache worker for Build Output Cleanup Cache (D:\CSE441\FirstDemoApp\FirstDemoApp\node_modules\@react-native\gradle-plugin\.gradle\buildOutputCleanup)" [_thread_blocked, id=18584, stack(0x000000fc27f00000,0x000000fc28000000)]

Other Threads:
=>0x00000244b0877e80 VMThread "VM Thread" [stack: 0x000000fc24e00000,0x000000fc24f00000] [id=5908]
  0x00000244921c5590 WatcherThread [stack: 0x000000fc25a00000,0x000000fc25b00000] [id=19276]
  0x00000244922254e0 GCTaskThread "GC Thread#0" [stack: 0x000000fc24900000,0x000000fc24a00000] [id=4664]
  0x00000244b0ee85c0 GCTaskThread "GC Thread#1" [stack: 0x000000fc25d00000,0x000000fc25e00000] [id=1548]
  0x00000244d06e7a30 GCTaskThread "GC Thread#2" [stack: 0x000000fc25e00000,0x000000fc25f00000] [id=17664]
  0x00000244d03d7670 GCTaskThread "GC Thread#3" [stack: 0x000000fc25f00000,0x000000fc26000000] [id=3528]
  0x00000244b0ee46a0 GCTaskThread "GC Thread#4" [stack: 0x000000fc26000000,0x000000fc26100000] [id=8784]
  0x00000244d03092e0 GCTaskThread "GC Thread#5" [stack: 0x000000fc26100000,0x000000fc26200000] [id=8740]
  0x00000244d3dd3690 GCTaskThread "GC Thread#6" [stack: 0x000000fc27200000,0x000000fc27300000] [id=18888]
  0x00000244d38959b0 GCTaskThread "GC Thread#7" [stack: 0x000000fc27300000,0x000000fc27400000] [id=16592]
  0x00000244d4412a10 GCTaskThread "GC Thread#8" [stack: 0x000000fc27400000,0x000000fc27500000] [id=13456]
  0x00000244d24d2d40 GCTaskThread "GC Thread#9" [stack: 0x000000fc27500000,0x000000fc27600000] [id=5884]
  0x00000244922361e0 ConcurrentGCThread "G1 Main Marker" [stack: 0x000000fc24a00000,0x000000fc24b00000] [id=16324]
  0x00000244922369b0 ConcurrentGCThread "G1 Conc#0" [stack: 0x000000fc24b00000,0x000000fc24c00000] [id=18896]
  0x00000244d4423e10 ConcurrentGCThread "G1 Conc#1" [stack: 0x000000fc27600000,0x000000fc27700000] [id=16468]
  0x00000244d3ac3760 ConcurrentGCThread "G1 Conc#2" [stack: 0x000000fc27700000,0x000000fc27800000] [id=19220]
  0x000002449227e100 ConcurrentGCThread "G1 Refine#0" [stack: 0x000000fc24c00000,0x000000fc24d00000] [id=17908]
  0x00000244d0ac8880 ConcurrentGCThread "G1 Refine#1" [stack: 0x000000fc26200000,0x000000fc26300000] [id=18744]
  0x000002449227e8e0 ConcurrentGCThread "G1 Service" [stack: 0x000000fc24d00000,0x000000fc24e00000] [id=17620]

Threads with active compile tasks:
C2 CompilerThread0     7191 5919       4       org.objectweb.asm.ClassReader::accept (1419 bytes)
C2 CompilerThread1     7191 5933       4       org.gradle.api.internal.runtimeshaded.RuntimeShadedJarCreator::lambda$processFiles$1 (10 bytes)
C2 CompilerThread2     7191 5929 %     4       org.objectweb.asm.ClassReader::readCode @ 92 (5117 bytes)

VM state: at safepoint (normal execution)

VM Mutex/Monitor currently owned by a thread:  ([mutex/lock_event])
[0x00000244921bf180] Threads_lock - owner thread: 0x00000244b0877e80
[0x00000244921bdcb0] Heap_lock - owner thread: 0x00000244d1bbf4a0

Heap address: 0x0000000080000000, size: 2048 MB, Compressed Oops mode: 32-bit

CDS archive(s) mapped at: [0x00000244b1000000-0x00000244b1bb0000-0x00000244b1bb0000), size 12255232, SharedBaseAddress: 0x00000244b1000000, ArchiveRelocationMode: 1.
Compressed class space mapped at: 0x00000244b2000000-0x00000244cc000000, reserved size: 436207616
Narrow klass base: 0x00000244b1000000, Narrow klass shift: 0, Narrow klass range: 0x100000000

GC Precious Log:
 CPUs: 12 total, 12 available
 Memory: 16235M
 Large Page Support: Disabled
 NUMA Support: Disabled
 Compressed Oops: Enabled (32-bit)
 Heap Region Size: 1M
 Heap Min Capacity: 8M
 Heap Initial Capacity: 254M
 Heap Max Capacity: 2G
 Pre-touch: Disabled
 Parallel Workers: 10
 Concurrent Workers: 3
 Concurrent Refinement Workers: 10
 Periodic GC: Disabled

Heap:
 garbage-first heap   total 181248K, used 43020K [0x0000000080000000, 0x0000000100000000)
  region size 1024K, 7 young (7168K), 7 survivors (7168K)
 Metaspace       used 45275K, committed 45696K, reserved 491520K
  class space    used 6197K, committed 6400K, reserved 425984K

Heap Regions: E=young(eden), S=young(survivor), O=old, HS=humongous(starts), HC=humongous(continues), CS=collection set, F=free, OA=open archive, CA=closed archive, TAMS=top-at-mark-start (previous, next)
|   0|0x0000000080000000, 0x0000000080100000, 0x0000000080100000|100%|HS|  |TAMS 0x0000000080100000, 0x0000000080000000| Complete 
|   1|0x0000000080100000, 0x0000000080200000, 0x0000000080200000|100%|HC|  |TAMS 0x0000000080200000, 0x0000000080100000| Complete 
|   2|0x0000000080200000, 0x0000000080300000, 0x0000000080300000|100%|HC|  |TAMS 0x0000000080300000, 0x0000000080200000| Complete 
|   3|0x0000000080300000, 0x0000000080400000, 0x0000000080400000|100%| O|  |TAMS 0x0000000080400000, 0x0000000080300000| Untracked 
|   4|0x0000000080400000, 0x0000000080500000, 0x0000000080500000|100%| O|  |TAMS 0x0000000080500000, 0x0000000080400000| Untracked 
|   5|0x0000000080500000, 0x0000000080600000, 0x0000000080600000|100%| O|  |TAMS 0x0000000080600000, 0x0000000080500000| Untracked 
|   6|0x0000000080600000, 0x0000000080700000, 0x0000000080700000|100%|HS|  |TAMS 0x0000000080700000, 0x0000000080600000| Complete 
|   7|0x0000000080700000, 0x0000000080800000, 0x0000000080800000|100%| O|  |TAMS 0x0000000080800000, 0x0000000080700000| Untracked 
|   8|0x0000000080800000, 0x0000000080900000, 0x0000000080900000|100%| O|  |TAMS 0x0000000080900000, 0x0000000080800000| Untracked 
|   9|0x0000000080900000, 0x0000000080a00000, 0x0000000080a00000|100%| O|  |TAMS 0x0000000080a00000, 0x0000000080900000| Untracked 
|  10|0x0000000080a00000, 0x0000000080b00000, 0x0000000080b00000|100%| O|  |TAMS 0x0000000080b00000, 0x0000000080a00000| Untracked 
|  11|0x0000000080b00000, 0x0000000080c00000, 0x0000000080c00000|100%| O|  |TAMS 0x0000000080c00000, 0x0000000080b00000| Untracked 
|  12|0x0000000080c00000, 0x0000000080c92e00, 0x0000000080d00000| 57%| O|  |TAMS 0x0000000080c92e00, 0x0000000080c00000| Untracked 
|  13|0x0000000080d00000, 0x0000000080e00000, 0x0000000080e00000|100%| O|  |TAMS 0x0000000080e00000, 0x0000000080d00000| Untracked 
|  14|0x0000000080e00000, 0x0000000080f00000, 0x0000000080f00000|100%| O|  |TAMS 0x0000000080f00000, 0x0000000080e00000| Untracked 
|  15|0x0000000080f00000, 0x0000000081000000, 0x0000000081000000|100%| O|  |TAMS 0x0000000081000000, 0x0000000080f00000| Untracked 
|  16|0x0000000081000000, 0x0000000081100000, 0x0000000081100000|100%| O|  |TAMS 0x0000000081100000, 0x0000000081000000| Untracked 
|  17|0x0000000081100000, 0x0000000081200000, 0x0000000081200000|100%| O|  |TAMS 0x0000000081200000, 0x0000000081100000| Untracked 
|  18|0x0000000081200000, 0x0000000081300000, 0x0000000081300000|100%| O|  |TAMS 0x0000000081300000, 0x0000000081200000| Untracked 
|  19|0x0000000081300000, 0x0000000081400000, 0x0000000081400000|100%| O|  |TAMS 0x0000000081400000, 0x0000000081300000| Untracked 
|  20|0x0000000081400000, 0x0000000081500000, 0x0000000081500000|100%| O|  |TAMS 0x0000000081500000, 0x0000000081400000| Untracked 
|  21|0x0000000081500000, 0x0000000081600000, 0x0000000081600000|100%| O|  |TAMS 0x0000000081600000, 0x0000000081500000| Untracked 
|  22|0x0000000081600000, 0x0000000081700000, 0x0000000081700000|100%| O|  |TAMS 0x0000000081700000, 0x0000000081600000| Untracked 
|  23|0x0000000081700000, 0x0000000081800000, 0x0000000081800000|100%| O|  |TAMS 0x0000000081800000, 0x0000000081700000| Untracked 
|  24|0x0000000081800000, 0x0000000081900000, 0x0000000081900000|100%| O|  |TAMS 0x0000000081900000, 0x0000000081800000| Untracked 
|  25|0x0000000081900000, 0x0000000081a00000, 0x0000000081a00000|100%| O|  |TAMS 0x0000000081a00000, 0x0000000081900000| Untracked 
|  26|0x0000000081a00000, 0x0000000081b00000, 0x0000000081b00000|100%| O|  |TAMS 0x0000000081b00000, 0x0000000081a00000| Untracked 
|  27|0x0000000081b00000, 0x0000000081c00000, 0x0000000081c00000|100%| O|  |TAMS 0x0000000081c00000, 0x0000000081b00000| Untracked 
|  28|0x0000000081c00000, 0x0000000081d00000, 0x0000000081d00000|100%| O|  |TAMS 0x0000000081d00000, 0x0000000081c00000| Untracked 
|  29|0x0000000081d00000, 0x0000000081e00000, 0x0000000081e00000|100%| O|  |TAMS 0x0000000081d00000, 0x0000000081d00000| Untracked 
|  30|0x0000000081e00000, 0x0000000081f00000, 0x0000000081f00000|100%| O|  |TAMS 0x0000000081e00000, 0x0000000081e00000| Untracked 
|  31|0x0000000081f00000, 0x0000000082000000, 0x0000000082000000|100%| O|  |TAMS 0x0000000081f00000, 0x0000000081f00000| Untracked 
|  32|0x0000000082000000, 0x0000000082100000, 0x0000000082100000|100%| O|  |TAMS 0x0000000082000000, 0x0000000082000000| Untracked 
|  33|0x0000000082100000, 0x00000000821dfa00, 0x0000000082200000| 87%| O|  |TAMS 0x0000000082100000, 0x0000000082100000| Untracked 
|  34|0x0000000082200000, 0x0000000082300000, 0x0000000082300000|100%| O|  |TAMS 0x0000000082200000, 0x0000000082200000| Untracked 
|  35|0x0000000082300000, 0x0000000082400000, 0x0000000082400000|100%| O|  |TAMS 0x0000000082300000, 0x0000000082300000| Untracked 
|  36|0x0000000082400000, 0x0000000082400000, 0x0000000082500000|  0%| F|  |TAMS 0x0000000082400000, 0x0000000082400000| Untracked 
|  37|0x0000000082500000, 0x0000000082500000, 0x0000000082600000|  0%| F|  |TAMS 0x0000000082500000, 0x0000000082500000| Untracked 
|  38|0x0000000082600000, 0x0000000082600000, 0x0000000082700000|  0%| F|  |TAMS 0x0000000082600000, 0x0000000082600000| Untracked 
|  39|0x0000000082700000, 0x0000000082700000, 0x0000000082800000|  0%| F|  |TAMS 0x0000000082700000, 0x0000000082700000| Untracked 
|  40|0x0000000082800000, 0x0000000082800000, 0x0000000082900000|  0%| F|  |TAMS 0x0000000082800000, 0x0000000082800000| Untracked 
|  41|0x0000000082900000, 0x0000000082900000, 0x0000000082a00000|  0%| F|  |TAMS 0x0000000082900000, 0x0000000082900000| Untracked 
|  42|0x0000000082a00000, 0x0000000082a00000, 0x0000000082b00000|  0%| F|  |TAMS 0x0000000082a00000, 0x0000000082a00000| Untracked 
|  43|0x0000000082b00000, 0x0000000082b00000, 0x0000000082c00000|  0%| F|  |TAMS 0x0000000082b00000, 0x0000000082b00000| Untracked 
|  44|0x0000000082c00000, 0x0000000082c00000, 0x0000000082d00000|  0%| F|  |TAMS 0x0000000082c00000, 0x0000000082c00000| Untracked 
|  45|0x0000000082d00000, 0x0000000082d00000, 0x0000000082e00000|  0%| F|  |TAMS 0x0000000082d00000, 0x0000000082d00000| Untracked 
|  46|0x0000000082e00000, 0x0000000082e00000, 0x0000000082f00000|  0%| F|  |TAMS 0x0000000082e00000, 0x0000000082e00000| Untracked 
|  47|0x0000000082f00000, 0x0000000082f00000, 0x0000000083000000|  0%| F|  |TAMS 0x0000000082f00000, 0x0000000082f00000| Untracked 
|  48|0x0000000083000000, 0x0000000083000000, 0x0000000083100000|  0%| F|  |TAMS 0x0000000083000000, 0x0000000083000000| Untracked 
|  49|0x0000000083100000, 0x0000000083100000, 0x0000000083200000|  0%| F|  |TAMS 0x0000000083100000, 0x0000000083100000| Untracked 
|  50|0x0000000083200000, 0x0000000083200000, 0x0000000083300000|  0%| F|  |TAMS 0x0000000083200000, 0x0000000083200000| Untracked 
|  51|0x0000000083300000, 0x0000000083300000, 0x0000000083400000|  0%| F|  |TAMS 0x0000000083300000, 0x0000000083300000| Untracked 
|  52|0x0000000083400000, 0x0000000083400000, 0x0000000083500000|  0%| F|  |TAMS 0x0000000083400000, 0x0000000083400000| Untracked 
|  53|0x0000000083500000, 0x0000000083500000, 0x0000000083600000|  0%| F|  |TAMS 0x0000000083500000, 0x0000000083500000| Untracked 
|  54|0x0000000083600000, 0x0000000083600000, 0x0000000083700000|  0%| F|  |TAMS 0x0000000083600000, 0x0000000083600000| Untracked 
|  55|0x0000000083700000, 0x0000000083700000, 0x0000000083800000|  0%| F|  |TAMS 0x0000000083700000, 0x0000000083700000| Untracked 
|  56|0x0000000083800000, 0x0000000083800000, 0x0000000083900000|  0%| F|  |TAMS 0x0000000083800000, 0x0000000083800000| Untracked 
|  57|0x0000000083900000, 0x0000000083900000, 0x0000000083a00000|  0%| F|  |TAMS 0x0000000083900000, 0x0000000083900000| Untracked 
|  58|0x0000000083a00000, 0x0000000083a00000, 0x0000000083b00000|  0%| F|  |TAMS 0x0000000083a00000, 0x0000000083a00000| Untracked 
|  59|0x0000000083b00000, 0x0000000083b00000, 0x0000000083c00000|  0%| F|  |TAMS 0x0000000083b00000, 0x0000000083b00000| Untracked 
|  60|0x0000000083c00000, 0x0000000083c00000, 0x0000000083d00000|  0%| F|  |TAMS 0x0000000083c00000, 0x0000000083c00000| Untracked 
|  61|0x0000000083d00000, 0x0000000083d00000, 0x0000000083e00000|  0%| F|  |TAMS 0x0000000083d00000, 0x0000000083d00000| Untracked 
|  62|0x0000000083e00000, 0x0000000083e00000, 0x0000000083f00000|  0%| F|  |TAMS 0x0000000083e00000, 0x0000000083e00000| Untracked 
|  63|0x0000000083f00000, 0x0000000083f00000, 0x0000000084000000|  0%| F|  |TAMS 0x0000000083f00000, 0x0000000083f00000| Untracked 
|  64|0x0000000084000000, 0x0000000084000000, 0x0000000084100000|  0%| F|  |TAMS 0x0000000084000000, 0x0000000084000000| Untracked 
|  65|0x0000000084100000, 0x0000000084190b50, 0x0000000084200000| 56%| S|CS|TAMS 0x0000000084100000, 0x0000000084100000| Complete 
|  66|0x0000000084200000, 0x0000000084300000, 0x0000000084300000|100%| S|CS|TAMS 0x0000000084200000, 0x0000000084200000| Complete 
|  67|0x0000000084300000, 0x0000000084400000, 0x0000000084400000|100%| S|CS|TAMS 0x0000000084300000, 0x0000000084300000| Complete 
|  68|0x0000000084400000, 0x0000000084500000, 0x0000000084500000|100%| S|CS|TAMS 0x0000000084400000, 0x0000000084400000| Complete 
|  69|0x0000000084500000, 0x0000000084600000, 0x0000000084600000|100%| S|CS|TAMS 0x0000000084500000, 0x0000000084500000| Complete 
|  70|0x0000000084600000, 0x0000000084700000, 0x0000000084700000|100%| S|CS|TAMS 0x0000000084600000, 0x0000000084600000| Complete 
|  71|0x0000000084700000, 0x0000000084700000, 0x0000000084800000|  0%| F|  |TAMS 0x0000000084700000, 0x0000000084700000| Untracked 
|  72|0x0000000084800000, 0x0000000084800000, 0x0000000084900000|  0%| F|  |TAMS 0x0000000084800000, 0x0000000084800000| Untracked 
|  73|0x0000000084900000, 0x0000000084900000, 0x0000000084a00000|  0%| F|  |TAMS 0x0000000084900000, 0x0000000084900000| Untracked 
|  74|0x0000000084a00000, 0x0000000084a00000, 0x0000000084b00000|  0%| F|  |TAMS 0x0000000084a00000, 0x0000000084a00000| Untracked 
|  75|0x0000000084b00000, 0x0000000084b00000, 0x0000000084c00000|  0%| F|  |TAMS 0x0000000084b00000, 0x0000000084b00000| Untracked 
|  76|0x0000000084c00000, 0x0000000084c00000, 0x0000000084d00000|  0%| F|  |TAMS 0x0000000084c00000, 0x0000000084c00000| Untracked 
|  77|0x0000000084d00000, 0x0000000084e00000, 0x0000000084e00000|100%| S|CS|TAMS 0x0000000084d00000, 0x0000000084d00000| Complete 
|  78|0x0000000084e00000, 0x0000000084e00000, 0x0000000084f00000|  0%| F|  |TAMS 0x0000000084e00000, 0x0000000084e00000| Untracked 
|  79|0x0000000084f00000, 0x0000000084f00000, 0x0000000085000000|  0%| F|  |TAMS 0x0000000084f00000, 0x0000000084f00000| Untracked 
|  80|0x0000000085000000, 0x0000000085000000, 0x0000000085100000|  0%| F|  |TAMS 0x0000000085000000, 0x0000000085000000| Untracked 
|  81|0x0000000085100000, 0x0000000085100000, 0x0000000085200000|  0%| F|  |TAMS 0x0000000085100000, 0x0000000085100000| Untracked 
|  82|0x0000000085200000, 0x0000000085200000, 0x0000000085300000|  0%| F|  |TAMS 0x0000000085200000, 0x0000000085200000| Untracked 
|  83|0x0000000085300000, 0x0000000085300000, 0x0000000085400000|  0%| F|  |TAMS 0x0000000085300000, 0x0000000085300000| Untracked 
|  84|0x0000000085400000, 0x0000000085400000, 0x0000000085500000|  0%| F|  |TAMS 0x0000000085400000, 0x0000000085400000| Untracked 
|  85|0x0000000085500000, 0x0000000085500000, 0x0000000085600000|  0%| F|  |TAMS 0x0000000085500000, 0x0000000085500000| Untracked 
|  86|0x0000000085600000, 0x0000000085600000, 0x0000000085700000|  0%| F|  |TAMS 0x0000000085600000, 0x0000000085600000| Untracked 
|  87|0x0000000085700000, 0x0000000085700000, 0x0000000085800000|  0%| F|  |TAMS 0x0000000085700000, 0x0000000085700000| Untracked 
|  88|0x0000000085800000, 0x0000000085800000, 0x0000000085900000|  0%| F|  |TAMS 0x0000000085800000, 0x0000000085800000| Untracked 
|  89|0x0000000085900000, 0x0000000085900000, 0x0000000085a00000|  0%| F|  |TAMS 0x0000000085900000, 0x0000000085900000| Untracked 
|  90|0x0000000085a00000, 0x0000000085a00000, 0x0000000085b00000|  0%| F|  |TAMS 0x0000000085a00000, 0x0000000085a00000| Untracked 
|  91|0x0000000085b00000, 0x0000000085b00000, 0x0000000085c00000|  0%| F|  |TAMS 0x0000000085b00000, 0x0000000085b00000| Untracked 
|  92|0x0000000085c00000, 0x0000000085c00000, 0x0000000085d00000|  0%| F|  |TAMS 0x0000000085c00000, 0x0000000085c00000| Untracked 
|  93|0x0000000085d00000, 0x0000000085d00000, 0x0000000085e00000|  0%| F|  |TAMS 0x0000000085d00000, 0x0000000085d00000| Untracked 
|  94|0x0000000085e00000, 0x0000000085e00000, 0x0000000085f00000|  0%| F|  |TAMS 0x0000000085e00000, 0x0000000085e00000| Untracked 
|  95|0x0000000085f00000, 0x0000000085f00000, 0x0000000086000000|  0%| F|  |TAMS 0x0000000085f00000, 0x0000000085f00000| Untracked 
|  96|0x0000000086000000, 0x0000000086000000, 0x0000000086100000|  0%| F|  |TAMS 0x0000000086000000, 0x0000000086000000| Untracked 
|  97|0x0000000086100000, 0x0000000086100000, 0x0000000086200000|  0%| F|  |TAMS 0x0000000086100000, 0x0000000086100000| Untracked 
|  98|0x0000000086200000, 0x0000000086200000, 0x0000000086300000|  0%| F|  |TAMS 0x0000000086200000, 0x0000000086200000| Untracked 
|  99|0x0000000086300000, 0x0000000086300000, 0x0000000086400000|  0%| F|  |TAMS 0x0000000086300000, 0x0000000086300000| Untracked 
| 100|0x0000000086400000, 0x0000000086400000, 0x0000000086500000|  0%| F|  |TAMS 0x0000000086400000, 0x0000000086400000| Untracked 
| 101|0x0000000086500000, 0x0000000086500000, 0x0000000086600000|  0%| F|  |TAMS 0x0000000086500000, 0x0000000086500000| Untracked 
| 102|0x0000000086600000, 0x0000000086600000, 0x0000000086700000|  0%| F|  |TAMS 0x0000000086600000, 0x0000000086600000| Untracked 
| 103|0x0000000086700000, 0x0000000086700000, 0x0000000086800000|  0%| F|  |TAMS 0x0000000086700000, 0x0000000086700000| Untracked 
| 104|0x0000000086800000, 0x0000000086800000, 0x0000000086900000|  0%| F|  |TAMS 0x0000000086800000, 0x0000000086800000| Untracked 
| 105|0x0000000086900000, 0x0000000086900000, 0x0000000086a00000|  0%| F|  |TAMS 0x0000000086900000, 0x0000000086900000| Untracked 
| 106|0x0000000086a00000, 0x0000000086a00000, 0x0000000086b00000|  0%| F|  |TAMS 0x0000000086a00000, 0x0000000086a00000| Untracked 
| 107|0x0000000086b00000, 0x0000000086b00000, 0x0000000086c00000|  0%| F|  |TAMS 0x0000000086b00000, 0x0000000086b00000| Untracked 
| 108|0x0000000086c00000, 0x0000000086c00000, 0x0000000086d00000|  0%| F|  |TAMS 0x0000000086c00000, 0x0000000086c00000| Untracked 
| 109|0x0000000086d00000, 0x0000000086d00000, 0x0000000086e00000|  0%| F|  |TAMS 0x0000000086d00000, 0x0000000086d00000| Untracked 
| 110|0x0000000086e00000, 0x0000000086e00000, 0x0000000086f00000|  0%| F|  |TAMS 0x0000000086e00000, 0x0000000086e00000| Untracked 
| 111|0x0000000086f00000, 0x0000000086f00000, 0x0000000087000000|  0%| F|  |TAMS 0x0000000086f00000, 0x0000000086f00000| Untracked 
| 112|0x0000000087000000, 0x0000000087000000, 0x0000000087100000|  0%| F|  |TAMS 0x0000000087000000, 0x0000000087000000| Untracked 
| 113|0x0000000087100000, 0x0000000087100000, 0x0000000087200000|  0%| F|  |TAMS 0x0000000087100000, 0x0000000087100000| Untracked 
| 114|0x0000000087200000, 0x0000000087200000, 0x0000000087300000|  0%| F|  |TAMS 0x0000000087200000, 0x0000000087200000| Untracked 
| 115|0x0000000087300000, 0x0000000087300000, 0x0000000087400000|  0%| F|  |TAMS 0x0000000087300000, 0x0000000087300000| Untracked 
| 116|0x0000000087400000, 0x0000000087400000, 0x0000000087500000|  0%| F|  |TAMS 0x0000000087400000, 0x0000000087400000| Untracked 
| 117|0x0000000087500000, 0x0000000087500000, 0x0000000087600000|  0%| F|  |TAMS 0x0000000087500000, 0x0000000087500000| Untracked 
| 118|0x0000000087600000, 0x0000000087600000, 0x0000000087700000|  0%| F|  |TAMS 0x0000000087600000, 0x0000000087600000| Untracked 
| 119|0x0000000087700000, 0x0000000087700000, 0x0000000087800000|  0%| F|  |TAMS 0x0000000087700000, 0x0000000087700000| Untracked 
| 120|0x0000000087800000, 0x0000000087800000, 0x0000000087900000|  0%| F|  |TAMS 0x0000000087800000, 0x0000000087800000| Untracked 
| 121|0x0000000087900000, 0x0000000087900000, 0x0000000087a00000|  0%| F|  |TAMS 0x0000000087900000, 0x0000000087900000| Untracked 
| 122|0x0000000087a00000, 0x0000000087a00000, 0x0000000087b00000|  0%| F|  |TAMS 0x0000000087a00000, 0x0000000087a00000| Untracked 
| 123|0x0000000087b00000, 0x0000000087b00000, 0x0000000087c00000|  0%| F|  |TAMS 0x0000000087b00000, 0x0000000087b00000| Untracked 
| 124|0x0000000087c00000, 0x0000000087c00000, 0x0000000087d00000|  0%| F|  |TAMS 0x0000000087c00000, 0x0000000087c00000| Untracked 
| 125|0x0000000087d00000, 0x0000000087d00000, 0x0000000087e00000|  0%| F|  |TAMS 0x0000000087d00000, 0x0000000087d00000| Untracked 
| 126|0x0000000087e00000, 0x0000000087e00000, 0x0000000087f00000|  0%| F|  |TAMS 0x0000000087e00000, 0x0000000087e00000| Untracked 
| 127|0x0000000087f00000, 0x0000000087f00000, 0x0000000088000000|  0%| F|  |TAMS 0x0000000087f00000, 0x0000000087f00000| Untracked 
| 128|0x0000000088000000, 0x0000000088000000, 0x0000000088100000|  0%| F|  |TAMS 0x0000000088000000, 0x0000000088000000| Untracked 
| 129|0x0000000088100000, 0x0000000088100000, 0x0000000088200000|  0%| F|  |TAMS 0x0000000088100000, 0x0000000088100000| Untracked 
| 130|0x0000000088200000, 0x0000000088200000, 0x0000000088300000|  0%| F|  |TAMS 0x0000000088200000, 0x0000000088200000| Untracked 
| 131|0x0000000088300000, 0x0000000088300000, 0x0000000088400000|  0%| F|  |TAMS 0x0000000088300000, 0x0000000088300000| Untracked 
| 132|0x0000000088400000, 0x0000000088400000, 0x0000000088500000|  0%| F|  |TAMS 0x0000000088400000, 0x0000000088400000| Untracked 
| 133|0x0000000088500000, 0x0000000088500000, 0x0000000088600000|  0%| F|  |TAMS 0x0000000088500000, 0x0000000088500000| Untracked 
| 134|0x0000000088600000, 0x0000000088600000, 0x0000000088700000|  0%| F|  |TAMS 0x0000000088600000, 0x0000000088600000| Untracked 
| 135|0x0000000088700000, 0x0000000088700000, 0x0000000088800000|  0%| F|  |TAMS 0x0000000088700000, 0x0000000088700000| Untracked 
| 136|0x0000000088800000, 0x0000000088800000, 0x0000000088900000|  0%| F|  |TAMS 0x0000000088800000, 0x0000000088800000| Untracked 
| 137|0x0000000088900000, 0x0000000088900000, 0x0000000088a00000|  0%| F|  |TAMS 0x0000000088900000, 0x0000000088900000| Untracked 
| 138|0x0000000088a00000, 0x0000000088a00000, 0x0000000088b00000|  0%| F|  |TAMS 0x0000000088a00000, 0x0000000088a00000| Untracked 
| 139|0x0000000088b00000, 0x0000000088b00000, 0x0000000088c00000|  0%| F|  |TAMS 0x0000000088b00000, 0x0000000088b00000| Untracked 
| 140|0x0000000088c00000, 0x0000000088c00000, 0x0000000088d00000|  0%| F|  |TAMS 0x0000000088c00000, 0x0000000088c00000| Untracked 
| 141|0x0000000088d00000, 0x0000000088d00000, 0x0000000088e00000|  0%| F|  |TAMS 0x0000000088d00000, 0x0000000088d00000| Untracked 
| 142|0x0000000088e00000, 0x0000000088e00000, 0x0000000088f00000|  0%| F|  |TAMS 0x0000000088e00000, 0x0000000088e00000| Untracked 
| 143|0x0000000088f00000, 0x0000000088f00000, 0x0000000089000000|  0%| F|  |TAMS 0x0000000088f00000, 0x0000000088f00000| Untracked 
| 144|0x0000000089000000, 0x0000000089000000, 0x0000000089100000|  0%| F|  |TAMS 0x0000000089000000, 0x0000000089000000| Untracked 
| 145|0x0000000089100000, 0x0000000089100000, 0x0000000089200000|  0%| F|  |TAMS 0x0000000089100000, 0x0000000089100000| Untracked 
| 146|0x0000000089200000, 0x0000000089200000, 0x0000000089300000|  0%| F|  |TAMS 0x0000000089200000, 0x0000000089200000| Untracked 
| 147|0x0000000089300000, 0x0000000089300000, 0x0000000089400000|  0%| F|  |TAMS 0x0000000089300000, 0x0000000089300000| Untracked 
| 148|0x0000000089400000, 0x0000000089400000, 0x0000000089500000|  0%| F|  |TAMS 0x0000000089400000, 0x0000000089400000| Untracked 
| 149|0x0000000089500000, 0x0000000089500000, 0x0000000089600000|  0%| F|  |TAMS 0x0000000089500000, 0x0000000089500000| Untracked 
| 150|0x0000000089600000, 0x0000000089600000, 0x0000000089700000|  0%| F|  |TAMS 0x0000000089600000, 0x0000000089600000| Untracked 
| 151|0x0000000089700000, 0x0000000089700000, 0x0000000089800000|  0%| F|  |TAMS 0x0000000089700000, 0x0000000089700000| Untracked 
| 152|0x0000000089800000, 0x0000000089800000, 0x0000000089900000|  0%| F|  |TAMS 0x0000000089800000, 0x0000000089800000| Untracked 
| 153|0x0000000089900000, 0x0000000089900000, 0x0000000089a00000|  0%| F|  |TAMS 0x0000000089900000, 0x0000000089900000| Untracked 
| 154|0x0000000089a00000, 0x0000000089a00000, 0x0000000089b00000|  0%| F|  |TAMS 0x0000000089a00000, 0x0000000089a00000| Untracked 
| 155|0x0000000089b00000, 0x0000000089b00000, 0x0000000089c00000|  0%| F|  |TAMS 0x0000000089b00000, 0x0000000089b00000| Untracked 
| 156|0x0000000089c00000, 0x0000000089c00000, 0x0000000089d00000|  0%| F|  |TAMS 0x0000000089c00000, 0x0000000089c00000| Untracked 
| 157|0x0000000089d00000, 0x0000000089d00000, 0x0000000089e00000|  0%| F|  |TAMS 0x0000000089d00000, 0x0000000089d00000| Untracked 
| 158|0x0000000089e00000, 0x0000000089e00000, 0x0000000089f00000|  0%| F|  |TAMS 0x0000000089e00000, 0x0000000089e00000| Untracked 
| 159|0x0000000089f00000, 0x0000000089f00000, 0x000000008a000000|  0%| F|  |TAMS 0x0000000089f00000, 0x0000000089f00000| Untracked 
| 160|0x000000008a000000, 0x000000008a000000, 0x000000008a100000|  0%| F|  |TAMS 0x000000008a000000, 0x000000008a000000| Untracked 
| 161|0x000000008a100000, 0x000000008a100000, 0x000000008a200000|  0%| F|  |TAMS 0x000000008a100000, 0x000000008a100000| Untracked 
| 162|0x000000008a200000, 0x000000008a200000, 0x000000008a300000|  0%| F|  |TAMS 0x000000008a200000, 0x000000008a200000| Untracked 
| 163|0x000000008a300000, 0x000000008a300000, 0x000000008a400000|  0%| F|  |TAMS 0x000000008a300000, 0x000000008a300000| Untracked 
| 164|0x000000008a400000, 0x000000008a400000, 0x000000008a500000|  0%| F|  |TAMS 0x000000008a400000, 0x000000008a400000| Untracked 
| 165|0x000000008a500000, 0x000000008a500000, 0x000000008a600000|  0%| F|  |TAMS 0x000000008a500000, 0x000000008a500000| Untracked 
| 166|0x000000008a600000, 0x000000008a600000, 0x000000008a700000|  0%| F|  |TAMS 0x000000008a600000, 0x000000008a600000| Untracked 
| 167|0x000000008a700000, 0x000000008a700000, 0x000000008a800000|  0%| F|  |TAMS 0x000000008a700000, 0x000000008a700000| Untracked 
| 168|0x000000008a800000, 0x000000008a800000, 0x000000008a900000|  0%| F|  |TAMS 0x000000008a800000, 0x000000008a800000| Untracked 
| 169|0x000000008a900000, 0x000000008a900000, 0x000000008aa00000|  0%| F|  |TAMS 0x000000008a900000, 0x000000008a900000| Untracked 
| 170|0x000000008aa00000, 0x000000008aa00000, 0x000000008ab00000|  0%| F|  |TAMS 0x000000008aa00000, 0x000000008aa00000| Untracked 
| 171|0x000000008ab00000, 0x000000008ab00000, 0x000000008ac00000|  0%| F|  |TAMS 0x000000008ab00000, 0x000000008ab00000| Untracked 
| 172|0x000000008ac00000, 0x000000008ac00000, 0x000000008ad00000|  0%| F|  |TAMS 0x000000008ac00000, 0x000000008ac00000| Untracked 
| 173|0x000000008ad00000, 0x000000008ad00000, 0x000000008ae00000|  0%| F|  |TAMS 0x000000008ad00000, 0x000000008ad00000| Untracked 
| 174|0x000000008ae00000, 0x000000008ae00000, 0x000000008af00000|  0%| F|  |TAMS 0x000000008ae00000, 0x000000008ae00000| Untracked 
| 175|0x000000008af00000, 0x000000008af00000, 0x000000008b000000|  0%| F|  |TAMS 0x000000008af00000, 0x000000008af00000| Untracked 
| 253|0x000000008fd00000, 0x000000008fd00000, 0x000000008fe00000|  0%| F|  |TAMS 0x000000008fd00000, 0x000000008fd00000| Untracked 

Card table byte_map: [0x00000244a9650000,0x00000244a9a50000] _byte_map_base: 0x00000244a9250000

Marking Bits (Prev, Next): (CMBitMap*) 0x00000244922258b0, (CMBitMap*) 0x00000244922258f0
 Prev Bits: [0x00000244a9e50000, 0x00000244abe50000)
 Next Bits: [0x00000244abe50000, 0x00000244ade50000)

Polling page: 0x0000024490190000

Metaspace:

Usage:
  Non-class:     38.16 MB used.
      Class:      6.05 MB used.
       Both:     44.21 MB used.

Virtual space:
  Non-class space:       64.00 MB reserved,      38.38 MB ( 60%) committed,  1 nodes.
      Class space:      416.00 MB reserved,       6.25 MB (  2%) committed,  1 nodes.
             Both:      480.00 MB reserved,      44.62 MB (  9%) committed. 

Chunk freelists:
   Non-Class:  9.50 MB
       Class:  9.70 MB
        Both:  19.20 MB

MaxMetaspaceSize: 512.00 MB
CompressedClassSpaceSize: 416.00 MB
Initial GC threshold: 21.00 MB
Current GC threshold: 58.88 MB
CDS: on
MetaspaceReclaimPolicy: balanced
 - commit_granule_bytes: 65536.
 - commit_granule_words: 8192.
 - virtual_space_node_default_size: 8388608.
 - enlarge_chunks_in_place: 1.
 - new_chunks_are_fully_committed: 0.
 - uncommit_free_chunks: 1.
 - use_allocation_guard: 0.
 - handle_deallocations: 1.


Internal statistics:

num_allocs_failed_limit: 6.
num_arena_births: 566.
num_arena_deaths: 0.
num_vsnodes_births: 2.
num_vsnodes_deaths: 0.
num_space_committed: 714.
num_space_uncommitted: 0.
num_chunks_returned_to_freelist: 6.
num_chunks_taken_from_freelist: 2289.
num_chunk_merges: 6.
num_chunk_splits: 1564.
num_chunks_enlarged: 1117.
num_inconsistent_stats: 0.

CodeHeap 'non-profiled nmethods': size=120000Kb used=4540Kb max_used=4540Kb free=115459Kb
 bounds [0x00000244a17d0000, 0x00000244a1c40000, 0x00000244a8d00000]
CodeHeap 'profiled nmethods': size=120000Kb used=10111Kb max_used=10111Kb free=109888Kb
 bounds [0x0000024499d00000, 0x000002449a6e0000, 0x00000244a1230000]
CodeHeap 'non-nmethods': size=5760Kb used=2322Kb max_used=2422Kb free=3437Kb
 bounds [0x00000244a1230000, 0x00000244a14a0000, 0x00000244a17d0000]
 total_blobs=6021 nmethods=5180 adapters=752
 compilation: enabled
              stopped_count=0, restarted_count=0
 full_count=0

Compilation events (20 events):
Event: 7.081 Thread 0x00000244b0db8b40 nmethod 5534 0x00000244a1c26110 code [0x00000244a1c262e0, 0x00000244a1c26c58]
Event: 7.081 Thread 0x00000244b0db8b40 5769       4       org.objectweb.asm.ClassReader::getTypeAnnotationBytecodeOffset (34 bytes)
Event: 7.082 Thread 0x00000244b0db8b40 nmethod 5769 0x00000244a1c27190 code [0x00000244a1c27320, 0x00000244a1c27478]
Event: 7.089 Thread 0x00000244d3d1e6d0 nmethod 5833% 0x00000244a1c27610 code [0x00000244a1c27ec0, 0x00000244a1c35130]
Event: 7.090 Thread 0x00000244d3d1e6d0 5929 %     4       org.objectweb.asm.ClassReader::readCode @ 92 (5117 bytes)
Event: 7.092 Thread 0x00000244b0db8b40 5930       4       org.objectweb.asm.ClassVisitor::visitSource (17 bytes)
Event: 7.095 Thread 0x00000244b0db8b40 nmethod 5930 0x00000244a1c3de90 code [0x00000244a1c3e040, 0x00000244a1c3e418]
Event: 7.098 Thread 0x00000244b0db8b40 5931       4       org.objectweb.asm.ClassVisitor::visitEnd (15 bytes)
Event: 7.099 Thread 0x00000244b0db8b40 nmethod 5931 0x00000244a1c3e610 code [0x00000244a1c3e780, 0x00000244a1c3e838]
Event: 7.099 Thread 0x00000244b0db8b40 5932       4       org.objectweb.asm.SymbolTable::<init> (41 bytes)
Event: 7.103 Thread 0x00000244b0db8b40 nmethod 5932 0x00000244a1c3e910 code [0x00000244a1c3eaa0, 0x00000244a1c3f0b8]
Event: 7.103 Thread 0x00000244b0db8b40 5933       4       org.gradle.api.internal.runtimeshaded.RuntimeShadedJarCreator::lambda$processFiles$1 (10 bytes)
Event: 7.125 Thread 0x00000244b0898440 5944   !   3       java.util.concurrent.locks.AbstractQueuedSynchronizer::acquire (407 bytes)
Event: 7.126 Thread 0x00000244b0898440 nmethod 5944 0x000002449a6dc690 code [0x000002449a6dca20, 0x000002449a6de508]
Event: 7.126 Thread 0x00000244b0898440 5945       3       java.util.concurrent.locks.AbstractQueuedSynchronizer$ConditionObject::unlinkCancelledWaiters (91 bytes)
Event: 7.126 Thread 0x00000244b0898440 nmethod 5945 0x000002449a6dee10 code [0x000002449a6defe0, 0x000002449a6df478]
Event: 7.141 Thread 0x00000244b0898440 5948       3       org.gradle.internal.logging.events.OutputEvent::<init> (5 bytes)
Event: 7.141 Thread 0x00000244b0898440 nmethod 5948 0x000002449a6df610 code [0x000002449a6df7a0, 0x000002449a6df8f8]
Event: 7.147 Thread 0x00000244b0898440 5949       3       org.objectweb.asm.ClassWriter::visitOuterClass (37 bytes)
Event: 7.147 Thread 0x00000244b0898440 nmethod 5949 0x000002449a6df990 code [0x000002449a6dfb40, 0x000002449a6dfdd8]

GC Heap History (20 events):
Event: 5.383 GC heap after
{Heap after GC invocations=20 (full 0):
 garbage-first heap   total 124928K, used 37860K [0x0000000080000000, 0x0000000100000000)
  region size 1024K, 4 young (4096K), 4 survivors (4096K)
 Metaspace       used 45218K, committed 45696K, reserved 491520K
  class space    used 6190K, committed 6400K, reserved 425984K
}
Event: 5.552 GC heap before
{Heap before GC invocations=20 (full 0):
 garbage-first heap   total 124928K, used 105444K [0x0000000080000000, 0x0000000100000000)
  region size 1024K, 70 young (71680K), 4 survivors (4096K)
 Metaspace       used 45227K, committed 45696K, reserved 491520K
  class space    used 6190K, committed 6400K, reserved 425984K
}
Event: 5.554 GC heap after
{Heap after GC invocations=21 (full 0):
 garbage-first heap   total 124928K, used 38174K [0x0000000080000000, 0x0000000100000000)
  region size 1024K, 5 young (5120K), 5 survivors (5120K)
 Metaspace       used 45227K, committed 45696K, reserved 491520K
  class space    used 6190K, committed 6400K, reserved 425984K
}
Event: 5.672 GC heap before
{Heap before GC invocations=21 (full 0):
 garbage-first heap   total 124928K, used 104734K [0x0000000080000000, 0x0000000100000000)
  region size 1024K, 70 young (71680K), 5 survivors (5120K)
 Metaspace       used 45227K, committed 45696K, reserved 491520K
  class space    used 6190K, committed 6400K, reserved 425984K
}
Event: 5.674 GC heap after
{Heap after GC invocations=22 (full 0):
 garbage-first heap   total 150528K, used 38402K [0x0000000080000000, 0x0000000100000000)
  region size 1024K, 5 young (5120K), 5 survivors (5120K)
 Metaspace       used 45227K, committed 45696K, reserved 491520K
  class space    used 6190K, committed 6400K, reserved 425984K
}
Event: 5.822 GC heap before
{Heap before GC invocations=22 (full 0):
 garbage-first heap   total 150528K, used 123394K [0x0000000080000000, 0x0000000100000000)
  region size 1024K, 88 young (90112K), 5 survivors (5120K)
 Metaspace       used 45227K, committed 45696K, reserved 491520K
  class space    used 6190K, committed 6400K, reserved 425984K
}
Event: 5.825 GC heap after
{Heap after GC invocations=23 (full 0):
 garbage-first heap   total 150528K, used 38646K [0x0000000080000000, 0x0000000100000000)
  region size 1024K, 5 young (5120K), 5 survivors (5120K)
 Metaspace       used 45227K, committed 45696K, reserved 491520K
  class space    used 6190K, committed 6400K, reserved 425984K
}
Event: 6.003 GC heap before
{Heap before GC invocations=23 (full 0):
 garbage-first heap   total 150528K, used 123638K [0x0000000080000000, 0x0000000100000000)
  region size 1024K, 88 young (90112K), 5 survivors (5120K)
 Metaspace       used 45236K, committed 45696K, reserved 491520K
  class space    used 6190K, committed 6400K, reserved 425984K
}
Event: 6.006 GC heap after
{Heap after GC invocations=24 (full 0):
 garbage-first heap   total 150528K, used 39133K [0x0000000080000000, 0x0000000100000000)
  region size 1024K, 5 young (5120K), 5 survivors (5120K)
 Metaspace       used 45236K, committed 45696K, reserved 491520K
  class space    used 6190K, committed 6400K, reserved 425984K
}
Event: 6.209 GC heap before
{Heap before GC invocations=24 (full 0):
 garbage-first heap   total 150528K, used 128221K [0x0000000080000000, 0x0000000100000000)
  region size 1024K, 88 young (90112K), 5 survivors (5120K)
 Metaspace       used 45261K, committed 45696K, reserved 491520K
  class space    used 6197K, committed 6400K, reserved 425984K
}
Event: 6.213 GC heap after
{Heap after GC invocations=25 (full 0):
 garbage-first heap   total 150528K, used 39957K [0x0000000080000000, 0x0000000100000000)
  region size 1024K, 6 young (6144K), 6 survivors (6144K)
 Metaspace       used 45261K, committed 45696K, reserved 491520K
  class space    used 6197K, committed 6400K, reserved 425984K
}
Event: 6.376 GC heap before
{Heap before GC invocations=25 (full 0):
 garbage-first heap   total 150528K, used 123925K [0x0000000080000000, 0x0000000100000000)
  region size 1024K, 88 young (90112K), 6 survivors (6144K)
 Metaspace       used 45265K, committed 45696K, reserved 491520K
  class space    used 6197K, committed 6400K, reserved 425984K
}
Event: 6.380 GC heap after
{Heap after GC invocations=26 (full 0):
 garbage-first heap   total 181248K, used 40688K [0x0000000080000000, 0x0000000100000000)
  region size 1024K, 7 young (7168K), 7 survivors (7168K)
 Metaspace       used 45265K, committed 45696K, reserved 491520K
  class space    used 6197K, committed 6400K, reserved 425984K
}
Event: 6.590 GC heap before
{Heap before GC invocations=26 (full 0):
 garbage-first heap   total 181248K, used 142064K [0x0000000080000000, 0x0000000100000000)
  region size 1024K, 106 young (108544K), 7 survivors (7168K)
 Metaspace       used 45268K, committed 45696K, reserved 491520K
  class space    used 6197K, committed 6400K, reserved 425984K
}
Event: 6.593 GC heap after
{Heap after GC invocations=27 (full 0):
 garbage-first heap   total 181248K, used 41346K [0x0000000080000000, 0x0000000100000000)
  region size 1024K, 6 young (6144K), 6 survivors (6144K)
 Metaspace       used 45268K, committed 45696K, reserved 491520K
  class space    used 6197K, committed 6400K, reserved 425984K
}
Event: 6.779 GC heap before
{Heap before GC invocations=27 (full 0):
 garbage-first heap   total 181248K, used 143746K [0x0000000080000000, 0x0000000100000000)
  region size 1024K, 106 young (108544K), 6 survivors (6144K)
 Metaspace       used 45269K, committed 45696K, reserved 491520K
  class space    used 6197K, committed 6400K, reserved 425984K
}
Event: 6.782 GC heap after
{Heap after GC invocations=28 (full 0):
 garbage-first heap   total 181248K, used 41757K [0x0000000080000000, 0x0000000100000000)
  region size 1024K, 6 young (6144K), 6 survivors (6144K)
 Metaspace       used 45269K, committed 45696K, reserved 491520K
  class space    used 6197K, committed 6400K, reserved 425984K
}
Event: 6.978 GC heap before
{Heap before GC invocations=28 (full 0):
 garbage-first heap   total 181248K, used 144157K [0x0000000080000000, 0x0000000100000000)
  region size 1024K, 106 young (108544K), 6 survivors (6144K)
 Metaspace       used 45270K, committed 45696K, reserved 491520K
  class space    used 6197K, committed 6400K, reserved 425984K
}
Event: 6.982 GC heap after
{Heap after GC invocations=29 (full 0):
 garbage-first heap   total 181248K, used 42485K [0x0000000080000000, 0x0000000100000000)
  region size 1024K, 7 young (7168K), 7 survivors (7168K)
 Metaspace       used 45270K, committed 45696K, reserved 491520K
  class space    used 6197K, committed 6400K, reserved 425984K
}
Event: 7.166 GC heap before
{Heap before GC invocations=29 (full 0):
 garbage-first heap   total 181248K, used 143861K [0x0000000080000000, 0x0000000100000000)
  region size 1024K, 106 young (108544K), 7 survivors (7168K)
 Metaspace       used 45275K, committed 45696K, reserved 491520K
  class space    used 6197K, committed 6400K, reserved 425984K
}

Dll operation events (15 events):
Event: 0.005 Loaded shared library C:\Program Files\Microsoft\jdk-17.0.14.7-hotspot\bin\java.dll
Event: 0.017 Loaded shared library C:\Program Files\Microsoft\jdk-17.0.14.7-hotspot\bin\jsvml.dll
Event: 0.047 Loaded shared library C:\Program Files\Microsoft\jdk-17.0.14.7-hotspot\bin\zip.dll
Event: 0.049 Loaded shared library C:\Program Files\Microsoft\jdk-17.0.14.7-hotspot\bin\instrument.dll
Event: 0.052 Loaded shared library C:\Program Files\Microsoft\jdk-17.0.14.7-hotspot\bin\net.dll
Event: 0.053 Loaded shared library C:\Program Files\Microsoft\jdk-17.0.14.7-hotspot\bin\nio.dll
Event: 0.055 Loaded shared library C:\Program Files\Microsoft\jdk-17.0.14.7-hotspot\bin\zip.dll
Event: 0.233 Loaded shared library C:\Program Files\Microsoft\jdk-17.0.14.7-hotspot\bin\jimage.dll
Event: 0.363 Loaded shared library C:\Program Files\Microsoft\jdk-17.0.14.7-hotspot\bin\verify.dll
Event: 0.432 Loaded shared library C:\Users\ASUS ROG\.gradle\native\1def1411415f61bf3af743bc5b6707747c0891f09f0c88961ee8f79bc544acac\windows-amd64\native-platform.dll
Event: 0.447 Loaded shared library C:\Users\ASUS ROG\.gradle\native\0.2.7\x86_64-windows-gnu\gradle-fileevents.dll
Event: 1.175 Loaded shared library C:\Program Files\Microsoft\jdk-17.0.14.7-hotspot\bin\management.dll
Event: 1.177 Loaded shared library C:\Program Files\Microsoft\jdk-17.0.14.7-hotspot\bin\management_ext.dll
Event: 1.323 Loaded shared library C:\Program Files\Microsoft\jdk-17.0.14.7-hotspot\bin\extnet.dll
Event: 1.451 Loaded shared library C:\Program Files\Microsoft\jdk-17.0.14.7-hotspot\bin\sunmscapi.dll

Deoptimization events (20 events):
Event: 6.515 Thread 0x00000244d1bbf4a0 DEOPT PACKING pc=0x000002449a643064 sp=0x000000fc268f5cb0
Event: 6.515 Thread 0x00000244d1bbf4a0 DEOPT UNPACKING pc=0x00000244a1287143 sp=0x000000fc268f51c8 mode 0
Event: 6.519 Thread 0x00000244d1bbf4a0 DEOPT PACKING pc=0x000002449a643064 sp=0x000000fc268f55a0
Event: 6.519 Thread 0x00000244d1bbf4a0 DEOPT UNPACKING pc=0x00000244a1287143 sp=0x000000fc268f4ab8 mode 0
Event: 6.523 Thread 0x00000244d1bbf4a0 DEOPT PACKING pc=0x000002449a643064 sp=0x000000fc268f5cb0
Event: 6.523 Thread 0x00000244d1bbf4a0 DEOPT UNPACKING pc=0x00000244a1287143 sp=0x000000fc268f51c8 mode 0
Event: 6.621 Thread 0x00000244d1bbf4a0 Uncommon trap: trap_request=0xfffffff4 fr.pc=0x00000244a1bd1480 relative=0x0000000000000b00
Event: 6.621 Thread 0x00000244d1bbf4a0 Uncommon trap: reason=null_check action=make_not_entrant pc=0x00000244a1bd1480 method=org.gradle.api.internal.file.archive.impl.FileZipInput$1.computeNext()Lorg/gradle/api/internal/file/archive/ZipEntry; @ 19 c2
Event: 6.621 Thread 0x00000244d1bbf4a0 DEOPT PACKING pc=0x00000244a1bd1480 sp=0x000000fc268f6480
Event: 6.621 Thread 0x00000244d1bbf4a0 DEOPT UNPACKING pc=0x00000244a12869a3 sp=0x000000fc268f6348 mode 2
Event: 6.850 Thread 0x00000244d1bbf4a0 Uncommon trap: trap_request=0xffffff45 fr.pc=0x00000244a1812ed8 relative=0x0000000000000c58
Event: 6.850 Thread 0x00000244d1bbf4a0 Uncommon trap: reason=unstable_if action=reinterpret pc=0x00000244a1812ed8 method=org.objectweb.asm.SymbolTable.addConstantUtf8Reference(ILjava/lang/String;)Lorg/objectweb/asm/Symbol; @ 45 c2
Event: 6.850 Thread 0x00000244d1bbf4a0 DEOPT PACKING pc=0x00000244a1812ed8 sp=0x000000fc268f5770
Event: 6.850 Thread 0x00000244d1bbf4a0 DEOPT UNPACKING pc=0x00000244a12869a3 sp=0x000000fc268f5738 mode 2
Event: 7.126 Thread 0x00000244d1bbf4a0 DEOPT PACKING pc=0x000002449a690a99 sp=0x000000fc268f5960
Event: 7.126 Thread 0x00000244d1bbf4a0 DEOPT UNPACKING pc=0x00000244a1287143 sp=0x000000fc268f5070 mode 0
Event: 7.150 Thread 0x00000244d1bbf4a0 DEOPT PACKING pc=0x000002449a690a99 sp=0x000000fc268f5960
Event: 7.150 Thread 0x00000244d1bbf4a0 DEOPT UNPACKING pc=0x00000244a1287143 sp=0x000000fc268f5070 mode 0
Event: 7.161 Thread 0x00000244d1bbf4a0 DEOPT PACKING pc=0x000002449a690a99 sp=0x000000fc268f5960
Event: 7.161 Thread 0x00000244d1bbf4a0 DEOPT UNPACKING pc=0x00000244a1287143 sp=0x000000fc268f5070 mode 0

Classes loaded (20 events):
Event: 4.295 Loading class java/lang/invoke/BoundMethodHandle$Species_LLLLLLLLLLLLLLLLLLLLLLLL
Event: 4.295 Loading class java/lang/invoke/BoundMethodHandle$Species_LLLLLLLLLLLLLLLLLLLLLLLL done
Event: 4.296 Loading class java/lang/invoke/BoundMethodHandle$Species_LLLLLLLLLLLLLLLLLLLLLLLLL
Event: 4.296 Loading class java/lang/invoke/BoundMethodHandle$Species_LLLLLLLLLLLLLLLLLLLLLLLLL done
Event: 4.297 Loading class java/lang/invoke/BoundMethodHandle$Species_LLLLLLLLLLLLLLLLLLLLLLLLLL
Event: 4.297 Loading class java/lang/invoke/BoundMethodHandle$Species_LLLLLLLLLLLLLLLLLLLLLLLLLL done
Event: 4.425 Loading class java/nio/charset/UnsupportedCharsetException
Event: 4.425 Loading class java/nio/charset/UnsupportedCharsetException done
Event: 4.426 Loading class java/util/Collections$UnmodifiableSortedMap
Event: 4.426 Loading class java/util/Collections$UnmodifiableSortedMap done
Event: 4.427 Loading class java/util/zip/Deflater
Event: 4.427 Loading class java/util/zip/Deflater done
Event: 4.428 Loading class java/util/zip/Deflater$DeflaterZStreamRef
Event: 4.428 Loading class java/util/zip/Deflater$DeflaterZStreamRef done
Event: 4.451 Loading class java/nio/StringCharBuffer
Event: 4.451 Loading class java/nio/StringCharBuffer done
Event: 4.481 Loading class jdk/internal/access/foreign/MemorySegmentProxy
Event: 4.482 Loading class jdk/internal/access/foreign/MemorySegmentProxy done
Event: 6.018 Loading class java/util/regex/Pattern$Caret
Event: 6.018 Loading class java/util/regex/Pattern$Caret done

Classes unloaded (0 events):
No events

Classes redefined (0 events):
No events

Internal exceptions (20 events):
Event: 4.125 Thread 0x00000244d1bbf4a0 Exception <a 'java/lang/NoSuchMethodError'{0x00000000845121d8}: 'java.lang.Object java.lang.invoke.DirectMethodHandle$Holder.invokeSpecial(java.lang.Object, java.lang.Object, java.lang.Object, java.lang.Object, java.lang.Object, java.lang.Object, java.lang.Object, java.lang.Object, java.lang.Object, java.lang.Object, java.lang.Object, java.lang.Object)'> (0x00000000845121d8) 
thrown [s\src\hotspot\share\interpreter\linkResolver.cpp, line 759]
Event: 4.125 Thread 0x00000244d1bbf4a0 Exception <a 'java/lang/NoSuchMethodError'{0x0000000084517870}: 'java.lang.Object java.lang.invoke.Invokers$Holder.linkToTargetMethod(java.lang.Object, java.lang.Object, java.lang.Object, java.lang.Object, java.lang.Object, java.lang.Object, java.lang.Object, java.lang.Object, java.lang.Object, java.lang.Object, java.lang.Object)'> (0x0000000084517870) 
thrown [s\src\hotspot\share\interpreter\linkResolver.cpp, line 759]
Event: 4.130 Thread 0x00000244d1bbf4a0 Exception <a 'java/lang/NoSuchMethodError'{0x00000000845962c0}: 'java.lang.Object java.lang.invoke.DirectMethodHandle$Holder.newInvokeSpecial(java.lang.Object, java.lang.Object, java.lang.Object, java.lang.Object, java.lang.Object, java.lang.Object, java.lang.Object, java.lang.Object, java.lang.Object, java.lang.Object, java.lang.Object, java.lang.Object)'> (0x00000000845962c0) 
thrown [s\src\hotspot\share\interpreter\linkResolver.cpp, line 759]
Event: 4.130 Thread 0x00000244d1bbf4a0 Exception <a 'java/lang/NoSuchMethodError'{0x000000008459bfe0}: 'java.lang.Object java.lang.invoke.DirectMethodHandle$Holder.invokeSpecial(java.lang.Object, java.lang.Object, java.lang.Object, java.lang.Object, java.lang.Object, java.lang.Object, java.lang.Object, java.lang.Object, java.lang.Object, java.lang.Object, java.lang.Object, java.lang.Object, java.lang.Object)'> (0x000000008459bfe0) 
thrown [s\src\hotspot\share\interpreter\linkResolver.cpp, line 759]
Event: 4.130 Thread 0x00000244d1bbf4a0 Exception <a 'java/lang/NoSuchMethodError'{0x00000000845a1800}: 'java.lang.Object java.lang.invoke.Invokers$Holder.linkToTargetMethod(java.lang.Object, java.lang.Object, java.lang.Object, java.lang.Object, java.lang.Object, java.lang.Object, java.lang.Object, java.lang.Object, java.lang.Object, java.lang.Object, java.lang.Object, java.lang.Object)'> (0x00000000845a1800) 
thrown [s\src\hotspot\share\interpreter\linkResolver.cpp, line 759]
Event: 4.229 Thread 0x00000244d1bbf4a0 Exception <a 'java/lang/NoSuchMethodError'{0x0000000083b6fa78}: 'void java.lang.invoke.DirectMethodHandle$Holder.invokeInterface(java.lang.Object, java.lang.Object)'> (0x0000000083b6fa78) 
thrown [s\src\hotspot\share\interpreter\linkResolver.cpp, line 759]
Event: 4.267 Thread 0x00000244d1bbf4a0 Exception <a 'sun/nio/fs/WindowsException'{0x00000000839decb0}> (0x00000000839decb0) 
thrown [s\src\hotspot\share\prims\jni.cpp, line 516]
Event: 4.267 Thread 0x00000244d1bbf4a0 Exception <a 'sun/nio/fs/WindowsException'{0x00000000839e06d8}> (0x00000000839e06d8) 
thrown [s\src\hotspot\share\prims\jni.cpp, line 516]
Event: 4.267 Thread 0x00000244d1bbf4a0 Exception <a 'sun/nio/fs/WindowsException'{0x00000000839e20f8}> (0x00000000839e20f8) 
thrown [s\src\hotspot\share\prims\jni.cpp, line 516]
Event: 4.268 Thread 0x00000244d1bbf4a0 Exception <a 'sun/nio/fs/WindowsException'{0x00000000839e3710}> (0x00000000839e3710) 
thrown [s\src\hotspot\share\prims\jni.cpp, line 516]
Event: 4.275 Thread 0x00000244d1bbf4a0 Exception <a 'java/lang/NoSuchMethodError'{0x00000000838ede28}: 'java.lang.Object java.lang.invoke.Invokers$Holder.invoker(java.lang.Object, java.lang.Object, java.lang.Object, java.lang.Object, java.lang.Object, java.lang.Object)'> (0x00000000838ede28) 
thrown [s\src\hotspot\share\interpreter\linkResolver.cpp, line 759]
Event: 4.289 Thread 0x00000244d1bbf4a0 Exception <a 'java/lang/NoSuchMethodError'{0x0000000083655390}: 'java.lang.Object java.lang.invoke.DelegatingMethodHandle$Holder.reinvoke_L(java.lang.Object, java.lang.Object, java.lang.Object, java.lang.Object, java.lang.Object, java.lang.Object, java.lang.Object, java.lang.Object, java.lang.Object, java.lang.Object, java.lang.Object, java.lang.Object, java.lang.Object, java.lang.Object, java.lang.Object, java.lang.Object, java.lang.Object, java.lang.Object, java.lang.Object, java.lang.Object, java.lang.O
Event: 4.289 Thread 0x00000244d1bbf4a0 Exception <a 'java/lang/NoSuchMethodError'{0x0000000083661be8}: 'java.lang.Object java.lang.invoke.Invokers$Holder.invoker(java.lang.Object, java.lang.Object, java.lang.Object, java.lang.Object, java.lang.Object, java.lang.Object, java.lang.Object, java.lang.Object, java.lang.Object, java.lang.Object, java.lang.Object, java.lang.Object, java.lang.Object, java.lang.Object, java.lang.Object, java.lang.Object, java.lang.Object, java.lang.Object, java.lang.Object, java.lang.Object, java.lang.Object, java.lang.
Event: 4.290 Thread 0x00000244d1bbf4a0 Exception <a 'java/lang/NoSuchMethodError'{0x0000000083668d58}: 'java.lang.Object java.lang.invoke.DelegatingMethodHandle$Holder.delegate(java.lang.Object, java.lang.Object, java.lang.Object, java.lang.Object, java.lang.Object, java.lang.Object, java.lang.Object, java.lang.Object, java.lang.Object, java.lang.Object, java.lang.Object, java.lang.Object, java.lang.Object, java.lang.Object, java.lang.Object, java.lang.Object, java.lang.Object, java.lang.Object, java.lang.Object, java.lang.Object, java.lang.Obj
Event: 4.296 Thread 0x00000244d1bbf4a0 Exception <a 'java/lang/NoSuchMethodError'{0x0000000083539ad8}: 'java.lang.Object java.lang.invoke.DirectMethodHandle$Holder.invokeStatic(java.lang.Object, java.lang.Object, java.lang.Object, java.lang.Object, java.lang.Object, java.lang.Object, java.lang.Object, java.lang.Object, java.lang.Object, java.lang.Object, java.lang.Object, java.lang.Object, java.lang.Object, java.lang.Object, java.lang.Object, java.lang.Object, java.lang.Object, java.lang.Object, java.lang.Object, java.lang.Object, java.lang.Obj
Event: 4.297 Thread 0x00000244d1bbf4a0 Exception <a 'java/lang/NoSuchMethodError'{0x000000008356e798}: 'java.lang.Object java.lang.invoke.DirectMethodHandle$Holder.invokeStatic(java.lang.Object, java.lang.Object, java.lang.Object, java.lang.Object, java.lang.Object, java.lang.Object, java.lang.Object, java.lang.Object, java.lang.Object, java.lang.Object, java.lang.Object, java.lang.Object, java.lang.Object, java.lang.Object, java.lang.Object, java.lang.Object, java.lang.Object, java.lang.Object, java.lang.Object, java.lang.Object, java.lang.Obj
Event: 4.298 Thread 0x00000244d1bbf4a0 Exception <a 'java/lang/NoSuchMethodError'{0x00000000835a5068}: 'java.lang.Object java.lang.invoke.DirectMethodHandle$Holder.invokeStatic(java.lang.Object, java.lang.Object, java.lang.Object, java.lang.Object, java.lang.Object, java.lang.Object, java.lang.Object, java.lang.Object, java.lang.Object, java.lang.Object, java.lang.Object, java.lang.Object, java.lang.Object, java.lang.Object, java.lang.Object, java.lang.Object, java.lang.Object, java.lang.Object, java.lang.Object, java.lang.Object, java.lang.Obj
Event: 4.418 Thread 0x00000244d1bbf4a0 Exception <a 'sun/nio/fs/WindowsException'{0x000000008fd14768}> (0x000000008fd14768) 
thrown [s\src\hotspot\share\prims\jni.cpp, line 516]
Event: 4.418 Thread 0x00000244d1bbf4a0 Exception <a 'sun/nio/fs/WindowsException'{0x000000008fd16288}> (0x000000008fd16288) 
thrown [s\src\hotspot\share\prims\jni.cpp, line 516]
Event: 6.621 Thread 0x00000244d1bbf4a0 Implicit null exception at 0x00000244a1bd0de7 to 0x00000244a1bd1470

VM Operations (20 events):
Event: 5.554 Executing VM operation: G1CollectForAllocation done
Event: 5.672 Executing VM operation: G1CollectForAllocation
Event: 5.674 Executing VM operation: G1CollectForAllocation done
Event: 5.822 Executing VM operation: G1CollectForAllocation
Event: 5.825 Executing VM operation: G1CollectForAllocation done
Event: 6.003 Executing VM operation: G1CollectForAllocation
Event: 6.006 Executing VM operation: G1CollectForAllocation done
Event: 6.109 Executing VM operation: HandshakeAllThreads
Event: 6.109 Executing VM operation: HandshakeAllThreads done
Event: 6.209 Executing VM operation: G1CollectForAllocation
Event: 6.213 Executing VM operation: G1CollectForAllocation done
Event: 6.376 Executing VM operation: G1CollectForAllocation
Event: 6.380 Executing VM operation: G1CollectForAllocation done
Event: 6.590 Executing VM operation: G1CollectForAllocation
Event: 6.593 Executing VM operation: G1CollectForAllocation done
Event: 6.779 Executing VM operation: G1CollectForAllocation
Event: 6.782 Executing VM operation: G1CollectForAllocation done
Event: 6.978 Executing VM operation: G1CollectForAllocation
Event: 6.982 Executing VM operation: G1CollectForAllocation done
Event: 7.166 Executing VM operation: G1CollectForAllocation

Memory protections (0 events):
No events

Nmethod flushes (20 events):
Event: 3.970 Thread 0x00000244b089ad60 flushing  nmethod 0x000002449a510010
Event: 3.970 Thread 0x00000244b089ad60 flushing  nmethod 0x000002449a510810
Event: 3.970 Thread 0x00000244b089ad60 flushing  nmethod 0x000002449a534d10
Event: 3.970 Thread 0x00000244b089ad60 flushing  nmethod 0x000002449a535710
Event: 3.970 Thread 0x00000244b089ad60 flushing  nmethod 0x000002449a53aa10
Event: 3.970 Thread 0x00000244b089ad60 flushing  nmethod 0x000002449a545710
Event: 3.970 Thread 0x00000244b089ad60 flushing  nmethod 0x000002449a54ec90
Event: 3.970 Thread 0x00000244b089ad60 flushing  nmethod 0x000002449a551410
Event: 3.970 Thread 0x00000244b089ad60 flushing  nmethod 0x000002449a558a10
Event: 3.970 Thread 0x00000244b089ad60 flushing  nmethod 0x000002449a560b90
Event: 3.970 Thread 0x00000244b089ad60 flushing  nmethod 0x000002449a563210
Event: 3.970 Thread 0x00000244b089ad60 flushing  nmethod 0x000002449a56d790
Event: 3.970 Thread 0x00000244b089ad60 flushing  nmethod 0x000002449a583b90
Event: 3.970 Thread 0x00000244b089ad60 flushing  nmethod 0x000002449a584290
Event: 3.970 Thread 0x00000244b089ad60 flushing  nmethod 0x000002449a587990
Event: 3.970 Thread 0x00000244b089ad60 flushing  nmethod 0x000002449a59df90
Event: 6.110 Thread 0x00000244b089ad60 flushing  nmethod 0x00000244a19e8f90
Event: 6.110 Thread 0x00000244b089ad60 flushing  nmethod 0x00000244a19eee90
Event: 6.110 Thread 0x00000244b089ad60 flushing  nmethod 0x00000244a19fe810
Event: 6.111 Thread 0x00000244b089ad60 flushing  nmethod 0x0000024499e80e10

Events (20 events):
Event: 1.464 Thread 0x00000244d22f6050 Thread added: 0x00000244d0dbca30
Event: 1.488 Thread 0x00000244d22f6050 Thread added: 0x00000244d1bbef90
Event: 1.492 Thread 0x00000244d22f6050 Thread added: 0x00000244d1bbf4a0
Event: 1.499 Thread 0x00000244d1bbf4a0 Thread added: 0x00000244d1bbd640
Event: 1.500 Thread 0x00000244d1bbf4a0 Thread added: 0x00000244d1bbd130
Event: 1.502 Thread 0x00000244d1bbf4a0 Thread added: 0x00000244d1bbe060
Event: 1.752 Thread 0x00000244d1bbf4a0 Thread added: 0x00000244d1bbe570
Event: 1.757 Thread 0x00000244d1bbf4a0 Thread added: 0x00000244d1bbc200
Event: 1.775 Thread 0x00000244d1bbf4a0 Thread added: 0x00000244d1bbea80
Event: 2.143 Thread 0x00000244b0898440 Thread added: 0x00000244d3d1e6d0
Event: 2.237 Thread 0x00000244d1bbf4a0 Thread added: 0x00000244d1bbbcf0
Event: 2.251 Thread 0x00000244d1bbf4a0 Thread added: 0x00000244d1bbc710
Event: 2.441 Thread 0x00000244d1bbf4a0 Thread added: 0x00000244d1bbcc20
Event: 2.445 Thread 0x00000244d1bbf4a0 Thread added: 0x00000244d3e6fa20
Event: 3.757 Thread 0x00000244d1bbf4a0 Thread added: 0x00000244d3e70440
Event: 3.853 Thread 0x00000244d1bbf4a0 Thread added: 0x00000244d3e6f000
Event: 3.877 Thread 0x00000244d1bbf4a0 Thread added: 0x00000244d3e71370
Event: 4.136 Thread 0x00000244d1bbf4a0 Thread added: 0x00000244d3e6f510
Event: 4.157 Thread 0x00000244d1bbf4a0 Thread added: 0x00000244d3e70950
Event: 4.256 Thread 0x00000244d1bbf4a0 Thread added: 0x00000244d3e70e60


Dynamic libraries:
0x00007ff7ca720000 - 0x00007ff7ca72e000 	C:\Program Files\Microsoft\jdk-17.0.14.7-hotspot\bin\java.exe
0x00007ff9f0190000 - 0x00007ff9f0388000 	C:\Windows\SYSTEM32\ntdll.dll
0x00007ff9ee6c0000 - 0x00007ff9ee782000 	C:\Windows\System32\KERNEL32.DLL
0x00007ff9edd80000 - 0x00007ff9ee07f000 	C:\Windows\System32\KERNELBASE.dll
0x00007ff9edbf0000 - 0x00007ff9edcf0000 	C:\Windows\System32\ucrtbase.dll
0x00007ff9d7e90000 - 0x00007ff9d7ea7000 	C:\Program Files\Microsoft\jdk-17.0.14.7-hotspot\bin\jli.dll
0x00007ff9d4fb0000 - 0x00007ff9d4fcd000 	C:\Program Files\Microsoft\jdk-17.0.14.7-hotspot\bin\VCRUNTIME140.dll
0x00007ff9eff10000 - 0x00007ff9f00ad000 	C:\Windows\System32\USER32.dll
0x00007ff9ed830000 - 0x00007ff9ed852000 	C:\Windows\System32\win32u.dll
0x00007ff9dbe30000 - 0x00007ff9dc0ca000 	C:\Windows\WinSxS\amd64_microsoft.windows.common-controls_6595b64144ccf1df_6.0.19041.4355_none_60b8b9eb71f62e16\COMCTL32.dll
0x00007ff9eed60000 - 0x00007ff9eed8b000 	C:\Windows\System32\GDI32.dll
0x00007ff9eeea0000 - 0x00007ff9eef3e000 	C:\Windows\System32\msvcrt.dll
0x00007ff9ed8d0000 - 0x00007ff9ed9ea000 	C:\Windows\System32\gdi32full.dll
0x00007ff9ed9f0000 - 0x00007ff9eda8d000 	C:\Windows\System32\msvcp_win.dll
0x00007ff9ef060000 - 0x00007ff9ef08f000 	C:\Windows\System32\IMM32.DLL
0x00007ff9e5840000 - 0x00007ff9e584c000 	C:\Program Files\Microsoft\jdk-17.0.14.7-hotspot\bin\vcruntime140_1.dll
0x00007ff97d310000 - 0x00007ff97d39d000 	C:\Program Files\Microsoft\jdk-17.0.14.7-hotspot\bin\msvcp140.dll
0x00007ff97ba10000 - 0x00007ff97c682000 	C:\Program Files\Microsoft\jdk-17.0.14.7-hotspot\bin\server\jvm.dll
0x00007ff9ee890000 - 0x00007ff9ee93f000 	C:\Windows\System32\ADVAPI32.dll
0x00007ff9ef090000 - 0x00007ff9ef12f000 	C:\Windows\System32\sechost.dll
0x00007ff9eebc0000 - 0x00007ff9eece3000 	C:\Windows\System32\RPCRT4.dll
0x00007ff9ee180000 - 0x00007ff9ee1a7000 	C:\Windows\System32\bcrypt.dll
0x00007ff9eeb50000 - 0x00007ff9eebbb000 	C:\Windows\System32\WS2_32.dll
0x00007ff9ecd70000 - 0x00007ff9ecdbb000 	C:\Windows\SYSTEM32\POWRPROF.dll
0x00007ff9e2db0000 - 0x00007ff9e2dd7000 	C:\Windows\SYSTEM32\WINMM.dll
0x00007ff9e6d60000 - 0x00007ff9e6d6a000 	C:\Windows\SYSTEM32\VERSION.dll
0x00007ff9ecc30000 - 0x00007ff9ecc42000 	C:\Windows\SYSTEM32\UMPDC.dll
0x00007ff9ec050000 - 0x00007ff9ec062000 	C:\Windows\SYSTEM32\kernel.appcore.dll
0x00007ff9d7c20000 - 0x00007ff9d7c2a000 	C:\Program Files\Microsoft\jdk-17.0.14.7-hotspot\bin\jimage.dll
0x00007ff9eb3f0000 - 0x00007ff9eb5d4000 	C:\Windows\SYSTEM32\DBGHELP.DLL
0x00007ff9d0c70000 - 0x00007ff9d0ca4000 	C:\Windows\SYSTEM32\dbgcore.DLL
0x00007ff9edcf0000 - 0x00007ff9edd72000 	C:\Windows\System32\bcryptPrimitives.dll
0x00007ff9bebb0000 - 0x00007ff9bebbe000 	C:\Program Files\Microsoft\jdk-17.0.14.7-hotspot\bin\instrument.dll
0x00007ff9d4f80000 - 0x00007ff9d4fa5000 	C:\Program Files\Microsoft\jdk-17.0.14.7-hotspot\bin\java.dll
0x00007ff97b930000 - 0x00007ff97ba07000 	C:\Program Files\Microsoft\jdk-17.0.14.7-hotspot\bin\jsvml.dll
0x00007ff9ef210000 - 0x00007ff9ef97d000 	C:\Windows\System32\SHELL32.dll
0x00007ff9eb890000 - 0x00007ff9ec034000 	C:\Windows\SYSTEM32\windows.storage.dll
0x00007ff9ee1b0000 - 0x00007ff9ee505000 	C:\Windows\System32\combase.dll
0x00007ff9ed260000 - 0x00007ff9ed28b000 	C:\Windows\SYSTEM32\Wldp.dll
0x00007ff9ee940000 - 0x00007ff9eea0d000 	C:\Windows\System32\OLEAUT32.dll
0x00007ff9eed90000 - 0x00007ff9eee3d000 	C:\Windows\System32\SHCORE.dll
0x00007ff9eecf0000 - 0x00007ff9eed45000 	C:\Windows\System32\shlwapi.dll
0x00007ff9ed760000 - 0x00007ff9ed785000 	C:\Windows\SYSTEM32\profapi.dll
0x00007ff9c2210000 - 0x00007ff9c2228000 	C:\Program Files\Microsoft\jdk-17.0.14.7-hotspot\bin\zip.dll
0x00007ff9d1c60000 - 0x00007ff9d1c7a000 	C:\Program Files\Microsoft\jdk-17.0.14.7-hotspot\bin\net.dll
0x00007ff9e5e70000 - 0x00007ff9e5f7a000 	C:\Windows\SYSTEM32\WINHTTP.dll
0x00007ff9ecfc0000 - 0x00007ff9ed02c000 	C:\Windows\system32\mswsock.dll
0x00007ff9d0430000 - 0x00007ff9d0446000 	C:\Program Files\Microsoft\jdk-17.0.14.7-hotspot\bin\nio.dll
0x00007ff9d5280000 - 0x00007ff9d5290000 	C:\Program Files\Microsoft\jdk-17.0.14.7-hotspot\bin\verify.dll
0x00007ff9bee40000 - 0x00007ff9bee67000 	C:\Users\ASUS ROG\.gradle\native\1def1411415f61bf3af743bc5b6707747c0891f09f0c88961ee8f79bc544acac\windows-amd64\native-platform.dll
0x00007ff97b8b0000 - 0x00007ff97b928000 	C:\Users\ASUS ROG\.gradle\native\0.2.7\x86_64-windows-gnu\gradle-fileevents.dll
0x00007ff9bee80000 - 0x00007ff9bee8a000 	C:\Program Files\Microsoft\jdk-17.0.14.7-hotspot\bin\management.dll
0x00007ff9bee70000 - 0x00007ff9bee7b000 	C:\Program Files\Microsoft\jdk-17.0.14.7-hotspot\bin\management_ext.dll
0x00007ff9f00b0000 - 0x00007ff9f00b8000 	C:\Windows\System32\PSAPI.DLL
0x00007ff9ecc50000 - 0x00007ff9ecc8b000 	C:\Windows\SYSTEM32\IPHLPAPI.DLL
0x00007ff9eed50000 - 0x00007ff9eed58000 	C:\Windows\System32\NSI.dll
0x00007ff9e69f0000 - 0x00007ff9e6a07000 	C:\Windows\SYSTEM32\dhcpcsvc6.DLL
0x00007ff9e6990000 - 0x00007ff9e69ad000 	C:\Windows\SYSTEM32\dhcpcsvc.DLL
0x00007ff9ecca0000 - 0x00007ff9ecd6a000 	C:\Windows\SYSTEM32\DNSAPI.dll
0x00007ff9bf720000 - 0x00007ff9bf729000 	C:\Program Files\Microsoft\jdk-17.0.14.7-hotspot\bin\extnet.dll
0x00007ff9ed1c0000 - 0x00007ff9ed1d8000 	C:\Windows\SYSTEM32\CRYPTSP.dll
0x00007ff9ec870000 - 0x00007ff9ec8a8000 	C:\Windows\system32\rsaenh.dll
0x00007ff9ed6e0000 - 0x00007ff9ed70e000 	C:\Windows\SYSTEM32\USERENV.dll
0x00007ff9ed1b0000 - 0x00007ff9ed1bc000 	C:\Windows\SYSTEM32\CRYPTBASE.dll
0x00007ff9c2200000 - 0x00007ff9c220e000 	C:\Program Files\Microsoft\jdk-17.0.14.7-hotspot\bin\sunmscapi.dll
0x00007ff9eda90000 - 0x00007ff9edbec000 	C:\Windows\System32\CRYPT32.dll
0x00007ff9ed2d0000 - 0x00007ff9ed2f7000 	C:\Windows\SYSTEM32\ncrypt.dll
0x00007ff9ed290000 - 0x00007ff9ed2cb000 	C:\Windows\SYSTEM32\NTASN1.dll
0x00007ff9d1a60000 - 0x00007ff9d1a67000 	C:\Windows\system32\wshunix.dll

dbghelp: loaded successfully - version: 4.0.5 - missing functions: none
symbol engine: initialized successfully - sym options: 0x614 - pdb path: .;C:\Program Files\Microsoft\jdk-17.0.14.7-hotspot\bin;C:\Windows\SYSTEM32;C:\Windows\WinSxS\amd64_microsoft.windows.common-controls_6595b64144ccf1df_6.0.19041.4355_none_60b8b9eb71f62e16;C:\Program Files\Microsoft\jdk-17.0.14.7-hotspot\bin\server;C:\Users\ASUS ROG\.gradle\native\1def1411415f61bf3af743bc5b6707747c0891f09f0c88961ee8f79bc544acac\windows-amd64;C:\Users\ASUS ROG\.gradle\native\0.2.7\x86_64-windows-gnu

VM Arguments:
jvm_args: --add-opens=java.base/java.lang=ALL-UNNAMED --add-opens=java.base/java.lang.invoke=ALL-UNNAMED --add-opens=java.base/java.util=ALL-UNNAMED --add-opens=java.prefs/java.util.prefs=ALL-UNNAMED --add-exports=jdk.compiler/com.sun.tools.javac.api=ALL-UNNAMED --add-exports=jdk.compiler/com.sun.tools.javac.util=ALL-UNNAMED --add-opens=java.base/java.util=ALL-UNNAMED --add-opens=java.prefs/java.util.prefs=ALL-UNNAMED --add-opens=java.base/java.nio.charset=ALL-UNNAMED --add-opens=java.base/java.net=ALL-UNNAMED --add-opens=java.base/java.util.concurrent.atomic=ALL-UNNAMED --add-opens=java.xml/javax.xml.namespace=ALL-UNNAMED -XX:MaxMetaspaceSize=512m -Xmx2048m -Dfile.encoding=windows-1252 -Duser.country=US -Duser.language=en -Duser.variant -javaagent:C:\Users\ASUS ROG\.gradle\wrapper\dists\gradle-8.13-bin\5xuhj0ry160q40clulazy9h7d\gradle-8.13\lib\agents\gradle-instrumentation-agent-8.13.jar 
java_command: org.gradle.launcher.daemon.bootstrap.GradleDaemon 8.13
java_class_path (initial): C:\Users\ASUS ROG\.gradle\wrapper\dists\gradle-8.13-bin\5xuhj0ry160q40clulazy9h7d\gradle-8.13\lib\gradle-daemon-main-8.13.jar
Launcher Type: SUN_STANDARD

[Global flags]
     intx CICompilerCount                          = 4                                         {product} {ergonomic}
   size_t CompressedClassSpaceSize                 = 436207616                                 {product} {ergonomic}
     uint ConcGCThreads                            = 3                                         {product} {ergonomic}
     uint G1ConcRefinementThreads                  = 10                                        {product} {ergonomic}
   size_t G1HeapRegionSize                         = 1048576                                   {product} {ergonomic}
    uintx GCDrainStackTargetSize                   = 64                                        {product} {ergonomic}
   size_t InitialHeapSize                          = 266338304                                 {product} {ergonomic}
   size_t MarkStackSize                            = 4194304                                   {product} {ergonomic}
   size_t MaxHeapSize                              = 2147483648                                {product} {command line}
   size_t MaxMetaspaceSize                         = 536870912                                 {product} {command line}
   size_t MaxNewSize                               = 1287651328                                {product} {ergonomic}
   size_t MinHeapDeltaBytes                        = 1048576                                   {product} {ergonomic}
   size_t MinHeapSize                              = 8388608                                   {product} {ergonomic}
    uintx NonNMethodCodeHeapSize                   = 5839372                                {pd product} {ergonomic}
    uintx NonProfiledCodeHeapSize                  = 122909434                              {pd product} {ergonomic}
    uintx ProfiledCodeHeapSize                     = 122909434                              {pd product} {ergonomic}
    uintx ReservedCodeCacheSize                    = 251658240                              {pd product} {ergonomic}
     bool SegmentedCodeCache                       = true                                      {product} {ergonomic}
   size_t SoftMaxHeapSize                          = 2147483648                             {manageable} {ergonomic}
     bool UseCompressedClassPointers               = true                           {product lp64_product} {ergonomic}
     bool UseCompressedOops                        = true                           {product lp64_product} {ergonomic}
     bool UseG1GC                                  = true                                      {product} {ergonomic}
     bool UseLargePagesIndividualAllocation        = false                                  {pd product} {ergonomic}

Logging:
Log output configuration:
 #0: stdout all=warning uptime,level,tags
 #1: stderr all=off uptime,level,tags

Environment Variables:
JAVA_HOME=C:\Program Files\Microsoft\jdk-17.0.14.7-hotspot\
CLASSPATH=D:\CSE441\FirstDemoApp\FirstDemoApp\android\\gradle\wrapper\gradle-wrapper.jar
PATH=D:\CSE441\FirstDemoApp\FirstDemoApp\node_modules\.bin;D:\CSE441\FirstDemoApp\FirstDemoApp\android\node_modules\.bin;D:\CSE441\FirstDemoApp\FirstDemoApp\node_modules\.bin;D:\CSE441\FirstDemoApp\node_modules\.bin;D:\CSE441\node_modules\.bin;D:\node_modules\.bin;C:\Program Files\nodejs\node_modules\npm\node_modules\@npmcli\run-script\lib\node-gyp-bin;C:\Program Files\Microsoft\jdk-17.0.14.7-hotspot\bin;C:\Python313\Scripts\;C:\Python313\;E:\Oculus\Support\oculus-runtime;C:\Program Files\Common Files\Oracle\Java\javapath;C:\Windows\system32;C:\Windows;C:\Windows\System32\Wbem;C:\Windows\System32\WindowsPowerShell\v1.0\;C:\Windows\System32\OpenSSH\;D:\Git\cmd;C:\Program Files\Java\jdk-17.0.3.1\bin;C:\Program Files (x86)\Microsoft SQL Server\160\DTS\Binn\;C:\Program Files\Azure Data Studio\bin;C:\Program Files (x86)\Microsoft SQL Server\160\Tools\Binn\;C:\Program Files\Microsoft SQL Server\160\Tools\Binn\;C:\Program Files\Microsoft SQL Server\Client SDK\ODBC\170\Tools\Binn\;C:\Program Files\Microsoft SQL Server\160\DTS\Binn\;C:\Program Files\Intel\WiFi\bin\;C:\Program Files\Common Files\Intel\WirelessCommon\;C:\Program Files (x86)\NVIDIA Corporation\PhysX\Common;C:\ProgramData\chocolatey\bin;C:\Users\ASUS ROG\AppData\Roaming\nvm;C:\Program Files\nodejs;D:\Maven\apache-maven-3.9.5\bin;C:\Program Files\Microsoft SQL Server\150\Tools\Binn\;C:\Program Files\Java\jdk-17.0.1\bin;C:\Program Files\dotnet\;C:\Program Files\Cloudflare\Cloudflare WARP\;C:\Program Files\NVIDIA Corporation\NVIDIA app\NvDLISR;C:\Program Files\nodejs\;C:\Users\ASUS ROG\AppData\Local\Programs\Python\Python312\Scripts\;C:\Users\ASUS ROG\AppData\Local\Programs\Python\Python312\;C:\Users\ASUS ROG\AppData\Local\Programs\Python\Launcher\;C:\Users\ASUS ROG\AppData\Local\Microsoft\WindowsApps;D:\Microsoft VS Code\bin;C:\Users\ASUS ROG\AppData\Local\GitHubDesktop\bin;C:\Users\ASUS ROG\.dotnet\tools;C:\Users\ASUS ROG\AppData\Roaming\npm;C:\Users\ASUS ROG\.bun\bin;C:\Users\ASUS ROG\.bun\bin;C:\Users\ASUS ROG\.bun\bin;C:\Users\ASUS ROG\.bun\bin;C:\Users\ASUS ROG\.bun\bin;D:\Android\SDK\platform-tools
USERNAME=ASUS ROG
LANG=en_US.UTF-8
OS=Windows_NT
PROCESSOR_IDENTIFIER=Intel64 Family 6 Model 158 Stepping 10, GenuineIntel
TMP=C:\Users\ASUSRO~1\AppData\Local\Temp
TEMP=C:\Users\ASUSRO~1\AppData\Local\Temp



Periodic native trim disabled


---------------  S Y S T E M  ---------------

OS:
 Windows 10 , 64 bit Build 19041 (10.0.19041.5438)
OS uptime: 0 days 0:27 hours

CPU: total 12 (initial active 12) (6 cores per cpu, 2 threads per core) family 6 model 158 stepping 10 microcode 0xd2, cx8, cmov, fxsr, ht, mmx, 3dnowpref, sse, sse2, sse3, ssse3, sse4.1, sse4.2, popcnt, lzcnt, tsc, tscinvbit, avx, avx2, aes, erms, clmul, bmi1, bmi2, adx, fma, vzeroupper, clflush, clflushopt
Processor Information for the first 12 processors :
  Max Mhz: 2592, Current Mhz: 2592, Mhz Limit: 2592

Memory: 4k page, system-wide physical 16235M (2461M free)
TotalPageFile size 16235M (AvailPageFile size 34M)
current process WorkingSet (physical memory assigned to process): 386M, peak: 391M
current process commit charge ("private bytes"): 431M, peak: 466M

vm_info: OpenJDK 64-Bit Server VM (17.0.14+7-LTS) for windows-amd64 JRE (17.0.14+7-LTS), built on Jan  8 2025 23:39:28 by "MicrosoftCorporation" with unknown MS VC++:1939

END.
