#
# There is insufficient memory for the Java Runtime Environment to continue.
# Native memory allocation (malloc) failed to allocate 1941296 bytes. Error detail: Chunk::new
# Possible reasons:
#   The system is out of physical RAM or swap space
#   This process is running with CompressedOops enabled, and the Java Heap may be blocking the growth of the native heap
# Possible solutions:
#   Reduce memory load on the system
#   Increase physical memory or swap space
#   Check if swap backing store is full
#   Decrease Java heap size (-Xmx/-Xms)
#   Decrease number of Java threads
#   Decrease Java thread stack sizes (-Xss)
#   Set larger code cache with -XX:ReservedCodeCacheSize=
#   JVM is running with Zero Based Compressed Oops mode in which the Java heap is
#     placed in the first 32GB address space. The Java Heap base address is the
#     maximum limit for the native heap growth. Please use -XX:HeapBaseMinAddress
#     to set the Java Heap base and to place the Java Heap above 32GB virtual address.
# This output file may be truncated or incomplete.
#
#  Out of Memory Error (arena.cpp:191), pid=12212, tid=18744
#
# JRE version: OpenJDK Runtime Environment Microsoft-10800295 (17.0.14+7) (build 17.0.14+7-LTS)
# Java VM: OpenJDK 64-Bit Server VM Microsoft-10800295 (17.0.14+7-LTS, mixed mode, sharing, tiered, compressed oops, compressed class ptrs, g1 gc, windows-amd64)
# No core dump will be written. Minidumps are not enabled by default on client versions of Windows
#

---------------  S U M M A R Y ------------

Command Line: --add-opens=java.base/java.lang=ALL-UNNAMED --add-opens=java.base/java.lang.invoke=ALL-UNNAMED --add-opens=java.base/java.util=ALL-UNNAMED --add-opens=java.prefs/java.util.prefs=ALL-UNNAMED --add-exports=jdk.compiler/com.sun.tools.javac.api=ALL-UNNAMED --add-exports=jdk.compiler/com.sun.tools.javac.util=ALL-UNNAMED --add-opens=java.base/java.util=ALL-UNNAMED --add-opens=java.prefs/java.util.prefs=ALL-UNNAMED --add-opens=java.base/java.nio.charset=ALL-UNNAMED --add-opens=java.base/java.net=ALL-UNNAMED --add-opens=java.base/java.util.concurrent.atomic=ALL-UNNAMED --add-opens=java.xml/javax.xml.namespace=ALL-UNNAMED -Xmx4096m -Dfile.encoding=UTF-8 -Duser.country=US -Duser.language=en -Duser.variant -javaagent:C:\Users\ASUS ROG\.gradle\wrapper\dists\gradle-8.13-bin\5xuhj0ry160q40clulazy9h7d\gradle-8.13\lib\agents\gradle-instrumentation-agent-8.13.jar org.gradle.launcher.daemon.bootstrap.GradleDaemon 8.13

Host: Intel(R) Core(TM) i7-9750H CPU @ 2.60GHz, 12 cores, 15G,  Windows 10 , 64 bit Build 19041 (10.0.19041.5438)
Time: Wed Apr  9 09:06:50 2025 SE Asia Standard Time elapsed time: 7.360902 seconds (0d 0h 0m 7s)

---------------  T H R E A D  ---------------

Current thread (0x000002137976b890):  JavaThread "C2 CompilerThread2" daemon [_thread_in_native, id=18744, stack(0x00000095eeb00000,0x00000095eec00000)]


Current CompileTask:
C2:   7360 5325       4       org.objectweb.asm.MethodVisitor::visitInvokeDynamicInsn (39 bytes)

Stack: [0x00000095eeb00000,0x00000095eec00000]
Native frames: (J=compiled Java code, j=interpreted, Vv=VM code, C=native code)
V  [jvm.dll+0x6886b9]
V  [jvm.dll+0x83f6f8]
V  [jvm.dll+0x8411a3]
V  [jvm.dll+0x841813]
V  [jvm.dll+0x2495cf]
V  [jvm.dll+0xad0d4]
V  [jvm.dll+0xad76c]
V  [jvm.dll+0x36adbf]
V  [jvm.dll+0x335403]
V  [jvm.dll+0x33489a]
V  [jvm.dll+0x21a7e8]
V  [jvm.dll+0x219c1f]
V  [jvm.dll+0x1a5596]
V  [jvm.dll+0x22a27a]
V  [jvm.dll+0x2283bb]
V  [jvm.dll+0x7f4f48]
V  [jvm.dll+0x7ef2ac]
V  [jvm.dll+0x687597]
C  [ucrtbase.dll+0x21bb2]
C  [KERNEL32.DLL+0x17374]
C  [ntdll.dll+0x4cc91]


---------------  P R O C E S S  ---------------

Threads class SMR info:
_java_thread_list=0x000002137979e370, length=37, elements={
0x000002134c42b460, 0x000002136f955ec0, 0x000002136f956c50, 0x000002136f96c480,
0x000002136f96d210, 0x000002136f970c60, 0x000002136f971530, 0x000002136f9756e0,
0x000002136f97f010, 0x000002136f97f920, 0x000002136f93d920, 0x000002136fb307b0,
0x000002136fc52350, 0x0000021374df94e0, 0x0000021375c18b90, 0x0000021375d887b0,
0x0000021375c139b0, 0x0000021375bf4860, 0x0000021375a08970, 0x0000021375a07f50,
0x0000021375a0a7d0, 0x0000021375a08e80, 0x0000021375a098a0, 0x0000021375a09db0,
0x0000021375a0ace0, 0x0000021375a08460, 0x0000021375a07a40, 0x0000021375a09390,
0x000002137976b890, 0x0000021375a0a2c0, 0x0000021375fdf060, 0x0000021375fdd200,
0x0000021375fe2810, 0x0000021375fe13d0, 0x0000021375fe09b0, 0x0000021375fe3230,
0x0000021375fe1df0
}

Java Threads: ( => current thread )
  0x000002134c42b460 JavaThread "main" [_thread_blocked, id=7608, stack(0x00000095ec300000,0x00000095ec400000)]
  0x000002136f955ec0 JavaThread "Reference Handler" daemon [_thread_blocked, id=14252, stack(0x00000095eca00000,0x00000095ecb00000)]
  0x000002136f956c50 JavaThread "Finalizer" daemon [_thread_blocked, id=9328, stack(0x00000095ecb00000,0x00000095ecc00000)]
  0x000002136f96c480 JavaThread "Signal Dispatcher" daemon [_thread_blocked, id=2148, stack(0x00000095ecc00000,0x00000095ecd00000)]
  0x000002136f96d210 JavaThread "Attach Listener" daemon [_thread_blocked, id=3300, stack(0x00000095ecd00000,0x00000095ece00000)]
  0x000002136f970c60 JavaThread "Service Thread" daemon [_thread_blocked, id=2624, stack(0x00000095ece00000,0x00000095ecf00000)]
  0x000002136f971530 JavaThread "Monitor Deflation Thread" daemon [_thread_blocked, id=4868, stack(0x00000095ecf00000,0x00000095ed000000)]
  0x000002136f9756e0 JavaThread "C2 CompilerThread0" daemon [_thread_blocked, id=8320, stack(0x00000095ed000000,0x00000095ed100000)]
  0x000002136f97f010 JavaThread "C1 CompilerThread0" daemon [_thread_blocked, id=14016, stack(0x00000095ed100000,0x00000095ed200000)]
  0x000002136f97f920 JavaThread "Sweeper thread" daemon [_thread_blocked, id=15688, stack(0x00000095ed200000,0x00000095ed300000)]
  0x000002136f93d920 JavaThread "Common-Cleaner" daemon [_thread_blocked, id=12448, stack(0x00000095ed300000,0x00000095ed400000)]
  0x000002136fb307b0 JavaThread "Notification Thread" daemon [_thread_blocked, id=19144, stack(0x00000095ed400000,0x00000095ed500000)]
  0x000002136fc52350 JavaThread "C2 CompilerThread1" daemon [_thread_in_native, id=10172, stack(0x00000095ed600000,0x00000095ed700000)]
  0x0000021374df94e0 JavaThread "Daemon health stats" [_thread_blocked, id=17908, stack(0x00000095edd00000,0x00000095ede00000)]
  0x0000021375c18b90 JavaThread "Incoming local TCP Connector on port 50697" [_thread_in_native, id=15720, stack(0x00000095ed700000,0x00000095ed800000)]
  0x0000021375d887b0 JavaThread "Daemon periodic checks" [_thread_blocked, id=19392, stack(0x00000095ede00000,0x00000095edf00000)]
  0x0000021375c139b0 JavaThread "Daemon" [_thread_blocked, id=2184, stack(0x00000095edf00000,0x00000095ee000000)]
  0x0000021375bf4860 JavaThread "Handler for socket connection from /127.0.0.1:50697 to /127.0.0.1:50699" [_thread_in_native, id=17688, stack(0x00000095ee000000,0x00000095ee100000)]
  0x0000021375a08970 JavaThread "Cancel handler" [_thread_blocked, id=17276, stack(0x00000095ee100000,0x00000095ee200000)]
  0x0000021375a07f50 JavaThread "Daemon worker" [_thread_in_Java, id=12104, stack(0x00000095ee200000,0x00000095ee300000)]
  0x0000021375a0a7d0 JavaThread "Asynchronous log dispatcher for DefaultDaemonConnection: socket connection from /127.0.0.1:50697 to /127.0.0.1:50699" [_thread_blocked, id=18728, stack(0x00000095ee300000,0x00000095ee400000)]
  0x0000021375a08e80 JavaThread "Stdin handler" [_thread_blocked, id=18684, stack(0x00000095ee400000,0x00000095ee500000)]
  0x0000021375a098a0 JavaThread "Daemon client event forwarder" [_thread_blocked, id=8088, stack(0x00000095ee500000,0x00000095ee600000)]
  0x0000021375a09db0 JavaThread "Cache worker for journal cache (C:\Users\ASUS ROG\.gradle\caches\journal-1)" [_thread_blocked, id=19276, stack(0x00000095ee600000,0x00000095ee700000)]
  0x0000021375a0ace0 JavaThread "File lock request listener" [_thread_in_native, id=2568, stack(0x00000095ee700000,0x00000095ee800000)]
  0x0000021375a08460 JavaThread "Cache worker for file hash cache (C:\Users\ASUS ROG\.gradle\caches\8.13\fileHashes)" [_thread_blocked, id=1548, stack(0x00000095ee800000,0x00000095ee900000)]
  0x0000021375a07a40 JavaThread "Cache worker for file hash cache (D:\CSE441\FirstDemoApp\FirstDemoApp\android\.gradle\8.13\fileHashes)" [_thread_blocked, id=8784, stack(0x00000095ee900000,0x00000095eea00000)]
  0x0000021375a09390 JavaThread "Cache worker for Build Output Cleanup Cache (D:\CSE441\FirstDemoApp\FirstDemoApp\android\.gradle\buildOutputCleanup)" [_thread_blocked, id=8740, stack(0x00000095eea00000,0x00000095eeb00000)]
=>0x000002137976b890 JavaThread "C2 CompilerThread2" daemon [_thread_in_native, id=18744, stack(0x00000095eeb00000,0x00000095eec00000)]
  0x0000021375a0a2c0 JavaThread "File watcher server" daemon [_thread_in_native, id=18200, stack(0x00000095ef200000,0x00000095ef300000)]
  0x0000021375fdf060 JavaThread "File watcher consumer" daemon [_thread_blocked, id=18336, stack(0x00000095ef300000,0x00000095ef400000)]
  0x0000021375fdd200 JavaThread "jar transforms" [_thread_blocked, id=15236, stack(0x00000095ef500000,0x00000095ef600000)]
  0x0000021375fe2810 JavaThread "Cache worker for checksums cache (D:\CSE441\FirstDemoApp\FirstDemoApp\android\.gradle\8.13\checksums)" [_thread_blocked, id=16640, stack(0x00000095ef600000,0x00000095ef700000)]
  0x0000021375fe13d0 JavaThread "Cache worker for file content cache (C:\Users\ASUS ROG\.gradle\caches\8.13\fileContent)" [_thread_blocked, id=18748, stack(0x00000095ef700000,0x00000095ef800000)]
  0x0000021375fe09b0 JavaThread "Cache worker for cache directory md-supplier (C:\Users\ASUS ROG\.gradle\caches\8.13\md-supplier)" [_thread_blocked, id=16920, stack(0x00000095ef800000,0x00000095ef900000)]
  0x0000021375fe3230 JavaThread "Cache worker for cache directory md-rule (C:\Users\ASUS ROG\.gradle\caches\8.13\md-rule)" [_thread_blocked, id=2716, stack(0x00000095ef900000,0x00000095efa00000)]
  0x0000021375fe1df0 JavaThread "Cache worker for Build Output Cleanup Cache (D:\CSE441\FirstDemoApp\FirstDemoApp\node_modules\@react-native\gradle-plugin\.gradle\buildOutputCleanup)" [_thread_blocked, id=14704, stack(0x00000095efa00000,0x00000095efb00000)]

Other Threads:
  0x000002136f952920 VMThread "VM Thread" [stack: 0x00000095ec900000,0x00000095eca00000] [id=12440]
  0x000002134c42c330 WatcherThread [stack: 0x00000095ed500000,0x00000095ed600000] [id=19360]
  0x000002134a20e830 GCTaskThread "GC Thread#0" [stack: 0x00000095ec400000,0x00000095ec500000] [id=10628]
  0x0000021374162660 GCTaskThread "GC Thread#1" [stack: 0x00000095ed800000,0x00000095ed900000] [id=3492]
  0x000002137442bb20 GCTaskThread "GC Thread#2" [stack: 0x00000095ed900000,0x00000095eda00000] [id=5528]
  0x000002136fcc6660 GCTaskThread "GC Thread#3" [stack: 0x00000095eda00000,0x00000095edb00000] [id=4664]
  0x000002136fccd630 GCTaskThread "GC Thread#4" [stack: 0x00000095edb00000,0x00000095edc00000] [id=16324]
  0x000002136fc30680 GCTaskThread "GC Thread#5" [stack: 0x00000095edc00000,0x00000095edd00000] [id=18896]
  0x00000213746609e0 GCTaskThread "GC Thread#6" [stack: 0x00000095eec00000,0x00000095eed00000] [id=7952]
  0x000002137465fee0 GCTaskThread "GC Thread#7" [stack: 0x00000095eed00000,0x00000095eee00000] [id=1844]
  0x000002137465f960 GCTaskThread "GC Thread#8" [stack: 0x00000095eee00000,0x00000095eef00000] [id=1568]
  0x000002137465ee60 GCTaskThread "GC Thread#9" [stack: 0x00000095eef00000,0x00000095ef000000] [id=896]
  0x000002134c4a3940 ConcurrentGCThread "G1 Main Marker" [stack: 0x00000095ec500000,0x00000095ec600000] [id=7688]
  0x000002134c4a4270 ConcurrentGCThread "G1 Conc#0" [stack: 0x00000095ec600000,0x00000095ec700000] [id=18548]
  0x000002137465f120 ConcurrentGCThread "G1 Conc#1" [stack: 0x00000095ef000000,0x00000095ef100000] [id=17388]
  0x00000213746601a0 ConcurrentGCThread "G1 Conc#2" [stack: 0x00000095ef100000,0x00000095ef200000] [id=1340]
  0x000002136f80a5d0 ConcurrentGCThread "G1 Refine#0" [stack: 0x00000095ec700000,0x00000095ec800000] [id=3760]
  0x0000021376f4df10 ConcurrentGCThread "G1 Refine#1" [stack: 0x00000095ef400000,0x00000095ef500000] [id=15632]
  0x000002136f80af10 ConcurrentGCThread "G1 Service" [stack: 0x00000095ec800000,0x00000095ec900000] [id=14828]

Threads with active compile tasks:
C2 CompilerThread1     7376 5328       4       org.objectweb.asm.MethodVisitor::visitParameterAnnotation (20 bytes)
C2 CompilerThread2     7376 5325       4       org.objectweb.asm.MethodVisitor::visitInvokeDynamicInsn (39 bytes)

VM state: not at safepoint (normal execution)

VM Mutex/Monitor currently owned by a thread: None

Heap address: 0x0000000700000000, size: 4096 MB, Compressed Oops mode: Zero based, Oop shift amount: 3

CDS archive(s) mapped at: [0x0000021300000000-0x0000021300bb0000-0x0000021300bb0000), size 12255232, SharedBaseAddress: 0x0000021300000000, ArchiveRelocationMode: 1.
Compressed class space mapped at: 0x0000021301000000-0x0000021341000000, reserved size: 1073741824
Narrow klass base: 0x0000021300000000, Narrow klass shift: 0, Narrow klass range: 0x100000000

GC Precious Log:
 CPUs: 12 total, 12 available
 Memory: 16235M
 Large Page Support: Disabled
 NUMA Support: Disabled
 Compressed Oops: Enabled (Zero based)
 Heap Region Size: 2M
 Heap Min Capacity: 8M
 Heap Initial Capacity: 254M
 Heap Max Capacity: 4G
 Pre-touch: Disabled
 Parallel Workers: 10
 Concurrent Workers: 3
 Concurrent Refinement Workers: 10
 Periodic GC: Disabled

Heap:
 garbage-first heap   total 264192K, used 108945K [0x0000000700000000, 0x0000000800000000)
  region size 2048K, 38 young (77824K), 5 survivors (10240K)
 Metaspace       used 39273K, committed 39808K, reserved 1114112K
  class space    used 5327K, committed 5568K, reserved 1048576K

Heap Regions: E=young(eden), S=young(survivor), O=old, HS=humongous(starts), HC=humongous(continues), CS=collection set, F=free, OA=open archive, CA=closed archive, TAMS=top-at-mark-start (previous, next)
|   0|0x0000000700000000, 0x0000000700200000, 0x0000000700200000|100%|HS|  |TAMS 0x0000000700200000, 0x0000000700000000| Complete 
|   1|0x0000000700200000, 0x0000000700400000, 0x0000000700400000|100%|HC|  |TAMS 0x0000000700400000, 0x0000000700200000| Complete 
|   2|0x0000000700400000, 0x0000000700600000, 0x0000000700600000|100%| O|  |TAMS 0x0000000700600000, 0x0000000700400000| Untracked 
|   3|0x0000000700600000, 0x0000000700800000, 0x0000000700800000|100%| O|  |TAMS 0x0000000700800000, 0x0000000700600000| Untracked 
|   4|0x0000000700800000, 0x0000000700a00000, 0x0000000700a00000|100%| O|  |TAMS 0x0000000700a00000, 0x0000000700800000| Untracked 
|   5|0x0000000700a00000, 0x0000000700c00000, 0x0000000700c00000|100%| O|  |TAMS 0x0000000700a00000, 0x0000000700a00000| Untracked 
|   6|0x0000000700c00000, 0x0000000700e00000, 0x0000000700e00000|100%| O|  |TAMS 0x0000000700e00000, 0x0000000700c00000| Untracked 
|   7|0x0000000700e00000, 0x0000000701000000, 0x0000000701000000|100%| O|  |TAMS 0x0000000701000000, 0x0000000700e00000| Untracked 
|   8|0x0000000701000000, 0x0000000701200000, 0x0000000701200000|100%| O|  |TAMS 0x0000000701200000, 0x0000000701000000| Untracked 
|   9|0x0000000701200000, 0x0000000701400000, 0x0000000701400000|100%| O|  |TAMS 0x0000000701400000, 0x0000000701200000| Untracked 
|  10|0x0000000701400000, 0x0000000701600000, 0x0000000701600000|100%| O|  |TAMS 0x0000000701600000, 0x0000000701400000| Untracked 
|  11|0x0000000701600000, 0x0000000701800000, 0x0000000701800000|100%| O|  |TAMS 0x0000000701800000, 0x0000000701600000| Untracked 
|  12|0x0000000701800000, 0x0000000701a00000, 0x0000000701a00000|100%| O|  |TAMS 0x0000000701a00000, 0x0000000701800000| Untracked 
|  13|0x0000000701a00000, 0x0000000701c00000, 0x0000000701c00000|100%| O|  |TAMS 0x0000000701c00000, 0x0000000701a00000| Untracked 
|  14|0x0000000701c00000, 0x0000000701e00000, 0x0000000701e00000|100%| O|  |TAMS 0x0000000701cdfe00, 0x0000000701c00000| Untracked 
|  15|0x0000000701e00000, 0x0000000702000000, 0x0000000702000000|100%| O|  |TAMS 0x0000000701e00000, 0x0000000701e00000| Untracked 
|  16|0x0000000702000000, 0x000000070211a800, 0x0000000702200000| 55%| O|  |TAMS 0x0000000702000000, 0x0000000702000000| Untracked 
|  17|0x0000000702200000, 0x0000000702200000, 0x0000000702400000|  0%| F|  |TAMS 0x0000000702200000, 0x0000000702200000| Untracked 
|  18|0x0000000702400000, 0x0000000702400000, 0x0000000702600000|  0%| F|  |TAMS 0x0000000702400000, 0x0000000702400000| Untracked 
|  19|0x0000000702600000, 0x0000000702600000, 0x0000000702800000|  0%| F|  |TAMS 0x0000000702600000, 0x0000000702600000| Untracked 
|  20|0x0000000702800000, 0x0000000702800000, 0x0000000702a00000|  0%| F|  |TAMS 0x0000000702800000, 0x0000000702800000| Untracked 
|  21|0x0000000702a00000, 0x0000000702a00000, 0x0000000702c00000|  0%| F|  |TAMS 0x0000000702a00000, 0x0000000702a00000| Untracked 
|  22|0x0000000702c00000, 0x0000000702c00000, 0x0000000702e00000|  0%| F|  |TAMS 0x0000000702c00000, 0x0000000702c00000| Untracked 
|  23|0x0000000702e00000, 0x0000000702e00000, 0x0000000703000000|  0%| F|  |TAMS 0x0000000702e00000, 0x0000000702e00000| Untracked 
|  24|0x0000000703000000, 0x0000000703000000, 0x0000000703200000|  0%| F|  |TAMS 0x0000000703000000, 0x0000000703000000| Untracked 
|  25|0x0000000703200000, 0x0000000703200000, 0x0000000703400000|  0%| F|  |TAMS 0x0000000703200000, 0x0000000703200000| Untracked 
|  26|0x0000000703400000, 0x0000000703400000, 0x0000000703600000|  0%| F|  |TAMS 0x0000000703400000, 0x0000000703400000| Untracked 
|  27|0x0000000703600000, 0x0000000703600000, 0x0000000703800000|  0%| F|  |TAMS 0x0000000703600000, 0x0000000703600000| Untracked 
|  28|0x0000000703800000, 0x0000000703800000, 0x0000000703a00000|  0%| F|  |TAMS 0x0000000703800000, 0x0000000703800000| Untracked 
|  29|0x0000000703a00000, 0x0000000703a00000, 0x0000000703c00000|  0%| F|  |TAMS 0x0000000703a00000, 0x0000000703a00000| Untracked 
|  30|0x0000000703c00000, 0x0000000703c00000, 0x0000000703e00000|  0%| F|  |TAMS 0x0000000703c00000, 0x0000000703c00000| Untracked 
|  31|0x0000000703e00000, 0x0000000703e00000, 0x0000000704000000|  0%| F|  |TAMS 0x0000000703e00000, 0x0000000703e00000| Untracked 
|  32|0x0000000704000000, 0x0000000704000000, 0x0000000704200000|  0%| F|  |TAMS 0x0000000704000000, 0x0000000704000000| Untracked 
|  33|0x0000000704200000, 0x0000000704200000, 0x0000000704400000|  0%| F|  |TAMS 0x0000000704200000, 0x0000000704200000| Untracked 
|  34|0x0000000704400000, 0x0000000704400000, 0x0000000704600000|  0%| F|  |TAMS 0x0000000704400000, 0x0000000704400000| Untracked 
|  35|0x0000000704600000, 0x0000000704600000, 0x0000000704800000|  0%| F|  |TAMS 0x0000000704600000, 0x0000000704600000| Untracked 
|  36|0x0000000704800000, 0x0000000704800000, 0x0000000704a00000|  0%| F|  |TAMS 0x0000000704800000, 0x0000000704800000| Untracked 
|  37|0x0000000704a00000, 0x0000000704a00000, 0x0000000704c00000|  0%| F|  |TAMS 0x0000000704a00000, 0x0000000704a00000| Untracked 
|  38|0x0000000704c00000, 0x0000000704c00000, 0x0000000704e00000|  0%| F|  |TAMS 0x0000000704c00000, 0x0000000704c00000| Untracked 
|  39|0x0000000704e00000, 0x0000000704e00000, 0x0000000705000000|  0%| F|  |TAMS 0x0000000704e00000, 0x0000000704e00000| Untracked 
|  40|0x0000000705000000, 0x0000000705000000, 0x0000000705200000|  0%| F|  |TAMS 0x0000000705000000, 0x0000000705000000| Untracked 
|  41|0x0000000705200000, 0x0000000705200000, 0x0000000705400000|  0%| F|  |TAMS 0x0000000705200000, 0x0000000705200000| Untracked 
|  42|0x0000000705400000, 0x0000000705400000, 0x0000000705600000|  0%| F|  |TAMS 0x0000000705400000, 0x0000000705400000| Untracked 
|  43|0x0000000705600000, 0x0000000705600000, 0x0000000705800000|  0%| F|  |TAMS 0x0000000705600000, 0x0000000705600000| Untracked 
|  44|0x0000000705800000, 0x0000000705800000, 0x0000000705a00000|  0%| F|  |TAMS 0x0000000705800000, 0x0000000705800000| Untracked 
|  45|0x0000000705a00000, 0x0000000705a00000, 0x0000000705c00000|  0%| F|  |TAMS 0x0000000705a00000, 0x0000000705a00000| Untracked 
|  46|0x0000000705c00000, 0x0000000705c00000, 0x0000000705e00000|  0%| F|  |TAMS 0x0000000705c00000, 0x0000000705c00000| Untracked 
|  47|0x0000000705e00000, 0x0000000705e00000, 0x0000000706000000|  0%| F|  |TAMS 0x0000000705e00000, 0x0000000705e00000| Untracked 
|  48|0x0000000706000000, 0x0000000706000000, 0x0000000706200000|  0%| F|  |TAMS 0x0000000706000000, 0x0000000706000000| Untracked 
|  49|0x0000000706200000, 0x0000000706200000, 0x0000000706400000|  0%| F|  |TAMS 0x0000000706200000, 0x0000000706200000| Untracked 
|  50|0x0000000706400000, 0x0000000706400000, 0x0000000706600000|  0%| F|  |TAMS 0x0000000706400000, 0x0000000706400000| Untracked 
|  51|0x0000000706600000, 0x0000000706600000, 0x0000000706800000|  0%| F|  |TAMS 0x0000000706600000, 0x0000000706600000| Untracked 
|  52|0x0000000706800000, 0x0000000706949e80, 0x0000000706a00000| 64%| S|CS|TAMS 0x0000000706800000, 0x0000000706800000| Complete 
|  53|0x0000000706a00000, 0x0000000706c00000, 0x0000000706c00000|100%| S|CS|TAMS 0x0000000706a00000, 0x0000000706a00000| Complete 
|  54|0x0000000706c00000, 0x0000000706e00000, 0x0000000706e00000|100%| S|CS|TAMS 0x0000000706c00000, 0x0000000706c00000| Complete 
|  55|0x0000000706e00000, 0x0000000707000000, 0x0000000707000000|100%| S|CS|TAMS 0x0000000706e00000, 0x0000000706e00000| Complete 
|  56|0x0000000707000000, 0x0000000707200000, 0x0000000707200000|100%| S|CS|TAMS 0x0000000707000000, 0x0000000707000000| Complete 
|  57|0x0000000707200000, 0x0000000707200000, 0x0000000707400000|  0%| F|  |TAMS 0x0000000707200000, 0x0000000707200000| Untracked 
|  58|0x0000000707400000, 0x0000000707400000, 0x0000000707600000|  0%| F|  |TAMS 0x0000000707400000, 0x0000000707400000| Untracked 
|  59|0x0000000707600000, 0x0000000707600000, 0x0000000707800000|  0%| F|  |TAMS 0x0000000707600000, 0x0000000707600000| Untracked 
|  60|0x0000000707800000, 0x0000000707800000, 0x0000000707a00000|  0%| F|  |TAMS 0x0000000707800000, 0x0000000707800000| Untracked 
|  61|0x0000000707a00000, 0x0000000707a00000, 0x0000000707c00000|  0%| F|  |TAMS 0x0000000707a00000, 0x0000000707a00000| Untracked 
|  62|0x0000000707c00000, 0x0000000707c00000, 0x0000000707e00000|  0%| F|  |TAMS 0x0000000707c00000, 0x0000000707c00000| Untracked 
|  63|0x0000000707e00000, 0x0000000707e00000, 0x0000000708000000|  0%| F|  |TAMS 0x0000000707e00000, 0x0000000707e00000| Untracked 
|  64|0x0000000708000000, 0x0000000708000000, 0x0000000708200000|  0%| F|  |TAMS 0x0000000708000000, 0x0000000708000000| Untracked 
|  65|0x0000000708200000, 0x0000000708200000, 0x0000000708400000|  0%| F|  |TAMS 0x0000000708200000, 0x0000000708200000| Untracked 
|  66|0x0000000708400000, 0x0000000708400000, 0x0000000708600000|  0%| F|  |TAMS 0x0000000708400000, 0x0000000708400000| Untracked 
|  67|0x0000000708600000, 0x0000000708600000, 0x0000000708800000|  0%| F|  |TAMS 0x0000000708600000, 0x0000000708600000| Untracked 
|  68|0x0000000708800000, 0x0000000708800000, 0x0000000708a00000|  0%| F|  |TAMS 0x0000000708800000, 0x0000000708800000| Untracked 
|  69|0x0000000708a00000, 0x0000000708a00000, 0x0000000708c00000|  0%| F|  |TAMS 0x0000000708a00000, 0x0000000708a00000| Untracked 
|  70|0x0000000708c00000, 0x0000000708c00000, 0x0000000708e00000|  0%| F|  |TAMS 0x0000000708c00000, 0x0000000708c00000| Untracked 
|  71|0x0000000708e00000, 0x0000000708e00000, 0x0000000709000000|  0%| F|  |TAMS 0x0000000708e00000, 0x0000000708e00000| Untracked 
|  72|0x0000000709000000, 0x0000000709000000, 0x0000000709200000|  0%| F|  |TAMS 0x0000000709000000, 0x0000000709000000| Untracked 
|  73|0x0000000709200000, 0x0000000709200000, 0x0000000709400000|  0%| F|  |TAMS 0x0000000709200000, 0x0000000709200000| Untracked 
|  74|0x0000000709400000, 0x0000000709400000, 0x0000000709600000|  0%| F|  |TAMS 0x0000000709400000, 0x0000000709400000| Untracked 
|  75|0x0000000709600000, 0x0000000709600000, 0x0000000709800000|  0%| F|  |TAMS 0x0000000709600000, 0x0000000709600000| Untracked 
|  76|0x0000000709800000, 0x0000000709800000, 0x0000000709a00000|  0%| F|  |TAMS 0x0000000709800000, 0x0000000709800000| Untracked 
|  77|0x0000000709a00000, 0x0000000709a00000, 0x0000000709c00000|  0%| F|  |TAMS 0x0000000709a00000, 0x0000000709a00000| Untracked 
|  78|0x0000000709c00000, 0x0000000709c00000, 0x0000000709e00000|  0%| F|  |TAMS 0x0000000709c00000, 0x0000000709c00000| Untracked 
|  79|0x0000000709e00000, 0x0000000709e00000, 0x000000070a000000|  0%| F|  |TAMS 0x0000000709e00000, 0x0000000709e00000| Untracked 
|  80|0x000000070a000000, 0x000000070a000000, 0x000000070a200000|  0%| F|  |TAMS 0x000000070a000000, 0x000000070a000000| Untracked 
|  81|0x000000070a200000, 0x000000070a200000, 0x000000070a400000|  0%| F|  |TAMS 0x000000070a200000, 0x000000070a200000| Untracked 
|  82|0x000000070a400000, 0x000000070a400000, 0x000000070a600000|  0%| F|  |TAMS 0x000000070a400000, 0x000000070a400000| Untracked 
|  83|0x000000070a600000, 0x000000070a600000, 0x000000070a800000|  0%| F|  |TAMS 0x000000070a600000, 0x000000070a600000| Untracked 
|  84|0x000000070a800000, 0x000000070a800000, 0x000000070aa00000|  0%| F|  |TAMS 0x000000070a800000, 0x000000070a800000| Untracked 
|  85|0x000000070aa00000, 0x000000070aa00000, 0x000000070ac00000|  0%| F|  |TAMS 0x000000070aa00000, 0x000000070aa00000| Untracked 
|  86|0x000000070ac00000, 0x000000070ac00000, 0x000000070ae00000|  0%| F|  |TAMS 0x000000070ac00000, 0x000000070ac00000| Untracked 
|  87|0x000000070ae00000, 0x000000070ae00000, 0x000000070b000000|  0%| F|  |TAMS 0x000000070ae00000, 0x000000070ae00000| Untracked 
|  88|0x000000070b000000, 0x000000070b000000, 0x000000070b200000|  0%| F|  |TAMS 0x000000070b000000, 0x000000070b000000| Untracked 
|  89|0x000000070b200000, 0x000000070b200000, 0x000000070b400000|  0%| F|  |TAMS 0x000000070b200000, 0x000000070b200000| Untracked 
|  90|0x000000070b400000, 0x000000070b400000, 0x000000070b600000|  0%| F|  |TAMS 0x000000070b400000, 0x000000070b400000| Untracked 
|  91|0x000000070b600000, 0x000000070b600000, 0x000000070b800000|  0%| F|  |TAMS 0x000000070b600000, 0x000000070b600000| Untracked 
|  92|0x000000070b800000, 0x000000070b800000, 0x000000070ba00000|  0%| F|  |TAMS 0x000000070b800000, 0x000000070b800000| Untracked 
|  93|0x000000070ba00000, 0x000000070ba00000, 0x000000070bc00000|  0%| F|  |TAMS 0x000000070ba00000, 0x000000070ba00000| Untracked 
|  94|0x000000070bc00000, 0x000000070bc00000, 0x000000070be00000|  0%| F|  |TAMS 0x000000070bc00000, 0x000000070bc00000| Untracked 
|  95|0x000000070be00000, 0x000000070bf00000, 0x000000070c000000| 50%| E|  |TAMS 0x000000070be00000, 0x000000070be00000| Complete 
|  96|0x000000070c000000, 0x000000070c200000, 0x000000070c200000|100%| E|CS|TAMS 0x000000070c000000, 0x000000070c000000| Complete 
|  97|0x000000070c200000, 0x000000070c400000, 0x000000070c400000|100%| E|CS|TAMS 0x000000070c200000, 0x000000070c200000| Complete 
|  98|0x000000070c400000, 0x000000070c600000, 0x000000070c600000|100%| E|CS|TAMS 0x000000070c400000, 0x000000070c400000| Complete 
|  99|0x000000070c600000, 0x000000070c800000, 0x000000070c800000|100%| E|CS|TAMS 0x000000070c600000, 0x000000070c600000| Complete 
| 100|0x000000070c800000, 0x000000070ca00000, 0x000000070ca00000|100%| E|CS|TAMS 0x000000070c800000, 0x000000070c800000| Complete 
| 101|0x000000070ca00000, 0x000000070cc00000, 0x000000070cc00000|100%| E|CS|TAMS 0x000000070ca00000, 0x000000070ca00000| Complete 
| 102|0x000000070cc00000, 0x000000070ce00000, 0x000000070ce00000|100%| E|CS|TAMS 0x000000070cc00000, 0x000000070cc00000| Complete 
| 103|0x000000070ce00000, 0x000000070d000000, 0x000000070d000000|100%| E|CS|TAMS 0x000000070ce00000, 0x000000070ce00000| Complete 
| 104|0x000000070d000000, 0x000000070d200000, 0x000000070d200000|100%| E|CS|TAMS 0x000000070d000000, 0x000000070d000000| Complete 
| 105|0x000000070d200000, 0x000000070d400000, 0x000000070d400000|100%| E|CS|TAMS 0x000000070d200000, 0x000000070d200000| Complete 
| 106|0x000000070d400000, 0x000000070d600000, 0x000000070d600000|100%| E|CS|TAMS 0x000000070d400000, 0x000000070d400000| Complete 
| 107|0x000000070d600000, 0x000000070d800000, 0x000000070d800000|100%| E|CS|TAMS 0x000000070d600000, 0x000000070d600000| Complete 
| 108|0x000000070d800000, 0x000000070da00000, 0x000000070da00000|100%| E|CS|TAMS 0x000000070d800000, 0x000000070d800000| Complete 
| 109|0x000000070da00000, 0x000000070dc00000, 0x000000070dc00000|100%| E|CS|TAMS 0x000000070da00000, 0x000000070da00000| Complete 
| 110|0x000000070dc00000, 0x000000070de00000, 0x000000070de00000|100%| E|CS|TAMS 0x000000070dc00000, 0x000000070dc00000| Complete 
| 111|0x000000070de00000, 0x000000070e000000, 0x000000070e000000|100%| E|CS|TAMS 0x000000070de00000, 0x000000070de00000| Complete 
| 112|0x000000070e000000, 0x000000070e200000, 0x000000070e200000|100%| E|CS|TAMS 0x000000070e000000, 0x000000070e000000| Complete 
| 113|0x000000070e200000, 0x000000070e400000, 0x000000070e400000|100%| E|CS|TAMS 0x000000070e200000, 0x000000070e200000| Complete 
| 114|0x000000070e400000, 0x000000070e600000, 0x000000070e600000|100%| E|CS|TAMS 0x000000070e400000, 0x000000070e400000| Complete 
| 115|0x000000070e600000, 0x000000070e800000, 0x000000070e800000|100%| E|CS|TAMS 0x000000070e600000, 0x000000070e600000| Complete 
| 116|0x000000070e800000, 0x000000070ea00000, 0x000000070ea00000|100%| E|CS|TAMS 0x000000070e800000, 0x000000070e800000| Complete 
| 117|0x000000070ea00000, 0x000000070ec00000, 0x000000070ec00000|100%| E|CS|TAMS 0x000000070ea00000, 0x000000070ea00000| Complete 
| 118|0x000000070ec00000, 0x000000070ee00000, 0x000000070ee00000|100%| E|CS|TAMS 0x000000070ec00000, 0x000000070ec00000| Complete 
| 119|0x000000070ee00000, 0x000000070f000000, 0x000000070f000000|100%| E|CS|TAMS 0x000000070ee00000, 0x000000070ee00000| Complete 
| 120|0x000000070f000000, 0x000000070f200000, 0x000000070f200000|100%| E|CS|TAMS 0x000000070f000000, 0x000000070f000000| Complete 
| 121|0x000000070f200000, 0x000000070f400000, 0x000000070f400000|100%| E|CS|TAMS 0x000000070f200000, 0x000000070f200000| Complete 
| 122|0x000000070f400000, 0x000000070f600000, 0x000000070f600000|100%| E|CS|TAMS 0x000000070f400000, 0x000000070f400000| Complete 
| 123|0x000000070f600000, 0x000000070f800000, 0x000000070f800000|100%| E|CS|TAMS 0x000000070f600000, 0x000000070f600000| Complete 
| 124|0x000000070f800000, 0x000000070fa00000, 0x000000070fa00000|100%| E|CS|TAMS 0x000000070f800000, 0x000000070f800000| Complete 
| 125|0x000000070fa00000, 0x000000070fc00000, 0x000000070fc00000|100%| E|CS|TAMS 0x000000070fa00000, 0x000000070fa00000| Complete 
| 126|0x000000070fc00000, 0x000000070fe00000, 0x000000070fe00000|100%| E|CS|TAMS 0x000000070fc00000, 0x000000070fc00000| Complete 
| 127|0x000000070fe00000, 0x0000000710000000, 0x0000000710000000|100%| E|CS|TAMS 0x000000070fe00000, 0x000000070fe00000| Complete 
| 128|0x0000000710000000, 0x0000000710200000, 0x0000000710200000|100%| E|CS|TAMS 0x0000000710000000, 0x0000000710000000| Complete 

Card table byte_map: [0x0000021363cb0000,0x00000213644b0000] _byte_map_base: 0x00000213604b0000

Marking Bits (Prev, Next): (CMBitMap*) 0x000002134c493250, (CMBitMap*) 0x000002134c493290
 Prev Bits: [0x0000021364cb0000, 0x0000021368cb0000)
 Next Bits: [0x0000021368cb0000, 0x000002136ccb0000)

Polling page: 0x000002134a310000

Metaspace:

Usage:
  Non-class:     33.15 MB used.
      Class:      5.20 MB used.
       Both:     38.35 MB used.

Virtual space:
  Non-class space:       64.00 MB reserved,      33.44 MB ( 52%) committed,  1 nodes.
      Class space:        1.00 GB reserved,       5.44 MB ( <1%) committed,  1 nodes.
             Both:        1.06 GB reserved,      38.88 MB (  4%) committed. 

Chunk freelists:
   Non-Class:  14.36 MB
       Class:  10.39 MB
        Both:  24.75 MB

MaxMetaspaceSize: unlimited
CompressedClassSpaceSize: 1.00 GB
Initial GC threshold: 21.00 MB
Current GC threshold: 59.00 MB
CDS: on
MetaspaceReclaimPolicy: balanced
 - commit_granule_bytes: 65536.
 - commit_granule_words: 8192.
 - virtual_space_node_default_size: 8388608.
 - enlarge_chunks_in_place: 1.
 - new_chunks_are_fully_committed: 0.
 - uncommit_free_chunks: 1.
 - use_allocation_guard: 0.
 - handle_deallocations: 1.


Internal statistics:

num_allocs_failed_limit: 6.
num_arena_births: 548.
num_arena_deaths: 0.
num_vsnodes_births: 2.
num_vsnodes_deaths: 0.
num_space_committed: 622.
num_space_uncommitted: 0.
num_chunks_returned_to_freelist: 6.
num_chunks_taken_from_freelist: 2049.
num_chunk_merges: 6.
num_chunk_splits: 1371.
num_chunks_enlarged: 957.
num_inconsistent_stats: 0.

CodeHeap 'non-profiled nmethods': size=120000Kb used=4567Kb max_used=4567Kb free=115432Kb
 bounds [0x000002135ba30000, 0x000002135beb0000, 0x0000021362f60000]
CodeHeap 'profiled nmethods': size=120000Kb used=8984Kb max_used=10043Kb free=111015Kb
 bounds [0x0000021353f60000, 0x0000021354940000, 0x000002135b490000]
CodeHeap 'non-nmethods': size=5760Kb used=2310Kb max_used=2436Kb free=3449Kb
 bounds [0x000002135b490000, 0x000002135b710000, 0x000002135ba30000]
 total_blobs=5389 nmethods=4568 adapters=732
 compilation: enabled
              stopped_count=0, restarted_count=0
 full_count=0

Compilation events (20 events):
Event: 7.118 Thread 0x000002136f97f010 5321       3       java.util.concurrent.locks.AbstractQueuedSynchronizer$ConditionObject::unlinkCancelledWaiters (91 bytes)
Event: 7.119 Thread 0x000002136f97f010 nmethod 5321 0x000002135447d390 code [0x000002135447d560, 0x000002135447da18]
Event: 7.120 Thread 0x000002136f9756e0 5322       4       org.objectweb.asm.SymbolTable::addBootstrapMethod (209 bytes)
Event: 7.164 Thread 0x000002136f97f010 5323       1       java.util.Spliterators$EmptySpliterator::characteristics (4 bytes)
Event: 7.164 Thread 0x000002136f97f010 nmethod 5323 0x000002135be9b190 code [0x000002135be9b320, 0x000002135be9b3f8]
Event: 7.181 Thread 0x000002136fc52350 5324       4       org.objectweb.asm.Handle::hashCode (43 bytes)
Event: 7.186 Thread 0x000002137976b890 5325       4       org.objectweb.asm.MethodVisitor::visitInvokeDynamicInsn (39 bytes)
Event: 7.199 Thread 0x000002136fc52350 nmethod 5324 0x000002135be9b490 code [0x000002135be9b620, 0x000002135be9c1f8]
Event: 7.206 Thread 0x000002136fc52350 5326       4       org.objectweb.asm.commons.MethodRemapper::createAnnotationRemapper (26 bytes)
Event: 7.210 Thread 0x000002136fc52350 nmethod 5326 0x000002135be9c690 code [0x000002135be9c820, 0x000002135be9cc78]
Event: 7.210 Thread 0x000002136fc52350 5327       4       org.objectweb.asm.commons.MethodRemapper::createAnnotationRemapper (18 bytes)
Event: 7.212 Thread 0x000002136fc52350 nmethod 5327 0x000002135be9cf10 code [0x000002135be9d0a0, 0x000002135be9d398]
Event: 7.212 Thread 0x000002136fc52350 5328       4       org.objectweb.asm.MethodVisitor::visitParameterAnnotation (20 bytes)
Event: 7.247 Thread 0x000002136f9756e0 nmethod 5322 0x000002135be9d510 code [0x000002135be9d7e0, 0x000002135bea2050]
Event: 7.265 Thread 0x000002136f9756e0 5329       4       org.objectweb.asm.signature.SignatureWriter::visitFormalTypeParameter (42 bytes)
Event: 7.282 Thread 0x000002136f9756e0 nmethod 5329 0x000002135bea3e90 code [0x000002135bea4080, 0x000002135bea5248]
Event: 7.290 Thread 0x000002136f9756e0 5330       4       org.objectweb.asm.MethodVisitor::visitAnnotableParameterCount (17 bytes)
Event: 7.291 Thread 0x000002136f9756e0 nmethod 5330 0x000002135bea5b10 code [0x000002135bea5ca0, 0x000002135bea5e28]
Event: 7.315 Thread 0x000002136f97f010 5331       3       org.objectweb.asm.FieldWriter::visitAnnotation (40 bytes)
Event: 7.316 Thread 0x000002136f97f010 nmethod 5331 0x00000213544b6690 code [0x00000213544b6840, 0x00000213544b6af8]

GC Heap History (20 events):
Event: 5.470 GC heap before
{Heap before GC invocations=19 (full 0):
 garbage-first heap   total 182272K, used 136411K [0x0000000700000000, 0x0000000800000000)
  region size 2048K, 53 young (108544K), 3 survivors (6144K)
 Metaspace       used 39246K, committed 39744K, reserved 1114112K
  class space    used 5326K, committed 5568K, reserved 1048576K
}
Event: 5.474 GC heap after
{Heap after GC invocations=20 (full 0):
 garbage-first heap   total 182272K, used 36960K [0x0000000700000000, 0x0000000800000000)
  region size 2048K, 4 young (8192K), 4 survivors (8192K)
 Metaspace       used 39246K, committed 39744K, reserved 1114112K
  class space    used 5326K, committed 5568K, reserved 1048576K
}
Event: 5.691 GC heap before
{Heap before GC invocations=20 (full 0):
 garbage-first heap   total 182272K, used 137312K [0x0000000700000000, 0x0000000800000000)
  region size 2048K, 53 young (108544K), 4 survivors (8192K)
 Metaspace       used 39250K, committed 39744K, reserved 1114112K
  class space    used 5326K, committed 5568K, reserved 1048576K
}
Event: 5.695 GC heap after
{Heap after GC invocations=21 (full 0):
 garbage-first heap   total 182272K, used 37815K [0x0000000700000000, 0x0000000800000000)
  region size 2048K, 4 young (8192K), 4 survivors (8192K)
 Metaspace       used 39250K, committed 39744K, reserved 1114112K
  class space    used 5326K, committed 5568K, reserved 1048576K
}
Event: 5.916 GC heap before
{Heap before GC invocations=21 (full 0):
 garbage-first heap   total 182272K, used 138167K [0x0000000700000000, 0x0000000800000000)
  region size 2048K, 53 young (108544K), 4 survivors (8192K)
 Metaspace       used 39253K, committed 39744K, reserved 1114112K
  class space    used 5326K, committed 5568K, reserved 1048576K
}
Event: 5.920 GC heap after
{Heap after GC invocations=22 (full 0):
 garbage-first heap   total 219136K, used 38306K [0x0000000700000000, 0x0000000800000000)
  region size 2048K, 5 young (10240K), 5 survivors (10240K)
 Metaspace       used 39253K, committed 39744K, reserved 1114112K
  class space    used 5326K, committed 5568K, reserved 1048576K
}
Event: 6.154 GC heap before
{Heap before GC invocations=22 (full 0):
 garbage-first heap   total 219136K, used 159138K [0x0000000700000000, 0x0000000800000000)
  region size 2048K, 64 young (131072K), 5 survivors (10240K)
 Metaspace       used 39254K, committed 39744K, reserved 1114112K
  class space    used 5326K, committed 5568K, reserved 1048576K
}
Event: 6.158 GC heap after
{Heap after GC invocations=23 (full 0):
 garbage-first heap   total 219136K, used 39056K [0x0000000700000000, 0x0000000800000000)
  region size 2048K, 5 young (10240K), 5 survivors (10240K)
 Metaspace       used 39254K, committed 39744K, reserved 1114112K
  class space    used 5326K, committed 5568K, reserved 1048576K
}
Event: 6.337 GC heap before
{Heap before GC invocations=23 (full 0):
 garbage-first heap   total 219136K, used 159888K [0x0000000700000000, 0x0000000800000000)
  region size 2048K, 64 young (131072K), 5 survivors (10240K)
 Metaspace       used 39254K, committed 39744K, reserved 1114112K
  class space    used 5326K, committed 5568K, reserved 1048576K
}
Event: 6.342 GC heap after
{Heap after GC invocations=24 (full 0):
 garbage-first heap   total 219136K, used 39906K [0x0000000700000000, 0x0000000800000000)
  region size 2048K, 4 young (8192K), 4 survivors (8192K)
 Metaspace       used 39254K, committed 39744K, reserved 1114112K
  class space    used 5326K, committed 5568K, reserved 1048576K
}
Event: 6.559 GC heap before
{Heap before GC invocations=24 (full 0):
 garbage-first heap   total 219136K, used 162786K [0x0000000700000000, 0x0000000800000000)
  region size 2048K, 64 young (131072K), 4 survivors (8192K)
 Metaspace       used 39259K, committed 39808K, reserved 1114112K
  class space    used 5326K, committed 5568K, reserved 1048576K
}
Event: 6.563 GC heap after
{Heap after GC invocations=25 (full 0):
 garbage-first heap   total 219136K, used 41048K [0x0000000700000000, 0x0000000800000000)
  region size 2048K, 5 young (10240K), 5 survivors (10240K)
 Metaspace       used 39259K, committed 39808K, reserved 1114112K
  class space    used 5326K, committed 5568K, reserved 1048576K
}
Event: 6.728 GC heap before
{Heap before GC invocations=25 (full 0):
 garbage-first heap   total 219136K, used 161880K [0x0000000700000000, 0x0000000800000000)
  region size 2048K, 64 young (131072K), 5 survivors (10240K)
 Metaspace       used 39259K, committed 39808K, reserved 1114112K
  class space    used 5326K, committed 5568K, reserved 1048576K
}
Event: 6.732 GC heap after
{Heap after GC invocations=26 (full 0):
 garbage-first heap   total 264192K, used 41244K [0x0000000700000000, 0x0000000800000000)
  region size 2048K, 5 young (10240K), 5 survivors (10240K)
 Metaspace       used 39259K, committed 39808K, reserved 1114112K
  class space    used 5326K, committed 5568K, reserved 1048576K
}
Event: 6.942 GC heap before
{Heap before GC invocations=26 (full 0):
 garbage-first heap   total 264192K, used 188700K [0x0000000700000000, 0x0000000800000000)
  region size 2048K, 77 young (157696K), 5 survivors (10240K)
 Metaspace       used 39264K, committed 39808K, reserved 1114112K
  class space    used 5326K, committed 5568K, reserved 1048576K
}
Event: 6.946 GC heap after
{Heap after GC invocations=27 (full 0):
 garbage-first heap   total 264192K, used 42538K [0x0000000700000000, 0x0000000800000000)
  region size 2048K, 5 young (10240K), 5 survivors (10240K)
 Metaspace       used 39264K, committed 39808K, reserved 1114112K
  class space    used 5326K, committed 5568K, reserved 1048576K
}
Event: 7.085 GC heap before
{Heap before GC invocations=27 (full 0):
 garbage-first heap   total 264192K, used 189994K [0x0000000700000000, 0x0000000800000000)
  region size 2048K, 77 young (157696K), 5 survivors (10240K)
 Metaspace       used 39268K, committed 39808K, reserved 1114112K
  class space    used 5327K, committed 5568K, reserved 1048576K
}
Event: 7.089 GC heap after
{Heap after GC invocations=28 (full 0):
 garbage-first heap   total 264192K, used 42698K [0x0000000700000000, 0x0000000800000000)
  region size 2048K, 5 young (10240K), 5 survivors (10240K)
 Metaspace       used 39268K, committed 39808K, reserved 1114112K
  class space    used 5327K, committed 5568K, reserved 1048576K
}
Event: 7.277 GC heap before
{Heap before GC invocations=28 (full 0):
 garbage-first heap   total 264192K, used 190154K [0x0000000700000000, 0x0000000800000000)
  region size 2048K, 77 young (157696K), 5 survivors (10240K)
 Metaspace       used 39273K, committed 39808K, reserved 1114112K
  class space    used 5327K, committed 5568K, reserved 1048576K
}
Event: 7.282 GC heap after
{Heap after GC invocations=29 (full 0):
 garbage-first heap   total 264192K, used 43409K [0x0000000700000000, 0x0000000800000000)
  region size 2048K, 5 young (10240K), 5 survivors (10240K)
 Metaspace       used 39273K, committed 39808K, reserved 1114112K
  class space    used 5327K, committed 5568K, reserved 1048576K
}

Dll operation events (15 events):
Event: 0.005 Loaded shared library C:\Program Files\Microsoft\jdk-17.0.14.7-hotspot\bin\java.dll
Event: 0.016 Loaded shared library C:\Program Files\Microsoft\jdk-17.0.14.7-hotspot\bin\jsvml.dll
Event: 0.046 Loaded shared library C:\Program Files\Microsoft\jdk-17.0.14.7-hotspot\bin\zip.dll
Event: 0.047 Loaded shared library C:\Program Files\Microsoft\jdk-17.0.14.7-hotspot\bin\instrument.dll
Event: 0.051 Loaded shared library C:\Program Files\Microsoft\jdk-17.0.14.7-hotspot\bin\net.dll
Event: 0.052 Loaded shared library C:\Program Files\Microsoft\jdk-17.0.14.7-hotspot\bin\nio.dll
Event: 0.053 Loaded shared library C:\Program Files\Microsoft\jdk-17.0.14.7-hotspot\bin\zip.dll
Event: 0.228 Loaded shared library C:\Program Files\Microsoft\jdk-17.0.14.7-hotspot\bin\jimage.dll
Event: 0.356 Loaded shared library C:\Program Files\Microsoft\jdk-17.0.14.7-hotspot\bin\verify.dll
Event: 0.419 Loaded shared library C:\Users\ASUS ROG\.gradle\native\1def1411415f61bf3af743bc5b6707747c0891f09f0c88961ee8f79bc544acac\windows-amd64\native-platform.dll
Event: 0.428 Loaded shared library C:\Users\ASUS ROG\.gradle\native\0.2.7\x86_64-windows-gnu\gradle-fileevents.dll
Event: 1.140 Loaded shared library C:\Program Files\Microsoft\jdk-17.0.14.7-hotspot\bin\management.dll
Event: 1.141 Loaded shared library C:\Program Files\Microsoft\jdk-17.0.14.7-hotspot\bin\management_ext.dll
Event: 1.283 Loaded shared library C:\Program Files\Microsoft\jdk-17.0.14.7-hotspot\bin\extnet.dll
Event: 1.404 Loaded shared library C:\Program Files\Microsoft\jdk-17.0.14.7-hotspot\bin\sunmscapi.dll

Deoptimization events (20 events):
Event: 6.099 Thread 0x0000021375a07f50 DEOPT PACKING pc=0x000002135485477a sp=0x00000095ee2f55a0
Event: 6.099 Thread 0x0000021375a07f50 DEOPT UNPACKING pc=0x000002135b4e7143 sp=0x00000095ee2f4cb0 mode 0
Event: 6.101 Thread 0x0000021375a07f50 DEOPT PACKING pc=0x000002135485477a sp=0x00000095ee2f55a0
Event: 6.101 Thread 0x0000021375a07f50 DEOPT UNPACKING pc=0x000002135b4e7143 sp=0x00000095ee2f4cb0 mode 0
Event: 6.114 Thread 0x0000021375a07f50 DEOPT PACKING pc=0x000002135485477a sp=0x00000095ee2f55a0
Event: 6.114 Thread 0x0000021375a07f50 DEOPT UNPACKING pc=0x000002135b4e7143 sp=0x00000095ee2f4cb0 mode 0
Event: 6.117 Thread 0x0000021375a07f50 DEOPT PACKING pc=0x000002135485477a sp=0x00000095ee2f55a0
Event: 6.117 Thread 0x0000021375a07f50 DEOPT UNPACKING pc=0x000002135b4e7143 sp=0x00000095ee2f4cb0 mode 0
Event: 6.196 Thread 0x0000021375a07f50 Uncommon trap: trap_request=0xffffff45 fr.pc=0x000002135bad8960 relative=0x0000000000000ce0
Event: 6.196 Thread 0x0000021375a07f50 Uncommon trap: reason=unstable_if action=reinterpret pc=0x000002135bad8960 method=org.objectweb.asm.SymbolTable.addConstantUtf8Reference(ILjava/lang/String;)Lorg/objectweb/asm/Symbol; @ 45 c2
Event: 6.196 Thread 0x0000021375a07f50 DEOPT PACKING pc=0x000002135bad8960 sp=0x00000095ee2f5660
Event: 6.196 Thread 0x0000021375a07f50 DEOPT UNPACKING pc=0x000002135b4e69a3 sp=0x00000095ee2f5628 mode 2
Event: 6.488 Thread 0x0000021375a07f50 Uncommon trap: trap_request=0xffffff45 fr.pc=0x000002135be23e0c relative=0x0000000000004ccc
Event: 6.488 Thread 0x0000021375a07f50 Uncommon trap: reason=unstable_if action=reinterpret pc=0x000002135be23e0c method=org.objectweb.asm.ClassWriter.toByteArray()[B @ 364 c2
Event: 6.488 Thread 0x0000021375a07f50 DEOPT PACKING pc=0x000002135be23e0c sp=0x00000095ee2f5dd0
Event: 6.488 Thread 0x0000021375a07f50 DEOPT UNPACKING pc=0x000002135b4e69a3 sp=0x00000095ee2f5d88 mode 2
Event: 6.704 Thread 0x0000021375a07f50 Uncommon trap: trap_request=0xffffff45 fr.pc=0x000002135bde0be0 relative=0x0000000000002280
Event: 6.704 Thread 0x0000021375a07f50 Uncommon trap: reason=unstable_if action=reinterpret pc=0x000002135bde0be0 method=org.apache.commons.compress.archivers.zip.StreamCompressor.writeDeflated([BII)V @ 95 c2
Event: 6.704 Thread 0x0000021375a07f50 DEOPT PACKING pc=0x000002135bde0be0 sp=0x00000095ee2f5df0
Event: 6.704 Thread 0x0000021375a07f50 DEOPT UNPACKING pc=0x000002135b4e69a3 sp=0x00000095ee2f5ce0 mode 2

Classes loaded (20 events):
Event: 3.695 Loading class java/nio/channels/Channels
Event: 3.695 Loading class java/nio/channels/Channels done
Event: 3.695 Loading class java/nio/channels/Channels$1
Event: 3.695 Loading class java/nio/channels/Channels$1 done
Event: 3.696 Loading class java/nio/charset/UnsupportedCharsetException
Event: 3.696 Loading class java/nio/charset/UnsupportedCharsetException done
Event: 3.697 Loading class java/util/Collections$UnmodifiableSortedMap
Event: 3.697 Loading class java/util/Collections$UnmodifiableSortedMap done
Event: 3.697 Loading class java/util/zip/Deflater
Event: 3.697 Loading class java/util/zip/Deflater done
Event: 3.698 Loading class java/util/zip/Deflater$DeflaterZStreamRef
Event: 3.698 Loading class java/util/zip/Deflater$DeflaterZStreamRef done
Event: 3.723 Loading class java/nio/StringCharBuffer
Event: 3.723 Loading class java/nio/StringCharBuffer done
Event: 3.725 Loading class jdk/internal/access/foreign/MemorySegmentProxy
Event: 3.726 Loading class jdk/internal/access/foreign/MemorySegmentProxy done
Event: 5.335 Loading class java/util/regex/Pattern$Caret
Event: 5.335 Loading class java/util/regex/Pattern$Caret done
Event: 7.048 Loading class jdk/internal/misc/ScopedMemoryAccess$Scope$Handle
Event: 7.048 Loading class jdk/internal/misc/ScopedMemoryAccess$Scope$Handle done

Classes unloaded (0 events):
No events

Classes redefined (0 events):
No events

Internal exceptions (20 events):
Event: 3.387 Thread 0x0000021375a07f50 Exception <a 'java/lang/NoSuchMethodError'{0x0000000704259270}: 'java.lang.Object java.lang.invoke.DirectMethodHandle$Holder.invokeSpecial(java.lang.Object, java.lang.Object, java.lang.Object, java.lang.Object, java.lang.Object, java.lang.Object, java.lang.Object, java.lang.Object, java.lang.Object, java.lang.Object, java.lang.Object, java.lang.Object)'> (0x0000000704259270) 
thrown [s\src\hotspot\share\interpreter\linkResolver.cpp, line 759]
Event: 3.387 Thread 0x0000021375a07f50 Exception <a 'java/lang/NoSuchMethodError'{0x000000070425e908}: 'java.lang.Object java.lang.invoke.Invokers$Holder.linkToTargetMethod(java.lang.Object, java.lang.Object, java.lang.Object, java.lang.Object, java.lang.Object, java.lang.Object, java.lang.Object, java.lang.Object, java.lang.Object, java.lang.Object, java.lang.Object)'> (0x000000070425e908) 
thrown [s\src\hotspot\share\interpreter\linkResolver.cpp, line 759]
Event: 3.393 Thread 0x0000021375a07f50 Exception <a 'java/lang/NoSuchMethodError'{0x00000007042df560}: 'java.lang.Object java.lang.invoke.DirectMethodHandle$Holder.newInvokeSpecial(java.lang.Object, java.lang.Object, java.lang.Object, java.lang.Object, java.lang.Object, java.lang.Object, java.lang.Object, java.lang.Object, java.lang.Object, java.lang.Object, java.lang.Object, java.lang.Object)'> (0x00000007042df560) 
thrown [s\src\hotspot\share\interpreter\linkResolver.cpp, line 759]
Event: 3.393 Thread 0x0000021375a07f50 Exception <a 'java/lang/NoSuchMethodError'{0x00000007042e5280}: 'java.lang.Object java.lang.invoke.DirectMethodHandle$Holder.invokeSpecial(java.lang.Object, java.lang.Object, java.lang.Object, java.lang.Object, java.lang.Object, java.lang.Object, java.lang.Object, java.lang.Object, java.lang.Object, java.lang.Object, java.lang.Object, java.lang.Object, java.lang.Object)'> (0x00000007042e5280) 
thrown [s\src\hotspot\share\interpreter\linkResolver.cpp, line 759]
Event: 3.393 Thread 0x0000021375a07f50 Exception <a 'java/lang/NoSuchMethodError'{0x00000007042eaaa0}: 'java.lang.Object java.lang.invoke.Invokers$Holder.linkToTargetMethod(java.lang.Object, java.lang.Object, java.lang.Object, java.lang.Object, java.lang.Object, java.lang.Object, java.lang.Object, java.lang.Object, java.lang.Object, java.lang.Object, java.lang.Object, java.lang.Object)'> (0x00000007042eaaa0) 
thrown [s\src\hotspot\share\interpreter\linkResolver.cpp, line 759]
Event: 3.499 Thread 0x0000021375a07f50 Exception <a 'java/lang/NoSuchMethodError'{0x00000007086c58a8}: 'void java.lang.invoke.DirectMethodHandle$Holder.invokeInterface(java.lang.Object, java.lang.Object)'> (0x00000007086c58a8) 
thrown [s\src\hotspot\share\interpreter\linkResolver.cpp, line 759]
Event: 3.539 Thread 0x0000021375a07f50 Exception <a 'sun/nio/fs/WindowsException'{0x000000070853a8b8}> (0x000000070853a8b8) 
thrown [s\src\hotspot\share\prims\jni.cpp, line 516]
Event: 3.540 Thread 0x0000021375a07f50 Exception <a 'sun/nio/fs/WindowsException'{0x000000070853c2e0}> (0x000000070853c2e0) 
thrown [s\src\hotspot\share\prims\jni.cpp, line 516]
Event: 3.540 Thread 0x0000021375a07f50 Exception <a 'sun/nio/fs/WindowsException'{0x000000070853dd00}> (0x000000070853dd00) 
thrown [s\src\hotspot\share\prims\jni.cpp, line 516]
Event: 3.540 Thread 0x0000021375a07f50 Exception <a 'sun/nio/fs/WindowsException'{0x000000070853f318}> (0x000000070853f318) 
thrown [s\src\hotspot\share\prims\jni.cpp, line 516]
Event: 3.549 Thread 0x0000021375a07f50 Exception <a 'java/lang/NoSuchMethodError'{0x0000000708264600}: 'java.lang.Object java.lang.invoke.Invokers$Holder.invoker(java.lang.Object, java.lang.Object, java.lang.Object, java.lang.Object, java.lang.Object, java.lang.Object)'> (0x0000000708264600) 
thrown [s\src\hotspot\share\interpreter\linkResolver.cpp, line 759]
Event: 3.565 Thread 0x0000021375a07f50 Exception <a 'java/lang/NoSuchMethodError'{0x00000007083c30e8}: 'java.lang.Object java.lang.invoke.DelegatingMethodHandle$Holder.reinvoke_L(java.lang.Object, java.lang.Object, java.lang.Object, java.lang.Object, java.lang.Object, java.lang.Object, java.lang.Object, java.lang.Object, java.lang.Object, java.lang.Object, java.lang.Object, java.lang.Object, java.lang.Object, java.lang.Object, java.lang.Object, java.lang.Object, java.lang.Object, java.lang.Object, java.lang.Object, java.lang.Object, java.lang.O
Event: 3.565 Thread 0x0000021375a07f50 Exception <a 'java/lang/NoSuchMethodError'{0x00000007083cf940}: 'java.lang.Object java.lang.invoke.Invokers$Holder.invoker(java.lang.Object, java.lang.Object, java.lang.Object, java.lang.Object, java.lang.Object, java.lang.Object, java.lang.Object, java.lang.Object, java.lang.Object, java.lang.Object, java.lang.Object, java.lang.Object, java.lang.Object, java.lang.Object, java.lang.Object, java.lang.Object, java.lang.Object, java.lang.Object, java.lang.Object, java.lang.Object, java.lang.Object, java.lang.
Event: 3.566 Thread 0x0000021375a07f50 Exception <a 'java/lang/NoSuchMethodError'{0x00000007083d6ab0}: 'java.lang.Object java.lang.invoke.DelegatingMethodHandle$Holder.delegate(java.lang.Object, java.lang.Object, java.lang.Object, java.lang.Object, java.lang.Object, java.lang.Object, java.lang.Object, java.lang.Object, java.lang.Object, java.lang.Object, java.lang.Object, java.lang.Object, java.lang.Object, java.lang.Object, java.lang.Object, java.lang.Object, java.lang.Object, java.lang.Object, java.lang.Object, java.lang.Object, java.lang.Obj
Event: 3.571 Thread 0x0000021375a07f50 Exception <a 'java/lang/NoSuchMethodError'{0x00000007080a6ec0}: 'java.lang.Object java.lang.invoke.DirectMethodHandle$Holder.invokeStatic(java.lang.Object, java.lang.Object, java.lang.Object, java.lang.Object, java.lang.Object, java.lang.Object, java.lang.Object, java.lang.Object, java.lang.Object, java.lang.Object, java.lang.Object, java.lang.Object, java.lang.Object, java.lang.Object, java.lang.Object, java.lang.Object, java.lang.Object, java.lang.Object, java.lang.Object, java.lang.Object, java.lang.Obj
Event: 3.572 Thread 0x0000021375a07f50 Exception <a 'java/lang/NoSuchMethodError'{0x00000007080dc058}: 'java.lang.Object java.lang.invoke.DirectMethodHandle$Holder.invokeStatic(java.lang.Object, java.lang.Object, java.lang.Object, java.lang.Object, java.lang.Object, java.lang.Object, java.lang.Object, java.lang.Object, java.lang.Object, java.lang.Object, java.lang.Object, java.lang.Object, java.lang.Object, java.lang.Object, java.lang.Object, java.lang.Object, java.lang.Object, java.lang.Object, java.lang.Object, java.lang.Object, java.lang.Obj
Event: 3.573 Thread 0x0000021375a07f50 Exception <a 'java/lang/NoSuchMethodError'{0x00000007081126c0}: 'java.lang.Object java.lang.invoke.DirectMethodHandle$Holder.invokeStatic(java.lang.Object, java.lang.Object, java.lang.Object, java.lang.Object, java.lang.Object, java.lang.Object, java.lang.Object, java.lang.Object, java.lang.Object, java.lang.Object, java.lang.Object, java.lang.Object, java.lang.Object, java.lang.Object, java.lang.Object, java.lang.Object, java.lang.Object, java.lang.Object, java.lang.Object, java.lang.Object, java.lang.Obj
Event: 3.690 Thread 0x0000021375a07f50 Exception <a 'sun/nio/fs/WindowsException'{0x00000007087d72a0}> (0x00000007087d72a0) 
thrown [s\src\hotspot\share\prims\jni.cpp, line 516]
Event: 3.690 Thread 0x0000021375a07f50 Exception <a 'sun/nio/fs/WindowsException'{0x00000007087d8dc0}> (0x00000007087d8dc0) 
thrown [s\src\hotspot\share\prims\jni.cpp, line 516]
Event: 3.700 Thread 0x0000021375a07f50 Exception <a 'java/lang/NoSuchMethodError'{0x00000007084dc028}: 'void java.lang.invoke.DirectMethodHandle$Holder.invokeSpecial(java.lang.Object, java.lang.Object, java.lang.Object, java.lang.Object, java.lang.Object, java.lang.Object)'> (0x00000007084dc028) 
thrown [s\src\hotspot\share\interpreter\linkResolver.cpp, line 759]

VM Operations (20 events):
Event: 5.691 Executing VM operation: G1CollectForAllocation
Event: 5.696 Executing VM operation: G1CollectForAllocation done
Event: 5.916 Executing VM operation: G1CollectForAllocation
Event: 5.920 Executing VM operation: G1CollectForAllocation done
Event: 6.123 Executing VM operation: HandshakeAllThreads
Event: 6.123 Executing VM operation: HandshakeAllThreads done
Event: 6.154 Executing VM operation: G1CollectForAllocation
Event: 6.158 Executing VM operation: G1CollectForAllocation done
Event: 6.337 Executing VM operation: G1CollectForAllocation
Event: 6.342 Executing VM operation: G1CollectForAllocation done
Event: 6.559 Executing VM operation: G1CollectForAllocation
Event: 6.563 Executing VM operation: G1CollectForAllocation done
Event: 6.728 Executing VM operation: G1CollectForAllocation
Event: 6.732 Executing VM operation: G1CollectForAllocation done
Event: 6.942 Executing VM operation: G1CollectForAllocation
Event: 6.946 Executing VM operation: G1CollectForAllocation done
Event: 7.085 Executing VM operation: G1CollectForAllocation
Event: 7.089 Executing VM operation: G1CollectForAllocation done
Event: 7.277 Executing VM operation: G1CollectForAllocation
Event: 7.282 Executing VM operation: G1CollectForAllocation done

Memory protections (0 events):
No events

Nmethod flushes (20 events):
Event: 4.121 Thread 0x000002136f97f920 flushing  nmethod 0x000002135480f410
Event: 4.121 Thread 0x000002136f97f920 flushing  nmethod 0x000002135480fe90
Event: 4.121 Thread 0x000002136f97f920 flushing  nmethod 0x0000021354810b10
Event: 4.121 Thread 0x000002136f97f920 flushing  nmethod 0x0000021354811010
Event: 4.121 Thread 0x000002136f97f920 flushing  nmethod 0x0000021354813610
Event: 4.121 Thread 0x000002136f97f920 flushing  nmethod 0x0000021354813c90
Event: 4.121 Thread 0x000002136f97f920 flushing  nmethod 0x0000021354814590
Event: 4.121 Thread 0x000002136f97f920 flushing  nmethod 0x0000021354814a90
Event: 4.121 Thread 0x000002136f97f920 flushing  nmethod 0x0000021354815210
Event: 4.121 Thread 0x000002136f97f920 flushing  nmethod 0x0000021354816110
Event: 4.121 Thread 0x000002136f97f920 flushing  nmethod 0x0000021354819110
Event: 4.121 Thread 0x000002136f97f920 flushing  nmethod 0x0000021354819490
Event: 4.121 Thread 0x000002136f97f920 flushing  nmethod 0x0000021354823a10
Event: 4.121 Thread 0x000002136f97f920 flushing  nmethod 0x000002135482a990
Event: 4.121 Thread 0x000002136f97f920 flushing  nmethod 0x0000021354922d10
Event: 4.121 Thread 0x000002136f97f920 flushing  nmethod 0x0000021354923890
Event: 4.121 Thread 0x000002136f97f920 flushing  nmethod 0x0000021354924790
Event: 4.121 Thread 0x000002136f97f920 flushing  nmethod 0x0000021354925090
Event: 4.121 Thread 0x000002136f97f920 flushing  nmethod 0x0000021354927110
Event: 6.127 Thread 0x000002136f97f920 flushing  nmethod 0x0000021354763290

Events (20 events):
Event: 1.426 Thread 0x0000021375c139b0 Thread added: 0x0000021375bf4860
Event: 1.451 Thread 0x0000021375c139b0 Thread added: 0x0000021375a08970
Event: 1.457 Thread 0x0000021375c139b0 Thread added: 0x0000021375a07f50
Event: 1.465 Thread 0x0000021375a07f50 Thread added: 0x0000021375a0a7d0
Event: 1.467 Thread 0x0000021375a07f50 Thread added: 0x0000021375a08e80
Event: 1.471 Thread 0x0000021375a07f50 Thread added: 0x0000021375a098a0
Event: 1.715 Thread 0x0000021375a07f50 Thread added: 0x0000021375a09db0
Event: 1.721 Thread 0x0000021375a07f50 Thread added: 0x0000021375a0ace0
Event: 1.738 Thread 0x0000021375a07f50 Thread added: 0x0000021375a08460
Event: 2.180 Thread 0x0000021375a07f50 Thread added: 0x0000021375a07a40
Event: 2.192 Thread 0x0000021375a07f50 Thread added: 0x0000021375a09390
Event: 2.193 Thread 0x000002136f97f010 Thread added: 0x000002137976b890
Event: 2.369 Thread 0x0000021375a07f50 Thread added: 0x0000021375a0a2c0
Event: 2.374 Thread 0x0000021375a07f50 Thread added: 0x0000021375fdf060
Event: 3.026 Thread 0x0000021375a07f50 Thread added: 0x0000021375fdd200
Event: 3.113 Thread 0x0000021375a07f50 Thread added: 0x0000021375fe2810
Event: 3.130 Thread 0x0000021375a07f50 Thread added: 0x0000021375fe13d0
Event: 3.399 Thread 0x0000021375a07f50 Thread added: 0x0000021375fe09b0
Event: 3.417 Thread 0x0000021375a07f50 Thread added: 0x0000021375fe3230
Event: 3.526 Thread 0x0000021375a07f50 Thread added: 0x0000021375fe1df0


Dynamic libraries:
0x00007ff7ca720000 - 0x00007ff7ca72e000 	C:\Program Files\Microsoft\jdk-17.0.14.7-hotspot\bin\java.exe
0x00007ff9f0190000 - 0x00007ff9f0388000 	C:\Windows\SYSTEM32\ntdll.dll
0x00007ff9ee6c0000 - 0x00007ff9ee782000 	C:\Windows\System32\KERNEL32.DLL
0x00007ff9edd80000 - 0x00007ff9ee07f000 	C:\Windows\System32\KERNELBASE.dll
0x00007ff9edbf0000 - 0x00007ff9edcf0000 	C:\Windows\System32\ucrtbase.dll
0x00007ff9d4fb0000 - 0x00007ff9d4fcd000 	C:\Program Files\Microsoft\jdk-17.0.14.7-hotspot\bin\VCRUNTIME140.dll
0x00007ff9d7e90000 - 0x00007ff9d7ea7000 	C:\Program Files\Microsoft\jdk-17.0.14.7-hotspot\bin\jli.dll
0x00007ff9eff10000 - 0x00007ff9f00ad000 	C:\Windows\System32\USER32.dll
0x00007ff9ed830000 - 0x00007ff9ed852000 	C:\Windows\System32\win32u.dll
0x00007ff9dbe30000 - 0x00007ff9dc0ca000 	C:\Windows\WinSxS\amd64_microsoft.windows.common-controls_6595b64144ccf1df_6.0.19041.4355_none_60b8b9eb71f62e16\COMCTL32.dll
0x00007ff9eed60000 - 0x00007ff9eed8b000 	C:\Windows\System32\GDI32.dll
0x00007ff9ed8d0000 - 0x00007ff9ed9ea000 	C:\Windows\System32\gdi32full.dll
0x00007ff9eeea0000 - 0x00007ff9eef3e000 	C:\Windows\System32\msvcrt.dll
0x00007ff9ed9f0000 - 0x00007ff9eda8d000 	C:\Windows\System32\msvcp_win.dll
0x00007ff9ef060000 - 0x00007ff9ef08f000 	C:\Windows\System32\IMM32.DLL
0x00007ff9e8740000 - 0x00007ff9e874c000 	C:\Program Files\Microsoft\jdk-17.0.14.7-hotspot\bin\vcruntime140_1.dll
0x00007ff97d310000 - 0x00007ff97d39d000 	C:\Program Files\Microsoft\jdk-17.0.14.7-hotspot\bin\msvcp140.dll
0x00007ff97bda0000 - 0x00007ff97ca12000 	C:\Program Files\Microsoft\jdk-17.0.14.7-hotspot\bin\server\jvm.dll
0x00007ff9ee890000 - 0x00007ff9ee93f000 	C:\Windows\System32\ADVAPI32.dll
0x00007ff9ef090000 - 0x00007ff9ef12f000 	C:\Windows\System32\sechost.dll
0x00007ff9eebc0000 - 0x00007ff9eece3000 	C:\Windows\System32\RPCRT4.dll
0x00007ff9ee180000 - 0x00007ff9ee1a7000 	C:\Windows\System32\bcrypt.dll
0x00007ff9eeb50000 - 0x00007ff9eebbb000 	C:\Windows\System32\WS2_32.dll
0x00007ff9ecd70000 - 0x00007ff9ecdbb000 	C:\Windows\SYSTEM32\POWRPROF.dll
0x00007ff9e6d60000 - 0x00007ff9e6d6a000 	C:\Windows\SYSTEM32\VERSION.dll
0x00007ff9e2db0000 - 0x00007ff9e2dd7000 	C:\Windows\SYSTEM32\WINMM.dll
0x00007ff9ecc30000 - 0x00007ff9ecc42000 	C:\Windows\SYSTEM32\UMPDC.dll
0x00007ff9ec050000 - 0x00007ff9ec062000 	C:\Windows\SYSTEM32\kernel.appcore.dll
0x00007ff9e5840000 - 0x00007ff9e584a000 	C:\Program Files\Microsoft\jdk-17.0.14.7-hotspot\bin\jimage.dll
0x00007ff9eb3f0000 - 0x00007ff9eb5d4000 	C:\Windows\SYSTEM32\DBGHELP.DLL
0x00007ff9d0c70000 - 0x00007ff9d0ca4000 	C:\Windows\SYSTEM32\dbgcore.DLL
0x00007ff9edcf0000 - 0x00007ff9edd72000 	C:\Windows\System32\bcryptPrimitives.dll
0x00007ff9bee40000 - 0x00007ff9bee4e000 	C:\Program Files\Microsoft\jdk-17.0.14.7-hotspot\bin\instrument.dll
0x00007ff9d4f80000 - 0x00007ff9d4fa5000 	C:\Program Files\Microsoft\jdk-17.0.14.7-hotspot\bin\java.dll
0x00007ff97bcc0000 - 0x00007ff97bd97000 	C:\Program Files\Microsoft\jdk-17.0.14.7-hotspot\bin\jsvml.dll
0x00007ff9ef210000 - 0x00007ff9ef97d000 	C:\Windows\System32\SHELL32.dll
0x00007ff9eb890000 - 0x00007ff9ec034000 	C:\Windows\SYSTEM32\windows.storage.dll
0x00007ff9ee1b0000 - 0x00007ff9ee505000 	C:\Windows\System32\combase.dll
0x00007ff9ed260000 - 0x00007ff9ed28b000 	C:\Windows\SYSTEM32\Wldp.dll
0x00007ff9ee940000 - 0x00007ff9eea0d000 	C:\Windows\System32\OLEAUT32.dll
0x00007ff9eed90000 - 0x00007ff9eee3d000 	C:\Windows\System32\SHCORE.dll
0x00007ff9eecf0000 - 0x00007ff9eed45000 	C:\Windows\System32\shlwapi.dll
0x00007ff9ed760000 - 0x00007ff9ed785000 	C:\Windows\SYSTEM32\profapi.dll
0x00007ff9c2210000 - 0x00007ff9c2228000 	C:\Program Files\Microsoft\jdk-17.0.14.7-hotspot\bin\zip.dll
0x00007ff9d1c60000 - 0x00007ff9d1c7a000 	C:\Program Files\Microsoft\jdk-17.0.14.7-hotspot\bin\net.dll
0x00007ff9e5e70000 - 0x00007ff9e5f7a000 	C:\Windows\SYSTEM32\WINHTTP.dll
0x00007ff9ecfc0000 - 0x00007ff9ed02c000 	C:\Windows\system32\mswsock.dll
0x00007ff9d0430000 - 0x00007ff9d0446000 	C:\Program Files\Microsoft\jdk-17.0.14.7-hotspot\bin\nio.dll
0x00007ff9d7c20000 - 0x00007ff9d7c30000 	C:\Program Files\Microsoft\jdk-17.0.14.7-hotspot\bin\verify.dll
0x00007ff9bee60000 - 0x00007ff9bee87000 	C:\Users\ASUS ROG\.gradle\native\1def1411415f61bf3af743bc5b6707747c0891f09f0c88961ee8f79bc544acac\windows-amd64\native-platform.dll
0x00007ff97bc40000 - 0x00007ff97bcb8000 	C:\Users\ASUS ROG\.gradle\native\0.2.7\x86_64-windows-gnu\gradle-fileevents.dll
0x00007ff9d5280000 - 0x00007ff9d528a000 	C:\Program Files\Microsoft\jdk-17.0.14.7-hotspot\bin\management.dll
0x00007ff9c2200000 - 0x00007ff9c220b000 	C:\Program Files\Microsoft\jdk-17.0.14.7-hotspot\bin\management_ext.dll
0x00007ff9f00b0000 - 0x00007ff9f00b8000 	C:\Windows\System32\PSAPI.DLL
0x00007ff9ecc50000 - 0x00007ff9ecc8b000 	C:\Windows\SYSTEM32\IPHLPAPI.DLL
0x00007ff9eed50000 - 0x00007ff9eed58000 	C:\Windows\System32\NSI.dll
0x00007ff9e69f0000 - 0x00007ff9e6a07000 	C:\Windows\SYSTEM32\dhcpcsvc6.DLL
0x00007ff9e6990000 - 0x00007ff9e69ad000 	C:\Windows\SYSTEM32\dhcpcsvc.DLL
0x00007ff9ecca0000 - 0x00007ff9ecd6a000 	C:\Windows\SYSTEM32\DNSAPI.dll
0x00007ff9bee50000 - 0x00007ff9bee59000 	C:\Program Files\Microsoft\jdk-17.0.14.7-hotspot\bin\extnet.dll
0x00007ff9ed1c0000 - 0x00007ff9ed1d8000 	C:\Windows\SYSTEM32\CRYPTSP.dll
0x00007ff9ec870000 - 0x00007ff9ec8a8000 	C:\Windows\system32\rsaenh.dll
0x00007ff9ed6e0000 - 0x00007ff9ed70e000 	C:\Windows\SYSTEM32\USERENV.dll
0x00007ff9ed1b0000 - 0x00007ff9ed1bc000 	C:\Windows\SYSTEM32\CRYPTBASE.dll
0x00007ff9bee30000 - 0x00007ff9bee3e000 	C:\Program Files\Microsoft\jdk-17.0.14.7-hotspot\bin\sunmscapi.dll
0x00007ff9eda90000 - 0x00007ff9edbec000 	C:\Windows\System32\CRYPT32.dll
0x00007ff9ed2d0000 - 0x00007ff9ed2f7000 	C:\Windows\SYSTEM32\ncrypt.dll
0x00007ff9ed290000 - 0x00007ff9ed2cb000 	C:\Windows\SYSTEM32\NTASN1.dll
0x00007ff9d1a60000 - 0x00007ff9d1a67000 	C:\Windows\system32\wshunix.dll

dbghelp: loaded successfully - version: 4.0.5 - missing functions: none
symbol engine: initialized successfully - sym options: 0x614 - pdb path: .;C:\Program Files\Microsoft\jdk-17.0.14.7-hotspot\bin;C:\Windows\SYSTEM32;C:\Windows\WinSxS\amd64_microsoft.windows.common-controls_6595b64144ccf1df_6.0.19041.4355_none_60b8b9eb71f62e16;C:\Program Files\Microsoft\jdk-17.0.14.7-hotspot\bin\server;C:\Users\ASUS ROG\.gradle\native\1def1411415f61bf3af743bc5b6707747c0891f09f0c88961ee8f79bc544acac\windows-amd64;C:\Users\ASUS ROG\.gradle\native\0.2.7\x86_64-windows-gnu

VM Arguments:
jvm_args: --add-opens=java.base/java.lang=ALL-UNNAMED --add-opens=java.base/java.lang.invoke=ALL-UNNAMED --add-opens=java.base/java.util=ALL-UNNAMED --add-opens=java.prefs/java.util.prefs=ALL-UNNAMED --add-exports=jdk.compiler/com.sun.tools.javac.api=ALL-UNNAMED --add-exports=jdk.compiler/com.sun.tools.javac.util=ALL-UNNAMED --add-opens=java.base/java.util=ALL-UNNAMED --add-opens=java.prefs/java.util.prefs=ALL-UNNAMED --add-opens=java.base/java.nio.charset=ALL-UNNAMED --add-opens=java.base/java.net=ALL-UNNAMED --add-opens=java.base/java.util.concurrent.atomic=ALL-UNNAMED --add-opens=java.xml/javax.xml.namespace=ALL-UNNAMED -Xmx4096m -Dfile.encoding=UTF-8 -Duser.country=US -Duser.language=en -Duser.variant -javaagent:C:\Users\ASUS ROG\.gradle\wrapper\dists\gradle-8.13-bin\5xuhj0ry160q40clulazy9h7d\gradle-8.13\lib\agents\gradle-instrumentation-agent-8.13.jar 
java_command: org.gradle.launcher.daemon.bootstrap.GradleDaemon 8.13
java_class_path (initial): C:\Users\ASUS ROG\.gradle\wrapper\dists\gradle-8.13-bin\5xuhj0ry160q40clulazy9h7d\gradle-8.13\lib\gradle-daemon-main-8.13.jar
Launcher Type: SUN_STANDARD

[Global flags]
     intx CICompilerCount                          = 4                                         {product} {ergonomic}
     uint ConcGCThreads                            = 3                                         {product} {ergonomic}
     uint G1ConcRefinementThreads                  = 10                                        {product} {ergonomic}
   size_t G1HeapRegionSize                         = 2097152                                   {product} {ergonomic}
    uintx GCDrainStackTargetSize                   = 64                                        {product} {ergonomic}
   size_t InitialHeapSize                          = 266338304                                 {product} {ergonomic}
   size_t MarkStackSize                            = 4194304                                   {product} {ergonomic}
   size_t MaxHeapSize                              = 4294967296                                {product} {command line}
   size_t MaxNewSize                               = 2575302656                                {product} {ergonomic}
   size_t MinHeapDeltaBytes                        = 2097152                                   {product} {ergonomic}
   size_t MinHeapSize                              = 8388608                                   {product} {ergonomic}
    uintx NonNMethodCodeHeapSize                   = 5839372                                {pd product} {ergonomic}
    uintx NonProfiledCodeHeapSize                  = 122909434                              {pd product} {ergonomic}
    uintx ProfiledCodeHeapSize                     = 122909434                              {pd product} {ergonomic}
    uintx ReservedCodeCacheSize                    = 251658240                              {pd product} {ergonomic}
     bool SegmentedCodeCache                       = true                                      {product} {ergonomic}
   size_t SoftMaxHeapSize                          = 4294967296                             {manageable} {ergonomic}
     bool UseCompressedClassPointers               = true                           {product lp64_product} {ergonomic}
     bool UseCompressedOops                        = true                           {product lp64_product} {ergonomic}
     bool UseG1GC                                  = true                                      {product} {ergonomic}
     bool UseLargePagesIndividualAllocation        = false                                  {pd product} {ergonomic}

Logging:
Log output configuration:
 #0: stdout all=warning uptime,level,tags
 #1: stderr all=off uptime,level,tags

Environment Variables:
JAVA_HOME=C:\Program Files\Microsoft\jdk-17.0.14.7-hotspot\
CLASSPATH=D:\CSE441\FirstDemoApp\FirstDemoApp\android\\gradle\wrapper\gradle-wrapper.jar
PATH=D:\CSE441\FirstDemoApp\FirstDemoApp\node_modules\.bin;D:\CSE441\FirstDemoApp\FirstDemoApp\android\node_modules\.bin;D:\CSE441\FirstDemoApp\FirstDemoApp\node_modules\.bin;D:\CSE441\FirstDemoApp\node_modules\.bin;D:\CSE441\node_modules\.bin;D:\node_modules\.bin;C:\Program Files\nodejs\node_modules\npm\node_modules\@npmcli\run-script\lib\node-gyp-bin;C:\Program Files\Microsoft\jdk-17.0.14.7-hotspot\bin;C:\Python313\Scripts\;C:\Python313\;E:\Oculus\Support\oculus-runtime;C:\Program Files\Common Files\Oracle\Java\javapath;C:\Windows\system32;C:\Windows;C:\Windows\System32\Wbem;C:\Windows\System32\WindowsPowerShell\v1.0\;C:\Windows\System32\OpenSSH\;D:\Git\cmd;C:\Program Files\Java\jdk-17.0.3.1\bin;C:\Program Files (x86)\Microsoft SQL Server\160\DTS\Binn\;C:\Program Files\Azure Data Studio\bin;C:\Program Files (x86)\Microsoft SQL Server\160\Tools\Binn\;C:\Program Files\Microsoft SQL Server\160\Tools\Binn\;C:\Program Files\Microsoft SQL Server\Client SDK\ODBC\170\Tools\Binn\;C:\Program Files\Microsoft SQL Server\160\DTS\Binn\;C:\Program Files\Intel\WiFi\bin\;C:\Program Files\Common Files\Intel\WirelessCommon\;C:\Program Files (x86)\NVIDIA Corporation\PhysX\Common;C:\ProgramData\chocolatey\bin;C:\Users\ASUS ROG\AppData\Roaming\nvm;C:\Program Files\nodejs;D:\Maven\apache-maven-3.9.5\bin;C:\Program Files\Microsoft SQL Server\150\Tools\Binn\;C:\Program Files\Java\jdk-17.0.1\bin;C:\Program Files\dotnet\;C:\Program Files\Cloudflare\Cloudflare WARP\;C:\Program Files\NVIDIA Corporation\NVIDIA app\NvDLISR;C:\Program Files\nodejs\;C:\Users\ASUS ROG\AppData\Local\Programs\Python\Python312\Scripts\;C:\Users\ASUS ROG\AppData\Local\Programs\Python\Python312\;C:\Users\ASUS ROG\AppData\Local\Programs\Python\Launcher\;C:\Users\ASUS ROG\AppData\Local\Microsoft\WindowsApps;D:\Microsoft VS Code\bin;C:\Users\ASUS ROG\AppData\Local\GitHubDesktop\bin;C:\Users\ASUS ROG\.dotnet\tools;C:\Users\ASUS ROG\AppData\Roaming\npm;C:\Users\ASUS ROG\.bun\bin;C:\Users\ASUS ROG\.bun\bin;C:\Users\ASUS ROG\.bun\bin;C:\Users\ASUS ROG\.bun\bin;C:\Users\ASUS ROG\.bun\bin;D:\Android\SDK\platform-tools
USERNAME=ASUS ROG
LANG=en_US.UTF-8
OS=Windows_NT
PROCESSOR_IDENTIFIER=Intel64 Family 6 Model 158 Stepping 10, GenuineIntel
TMP=C:\Users\ASUSRO~1\AppData\Local\Temp
TEMP=C:\Users\ASUSRO~1\AppData\Local\Temp



Periodic native trim disabled


---------------  S Y S T E M  ---------------

OS:
 Windows 10 , 64 bit Build 19041 (10.0.19041.5438)
OS uptime: 0 days 0:28 hours

CPU: total 12 (initial active 12) (6 cores per cpu, 2 threads per core) family 6 model 158 stepping 10 microcode 0xd2, cx8, cmov, fxsr, ht, mmx, 3dnowpref, sse, sse2, sse3, ssse3, sse4.1, sse4.2, popcnt, lzcnt, tsc, tscinvbit, avx, avx2, aes, erms, clmul, bmi1, bmi2, adx, fma, vzeroupper, clflush, clflushopt
Processor Information for the first 12 processors :
  Max Mhz: 2592, Current Mhz: 2592, Mhz Limit: 2592

Memory: 4k page, system-wide physical 16235M (2503M free)
TotalPageFile size 16235M (AvailPageFile size 6M)
current process WorkingSet (physical memory assigned to process): 452M, peak: 452M
current process commit charge ("private bytes"): 504M, peak: 506M

vm_info: OpenJDK 64-Bit Server VM (17.0.14+7-LTS) for windows-amd64 JRE (17.0.14+7-LTS), built on Jan  8 2025 23:39:28 by "MicrosoftCorporation" with unknown MS VC++:1939

END.
