#
# There is insufficient memory for the Java Runtime Environment to continue.
# Native memory allocation (malloc) failed to allocate 1237296 bytes. Error detail: Chunk::new
# Possible reasons:
#   The system is out of physical RAM or swap space
#   This process is running with CompressedOops enabled, and the Java Heap may be blocking the growth of the native heap
# Possible solutions:
#   Reduce memory load on the system
#   Increase physical memory or swap space
#   Check if swap backing store is full
#   Decrease Java heap size (-Xmx/-Xms)
#   Decrease number of Java threads
#   Decrease Java thread stack sizes (-Xss)
#   Set larger code cache with -XX:ReservedCodeCacheSize=
#   JVM is running with Zero Based Compressed Oops mode in which the Java heap is
#     placed in the first 32GB address space. The Java Heap base address is the
#     maximum limit for the native heap growth. Please use -XX:HeapBaseMinAddress
#     to set the Java Heap base and to place the Java Heap above 32GB virtual address.
# This output file may be truncated or incomplete.
#
#  Out of Memory Error (arena.cpp:191), pid=12840, tid=17916
#
# JRE version: OpenJDK Runtime Environment Microsoft-10800295 (17.0.14+7) (build 17.0.14+7-LTS)
# Java VM: OpenJDK 64-Bit Server VM Microsoft-10800295 (17.0.14+7-LTS, mixed mode, sharing, tiered, compressed oops, compressed class ptrs, g1 gc, windows-amd64)
# No core dump will be written. Minidumps are not enabled by default on client versions of Windows
#

---------------  S U M M A R Y ------------

Command Line: --add-opens=java.base/java.lang=ALL-UNNAMED --add-opens=java.base/java.lang.invoke=ALL-UNNAMED --add-opens=java.base/java.util=ALL-UNNAMED --add-opens=java.prefs/java.util.prefs=ALL-UNNAMED --add-exports=jdk.compiler/com.sun.tools.javac.api=ALL-UNNAMED --add-exports=jdk.compiler/com.sun.tools.javac.util=ALL-UNNAMED --add-opens=java.base/java.util=ALL-UNNAMED --add-opens=java.prefs/java.util.prefs=ALL-UNNAMED --add-opens=java.base/java.nio.charset=ALL-UNNAMED --add-opens=java.base/java.net=ALL-UNNAMED --add-opens=java.base/java.util.concurrent.atomic=ALL-UNNAMED --add-opens=java.xml/javax.xml.namespace=ALL-UNNAMED -Xmx4096m -Dfile.encoding=UTF-8 -Duser.country=US -Duser.language=en -Duser.variant -javaagent:C:\Users\ASUS ROG\.gradle\wrapper\dists\gradle-8.13-bin\5xuhj0ry160q40clulazy9h7d\gradle-8.13\lib\agents\gradle-instrumentation-agent-8.13.jar org.gradle.launcher.daemon.bootstrap.GradleDaemon 8.13

Host: Intel(R) Core(TM) i7-9750H CPU @ 2.60GHz, 12 cores, 15G,  Windows 10 , 64 bit Build 19041 (10.0.19041.5438)
Time: Wed Apr  9 09:08:51 2025 SE Asia Standard Time elapsed time: 4.860043 seconds (0d 0h 0m 4s)

---------------  T H R E A D  ---------------

Current thread (0x00000257c1551a80):  JavaThread "C2 CompilerThread0" daemon [_thread_in_native, id=17916, stack(0x000000b706000000,0x000000b706100000)]


Current CompileTask:
C2:   4860 4941       4       org.objectweb.asm.MethodWriter::putMethodInfo (1274 bytes)

Stack: [0x000000b706000000,0x000000b706100000]
Native frames: (J=compiled Java code, j=interpreted, Vv=VM code, C=native code)
V  [jvm.dll+0x6886b9]
V  [jvm.dll+0x83f6f8]
V  [jvm.dll+0x8411a3]
V  [jvm.dll+0x841813]
V  [jvm.dll+0x2495cf]
V  [jvm.dll+0xad0d4]
V  [jvm.dll+0xad76c]
V  [jvm.dll+0x36adbf]
V  [jvm.dll+0x335403]
V  [jvm.dll+0x33489a]
V  [jvm.dll+0x21a7e8]
V  [jvm.dll+0x219c1f]
V  [jvm.dll+0x1a5596]
V  [jvm.dll+0x22a27a]
V  [jvm.dll+0x2283bb]
V  [jvm.dll+0x7f4f48]
V  [jvm.dll+0x7ef2ac]
V  [jvm.dll+0x687597]
C  [ucrtbase.dll+0x21bb2]
C  [KERNEL32.DLL+0x17374]
C  [ntdll.dll+0x4cc91]


---------------  P R O C E S S  ---------------

Threads class SMR info:
_java_thread_list=0x000002580a6a4430, length=37, elements={
0x000002579e01bf70, 0x00000257c1535880, 0x00000257c1536610, 0x00000257c154c340,
0x00000257c154fc30, 0x00000257c1550500, 0x00000257c1550dd0, 0x00000257c1551a80,
0x00000257c1552440, 0x00000257c1556580, 0x00000257c151bb90, 0x00000257c16721f0,
0x00000257c173f050, 0x00000257c17b1ae0, 0x0000025808f44160, 0x0000025808d31ec0,
0x00000258087b0850, 0x0000025808f35570, 0x0000025808f2d160, 0x0000025808dcb270,
0x0000025808dce000, 0x0000025808dcb780, 0x0000025808dcd5e0, 0x0000025808dcea20,
0x0000025808dccbc0, 0x0000025808dcc6b0, 0x0000025808dcd0d0, 0x0000025808dcdaf0,
0x0000025808dcbc90, 0x0000025808dce510, 0x000002580b2d9b50, 0x000002580b2d72d0,
0x000002580b2d8200, 0x000002580b2da570, 0x000002580b2d8710, 0x000002580b2d9640,
0x000002580b2da060
}

Java Threads: ( => current thread )
  0x000002579e01bf70 JavaThread "main" [_thread_blocked, id=14700, stack(0x000000b705300000,0x000000b705400000)]
  0x00000257c1535880 JavaThread "Reference Handler" daemon [_thread_blocked, id=18592, stack(0x000000b705a00000,0x000000b705b00000)]
  0x00000257c1536610 JavaThread "Finalizer" daemon [_thread_blocked, id=13384, stack(0x000000b705b00000,0x000000b705c00000)]
  0x00000257c154c340 JavaThread "Signal Dispatcher" daemon [_thread_blocked, id=2476, stack(0x000000b705c00000,0x000000b705d00000)]
  0x00000257c154fc30 JavaThread "Attach Listener" daemon [_thread_blocked, id=11940, stack(0x000000b705d00000,0x000000b705e00000)]
  0x00000257c1550500 JavaThread "Service Thread" daemon [_thread_blocked, id=18752, stack(0x000000b705e00000,0x000000b705f00000)]
  0x00000257c1550dd0 JavaThread "Monitor Deflation Thread" daemon [_thread_blocked, id=14664, stack(0x000000b705f00000,0x000000b706000000)]
=>0x00000257c1551a80 JavaThread "C2 CompilerThread0" daemon [_thread_in_native, id=17916, stack(0x000000b706000000,0x000000b706100000)]
  0x00000257c1552440 JavaThread "C1 CompilerThread0" daemon [_thread_blocked, id=17680, stack(0x000000b706100000,0x000000b706200000)]
  0x00000257c1556580 JavaThread "Sweeper thread" daemon [_thread_blocked, id=16872, stack(0x000000b706200000,0x000000b706300000)]
  0x00000257c151bb90 JavaThread "Common-Cleaner" daemon [_thread_blocked, id=12776, stack(0x000000b706300000,0x000000b706400000)]
  0x00000257c16721f0 JavaThread "C2 CompilerThread1" daemon [_thread_in_native, id=296, stack(0x000000b706400000,0x000000b706500000)]
  0x00000257c173f050 JavaThread "Notification Thread" daemon [_thread_blocked, id=18368, stack(0x000000b706500000,0x000000b706600000)]
  0x00000257c17b1ae0 JavaThread "C2 CompilerThread2" daemon [_thread_in_native, id=19216, stack(0x000000b706700000,0x000000b706800000)]
  0x0000025808f44160 JavaThread "Daemon health stats" [_thread_blocked, id=16436, stack(0x000000b706d00000,0x000000b706e00000)]
  0x0000025808d31ec0 JavaThread "Incoming local TCP Connector on port 50767" [_thread_in_native, id=17944, stack(0x000000b706e00000,0x000000b706f00000)]
  0x00000258087b0850 JavaThread "Daemon periodic checks" [_thread_blocked, id=13768, stack(0x000000b706f00000,0x000000b707000000)]
  0x0000025808f35570 JavaThread "Daemon" [_thread_blocked, id=13908, stack(0x000000b707000000,0x000000b707100000)]
  0x0000025808f2d160 JavaThread "Handler for socket connection from /127.0.0.1:50767 to /127.0.0.1:50768" [_thread_in_native, id=18400, stack(0x000000b707100000,0x000000b707200000)]
  0x0000025808dcb270 JavaThread "Cancel handler" [_thread_blocked, id=6700, stack(0x000000b707200000,0x000000b707300000)]
  0x0000025808dce000 JavaThread "Daemon worker" [_thread_in_vm, id=19176, stack(0x000000b707300000,0x000000b707400000)]
  0x0000025808dcb780 JavaThread "Asynchronous log dispatcher for DefaultDaemonConnection: socket connection from /127.0.0.1:50767 to /127.0.0.1:50768" [_thread_blocked, id=1088, stack(0x000000b707400000,0x000000b707500000)]
  0x0000025808dcd5e0 JavaThread "Stdin handler" [_thread_blocked, id=19296, stack(0x000000b707500000,0x000000b707600000)]
  0x0000025808dcea20 JavaThread "Daemon client event forwarder" [_thread_blocked, id=4024, stack(0x000000b707600000,0x000000b707700000)]
  0x0000025808dccbc0 JavaThread "Cache worker for journal cache (C:\Users\ASUS ROG\.gradle\caches\journal-1)" [_thread_blocked, id=17864, stack(0x000000b707700000,0x000000b707800000)]
  0x0000025808dcc6b0 JavaThread "File lock request listener" [_thread_in_native, id=19292, stack(0x000000b707800000,0x000000b707900000)]
  0x0000025808dcd0d0 JavaThread "Cache worker for file hash cache (C:\Users\ASUS ROG\.gradle\caches\8.13\fileHashes)" [_thread_blocked, id=13948, stack(0x000000b707900000,0x000000b707a00000)]
  0x0000025808dcdaf0 JavaThread "Cache worker for file hash cache (D:\CSE441\FirstDemoApp\FirstDemoApp\android\.gradle\8.13\fileHashes)" [_thread_blocked, id=5096, stack(0x000000b707a00000,0x000000b707b00000)]
  0x0000025808dcbc90 JavaThread "Cache worker for Build Output Cleanup Cache (D:\CSE441\FirstDemoApp\FirstDemoApp\android\.gradle\buildOutputCleanup)" [_thread_blocked, id=14352, stack(0x000000b707b00000,0x000000b707c00000)]
  0x0000025808dce510 JavaThread "File watcher server" daemon [_thread_in_native, id=9540, stack(0x000000b708200000,0x000000b708300000)]
  0x000002580b2d9b50 JavaThread "File watcher consumer" daemon [_thread_blocked, id=18844, stack(0x000000b708300000,0x000000b708400000)]
  0x000002580b2d72d0 JavaThread "jar transforms" [_thread_blocked, id=9456, stack(0x000000b708600000,0x000000b708700000)]
  0x000002580b2d8200 JavaThread "Cache worker for checksums cache (D:\CSE441\FirstDemoApp\FirstDemoApp\android\.gradle\8.13\checksums)" [_thread_blocked, id=18584, stack(0x000000b708700000,0x000000b708800000)]
  0x000002580b2da570 JavaThread "Cache worker for file content cache (C:\Users\ASUS ROG\.gradle\caches\8.13\fileContent)" [_thread_blocked, id=8676, stack(0x000000b708800000,0x000000b708900000)]
  0x000002580b2d8710 JavaThread "Cache worker for cache directory md-supplier (C:\Users\ASUS ROG\.gradle\caches\8.13\md-supplier)" [_thread_blocked, id=19224, stack(0x000000b708900000,0x000000b708a00000)]
  0x000002580b2d9640 JavaThread "Cache worker for cache directory md-rule (C:\Users\ASUS ROG\.gradle\caches\8.13\md-rule)" [_thread_blocked, id=13456, stack(0x000000b708a00000,0x000000b708b00000)]
  0x000002580b2da060 JavaThread "Cache worker for Build Output Cleanup Cache (D:\CSE441\FirstDemoApp\FirstDemoApp\node_modules\@react-native\gradle-plugin\.gradle\buildOutputCleanup)" [_thread_blocked, id=15568, stack(0x000000b708b00000,0x000000b708c00000)]

Other Threads:
  0x00000257c1531a20 VMThread "VM Thread" [stack: 0x000000b705900000,0x000000b705a00000] [id=1736]
  0x00000257c1710e30 WatcherThread [stack: 0x000000b706600000,0x000000b706700000] [id=932]
  0x000002579be1e830 GCTaskThread "GC Thread#0" [stack: 0x000000b705400000,0x000000b705500000] [id=14716]
  0x00000257c18af9e0 GCTaskThread "GC Thread#1" [stack: 0x000000b706800000,0x000000b706900000] [id=19316]
  0x0000025807300dd0 GCTaskThread "GC Thread#2" [stack: 0x000000b706900000,0x000000b706a00000] [id=3204]
  0x0000025807301090 GCTaskThread "GC Thread#3" [stack: 0x000000b706a00000,0x000000b706b00000] [id=10768]
  0x0000025807147f90 GCTaskThread "GC Thread#4" [stack: 0x000000b706b00000,0x000000b706c00000] [id=12760]
  0x000002580713ddc0 GCTaskThread "GC Thread#5" [stack: 0x000000b706c00000,0x000000b706d00000] [id=10876]
  0x0000025809388080 GCTaskThread "GC Thread#6" [stack: 0x000000b707c00000,0x000000b707d00000] [id=17604]
  0x0000025809388600 GCTaskThread "GC Thread#7" [stack: 0x000000b707d00000,0x000000b707e00000] [id=18220]
  0x0000025809388340 GCTaskThread "GC Thread#8" [stack: 0x000000b707e00000,0x000000b707f00000] [id=17728]
  0x0000025809389680 GCTaskThread "GC Thread#9" [stack: 0x000000b707f00000,0x000000b708000000] [id=1440]
  0x000002579e095100 ConcurrentGCThread "G1 Main Marker" [stack: 0x000000b705500000,0x000000b705600000] [id=17724]
  0x000002579e095a30 ConcurrentGCThread "G1 Conc#0" [stack: 0x000000b705600000,0x000000b705700000] [id=18672]
  0x0000025809389100 ConcurrentGCThread "G1 Conc#1" [stack: 0x000000b708000000,0x000000b708100000] [id=13448]
  0x0000025809389940 ConcurrentGCThread "G1 Conc#2" [stack: 0x000000b708100000,0x000000b708200000] [id=3528]
  0x00000257c13e95c0 ConcurrentGCThread "G1 Refine#0" [stack: 0x000000b705700000,0x000000b705800000] [id=18680]
  0x0000025809030b50 ConcurrentGCThread "G1 Refine#1" [stack: 0x000000b708400000,0x000000b708500000] [id=17320]
  0x0000025809030860 ConcurrentGCThread "G1 Refine#2" [stack: 0x000000b708500000,0x000000b708600000] [id=9532]
  0x00000257c13e9e00 ConcurrentGCThread "G1 Service" [stack: 0x000000b705800000,0x000000b705900000] [id=16568]

Threads with active compile tasks:
C2 CompilerThread0     4879 4941       4       org.objectweb.asm.MethodWriter::putMethodInfo (1274 bytes)
C2 CompilerThread1     4879 4851 %     4       org.objectweb.asm.ClassReader::readCode @ 1561 (5117 bytes)
C2 CompilerThread2     4879 4912       4       org.objectweb.asm.ClassReader::readMethod (1070 bytes)

VM state: not at safepoint (normal execution)

VM Mutex/Monitor currently owned by a thread: None

Heap address: 0x0000000700000000, size: 4096 MB, Compressed Oops mode: Zero based, Oop shift amount: 3

CDS archive(s) mapped at: [0x00000257c2000000-0x00000257c2bb0000-0x00000257c2bb0000), size 12255232, SharedBaseAddress: 0x00000257c2000000, ArchiveRelocationMode: 1.
Compressed class space mapped at: 0x00000257c3000000-0x0000025803000000, reserved size: 1073741824
Narrow klass base: 0x00000257c2000000, Narrow klass shift: 0, Narrow klass range: 0x100000000

GC Precious Log:
 CPUs: 12 total, 12 available
 Memory: 16235M
 Large Page Support: Disabled
 NUMA Support: Disabled
 Compressed Oops: Enabled (Zero based)
 Heap Region Size: 2M
 Heap Min Capacity: 8M
 Heap Initial Capacity: 254M
 Heap Max Capacity: 4G
 Pre-touch: Disabled
 Parallel Workers: 10
 Concurrent Workers: 3
 Concurrent Refinement Workers: 10
 Periodic GC: Disabled

Heap:
 garbage-first heap   total 178176K, used 90446K [0x0000000700000000, 0x0000000800000000)
  region size 2048K, 31 young (63488K), 3 survivors (6144K)
 Metaspace       used 39162K, committed 39680K, reserved 1114112K
  class space    used 5313K, committed 5568K, reserved 1048576K

Heap Regions: E=young(eden), S=young(survivor), O=old, HS=humongous(starts), HC=humongous(continues), CS=collection set, F=free, OA=open archive, CA=closed archive, TAMS=top-at-mark-start (previous, next)
|   0|0x0000000700000000, 0x0000000700200000, 0x0000000700200000|100%|HS|  |TAMS 0x0000000700200000, 0x0000000700000000| Complete 
|   1|0x0000000700200000, 0x0000000700400000, 0x0000000700400000|100%|HC|  |TAMS 0x0000000700400000, 0x0000000700200000| Complete 
|   2|0x0000000700400000, 0x0000000700600000, 0x0000000700600000|100%| O|  |TAMS 0x0000000700600000, 0x0000000700400000| Untracked 
|   3|0x0000000700600000, 0x0000000700800000, 0x0000000700800000|100%| O|  |TAMS 0x0000000700800000, 0x0000000700600000| Untracked 
|   4|0x0000000700800000, 0x0000000700a00000, 0x0000000700a00000|100%| O|  |TAMS 0x0000000700a00000, 0x0000000700800000| Untracked 
|   5|0x0000000700a00000, 0x0000000700b42800, 0x0000000700c00000| 62%| O|  |TAMS 0x0000000700a00000, 0x0000000700a00000| Untracked 
|   6|0x0000000700c00000, 0x0000000700e00000, 0x0000000700e00000|100%| O|  |TAMS 0x0000000700e00000, 0x0000000700c00000| Untracked 
|   7|0x0000000700e00000, 0x0000000701000000, 0x0000000701000000|100%| O|  |TAMS 0x0000000701000000, 0x0000000700e00000| Untracked 
|   8|0x0000000701000000, 0x0000000701200000, 0x0000000701200000|100%| O|  |TAMS 0x0000000701200000, 0x0000000701000000| Untracked 
|   9|0x0000000701200000, 0x0000000701400000, 0x0000000701400000|100%| O|  |TAMS 0x0000000701400000, 0x0000000701200000| Untracked 
|  10|0x0000000701400000, 0x0000000701600000, 0x0000000701600000|100%| O|  |TAMS 0x0000000701600000, 0x0000000701400000| Untracked 
|  11|0x0000000701600000, 0x0000000701800000, 0x0000000701800000|100%| O|  |TAMS 0x0000000701800000, 0x0000000701600000| Untracked 
|  12|0x0000000701800000, 0x0000000701a00000, 0x0000000701a00000|100%| O|  |TAMS 0x0000000701a00000, 0x0000000701800000| Untracked 
|  13|0x0000000701a00000, 0x0000000701c00000, 0x0000000701c00000|100%| O|  |TAMS 0x0000000701c00000, 0x0000000701a00000| Untracked 
|  14|0x0000000701c00000, 0x0000000701e00000, 0x0000000701e00000|100%| O|  |TAMS 0x0000000701ce5a00, 0x0000000701c00000| Untracked 
|  15|0x0000000701e00000, 0x0000000701e00000, 0x0000000702000000|  0%| F|  |TAMS 0x0000000701e00000, 0x0000000701e00000| Untracked 
|  16|0x0000000702000000, 0x0000000702000000, 0x0000000702200000|  0%| F|  |TAMS 0x0000000702000000, 0x0000000702000000| Untracked 
|  17|0x0000000702200000, 0x0000000702200000, 0x0000000702400000|  0%| F|  |TAMS 0x0000000702200000, 0x0000000702200000| Untracked 
|  18|0x0000000702400000, 0x0000000702400000, 0x0000000702600000|  0%| F|  |TAMS 0x0000000702400000, 0x0000000702400000| Untracked 
|  19|0x0000000702600000, 0x0000000702600000, 0x0000000702800000|  0%| F|  |TAMS 0x0000000702600000, 0x0000000702600000| Untracked 
|  20|0x0000000702800000, 0x0000000702800000, 0x0000000702a00000|  0%| F|  |TAMS 0x0000000702800000, 0x0000000702800000| Untracked 
|  21|0x0000000702a00000, 0x0000000702a00000, 0x0000000702c00000|  0%| F|  |TAMS 0x0000000702a00000, 0x0000000702a00000| Untracked 
|  22|0x0000000702c00000, 0x0000000702c00000, 0x0000000702e00000|  0%| F|  |TAMS 0x0000000702c00000, 0x0000000702c00000| Untracked 
|  23|0x0000000702e00000, 0x0000000702e00000, 0x0000000703000000|  0%| F|  |TAMS 0x0000000702e00000, 0x0000000702e00000| Untracked 
|  24|0x0000000703000000, 0x0000000703000000, 0x0000000703200000|  0%| F|  |TAMS 0x0000000703000000, 0x0000000703000000| Untracked 
|  25|0x0000000703200000, 0x0000000703200000, 0x0000000703400000|  0%| F|  |TAMS 0x0000000703200000, 0x0000000703200000| Untracked 
|  26|0x0000000703400000, 0x00000007035113f0, 0x0000000703600000| 53%| S|CS|TAMS 0x0000000703400000, 0x0000000703400000| Complete 
|  27|0x0000000703600000, 0x0000000703800000, 0x0000000703800000|100%| S|CS|TAMS 0x0000000703600000, 0x0000000703600000| Complete 
|  28|0x0000000703800000, 0x0000000703a00000, 0x0000000703a00000|100%| S|CS|TAMS 0x0000000703800000, 0x0000000703800000| Complete 
|  29|0x0000000703a00000, 0x0000000703a00000, 0x0000000703c00000|  0%| F|  |TAMS 0x0000000703a00000, 0x0000000703a00000| Untracked 
|  30|0x0000000703c00000, 0x0000000703c00000, 0x0000000703e00000|  0%| F|  |TAMS 0x0000000703c00000, 0x0000000703c00000| Untracked 
|  31|0x0000000703e00000, 0x0000000703e00000, 0x0000000704000000|  0%| F|  |TAMS 0x0000000703e00000, 0x0000000703e00000| Untracked 
|  32|0x0000000704000000, 0x0000000704000000, 0x0000000704200000|  0%| F|  |TAMS 0x0000000704000000, 0x0000000704000000| Untracked 
|  33|0x0000000704200000, 0x0000000704200000, 0x0000000704400000|  0%| F|  |TAMS 0x0000000704200000, 0x0000000704200000| Untracked 
|  34|0x0000000704400000, 0x0000000704400000, 0x0000000704600000|  0%| F|  |TAMS 0x0000000704400000, 0x0000000704400000| Untracked 
|  35|0x0000000704600000, 0x0000000704600000, 0x0000000704800000|  0%| F|  |TAMS 0x0000000704600000, 0x0000000704600000| Untracked 
|  36|0x0000000704800000, 0x0000000704800000, 0x0000000704a00000|  0%| F|  |TAMS 0x0000000704800000, 0x0000000704800000| Untracked 
|  37|0x0000000704a00000, 0x0000000704a00000, 0x0000000704c00000|  0%| F|  |TAMS 0x0000000704a00000, 0x0000000704a00000| Untracked 
|  38|0x0000000704c00000, 0x0000000704c00000, 0x0000000704e00000|  0%| F|  |TAMS 0x0000000704c00000, 0x0000000704c00000| Untracked 
|  39|0x0000000704e00000, 0x0000000704e00000, 0x0000000705000000|  0%| F|  |TAMS 0x0000000704e00000, 0x0000000704e00000| Untracked 
|  40|0x0000000705000000, 0x0000000705000000, 0x0000000705200000|  0%| F|  |TAMS 0x0000000705000000, 0x0000000705000000| Untracked 
|  41|0x0000000705200000, 0x0000000705200000, 0x0000000705400000|  0%| F|  |TAMS 0x0000000705200000, 0x0000000705200000| Untracked 
|  42|0x0000000705400000, 0x0000000705400000, 0x0000000705600000|  0%| F|  |TAMS 0x0000000705400000, 0x0000000705400000| Untracked 
|  43|0x0000000705600000, 0x0000000705600000, 0x0000000705800000|  0%| F|  |TAMS 0x0000000705600000, 0x0000000705600000| Untracked 
|  44|0x0000000705800000, 0x0000000705800000, 0x0000000705a00000|  0%| F|  |TAMS 0x0000000705800000, 0x0000000705800000| Untracked 
|  45|0x0000000705a00000, 0x0000000705a00000, 0x0000000705c00000|  0%| F|  |TAMS 0x0000000705a00000, 0x0000000705a00000| Untracked 
|  46|0x0000000705c00000, 0x0000000705c00000, 0x0000000705e00000|  0%| F|  |TAMS 0x0000000705c00000, 0x0000000705c00000| Untracked 
|  47|0x0000000705e00000, 0x0000000705e00000, 0x0000000706000000|  0%| F|  |TAMS 0x0000000705e00000, 0x0000000705e00000| Untracked 
|  48|0x0000000706000000, 0x0000000706000000, 0x0000000706200000|  0%| F|  |TAMS 0x0000000706000000, 0x0000000706000000| Untracked 
|  49|0x0000000706200000, 0x0000000706200000, 0x0000000706400000|  0%| F|  |TAMS 0x0000000706200000, 0x0000000706200000| Untracked 
|  50|0x0000000706400000, 0x0000000706400000, 0x0000000706600000|  0%| F|  |TAMS 0x0000000706400000, 0x0000000706400000| Untracked 
|  51|0x0000000706600000, 0x0000000706600000, 0x0000000706800000|  0%| F|  |TAMS 0x0000000706600000, 0x0000000706600000| Untracked 
|  52|0x0000000706800000, 0x0000000706800000, 0x0000000706a00000|  0%| F|  |TAMS 0x0000000706800000, 0x0000000706800000| Untracked 
|  53|0x0000000706a00000, 0x0000000706a00000, 0x0000000706c00000|  0%| F|  |TAMS 0x0000000706a00000, 0x0000000706a00000| Untracked 
|  54|0x0000000706c00000, 0x0000000706c00000, 0x0000000706e00000|  0%| F|  |TAMS 0x0000000706c00000, 0x0000000706c00000| Untracked 
|  55|0x0000000706e00000, 0x0000000706e00000, 0x0000000707000000|  0%| F|  |TAMS 0x0000000706e00000, 0x0000000706e00000| Untracked 
|  56|0x0000000707000000, 0x0000000707000000, 0x0000000707200000|  0%| F|  |TAMS 0x0000000707000000, 0x0000000707000000| Untracked 
|  57|0x0000000707200000, 0x0000000707200000, 0x0000000707400000|  0%| F|  |TAMS 0x0000000707200000, 0x0000000707200000| Untracked 
|  58|0x0000000707400000, 0x0000000707400000, 0x0000000707600000|  0%| F|  |TAMS 0x0000000707400000, 0x0000000707400000| Untracked 
|  59|0x0000000707600000, 0x0000000707800000, 0x0000000707800000|100%| E|  |TAMS 0x0000000707600000, 0x0000000707600000| Complete 
|  60|0x0000000707800000, 0x0000000707a00000, 0x0000000707a00000|100%| E|CS|TAMS 0x0000000707800000, 0x0000000707800000| Complete 
|  61|0x0000000707a00000, 0x0000000707c00000, 0x0000000707c00000|100%| E|CS|TAMS 0x0000000707a00000, 0x0000000707a00000| Complete 
|  62|0x0000000707c00000, 0x0000000707e00000, 0x0000000707e00000|100%| E|CS|TAMS 0x0000000707c00000, 0x0000000707c00000| Complete 
|  63|0x0000000707e00000, 0x0000000708000000, 0x0000000708000000|100%| E|CS|TAMS 0x0000000707e00000, 0x0000000707e00000| Complete 
|  64|0x0000000708000000, 0x0000000708200000, 0x0000000708200000|100%| E|CS|TAMS 0x0000000708000000, 0x0000000708000000| Complete 
|  65|0x0000000708200000, 0x0000000708400000, 0x0000000708400000|100%| E|CS|TAMS 0x0000000708200000, 0x0000000708200000| Complete 
|  66|0x0000000708400000, 0x0000000708600000, 0x0000000708600000|100%| E|CS|TAMS 0x0000000708400000, 0x0000000708400000| Complete 
|  67|0x0000000708600000, 0x0000000708800000, 0x0000000708800000|100%| E|CS|TAMS 0x0000000708600000, 0x0000000708600000| Complete 
|  68|0x0000000708800000, 0x0000000708a00000, 0x0000000708a00000|100%| E|CS|TAMS 0x0000000708800000, 0x0000000708800000| Complete 
|  69|0x0000000708a00000, 0x0000000708c00000, 0x0000000708c00000|100%| E|CS|TAMS 0x0000000708a00000, 0x0000000708a00000| Complete 
|  70|0x0000000708c00000, 0x0000000708e00000, 0x0000000708e00000|100%| E|CS|TAMS 0x0000000708c00000, 0x0000000708c00000| Complete 
|  71|0x0000000708e00000, 0x0000000709000000, 0x0000000709000000|100%| E|CS|TAMS 0x0000000708e00000, 0x0000000708e00000| Complete 
|  72|0x0000000709000000, 0x0000000709200000, 0x0000000709200000|100%| E|CS|TAMS 0x0000000709000000, 0x0000000709000000| Complete 
|  73|0x0000000709200000, 0x0000000709400000, 0x0000000709400000|100%| E|CS|TAMS 0x0000000709200000, 0x0000000709200000| Complete 
|  74|0x0000000709400000, 0x0000000709600000, 0x0000000709600000|100%| E|CS|TAMS 0x0000000709400000, 0x0000000709400000| Complete 
|  75|0x0000000709600000, 0x0000000709800000, 0x0000000709800000|100%| E|CS|TAMS 0x0000000709600000, 0x0000000709600000| Complete 
|  76|0x0000000709800000, 0x0000000709a00000, 0x0000000709a00000|100%| E|CS|TAMS 0x0000000709800000, 0x0000000709800000| Complete 
|  77|0x0000000709a00000, 0x0000000709c00000, 0x0000000709c00000|100%| E|CS|TAMS 0x0000000709a00000, 0x0000000709a00000| Complete 
|  78|0x0000000709c00000, 0x0000000709e00000, 0x0000000709e00000|100%| E|CS|TAMS 0x0000000709c00000, 0x0000000709c00000| Complete 
|  79|0x0000000709e00000, 0x000000070a000000, 0x000000070a000000|100%| E|CS|TAMS 0x0000000709e00000, 0x0000000709e00000| Complete 
|  80|0x000000070a000000, 0x000000070a200000, 0x000000070a200000|100%| E|CS|TAMS 0x000000070a000000, 0x000000070a000000| Complete 
|  81|0x000000070a200000, 0x000000070a400000, 0x000000070a400000|100%| E|CS|TAMS 0x000000070a200000, 0x000000070a200000| Complete 
|  82|0x000000070a400000, 0x000000070a600000, 0x000000070a600000|100%| E|CS|TAMS 0x000000070a400000, 0x000000070a400000| Complete 
|  83|0x000000070a600000, 0x000000070a800000, 0x000000070a800000|100%| E|CS|TAMS 0x000000070a600000, 0x000000070a600000| Complete 
|  84|0x000000070a800000, 0x000000070aa00000, 0x000000070aa00000|100%| E|CS|TAMS 0x000000070a800000, 0x000000070a800000| Complete 
|  85|0x000000070aa00000, 0x000000070ac00000, 0x000000070ac00000|100%| E|CS|TAMS 0x000000070aa00000, 0x000000070aa00000| Complete 
| 126|0x000000070fc00000, 0x000000070fe00000, 0x000000070fe00000|100%| E|CS|TAMS 0x000000070fc00000, 0x000000070fc00000| Complete 

Card table byte_map: [0x00000257b58a0000,0x00000257b60a0000] _byte_map_base: 0x00000257b20a0000

Marking Bits (Prev, Next): (CMBitMap*) 0x000002579e084a10, (CMBitMap*) 0x000002579e084a50
 Prev Bits: [0x00000257b68a0000, 0x00000257ba8a0000)
 Next Bits: [0x00000257ba8a0000, 0x00000257be8a0000)

Polling page: 0x000002579beb0000

Metaspace:

Usage:
  Non-class:     33.06 MB used.
      Class:      5.19 MB used.
       Both:     38.24 MB used.

Virtual space:
  Non-class space:       64.00 MB reserved,      33.31 MB ( 52%) committed,  1 nodes.
      Class space:        1.00 GB reserved,       5.44 MB ( <1%) committed,  1 nodes.
             Both:        1.06 GB reserved,      38.75 MB (  4%) committed. 

Chunk freelists:
   Non-Class:  14.36 MB
       Class:  10.41 MB
        Both:  24.77 MB

MaxMetaspaceSize: unlimited
CompressedClassSpaceSize: 1.00 GB
Initial GC threshold: 21.00 MB
Current GC threshold: 58.88 MB
CDS: on
MetaspaceReclaimPolicy: balanced
 - commit_granule_bytes: 65536.
 - commit_granule_words: 8192.
 - virtual_space_node_default_size: 8388608.
 - enlarge_chunks_in_place: 1.
 - new_chunks_are_fully_committed: 0.
 - uncommit_free_chunks: 1.
 - use_allocation_guard: 0.
 - handle_deallocations: 1.


Internal statistics:

num_allocs_failed_limit: 6.
num_arena_births: 548.
num_arena_deaths: 0.
num_vsnodes_births: 2.
num_vsnodes_deaths: 0.
num_space_committed: 620.
num_space_uncommitted: 0.
num_chunks_returned_to_freelist: 6.
num_chunks_taken_from_freelist: 2055.
num_chunk_merges: 6.
num_chunk_splits: 1367.
num_chunks_enlarged: 949.
num_inconsistent_stats: 0.

CodeHeap 'non-profiled nmethods': size=120000Kb used=2669Kb max_used=3467Kb free=117330Kb
 bounds [0x00000257ad620000, 0x00000257ad990000, 0x00000257b4b50000]
CodeHeap 'profiled nmethods': size=120000Kb used=8282Kb max_used=10095Kb free=111717Kb
 bounds [0x00000257a5b50000, 0x00000257a6530000, 0x00000257ad080000]
CodeHeap 'non-nmethods': size=5760Kb used=2313Kb max_used=2423Kb free=3446Kb
 bounds [0x00000257ad080000, 0x00000257ad300000, 0x00000257ad620000]
 total_blobs=4958 nmethods=4137 adapters=732
 compilation: enabled
              stopped_count=0, restarted_count=0
 full_count=0

Compilation events (20 events):
Event: 4.748 Thread 0x00000257c1552440 4937       2       org.gradle.api.internal.runtimeshaded.ImplementationDependencyRelocator::maybeRemap (84 bytes)
Event: 4.749 Thread 0x00000257c1552440 nmethod 4937 0x00000257a5ba1c90 code [0x00000257a5ba1f20, 0x00000257a5ba2628]
Event: 4.751 Thread 0x00000257c1552440 4938       3       org.objectweb.asm.signature.SignatureReader::parseType (411 bytes)
Event: 4.753 Thread 0x00000257c1552440 nmethod 4938 0x00000257a63fd910 code [0x00000257a63fdda0, 0x00000257a64003b8]
Event: 4.762 Thread 0x00000257c1552440 4939       2       java.util.concurrent.locks.AbstractQueuedSynchronizer$Node::<init> (5 bytes)
Event: 4.763 Thread 0x00000257c1552440 nmethod 4939 0x00000257a5e64390 code [0x00000257a5e64520, 0x00000257a5e64618]
Event: 4.766 Thread 0x00000257c1551a80 nmethod 4935 0x00000257ad729e90 code [0x00000257ad72a0a0, 0x00000257ad72b580]
Event: 4.766 Thread 0x00000257c1551a80 4767       4       org.objectweb.asm.MethodWriter::visitLocalVariable (222 bytes)
Event: 4.780 Thread 0x00000257c1552440 4943 %     3       org.objectweb.asm.ClassReader::computeImplicitFrame @ 325 (375 bytes)
Event: 4.783 Thread 0x00000257c1552440 nmethod 4943% 0x00000257a5cef690 code [0x00000257a5cefba0, 0x00000257a5cf30d8]
Event: 4.786 Thread 0x00000257c1552440 4944       3       org.objectweb.asm.ClassReader::computeImplicitFrame (375 bytes)
Event: 4.788 Thread 0x00000257c1551a80 nmethod 4767 0x00000257ad70cf10 code [0x00000257ad70d1c0, 0x00000257ad70e828]
Event: 4.788 Thread 0x00000257c1551a80 4941       4       org.objectweb.asm.MethodWriter::putMethodInfo (1274 bytes)
Event: 4.788 Thread 0x00000257c1552440 nmethod 4944 0x00000257a5c9ab10 code [0x00000257a5c9b020, 0x00000257a5c9e318]
Event: 4.793 Thread 0x00000257c1552440 4945       2       java.util.concurrent.locks.ReentrantLock::lockInterruptibly (8 bytes)
Event: 4.794 Thread 0x00000257c1552440 nmethod 4945 0x00000257a5c82110 code [0x00000257a5c822e0, 0x00000257a5c82578]
Event: 4.794 Thread 0x00000257c1552440 4946       2       java.util.concurrent.locks.ReentrantLock$Sync::lockInterruptibly (27 bytes)
Event: 4.794 Thread 0x00000257c1552440 nmethod 4946 0x00000257a5c8ab10 code [0x00000257a5c8ace0, 0x00000257a5c8af58]
Event: 4.857 Thread 0x00000257c1552440 4952       3       java.nio.Buffer$1::acquireScope (41 bytes)
Event: 4.857 Thread 0x00000257c1552440 nmethod 4952 0x00000257a5bb5210 code [0x00000257a5bb5400, 0x00000257a5bb59d8]

GC Heap History (20 events):
Event: 2.808 GC heap before
{Heap before GC invocations=5 (full 0):
 garbage-first heap   total 96256K, used 67387K [0x0000000700000000, 0x0000000800000000)
  region size 2048K, 28 young (57344K), 7 survivors (14336K)
 Metaspace       used 28147K, committed 28608K, reserved 1114112K
  class space    used 3964K, committed 4160K, reserved 1048576K
}
Event: 2.814 GC heap after
{Heap after GC invocations=6 (full 0):
 garbage-first heap   total 96256K, used 27760K [0x0000000700000000, 0x0000000800000000)
  region size 2048K, 2 young (4096K), 2 survivors (4096K)
 Metaspace       used 28147K, committed 28608K, reserved 1114112K
  class space    used 3964K, committed 4160K, reserved 1048576K
}
Event: 2.831 GC heap before
{Heap before GC invocations=6 (full 0):
 garbage-first heap   total 96256K, used 27760K [0x0000000700000000, 0x0000000800000000)
  region size 2048K, 3 young (6144K), 2 survivors (4096K)
 Metaspace       used 28482K, committed 28928K, reserved 1114112K
  class space    used 4024K, committed 4224K, reserved 1048576K
}
Event: 2.834 GC heap after
{Heap after GC invocations=7 (full 0):
 garbage-first heap   total 96256K, used 28437K [0x0000000700000000, 0x0000000800000000)
  region size 2048K, 1 young (2048K), 1 survivors (2048K)
 Metaspace       used 28482K, committed 28928K, reserved 1114112K
  class space    used 4024K, committed 4224K, reserved 1048576K
}
Event: 3.171 GC heap before
{Heap before GC invocations=7 (full 0):
 garbage-first heap   total 96256K, used 65301K [0x0000000700000000, 0x0000000800000000)
  region size 2048K, 20 young (40960K), 1 survivors (2048K)
 Metaspace       used 31655K, committed 32000K, reserved 1114112K
  class space    used 4456K, committed 4608K, reserved 1048576K
}
Event: 3.173 GC heap after
{Heap after GC invocations=8 (full 0):
 garbage-first heap   total 96256K, used 30546K [0x0000000700000000, 0x0000000800000000)
  region size 2048K, 2 young (4096K), 2 survivors (4096K)
 Metaspace       used 31655K, committed 32000K, reserved 1114112K
  class space    used 4456K, committed 4608K, reserved 1048576K
}
Event: 3.512 GC heap before
{Heap before GC invocations=8 (full 0):
 garbage-first heap   total 96256K, used 65362K [0x0000000700000000, 0x0000000800000000)
  region size 2048K, 19 young (38912K), 2 survivors (4096K)
 Metaspace       used 35607K, committed 35968K, reserved 1114112K
  class space    used 4948K, committed 5120K, reserved 1048576K
}
Event: 3.515 GC heap after
{Heap after GC invocations=9 (full 0):
 garbage-first heap   total 96256K, used 31956K [0x0000000700000000, 0x0000000800000000)
  region size 2048K, 3 young (6144K), 3 survivors (6144K)
 Metaspace       used 35607K, committed 35968K, reserved 1114112K
  class space    used 4948K, committed 5120K, reserved 1048576K
}
Event: 3.727 GC heap before
{Heap before GC invocations=10 (full 0):
 garbage-first heap   total 96256K, used 68820K [0x0000000700000000, 0x0000000800000000)
  region size 2048K, 22 young (45056K), 3 survivors (6144K)
 Metaspace       used 38101K, committed 38656K, reserved 1114112K
  class space    used 5231K, committed 5504K, reserved 1048576K
}
Event: 3.730 GC heap after
{Heap after GC invocations=11 (full 0):
 garbage-first heap   total 96256K, used 32848K [0x0000000700000000, 0x0000000800000000)
  region size 2048K, 2 young (4096K), 2 survivors (4096K)
 Metaspace       used 38101K, committed 38656K, reserved 1114112K
  class space    used 5231K, committed 5504K, reserved 1048576K
}
Event: 3.917 GC heap before
{Heap before GC invocations=11 (full 0):
 garbage-first heap   total 96256K, used 73808K [0x0000000700000000, 0x0000000800000000)
  region size 2048K, 22 young (45056K), 2 survivors (4096K)
 Metaspace       used 39006K, committed 39552K, reserved 1114112K
  class space    used 5312K, committed 5568K, reserved 1048576K
}
Event: 3.919 GC heap after
{Heap after GC invocations=12 (full 0):
 garbage-first heap   total 147456K, used 33194K [0x0000000700000000, 0x0000000800000000)
  region size 2048K, 2 young (4096K), 2 survivors (4096K)
 Metaspace       used 39006K, committed 39552K, reserved 1114112K
  class space    used 5312K, committed 5568K, reserved 1048576K
}
Event: 4.152 GC heap before
{Heap before GC invocations=12 (full 0):
 garbage-first heap   total 147456K, used 117162K [0x0000000700000000, 0x0000000800000000)
  region size 2048K, 43 young (88064K), 2 survivors (4096K)
 Metaspace       used 39119K, committed 39616K, reserved 1114112K
  class space    used 5312K, committed 5568K, reserved 1048576K
}
Event: 4.155 GC heap after
{Heap after GC invocations=13 (full 0):
 garbage-first heap   total 147456K, used 33731K [0x0000000700000000, 0x0000000800000000)
  region size 2048K, 2 young (4096K), 2 survivors (4096K)
 Metaspace       used 39119K, committed 39616K, reserved 1114112K
  class space    used 5312K, committed 5568K, reserved 1048576K
}
Event: 4.343 GC heap before
{Heap before GC invocations=13 (full 0):
 garbage-first heap   total 147456K, used 117699K [0x0000000700000000, 0x0000000800000000)
  region size 2048K, 43 young (88064K), 2 survivors (4096K)
 Metaspace       used 39151K, committed 39680K, reserved 1114112K
  class space    used 5313K, committed 5568K, reserved 1048576K
}
Event: 4.345 GC heap after
{Heap after GC invocations=14 (full 0):
 garbage-first heap   total 147456K, used 34308K [0x0000000700000000, 0x0000000800000000)
  region size 2048K, 3 young (6144K), 3 survivors (6144K)
 Metaspace       used 39151K, committed 39680K, reserved 1114112K
  class space    used 5313K, committed 5568K, reserved 1048576K
}
Event: 4.515 GC heap before
{Heap before GC invocations=14 (full 0):
 garbage-first heap   total 147456K, used 116228K [0x0000000700000000, 0x0000000800000000)
  region size 2048K, 43 young (88064K), 3 survivors (6144K)
 Metaspace       used 39158K, committed 39680K, reserved 1114112K
  class space    used 5313K, committed 5568K, reserved 1048576K
}
Event: 4.518 GC heap after
{Heap after GC invocations=15 (full 0):
 garbage-first heap   total 147456K, used 34561K [0x0000000700000000, 0x0000000800000000)
  region size 2048K, 3 young (6144K), 3 survivors (6144K)
 Metaspace       used 39158K, committed 39680K, reserved 1114112K
  class space    used 5313K, committed 5568K, reserved 1048576K
}
Event: 4.697 GC heap before
{Heap before GC invocations=15 (full 0):
 garbage-first heap   total 147456K, used 116481K [0x0000000700000000, 0x0000000800000000)
  region size 2048K, 43 young (88064K), 3 survivors (6144K)
 Metaspace       used 39160K, committed 39680K, reserved 1114112K
  class space    used 5313K, committed 5568K, reserved 1048576K
}
Event: 4.700 GC heap after
{Heap after GC invocations=16 (full 0):
 garbage-first heap   total 178176K, used 35150K [0x0000000700000000, 0x0000000800000000)
  region size 2048K, 3 young (6144K), 3 survivors (6144K)
 Metaspace       used 39160K, committed 39680K, reserved 1114112K
  class space    used 5313K, committed 5568K, reserved 1048576K
}

Dll operation events (15 events):
Event: 0.005 Loaded shared library C:\Program Files\Microsoft\jdk-17.0.14.7-hotspot\bin\java.dll
Event: 0.017 Loaded shared library C:\Program Files\Microsoft\jdk-17.0.14.7-hotspot\bin\jsvml.dll
Event: 0.047 Loaded shared library C:\Program Files\Microsoft\jdk-17.0.14.7-hotspot\bin\zip.dll
Event: 0.049 Loaded shared library C:\Program Files\Microsoft\jdk-17.0.14.7-hotspot\bin\instrument.dll
Event: 0.052 Loaded shared library C:\Program Files\Microsoft\jdk-17.0.14.7-hotspot\bin\net.dll
Event: 0.053 Loaded shared library C:\Program Files\Microsoft\jdk-17.0.14.7-hotspot\bin\nio.dll
Event: 0.055 Loaded shared library C:\Program Files\Microsoft\jdk-17.0.14.7-hotspot\bin\zip.dll
Event: 0.233 Loaded shared library C:\Program Files\Microsoft\jdk-17.0.14.7-hotspot\bin\jimage.dll
Event: 0.366 Loaded shared library C:\Program Files\Microsoft\jdk-17.0.14.7-hotspot\bin\verify.dll
Event: 0.431 Loaded shared library C:\Users\ASUS ROG\.gradle\native\1def1411415f61bf3af743bc5b6707747c0891f09f0c88961ee8f79bc544acac\windows-amd64\native-platform.dll
Event: 0.439 Loaded shared library C:\Users\ASUS ROG\.gradle\native\0.2.7\x86_64-windows-gnu\gradle-fileevents.dll
Event: 1.137 Loaded shared library C:\Program Files\Microsoft\jdk-17.0.14.7-hotspot\bin\management.dll
Event: 1.138 Loaded shared library C:\Program Files\Microsoft\jdk-17.0.14.7-hotspot\bin\management_ext.dll
Event: 1.275 Loaded shared library C:\Program Files\Microsoft\jdk-17.0.14.7-hotspot\bin\extnet.dll
Event: 1.386 Loaded shared library C:\Program Files\Microsoft\jdk-17.0.14.7-hotspot\bin\sunmscapi.dll

Deoptimization events (20 events):
Event: 4.808 Thread 0x0000025808dce000 DEOPT PACKING pc=0x00000257a6411cfa sp=0x000000b7073f56c0
Event: 4.808 Thread 0x0000025808dce000 DEOPT UNPACKING pc=0x00000257ad0d7143 sp=0x000000b7073f4dd0 mode 0
Event: 4.815 Thread 0x0000025808dce000 DEOPT PACKING pc=0x00000257a6411cfa sp=0x000000b7073f56c0
Event: 4.815 Thread 0x0000025808dce000 DEOPT UNPACKING pc=0x00000257ad0d7143 sp=0x000000b7073f4dd0 mode 0
Event: 4.818 Thread 0x0000025808dce000 DEOPT PACKING pc=0x00000257a6411cfa sp=0x000000b7073f56c0
Event: 4.818 Thread 0x0000025808dce000 DEOPT UNPACKING pc=0x00000257ad0d7143 sp=0x000000b7073f4dd0 mode 0
Event: 4.824 Thread 0x0000025808dce000 DEOPT PACKING pc=0x00000257a6411cfa sp=0x000000b7073f56c0
Event: 4.824 Thread 0x0000025808dce000 DEOPT UNPACKING pc=0x00000257ad0d7143 sp=0x000000b7073f4dd0 mode 0
Event: 4.831 Thread 0x0000025808dce000 DEOPT PACKING pc=0x00000257a6411cfa sp=0x000000b7073f56c0
Event: 4.831 Thread 0x0000025808dce000 DEOPT UNPACKING pc=0x00000257ad0d7143 sp=0x000000b7073f4dd0 mode 0
Event: 4.835 Thread 0x0000025808dce000 DEOPT PACKING pc=0x00000257a6411cfa sp=0x000000b7073f56c0
Event: 4.835 Thread 0x0000025808dce000 DEOPT UNPACKING pc=0x00000257ad0d7143 sp=0x000000b7073f4dd0 mode 0
Event: 4.837 Thread 0x0000025808dce000 DEOPT PACKING pc=0x00000257a6411cfa sp=0x000000b7073f56c0
Event: 4.837 Thread 0x0000025808dce000 DEOPT UNPACKING pc=0x00000257ad0d7143 sp=0x000000b7073f4dd0 mode 0
Event: 4.848 Thread 0x0000025808dce000 DEOPT PACKING pc=0x00000257a6411cfa sp=0x000000b7073f56c0
Event: 4.848 Thread 0x0000025808dce000 DEOPT UNPACKING pc=0x00000257ad0d7143 sp=0x000000b7073f4dd0 mode 0
Event: 4.852 Thread 0x0000025808dce000 DEOPT PACKING pc=0x00000257a6411cfa sp=0x000000b7073f56c0
Event: 4.852 Thread 0x0000025808dce000 DEOPT UNPACKING pc=0x00000257ad0d7143 sp=0x000000b7073f4dd0 mode 0
Event: 4.854 Thread 0x0000025808dce000 DEOPT PACKING pc=0x00000257a6411cfa sp=0x000000b7073f56c0
Event: 4.854 Thread 0x0000025808dce000 DEOPT UNPACKING pc=0x00000257ad0d7143 sp=0x000000b7073f4dd0 mode 0

Classes loaded (20 events):
Event: 3.635 Loading class java/lang/invoke/BoundMethodHandle$Species_LLLLLLLLLLLLLLLLLLLLLLLLL
Event: 3.635 Loading class java/lang/invoke/BoundMethodHandle$Species_LLLLLLLLLLLLLLLLLLLLLLLLL done
Event: 3.636 Loading class java/lang/invoke/BoundMethodHandle$Species_LLLLLLLLLLLLLLLLLLLLLLLLLL
Event: 3.636 Loading class java/lang/invoke/BoundMethodHandle$Species_LLLLLLLLLLLLLLLLLLLLLLLLLL done
Event: 3.759 Loading class java/nio/channels/Channels
Event: 3.759 Loading class java/nio/channels/Channels done
Event: 3.759 Loading class java/nio/channels/Channels$1
Event: 3.759 Loading class java/nio/channels/Channels$1 done
Event: 3.759 Loading class java/nio/charset/UnsupportedCharsetException
Event: 3.759 Loading class java/nio/charset/UnsupportedCharsetException done
Event: 3.760 Loading class java/util/Collections$UnmodifiableSortedMap
Event: 3.761 Loading class java/util/Collections$UnmodifiableSortedMap done
Event: 3.761 Loading class java/util/zip/Deflater
Event: 3.761 Loading class java/util/zip/Deflater done
Event: 3.762 Loading class java/util/zip/Deflater$DeflaterZStreamRef
Event: 3.762 Loading class java/util/zip/Deflater$DeflaterZStreamRef done
Event: 3.786 Loading class java/nio/StringCharBuffer
Event: 3.786 Loading class java/nio/StringCharBuffer done
Event: 3.788 Loading class jdk/internal/access/foreign/MemorySegmentProxy
Event: 3.788 Loading class jdk/internal/access/foreign/MemorySegmentProxy done

Classes unloaded (0 events):
No events

Classes redefined (0 events):
No events

Internal exceptions (20 events):
Event: 3.459 Thread 0x0000025808dce000 Exception <a 'java/lang/NoSuchMethodError'{0x00000007043457d8}: 'java.lang.Object java.lang.invoke.DirectMethodHandle$Holder.invokeSpecial(java.lang.Object, java.lang.Object, java.lang.Object, java.lang.Object, java.lang.Object, java.lang.Object, java.lang.Object, java.lang.Object, java.lang.Object, java.lang.Object, java.lang.Object, java.lang.Object)'> (0x00000007043457d8) 
thrown [s\src\hotspot\share\interpreter\linkResolver.cpp, line 759]
Event: 3.460 Thread 0x0000025808dce000 Exception <a 'java/lang/NoSuchMethodError'{0x000000070434ae70}: 'java.lang.Object java.lang.invoke.Invokers$Holder.linkToTargetMethod(java.lang.Object, java.lang.Object, java.lang.Object, java.lang.Object, java.lang.Object, java.lang.Object, java.lang.Object, java.lang.Object, java.lang.Object, java.lang.Object, java.lang.Object)'> (0x000000070434ae70) 
thrown [s\src\hotspot\share\interpreter\linkResolver.cpp, line 759]
Event: 3.465 Thread 0x0000025808dce000 Exception <a 'java/lang/NoSuchMethodError'{0x00000007043e30a8}: 'java.lang.Object java.lang.invoke.DirectMethodHandle$Holder.newInvokeSpecial(java.lang.Object, java.lang.Object, java.lang.Object, java.lang.Object, java.lang.Object, java.lang.Object, java.lang.Object, java.lang.Object, java.lang.Object, java.lang.Object, java.lang.Object, java.lang.Object)'> (0x00000007043e30a8) 
thrown [s\src\hotspot\share\interpreter\linkResolver.cpp, line 759]
Event: 3.465 Thread 0x0000025808dce000 Exception <a 'java/lang/NoSuchMethodError'{0x00000007043e8dc8}: 'java.lang.Object java.lang.invoke.DirectMethodHandle$Holder.invokeSpecial(java.lang.Object, java.lang.Object, java.lang.Object, java.lang.Object, java.lang.Object, java.lang.Object, java.lang.Object, java.lang.Object, java.lang.Object, java.lang.Object, java.lang.Object, java.lang.Object, java.lang.Object)'> (0x00000007043e8dc8) 
thrown [s\src\hotspot\share\interpreter\linkResolver.cpp, line 759]
Event: 3.465 Thread 0x0000025808dce000 Exception <a 'java/lang/NoSuchMethodError'{0x00000007043ee5e8}: 'java.lang.Object java.lang.invoke.Invokers$Holder.linkToTargetMethod(java.lang.Object, java.lang.Object, java.lang.Object, java.lang.Object, java.lang.Object, java.lang.Object, java.lang.Object, java.lang.Object, java.lang.Object, java.lang.Object, java.lang.Object, java.lang.Object)'> (0x00000007043ee5e8) 
thrown [s\src\hotspot\share\interpreter\linkResolver.cpp, line 759]
Event: 3.564 Thread 0x0000025808dce000 Exception <a 'java/lang/NoSuchMethodError'{0x00000007086d27d0}: 'void java.lang.invoke.DirectMethodHandle$Holder.invokeInterface(java.lang.Object, java.lang.Object)'> (0x00000007086d27d0) 
thrown [s\src\hotspot\share\interpreter\linkResolver.cpp, line 759]
Event: 3.603 Thread 0x0000025808dce000 Exception <a 'sun/nio/fs/WindowsException'{0x0000000708546eb0}> (0x0000000708546eb0) 
thrown [s\src\hotspot\share\prims\jni.cpp, line 516]
Event: 3.604 Thread 0x0000025808dce000 Exception <a 'sun/nio/fs/WindowsException'{0x00000007085488d8}> (0x00000007085488d8) 
thrown [s\src\hotspot\share\prims\jni.cpp, line 516]
Event: 3.604 Thread 0x0000025808dce000 Exception <a 'sun/nio/fs/WindowsException'{0x000000070854a2f8}> (0x000000070854a2f8) 
thrown [s\src\hotspot\share\prims\jni.cpp, line 516]
Event: 3.604 Thread 0x0000025808dce000 Exception <a 'sun/nio/fs/WindowsException'{0x000000070854b910}> (0x000000070854b910) 
thrown [s\src\hotspot\share\prims\jni.cpp, line 516]
Event: 3.614 Thread 0x0000025808dce000 Exception <a 'java/lang/NoSuchMethodError'{0x000000070826f3b0}: 'java.lang.Object java.lang.invoke.Invokers$Holder.invoker(java.lang.Object, java.lang.Object, java.lang.Object, java.lang.Object, java.lang.Object, java.lang.Object)'> (0x000000070826f3b0) 
thrown [s\src\hotspot\share\interpreter\linkResolver.cpp, line 759]
Event: 3.628 Thread 0x0000025808dce000 Exception <a 'java/lang/NoSuchMethodError'{0x00000007083cf958}: 'java.lang.Object java.lang.invoke.DelegatingMethodHandle$Holder.reinvoke_L(java.lang.Object, java.lang.Object, java.lang.Object, java.lang.Object, java.lang.Object, java.lang.Object, java.lang.Object, java.lang.Object, java.lang.Object, java.lang.Object, java.lang.Object, java.lang.Object, java.lang.Object, java.lang.Object, java.lang.Object, java.lang.Object, java.lang.Object, java.lang.Object, java.lang.Object, java.lang.Object, java.lang.O
Event: 3.628 Thread 0x0000025808dce000 Exception <a 'java/lang/NoSuchMethodError'{0x00000007083dc1b0}: 'java.lang.Object java.lang.invoke.Invokers$Holder.invoker(java.lang.Object, java.lang.Object, java.lang.Object, java.lang.Object, java.lang.Object, java.lang.Object, java.lang.Object, java.lang.Object, java.lang.Object, java.lang.Object, java.lang.Object, java.lang.Object, java.lang.Object, java.lang.Object, java.lang.Object, java.lang.Object, java.lang.Object, java.lang.Object, java.lang.Object, java.lang.Object, java.lang.Object, java.lang.
Event: 3.628 Thread 0x0000025808dce000 Exception <a 'java/lang/NoSuchMethodError'{0x00000007083e3320}: 'java.lang.Object java.lang.invoke.DelegatingMethodHandle$Holder.delegate(java.lang.Object, java.lang.Object, java.lang.Object, java.lang.Object, java.lang.Object, java.lang.Object, java.lang.Object, java.lang.Object, java.lang.Object, java.lang.Object, java.lang.Object, java.lang.Object, java.lang.Object, java.lang.Object, java.lang.Object, java.lang.Object, java.lang.Object, java.lang.Object, java.lang.Object, java.lang.Object, java.lang.Obj
Event: 3.634 Thread 0x0000025808dce000 Exception <a 'java/lang/NoSuchMethodError'{0x00000007080b4648}: 'java.lang.Object java.lang.invoke.DirectMethodHandle$Holder.invokeStatic(java.lang.Object, java.lang.Object, java.lang.Object, java.lang.Object, java.lang.Object, java.lang.Object, java.lang.Object, java.lang.Object, java.lang.Object, java.lang.Object, java.lang.Object, java.lang.Object, java.lang.Object, java.lang.Object, java.lang.Object, java.lang.Object, java.lang.Object, java.lang.Object, java.lang.Object, java.lang.Object, java.lang.Obj
Event: 3.635 Thread 0x0000025808dce000 Exception <a 'java/lang/NoSuchMethodError'{0x00000007080e9340}: 'java.lang.Object java.lang.invoke.DirectMethodHandle$Holder.invokeStatic(java.lang.Object, java.lang.Object, java.lang.Object, java.lang.Object, java.lang.Object, java.lang.Object, java.lang.Object, java.lang.Object, java.lang.Object, java.lang.Object, java.lang.Object, java.lang.Object, java.lang.Object, java.lang.Object, java.lang.Object, java.lang.Object, java.lang.Object, java.lang.Object, java.lang.Object, java.lang.Object, java.lang.Obj
Event: 3.637 Thread 0x0000025808dce000 Exception <a 'java/lang/NoSuchMethodError'{0x000000070811f9a8}: 'java.lang.Object java.lang.invoke.DirectMethodHandle$Holder.invokeStatic(java.lang.Object, java.lang.Object, java.lang.Object, java.lang.Object, java.lang.Object, java.lang.Object, java.lang.Object, java.lang.Object, java.lang.Object, java.lang.Object, java.lang.Object, java.lang.Object, java.lang.Object, java.lang.Object, java.lang.Object, java.lang.Object, java.lang.Object, java.lang.Object, java.lang.Object, java.lang.Object, java.lang.Obj
Event: 3.755 Thread 0x0000025808dce000 Exception <a 'sun/nio/fs/WindowsException'{0x00000007087e1bf8}> (0x00000007087e1bf8) 
thrown [s\src\hotspot\share\prims\jni.cpp, line 516]
Event: 3.755 Thread 0x0000025808dce000 Exception <a 'sun/nio/fs/WindowsException'{0x00000007087e3718}> (0x00000007087e3718) 
thrown [s\src\hotspot\share\prims\jni.cpp, line 516]
Event: 3.764 Thread 0x0000025808dce000 Exception <a 'java/lang/NoSuchMethodError'{0x00000007084e6310}: 'void java.lang.invoke.DirectMethodHandle$Holder.invokeSpecial(java.lang.Object, java.lang.Object, java.lang.Object, java.lang.Object, java.lang.Object, java.lang.Object)'> (0x00000007084e6310) 
thrown [s\src\hotspot\share\interpreter\linkResolver.cpp, line 759]

VM Operations (20 events):
Event: 3.787 Executing VM operation: HandshakeAllThreads
Event: 3.787 Executing VM operation: HandshakeAllThreads done
Event: 3.787 Executing VM operation: HandshakeAllThreads
Event: 3.787 Executing VM operation: HandshakeAllThreads done
Event: 3.917 Executing VM operation: G1CollectForAllocation
Event: 3.919 Executing VM operation: G1CollectForAllocation done
Event: 4.152 Executing VM operation: G1CollectForAllocation
Event: 4.155 Executing VM operation: G1CollectForAllocation done
Event: 4.343 Executing VM operation: G1CollectForAllocation
Event: 4.345 Executing VM operation: G1CollectForAllocation done
Event: 4.405 Executing VM operation: HandshakeAllThreads
Event: 4.405 Executing VM operation: HandshakeAllThreads done
Event: 4.428 Executing VM operation: HandshakeAllThreads
Event: 4.428 Executing VM operation: HandshakeAllThreads done
Event: 4.436 Executing VM operation: HandshakeAllThreads
Event: 4.436 Executing VM operation: HandshakeAllThreads done
Event: 4.515 Executing VM operation: G1CollectForAllocation
Event: 4.518 Executing VM operation: G1CollectForAllocation done
Event: 4.697 Executing VM operation: G1CollectForAllocation
Event: 4.700 Executing VM operation: G1CollectForAllocation done

Memory protections (0 events):
No events

Nmethod flushes (20 events):
Event: 4.443 Thread 0x00000257c1556580 flushing  nmethod 0x00000257a64d0290
Event: 4.443 Thread 0x00000257c1556580 flushing  nmethod 0x00000257a64d2e10
Event: 4.443 Thread 0x00000257c1556580 flushing  nmethod 0x00000257a64d3c90
Event: 4.443 Thread 0x00000257c1556580 flushing  nmethod 0x00000257a64e7d90
Event: 4.443 Thread 0x00000257c1556580 flushing  nmethod 0x00000257a64e8390
Event: 4.443 Thread 0x00000257c1556580 flushing  nmethod 0x00000257a64eba90
Event: 4.443 Thread 0x00000257c1556580 flushing  nmethod 0x00000257a64ece10
Event: 4.443 Thread 0x00000257c1556580 flushing  nmethod 0x00000257a64edd10
Event: 4.443 Thread 0x00000257c1556580 flushing  nmethod 0x00000257a64ee890
Event: 4.443 Thread 0x00000257c1556580 flushing  nmethod 0x00000257a64ef010
Event: 4.443 Thread 0x00000257c1556580 flushing  nmethod 0x00000257a64ef910
Event: 4.443 Thread 0x00000257c1556580 flushing  nmethod 0x00000257a64f1990
Event: 4.443 Thread 0x00000257c1556580 flushing  nmethod 0x00000257a64f2c90
Event: 4.443 Thread 0x00000257c1556580 flushing  nmethod 0x00000257a64f5390
Event: 4.443 Thread 0x00000257c1556580 flushing  nmethod 0x00000257a64f9990
Event: 4.443 Thread 0x00000257c1556580 flushing  nmethod 0x00000257a64fa090
Event: 4.443 Thread 0x00000257c1556580 flushing  nmethod 0x00000257a64fa810
Event: 4.443 Thread 0x00000257c1556580 flushing  nmethod 0x00000257a64fc490
Event: 4.443 Thread 0x00000257c1556580 flushing  nmethod 0x00000257a64fd990
Event: 4.443 Thread 0x00000257c1556580 flushing  nmethod 0x00000257a6505210

Events (20 events):
Event: 1.408 Thread 0x0000025808d31ec0 Thread added: 0x0000025808f35570
Event: 1.410 Thread 0x0000025808f35570 Thread added: 0x0000025808f2d160
Event: 1.438 Thread 0x0000025808f35570 Thread added: 0x0000025808dcb270
Event: 1.443 Thread 0x0000025808f35570 Thread added: 0x0000025808dce000
Event: 1.450 Thread 0x0000025808dce000 Thread added: 0x0000025808dcb780
Event: 1.452 Thread 0x0000025808dce000 Thread added: 0x0000025808dcd5e0
Event: 1.456 Thread 0x0000025808dce000 Thread added: 0x0000025808dcea20
Event: 1.700 Thread 0x0000025808dce000 Thread added: 0x0000025808dccbc0
Event: 1.706 Thread 0x0000025808dce000 Thread added: 0x0000025808dcc6b0
Event: 1.722 Thread 0x0000025808dce000 Thread added: 0x0000025808dcd0d0
Event: 2.200 Thread 0x0000025808dce000 Thread added: 0x0000025808dcdaf0
Event: 2.214 Thread 0x0000025808dce000 Thread added: 0x0000025808dcbc90
Event: 2.397 Thread 0x0000025808dce000 Thread added: 0x0000025808dce510
Event: 2.402 Thread 0x0000025808dce000 Thread added: 0x000002580b2d9b50
Event: 3.057 Thread 0x0000025808dce000 Thread added: 0x000002580b2d72d0
Event: 3.151 Thread 0x0000025808dce000 Thread added: 0x000002580b2d8200
Event: 3.171 Thread 0x0000025808dce000 Thread added: 0x000002580b2da570
Event: 3.471 Thread 0x0000025808dce000 Thread added: 0x000002580b2d8710
Event: 3.488 Thread 0x0000025808dce000 Thread added: 0x000002580b2d9640
Event: 3.591 Thread 0x0000025808dce000 Thread added: 0x000002580b2da060


Dynamic libraries:
0x00007ff7ca720000 - 0x00007ff7ca72e000 	C:\Program Files\Microsoft\jdk-17.0.14.7-hotspot\bin\java.exe
0x00007ff9f0190000 - 0x00007ff9f0388000 	C:\Windows\SYSTEM32\ntdll.dll
0x00007ff9ee6c0000 - 0x00007ff9ee782000 	C:\Windows\System32\KERNEL32.DLL
0x00007ff9edd80000 - 0x00007ff9ee07f000 	C:\Windows\System32\KERNELBASE.dll
0x00007ff9edbf0000 - 0x00007ff9edcf0000 	C:\Windows\System32\ucrtbase.dll
0x00007ff9bc9a0000 - 0x00007ff9bc9bd000 	C:\Program Files\Microsoft\jdk-17.0.14.7-hotspot\bin\VCRUNTIME140.dll
0x00007ff9bca80000 - 0x00007ff9bca97000 	C:\Program Files\Microsoft\jdk-17.0.14.7-hotspot\bin\jli.dll
0x00007ff9eff10000 - 0x00007ff9f00ad000 	C:\Windows\System32\USER32.dll
0x00007ff9ed830000 - 0x00007ff9ed852000 	C:\Windows\System32\win32u.dll
0x00007ff9dbe30000 - 0x00007ff9dc0ca000 	C:\Windows\WinSxS\amd64_microsoft.windows.common-controls_6595b64144ccf1df_6.0.19041.4355_none_60b8b9eb71f62e16\COMCTL32.dll
0x00007ff9eed60000 - 0x00007ff9eed8b000 	C:\Windows\System32\GDI32.dll
0x00007ff9eeea0000 - 0x00007ff9eef3e000 	C:\Windows\System32\msvcrt.dll
0x00007ff9ed8d0000 - 0x00007ff9ed9ea000 	C:\Windows\System32\gdi32full.dll
0x00007ff9ed9f0000 - 0x00007ff9eda8d000 	C:\Windows\System32\msvcp_win.dll
0x00007ff9ef060000 - 0x00007ff9ef08f000 	C:\Windows\System32\IMM32.DLL
0x00007ff9d5280000 - 0x00007ff9d528c000 	C:\Program Files\Microsoft\jdk-17.0.14.7-hotspot\bin\vcruntime140_1.dll
0x00007ff97c4c0000 - 0x00007ff97c54d000 	C:\Program Files\Microsoft\jdk-17.0.14.7-hotspot\bin\msvcp140.dll
0x00007ff97b840000 - 0x00007ff97c4b2000 	C:\Program Files\Microsoft\jdk-17.0.14.7-hotspot\bin\server\jvm.dll
0x00007ff9ee890000 - 0x00007ff9ee93f000 	C:\Windows\System32\ADVAPI32.dll
0x00007ff9ef090000 - 0x00007ff9ef12f000 	C:\Windows\System32\sechost.dll
0x00007ff9eebc0000 - 0x00007ff9eece3000 	C:\Windows\System32\RPCRT4.dll
0x00007ff9ee180000 - 0x00007ff9ee1a7000 	C:\Windows\System32\bcrypt.dll
0x00007ff9eeb50000 - 0x00007ff9eebbb000 	C:\Windows\System32\WS2_32.dll
0x00007ff9ecd70000 - 0x00007ff9ecdbb000 	C:\Windows\SYSTEM32\POWRPROF.dll
0x00007ff9e2db0000 - 0x00007ff9e2dd7000 	C:\Windows\SYSTEM32\WINMM.dll
0x00007ff9e6d60000 - 0x00007ff9e6d6a000 	C:\Windows\SYSTEM32\VERSION.dll
0x00007ff9ecc30000 - 0x00007ff9ecc42000 	C:\Windows\SYSTEM32\UMPDC.dll
0x00007ff9ec050000 - 0x00007ff9ec062000 	C:\Windows\SYSTEM32\kernel.appcore.dll
0x00007ff9c2200000 - 0x00007ff9c220a000 	C:\Program Files\Microsoft\jdk-17.0.14.7-hotspot\bin\jimage.dll
0x00007ff9eb3f0000 - 0x00007ff9eb5d4000 	C:\Windows\SYSTEM32\DBGHELP.DLL
0x00007ff9d0c70000 - 0x00007ff9d0ca4000 	C:\Windows\SYSTEM32\dbgcore.DLL
0x00007ff9edcf0000 - 0x00007ff9edd72000 	C:\Windows\System32\bcryptPrimitives.dll
0x00007ff9bc940000 - 0x00007ff9bc94e000 	C:\Program Files\Microsoft\jdk-17.0.14.7-hotspot\bin\instrument.dll
0x00007ff9a95b0000 - 0x00007ff9a95d5000 	C:\Program Files\Microsoft\jdk-17.0.14.7-hotspot\bin\java.dll
0x00007ff97b760000 - 0x00007ff97b837000 	C:\Program Files\Microsoft\jdk-17.0.14.7-hotspot\bin\jsvml.dll
0x00007ff9ef210000 - 0x00007ff9ef97d000 	C:\Windows\System32\SHELL32.dll
0x00007ff9eb890000 - 0x00007ff9ec034000 	C:\Windows\SYSTEM32\windows.storage.dll
0x00007ff9ee1b0000 - 0x00007ff9ee505000 	C:\Windows\System32\combase.dll
0x00007ff9ed260000 - 0x00007ff9ed28b000 	C:\Windows\SYSTEM32\Wldp.dll
0x00007ff9ee940000 - 0x00007ff9eea0d000 	C:\Windows\System32\OLEAUT32.dll
0x00007ff9eed90000 - 0x00007ff9eee3d000 	C:\Windows\System32\SHCORE.dll
0x00007ff9eecf0000 - 0x00007ff9eed45000 	C:\Windows\System32\shlwapi.dll
0x00007ff9ed760000 - 0x00007ff9ed785000 	C:\Windows\SYSTEM32\profapi.dll
0x00007ff9a93d0000 - 0x00007ff9a93e8000 	C:\Program Files\Microsoft\jdk-17.0.14.7-hotspot\bin\zip.dll
0x00007ff9bad20000 - 0x00007ff9bad3a000 	C:\Program Files\Microsoft\jdk-17.0.14.7-hotspot\bin\net.dll
0x00007ff9e5e70000 - 0x00007ff9e5f7a000 	C:\Windows\SYSTEM32\WINHTTP.dll
0x00007ff9ecfc0000 - 0x00007ff9ed02c000 	C:\Windows\system32\mswsock.dll
0x00007ff9ba0f0000 - 0x00007ff9ba106000 	C:\Program Files\Microsoft\jdk-17.0.14.7-hotspot\bin\nio.dll
0x00007ff9bf720000 - 0x00007ff9bf730000 	C:\Program Files\Microsoft\jdk-17.0.14.7-hotspot\bin\verify.dll
0x00007ff9a58e0000 - 0x00007ff9a5907000 	C:\Users\ASUS ROG\.gradle\native\1def1411415f61bf3af743bc5b6707747c0891f09f0c88961ee8f79bc544acac\windows-amd64\native-platform.dll
0x00007ff97b6e0000 - 0x00007ff97b758000 	C:\Users\ASUS ROG\.gradle\native\0.2.7\x86_64-windows-gnu\gradle-fileevents.dll
0x00007ff9bee30000 - 0x00007ff9bee3a000 	C:\Program Files\Microsoft\jdk-17.0.14.7-hotspot\bin\management.dll
0x00007ff9be0d0000 - 0x00007ff9be0db000 	C:\Program Files\Microsoft\jdk-17.0.14.7-hotspot\bin\management_ext.dll
0x00007ff9f00b0000 - 0x00007ff9f00b8000 	C:\Windows\System32\PSAPI.DLL
0x00007ff9ecc50000 - 0x00007ff9ecc8b000 	C:\Windows\SYSTEM32\IPHLPAPI.DLL
0x00007ff9eed50000 - 0x00007ff9eed58000 	C:\Windows\System32\NSI.dll
0x00007ff9e69f0000 - 0x00007ff9e6a07000 	C:\Windows\SYSTEM32\dhcpcsvc6.DLL
0x00007ff9e6990000 - 0x00007ff9e69ad000 	C:\Windows\SYSTEM32\dhcpcsvc.DLL
0x00007ff9ecca0000 - 0x00007ff9ecd6a000 	C:\Windows\SYSTEM32\DNSAPI.dll
0x00007ff9bcaf0000 - 0x00007ff9bcaf9000 	C:\Program Files\Microsoft\jdk-17.0.14.7-hotspot\bin\extnet.dll
0x00007ff9ed1c0000 - 0x00007ff9ed1d8000 	C:\Windows\SYSTEM32\CRYPTSP.dll
0x00007ff9ec870000 - 0x00007ff9ec8a8000 	C:\Windows\system32\rsaenh.dll
0x00007ff9ed6e0000 - 0x00007ff9ed70e000 	C:\Windows\SYSTEM32\USERENV.dll
0x00007ff9ed1b0000 - 0x00007ff9ed1bc000 	C:\Windows\SYSTEM32\CRYPTBASE.dll
0x00007ff9bb640000 - 0x00007ff9bb64e000 	C:\Program Files\Microsoft\jdk-17.0.14.7-hotspot\bin\sunmscapi.dll
0x00007ff9eda90000 - 0x00007ff9edbec000 	C:\Windows\System32\CRYPT32.dll
0x00007ff9ed2d0000 - 0x00007ff9ed2f7000 	C:\Windows\SYSTEM32\ncrypt.dll
0x00007ff9ed290000 - 0x00007ff9ed2cb000 	C:\Windows\SYSTEM32\NTASN1.dll
0x00007ff9d1a60000 - 0x00007ff9d1a67000 	C:\Windows\system32\wshunix.dll

dbghelp: loaded successfully - version: 4.0.5 - missing functions: none
symbol engine: initialized successfully - sym options: 0x614 - pdb path: .;C:\Program Files\Microsoft\jdk-17.0.14.7-hotspot\bin;C:\Windows\SYSTEM32;C:\Windows\WinSxS\amd64_microsoft.windows.common-controls_6595b64144ccf1df_6.0.19041.4355_none_60b8b9eb71f62e16;C:\Program Files\Microsoft\jdk-17.0.14.7-hotspot\bin\server;C:\Users\ASUS ROG\.gradle\native\1def1411415f61bf3af743bc5b6707747c0891f09f0c88961ee8f79bc544acac\windows-amd64;C:\Users\ASUS ROG\.gradle\native\0.2.7\x86_64-windows-gnu

VM Arguments:
jvm_args: --add-opens=java.base/java.lang=ALL-UNNAMED --add-opens=java.base/java.lang.invoke=ALL-UNNAMED --add-opens=java.base/java.util=ALL-UNNAMED --add-opens=java.prefs/java.util.prefs=ALL-UNNAMED --add-exports=jdk.compiler/com.sun.tools.javac.api=ALL-UNNAMED --add-exports=jdk.compiler/com.sun.tools.javac.util=ALL-UNNAMED --add-opens=java.base/java.util=ALL-UNNAMED --add-opens=java.prefs/java.util.prefs=ALL-UNNAMED --add-opens=java.base/java.nio.charset=ALL-UNNAMED --add-opens=java.base/java.net=ALL-UNNAMED --add-opens=java.base/java.util.concurrent.atomic=ALL-UNNAMED --add-opens=java.xml/javax.xml.namespace=ALL-UNNAMED -Xmx4096m -Dfile.encoding=UTF-8 -Duser.country=US -Duser.language=en -Duser.variant -javaagent:C:\Users\ASUS ROG\.gradle\wrapper\dists\gradle-8.13-bin\5xuhj0ry160q40clulazy9h7d\gradle-8.13\lib\agents\gradle-instrumentation-agent-8.13.jar 
java_command: org.gradle.launcher.daemon.bootstrap.GradleDaemon 8.13
java_class_path (initial): C:\Users\ASUS ROG\.gradle\wrapper\dists\gradle-8.13-bin\5xuhj0ry160q40clulazy9h7d\gradle-8.13\lib\gradle-daemon-main-8.13.jar
Launcher Type: SUN_STANDARD

[Global flags]
     intx CICompilerCount                          = 4                                         {product} {ergonomic}
     uint ConcGCThreads                            = 3                                         {product} {ergonomic}
     uint G1ConcRefinementThreads                  = 10                                        {product} {ergonomic}
   size_t G1HeapRegionSize                         = 2097152                                   {product} {ergonomic}
    uintx GCDrainStackTargetSize                   = 64                                        {product} {ergonomic}
   size_t InitialHeapSize                          = 266338304                                 {product} {ergonomic}
   size_t MarkStackSize                            = 4194304                                   {product} {ergonomic}
   size_t MaxHeapSize                              = 4294967296                                {product} {command line}
   size_t MaxNewSize                               = 2575302656                                {product} {ergonomic}
   size_t MinHeapDeltaBytes                        = 2097152                                   {product} {ergonomic}
   size_t MinHeapSize                              = 8388608                                   {product} {ergonomic}
    uintx NonNMethodCodeHeapSize                   = 5839372                                {pd product} {ergonomic}
    uintx NonProfiledCodeHeapSize                  = 122909434                              {pd product} {ergonomic}
    uintx ProfiledCodeHeapSize                     = 122909434                              {pd product} {ergonomic}
    uintx ReservedCodeCacheSize                    = 251658240                              {pd product} {ergonomic}
     bool SegmentedCodeCache                       = true                                      {product} {ergonomic}
   size_t SoftMaxHeapSize                          = 4294967296                             {manageable} {ergonomic}
     bool UseCompressedClassPointers               = true                           {product lp64_product} {ergonomic}
     bool UseCompressedOops                        = true                           {product lp64_product} {ergonomic}
     bool UseG1GC                                  = true                                      {product} {ergonomic}
     bool UseLargePagesIndividualAllocation        = false                                  {pd product} {ergonomic}

Logging:
Log output configuration:
 #0: stdout all=warning uptime,level,tags
 #1: stderr all=off uptime,level,tags

Environment Variables:
JAVA_HOME=C:\Program Files\Microsoft\jdk-17.0.14.7-hotspot\
CLASSPATH=D:\CSE441\FirstDemoApp\FirstDemoApp\android\\gradle\wrapper\gradle-wrapper.jar
PATH=D:\CSE441\FirstDemoApp\FirstDemoApp\node_modules\.bin;D:\CSE441\FirstDemoApp\FirstDemoApp\android\node_modules\.bin;D:\CSE441\FirstDemoApp\FirstDemoApp\node_modules\.bin;D:\CSE441\FirstDemoApp\node_modules\.bin;D:\CSE441\node_modules\.bin;D:\node_modules\.bin;C:\Program Files\nodejs\node_modules\npm\node_modules\@npmcli\run-script\lib\node-gyp-bin;C:\Program Files\Microsoft\jdk-17.0.14.7-hotspot\bin;C:\Python313\Scripts\;C:\Python313\;E:\Oculus\Support\oculus-runtime;C:\Program Files\Common Files\Oracle\Java\javapath;C:\Windows\system32;C:\Windows;C:\Windows\System32\Wbem;C:\Windows\System32\WindowsPowerShell\v1.0\;C:\Windows\System32\OpenSSH\;D:\Git\cmd;C:\Program Files\Java\jdk-17.0.3.1\bin;C:\Program Files (x86)\Microsoft SQL Server\160\DTS\Binn\;C:\Program Files\Azure Data Studio\bin;C:\Program Files (x86)\Microsoft SQL Server\160\Tools\Binn\;C:\Program Files\Microsoft SQL Server\160\Tools\Binn\;C:\Program Files\Microsoft SQL Server\Client SDK\ODBC\170\Tools\Binn\;C:\Program Files\Microsoft SQL Server\160\DTS\Binn\;C:\Program Files\Intel\WiFi\bin\;C:\Program Files\Common Files\Intel\WirelessCommon\;C:\Program Files (x86)\NVIDIA Corporation\PhysX\Common;C:\ProgramData\chocolatey\bin;C:\Users\ASUS ROG\AppData\Roaming\nvm;C:\Program Files\nodejs;D:\Maven\apache-maven-3.9.5\bin;C:\Program Files\Microsoft SQL Server\150\Tools\Binn\;C:\Program Files\Java\jdk-17.0.1\bin;C:\Program Files\dotnet\;C:\Program Files\Cloudflare\Cloudflare WARP\;C:\Program Files\NVIDIA Corporation\NVIDIA app\NvDLISR;C:\Program Files\nodejs\;C:\Users\ASUS ROG\AppData\Local\Programs\Python\Python312\Scripts\;C:\Users\ASUS ROG\AppData\Local\Programs\Python\Python312\;C:\Users\ASUS ROG\AppData\Local\Programs\Python\Launcher\;C:\Users\ASUS ROG\AppData\Local\Microsoft\WindowsApps;D:\Microsoft VS Code\bin;C:\Users\ASUS ROG\AppData\Local\GitHubDesktop\bin;C:\Users\ASUS ROG\.dotnet\tools;C:\Users\ASUS ROG\AppData\Roaming\npm;C:\Users\ASUS ROG\.bun\bin;C:\Users\ASUS ROG\.bun\bin;C:\Users\ASUS ROG\.bun\bin;C:\Users\ASUS ROG\.bun\bin;C:\Users\ASUS ROG\.bun\bin;D:\Android\SDK\platform-tools
USERNAME=ASUS ROG
LANG=en_US.UTF-8
OS=Windows_NT
PROCESSOR_IDENTIFIER=Intel64 Family 6 Model 158 Stepping 10, GenuineIntel
TMP=C:\Users\ASUSRO~1\AppData\Local\Temp
TEMP=C:\Users\ASUSRO~1\AppData\Local\Temp



Periodic native trim disabled


---------------  S Y S T E M  ---------------

OS:
 Windows 10 , 64 bit Build 19041 (10.0.19041.5438)
OS uptime: 0 days 0:31 hours

CPU: total 12 (initial active 12) (6 cores per cpu, 2 threads per core) family 6 model 158 stepping 10 microcode 0xd2, cx8, cmov, fxsr, ht, mmx, 3dnowpref, sse, sse2, sse3, ssse3, sse4.1, sse4.2, popcnt, lzcnt, tsc, tscinvbit, avx, avx2, aes, erms, clmul, bmi1, bmi2, adx, fma, vzeroupper, clflush, clflushopt
Processor Information for the first 12 processors :
  Max Mhz: 2592, Current Mhz: 2592, Mhz Limit: 2592

Memory: 4k page, system-wide physical 16235M (2616M free)
TotalPageFile size 16235M (AvailPageFile size 78M)
current process WorkingSet (physical memory assigned to process): 376M, peak: 376M
current process commit charge ("private bytes"): 428M, peak: 476M

vm_info: OpenJDK 64-Bit Server VM (17.0.14+7-LTS) for windows-amd64 JRE (17.0.14+7-LTS), built on Jan  8 2025 23:39:28 by "MicrosoftCorporation" with unknown MS VC++:1939

END.
