#
# There is insufficient memory for the Java Runtime Environment to continue.
# Native memory allocation (malloc) failed to allocate 1334976 bytes. Error detail: Chunk::new
# Possible reasons:
#   The system is out of physical RAM or swap space
#   This process is running with CompressedOops enabled, and the Java Heap may be blocking the growth of the native heap
# Possible solutions:
#   Reduce memory load on the system
#   Increase physical memory or swap space
#   Check if swap backing store is full
#   Decrease Java heap size (-Xmx/-Xms)
#   Decrease number of Java threads
#   Decrease Java thread stack sizes (-Xss)
#   Set larger code cache with -XX:ReservedCodeCacheSize=
#   JVM is running with Unscaled Compressed Oops mode in which the Java heap is
#     placed in the first 4GB address space. The Java Heap base address is the
#     maximum limit for the native heap growth. Please use -XX:HeapBaseMinAddress
#     to set the Java Heap base and to place the Java Heap above 4GB virtual address.
# This output file may be truncated or incomplete.
#
#  Out of Memory Error (arena.cpp:191), pid=288, tid=2228
#
# JRE version: OpenJDK Runtime Environment Microsoft-10800295 (17.0.14+7) (build 17.0.14+7-LTS)
# Java VM: OpenJDK 64-Bit Server VM Microsoft-10800295 (17.0.14+7-LTS, mixed mode, sharing, tiered, compressed oops, compressed class ptrs, g1 gc, windows-amd64)
# No core dump will be written. Minidumps are not enabled by default on client versions of Windows
#

---------------  S U M M A R Y ------------

Command Line: --add-opens=java.base/java.lang=ALL-UNNAMED --add-opens=java.base/java.lang.invoke=ALL-UNNAMED --add-opens=java.base/java.util=ALL-UNNAMED --add-opens=java.prefs/java.util.prefs=ALL-UNNAMED --add-exports=jdk.compiler/com.sun.tools.javac.api=ALL-UNNAMED --add-exports=jdk.compiler/com.sun.tools.javac.util=ALL-UNNAMED --add-opens=java.base/java.util=ALL-UNNAMED --add-opens=java.prefs/java.util.prefs=ALL-UNNAMED --add-opens=java.base/java.nio.charset=ALL-UNNAMED --add-opens=java.base/java.net=ALL-UNNAMED --add-opens=java.base/java.util.concurrent.atomic=ALL-UNNAMED --add-opens=java.xml/javax.xml.namespace=ALL-UNNAMED -XX:MaxMetaspaceSize=512m -Xmx2048m -Dfile.encoding=windows-1252 -Duser.country=US -Duser.language=en -Duser.variant -javaagent:C:\Users\ASUS ROG\.gradle\wrapper\dists\gradle-8.13-bin\5xuhj0ry160q40clulazy9h7d\gradle-8.13\lib\agents\gradle-instrumentation-agent-8.13.jar org.gradle.launcher.daemon.bootstrap.GradleDaemon 8.13

Host: Intel(R) Core(TM) i7-9750H CPU @ 2.60GHz, 12 cores, 15G,  Windows 10 , 64 bit Build 19041 (10.0.19041.5438)
Time: Wed Apr  9 08:59:26 2025 SE Asia Standard Time elapsed time: 8.822543 seconds (0d 0h 0m 8s)

---------------  T H R E A D  ---------------

Current thread (0x000001c2d22603d0):  JavaThread "C2 CompilerThread1" daemon [_thread_in_native, id=2228, stack(0x0000007a61700000,0x0000007a61800000)]


Current CompileTask:
C2:   8822 6029       4       org.objectweb.asm.commons.MethodRemapper::visitParameterAnnotation (34 bytes)

Stack: [0x0000007a61700000,0x0000007a61800000]
Native frames: (J=compiled Java code, j=interpreted, Vv=VM code, C=native code)
V  [jvm.dll+0x6886b9]
V  [jvm.dll+0x83f6f8]
V  [jvm.dll+0x8411a3]
V  [jvm.dll+0x841813]
V  [jvm.dll+0x2495cf]
V  [jvm.dll+0xad0d4]
V  [jvm.dll+0xad76c]
V  [jvm.dll+0x2b0d0f]
V  [jvm.dll+0x58e669]
V  [jvm.dll+0x223852]
V  [jvm.dll+0x223c4f]
V  [jvm.dll+0x21c9f0]
V  [jvm.dll+0x219b1b]
V  [jvm.dll+0x1a5596]
V  [jvm.dll+0x22a27a]
V  [jvm.dll+0x2283bb]
V  [jvm.dll+0x7f4f48]
V  [jvm.dll+0x7ef2ac]
V  [jvm.dll+0x687597]
C  [ucrtbase.dll+0x21bb2]
C  [KERNEL32.DLL+0x17374]
C  [ntdll.dll+0x4cc91]


---------------  P R O C E S S  ---------------

Threads class SMR info:
_java_thread_list=0x000001c2db48f920, length=36, elements={
0x000001c298438da0, 0x000001c2b68c94c0, 0x000001c2b68ca250, 0x000001c2b68dc7a0,
0x000001c2b68e0090, 0x000001c2b68e0960, 0x000001c2b68e1230, 0x000001c2b68e1ee0,
0x000001c2b68e30b0, 0x000001c2b68e7450, 0x000001c2d2080400, 0x000001c2d2237750,
0x000001c2d22603d0, 0x000001c2d7aae920, 0x000001c2d29f0a20, 0x000001c2d7e5bc30,
0x000001c2d82263c0, 0x000001c2d812b080, 0x000001c2d2b1a830, 0x000001c2d2b1d0b0,
0x000001c2d2b1ad40, 0x000001c2d2b1b250, 0x000001c2d2b1c180, 0x000001c2d2b1b760,
0x000001c2d2b1cba0, 0x000001c2d2b1a320, 0x000001c2d2b19e10, 0x000001c2d9146590,
0x000001c2d9148e10, 0x000001c2d9149320, 0x000001c2d914a250, 0x000001c2d914cad0,
0x000001c2d9149830, 0x000001c2d91479d0, 0x000001c2d9147ee0, 0x000001c2d9146fb0
}

Java Threads: ( => current thread )
  0x000001c298438da0 JavaThread "main" [_thread_blocked, id=19316, stack(0x0000007a60400000,0x0000007a60500000)]
  0x000001c2b68c94c0 JavaThread "Reference Handler" daemon [_thread_blocked, id=1844, stack(0x0000007a60b00000,0x0000007a60c00000)]
  0x000001c2b68ca250 JavaThread "Finalizer" daemon [_thread_blocked, id=4664, stack(0x0000007a60c00000,0x0000007a60d00000)]
  0x000001c2b68dc7a0 JavaThread "Signal Dispatcher" daemon [_thread_blocked, id=17664, stack(0x0000007a60d00000,0x0000007a60e00000)]
  0x000001c2b68e0090 JavaThread "Attach Listener" daemon [_thread_blocked, id=8852, stack(0x0000007a60e00000,0x0000007a60f00000)]
  0x000001c2b68e0960 JavaThread "Service Thread" daemon [_thread_blocked, id=18896, stack(0x0000007a60f00000,0x0000007a61000000)]
  0x000001c2b68e1230 JavaThread "Monitor Deflation Thread" daemon [_thread_blocked, id=17908, stack(0x0000007a61000000,0x0000007a61100000)]
  0x000001c2b68e1ee0 JavaThread "C2 CompilerThread0" daemon [_thread_in_native, id=17620, stack(0x0000007a61100000,0x0000007a61200000)]
  0x000001c2b68e30b0 JavaThread "C1 CompilerThread0" daemon [_thread_blocked, id=18804, stack(0x0000007a61200000,0x0000007a61300000)]
  0x000001c2b68e7450 JavaThread "Sweeper thread" daemon [_thread_blocked, id=17688, stack(0x0000007a61300000,0x0000007a61400000)]
  0x000001c2d2080400 JavaThread "Common-Cleaner" daemon [_thread_blocked, id=104, stack(0x0000007a61400000,0x0000007a61500000)]
  0x000001c2d2237750 JavaThread "Notification Thread" daemon [_thread_blocked, id=18156, stack(0x0000007a61500000,0x0000007a61600000)]
=>0x000001c2d22603d0 JavaThread "C2 CompilerThread1" daemon [_thread_in_native, id=2228, stack(0x0000007a61700000,0x0000007a61800000)]
  0x000001c2d7aae920 JavaThread "Daemon health stats" [_thread_blocked, id=1628, stack(0x0000007a61e00000,0x0000007a61f00000)]
  0x000001c2d29f0a20 JavaThread "Incoming local TCP Connector on port 50545" [_thread_in_native, id=19296, stack(0x0000007a61800000,0x0000007a61900000)]
  0x000001c2d7e5bc30 JavaThread "Daemon periodic checks" [_thread_blocked, id=17364, stack(0x0000007a61f00000,0x0000007a62000000)]
  0x000001c2d82263c0 JavaThread "Daemon" [_thread_blocked, id=15328, stack(0x0000007a62000000,0x0000007a62100000)]
  0x000001c2d812b080 JavaThread "Handler for socket connection from /127.0.0.1:50545 to /127.0.0.1:50546" [_thread_in_native, id=7908, stack(0x0000007a62100000,0x0000007a62200000)]
  0x000001c2d2b1a830 JavaThread "Cancel handler" [_thread_blocked, id=7784, stack(0x0000007a62200000,0x0000007a62300000)]
  0x000001c2d2b1d0b0 JavaThread "Daemon worker" [_thread_in_Java, id=18764, stack(0x0000007a62300000,0x0000007a62400000)]
  0x000001c2d2b1ad40 JavaThread "Asynchronous log dispatcher for DefaultDaemonConnection: socket connection from /127.0.0.1:50545 to /127.0.0.1:50546" [_thread_blocked, id=18588, stack(0x0000007a62400000,0x0000007a62500000)]
  0x000001c2d2b1b250 JavaThread "Stdin handler" [_thread_blocked, id=17040, stack(0x0000007a62500000,0x0000007a62600000)]
  0x000001c2d2b1c180 JavaThread "Daemon client event forwarder" [_thread_blocked, id=2144, stack(0x0000007a62600000,0x0000007a62700000)]
  0x000001c2d2b1b760 JavaThread "Cache worker for journal cache (C:\Users\ASUS ROG\.gradle\caches\journal-1)" [_thread_blocked, id=17328, stack(0x0000007a62700000,0x0000007a62800000)]
  0x000001c2d2b1cba0 JavaThread "File lock request listener" [_thread_in_native, id=14824, stack(0x0000007a62800000,0x0000007a62900000)]
  0x000001c2d2b1a320 JavaThread "Cache worker for file hash cache (C:\Users\ASUS ROG\.gradle\caches\8.13\fileHashes)" [_thread_blocked, id=16844, stack(0x0000007a62900000,0x0000007a62a00000)]
  0x000001c2d2b19e10 JavaThread "Cache worker for file hash cache (D:\CSE441\FirstDemoApp\FirstDemoApp\android\.gradle\8.13\fileHashes)" [_thread_blocked, id=5196, stack(0x0000007a62a00000,0x0000007a62b00000)]
  0x000001c2d9146590 JavaThread "Cache worker for Build Output Cleanup Cache (D:\CSE441\FirstDemoApp\FirstDemoApp\android\.gradle\buildOutputCleanup)" [_thread_blocked, id=3076, stack(0x0000007a62b00000,0x0000007a62c00000)]
  0x000001c2d9148e10 JavaThread "File watcher server" daemon [_thread_in_native, id=4112, stack(0x0000007a63300000,0x0000007a63400000)]
  0x000001c2d9149320 JavaThread "File watcher consumer" daemon [_thread_blocked, id=3816, stack(0x0000007a63400000,0x0000007a63500000)]
  0x000001c2d914a250 JavaThread "jar transforms" [_thread_blocked, id=18348, stack(0x0000007a63500000,0x0000007a63600000)]
  0x000001c2d914cad0 JavaThread "Cache worker for checksums cache (D:\CSE441\FirstDemoApp\FirstDemoApp\android\.gradle\8.13\checksums)" [_thread_blocked, id=11572, stack(0x0000007a63600000,0x0000007a63700000)]
  0x000001c2d9149830 JavaThread "Cache worker for file content cache (C:\Users\ASUS ROG\.gradle\caches\8.13\fileContent)" [_thread_blocked, id=17552, stack(0x0000007a63700000,0x0000007a63800000)]
  0x000001c2d91479d0 JavaThread "Cache worker for cache directory md-supplier (C:\Users\ASUS ROG\.gradle\caches\8.13\md-supplier)" [_thread_blocked, id=8784, stack(0x0000007a63800000,0x0000007a63900000)]
  0x000001c2d9147ee0 JavaThread "Cache worker for cache directory md-rule (C:\Users\ASUS ROG\.gradle\caches\8.13\md-rule)" [_thread_blocked, id=12892, stack(0x0000007a63900000,0x0000007a63a00000)]
  0x000001c2d9146fb0 JavaThread "Cache worker for Build Output Cleanup Cache (D:\CSE441\FirstDemoApp\FirstDemoApp\node_modules\@react-native\gradle-plugin\.gradle\buildOutputCleanup)" [_thread_blocked, id=12776, stack(0x0000007a63a00000,0x0000007a63b00000)]

Other Threads:
  0x000001c2b68c5b20 VMThread "VM Thread" [stack: 0x0000007a60a00000,0x0000007a60b00000] [id=18900]
  0x000001c2d2237c30 WatcherThread [stack: 0x0000007a61600000,0x0000007a61700000] [id=6224]
  0x000001c298493ee0 GCTaskThread "GC Thread#0" [stack: 0x0000007a60500000,0x0000007a60600000] [id=18616]
  0x000001c2d268cec0 GCTaskThread "GC Thread#1" [stack: 0x0000007a61900000,0x0000007a61a00000] [id=1568]
  0x000001c2d28a1cc0 GCTaskThread "GC Thread#2" [stack: 0x0000007a61a00000,0x0000007a61b00000] [id=16640]
  0x000001c2d27e9ef0 GCTaskThread "GC Thread#3" [stack: 0x0000007a61b00000,0x0000007a61c00000] [id=19288]
  0x000001c2d2571dc0 GCTaskThread "GC Thread#4" [stack: 0x0000007a61c00000,0x0000007a61d00000] [id=896]
  0x000001c2d28651c0 GCTaskThread "GC Thread#5" [stack: 0x0000007a61d00000,0x0000007a61e00000] [id=17388]
  0x000001c2d99fb1a0 GCTaskThread "GC Thread#6" [stack: 0x0000007a62d00000,0x0000007a62e00000] [id=9308]
  0x000001c2d99fa6a0 GCTaskThread "GC Thread#7" [stack: 0x0000007a62e00000,0x0000007a62f00000] [id=10836]
  0x000001c2d99fb460 GCTaskThread "GC Thread#8" [stack: 0x0000007a62f00000,0x0000007a63000000] [id=8524]
  0x000001c2d99faee0 GCTaskThread "GC Thread#9" [stack: 0x0000007a63000000,0x0000007a63100000] [id=19176]
  0x000001c2984a4d40 ConcurrentGCThread "G1 Main Marker" [stack: 0x0000007a60600000,0x0000007a60700000] [id=5528]
  0x000001c2984a5670 ConcurrentGCThread "G1 Conc#0" [stack: 0x0000007a60700000,0x0000007a60800000] [id=3492]
  0x000001c2d99fb9e0 ConcurrentGCThread "G1 Conc#1" [stack: 0x0000007a63100000,0x0000007a63200000] [id=16576]
  0x000001c2d99fc220 ConcurrentGCThread "G1 Conc#2" [stack: 0x0000007a63200000,0x0000007a63300000] [id=18312]
  0x000001c2984ee6a0 ConcurrentGCThread "G1 Refine#0" [stack: 0x0000007a60800000,0x0000007a60900000] [id=10496]
  0x000001c2b67fa1b0 ConcurrentGCThread "G1 Service" [stack: 0x0000007a60900000,0x0000007a60a00000] [id=18748]

Threads with active compile tasks:
C2 CompilerThread0     8844 6027       4       org.objectweb.asm.ClassReader::readCode (5117 bytes)
C2 CompilerThread1     8844 6029       4       org.objectweb.asm.commons.MethodRemapper::visitParameterAnnotation (34 bytes)

VM state: not at safepoint (normal execution)

VM Mutex/Monitor currently owned by a thread: None

Heap address: 0x0000000080000000, size: 2048 MB, Compressed Oops mode: 32-bit

CDS archive(s) mapped at: [0x000001c2b7000000-0x000001c2b7bb0000-0x000001c2b7bb0000), size 12255232, SharedBaseAddress: 0x000001c2b7000000, ArchiveRelocationMode: 1.
Compressed class space mapped at: 0x000001c2b8000000-0x000001c2d2000000, reserved size: 436207616
Narrow klass base: 0x000001c2b7000000, Narrow klass shift: 0, Narrow klass range: 0x100000000

GC Precious Log:
 CPUs: 12 total, 12 available
 Memory: 16235M
 Large Page Support: Disabled
 NUMA Support: Disabled
 Compressed Oops: Enabled (32-bit)
 Heap Region Size: 1M
 Heap Min Capacity: 8M
 Heap Initial Capacity: 254M
 Heap Max Capacity: 2G
 Pre-touch: Disabled
 Parallel Workers: 10
 Concurrent Workers: 3
 Concurrent Refinement Workers: 10
 Periodic GC: Disabled

Heap:
 garbage-first heap   total 262144K, used 96747K [0x0000000080000000, 0x0000000100000000)
  region size 1024K, 58 young (59392K), 10 survivors (10240K)
 Metaspace       used 45304K, committed 45760K, reserved 491520K
  class space    used 6193K, committed 6400K, reserved 425984K

Heap Regions: E=young(eden), S=young(survivor), O=old, HS=humongous(starts), HC=humongous(continues), CS=collection set, F=free, OA=open archive, CA=closed archive, TAMS=top-at-mark-start (previous, next)
|   0|0x0000000080000000, 0x0000000080100000, 0x0000000080100000|100%|HS|  |TAMS 0x0000000080100000, 0x0000000080000000| Complete 
|   1|0x0000000080100000, 0x0000000080200000, 0x0000000080200000|100%|HC|  |TAMS 0x0000000080200000, 0x0000000080100000| Complete 
|   2|0x0000000080200000, 0x0000000080300000, 0x0000000080300000|100%|HC|  |TAMS 0x0000000080300000, 0x0000000080200000| Complete 
|   3|0x0000000080300000, 0x0000000080400000, 0x0000000080400000|100%| O|  |TAMS 0x0000000080400000, 0x0000000080300000| Untracked 
|   4|0x0000000080400000, 0x0000000080500000, 0x0000000080500000|100%| O|  |TAMS 0x0000000080500000, 0x0000000080400000| Untracked 
|   5|0x0000000080500000, 0x0000000080600000, 0x0000000080600000|100%| O|  |TAMS 0x0000000080600000, 0x0000000080500000| Untracked 
|   6|0x0000000080600000, 0x0000000080700000, 0x0000000080700000|100%|HS|  |TAMS 0x0000000080700000, 0x0000000080600000| Complete 
|   7|0x0000000080700000, 0x0000000080800000, 0x0000000080800000|100%| O|  |TAMS 0x0000000080800000, 0x0000000080700000| Untracked 
|   8|0x0000000080800000, 0x0000000080900000, 0x0000000080900000|100%| O|  |TAMS 0x0000000080900000, 0x0000000080800000| Untracked 
|   9|0x0000000080900000, 0x0000000080a00000, 0x0000000080a00000|100%| O|  |TAMS 0x0000000080a00000, 0x0000000080900000| Untracked 
|  10|0x0000000080a00000, 0x0000000080b00000, 0x0000000080b00000|100%| O|  |TAMS 0x0000000080b00000, 0x0000000080a00000| Untracked 
|  11|0x0000000080b00000, 0x0000000080c00000, 0x0000000080c00000|100%| O|  |TAMS 0x0000000080c00000, 0x0000000080b00000| Untracked 
|  12|0x0000000080c00000, 0x0000000080ce0400, 0x0000000080d00000| 87%| O|  |TAMS 0x0000000080ce0400, 0x0000000080c00000| Untracked 
|  13|0x0000000080d00000, 0x0000000080e00000, 0x0000000080e00000|100%| O|  |TAMS 0x0000000080e00000, 0x0000000080d00000| Untracked 
|  14|0x0000000080e00000, 0x0000000080f00000, 0x0000000080f00000|100%| O|  |TAMS 0x0000000080f00000, 0x0000000080e00000| Untracked 
|  15|0x0000000080f00000, 0x0000000081000000, 0x0000000081000000|100%| O|  |TAMS 0x0000000081000000, 0x0000000080f00000| Untracked 
|  16|0x0000000081000000, 0x0000000081100000, 0x0000000081100000|100%| O|  |TAMS 0x0000000081100000, 0x0000000081000000| Untracked 
|  17|0x0000000081100000, 0x0000000081200000, 0x0000000081200000|100%| O|  |TAMS 0x0000000081200000, 0x0000000081100000| Untracked 
|  18|0x0000000081200000, 0x0000000081300000, 0x0000000081300000|100%| O|  |TAMS 0x0000000081300000, 0x0000000081200000| Untracked 
|  19|0x0000000081300000, 0x0000000081400000, 0x0000000081400000|100%| O|  |TAMS 0x0000000081400000, 0x0000000081300000| Untracked 
|  20|0x0000000081400000, 0x0000000081500000, 0x0000000081500000|100%| O|  |TAMS 0x0000000081500000, 0x0000000081400000| Untracked 
|  21|0x0000000081500000, 0x0000000081600000, 0x0000000081600000|100%| O|  |TAMS 0x0000000081600000, 0x0000000081500000| Untracked 
|  22|0x0000000081600000, 0x0000000081700000, 0x0000000081700000|100%| O|  |TAMS 0x0000000081700000, 0x0000000081600000| Untracked 
|  23|0x0000000081700000, 0x0000000081800000, 0x0000000081800000|100%| O|  |TAMS 0x0000000081800000, 0x0000000081700000| Untracked 
|  24|0x0000000081800000, 0x0000000081900000, 0x0000000081900000|100%| O|  |TAMS 0x0000000081900000, 0x0000000081800000| Untracked 
|  25|0x0000000081900000, 0x0000000081a00000, 0x0000000081a00000|100%| O|  |TAMS 0x0000000081a00000, 0x0000000081900000| Untracked 
|  26|0x0000000081a00000, 0x0000000081b00000, 0x0000000081b00000|100%| O|  |TAMS 0x0000000081b00000, 0x0000000081a00000| Untracked 
|  27|0x0000000081b00000, 0x0000000081c00000, 0x0000000081c00000|100%| O|  |TAMS 0x0000000081c00000, 0x0000000081b00000| Untracked 
|  28|0x0000000081c00000, 0x0000000081d00000, 0x0000000081d00000|100%| O|  |TAMS 0x0000000081d00000, 0x0000000081c00000| Untracked 
|  29|0x0000000081d00000, 0x0000000081e00000, 0x0000000081e00000|100%| O|  |TAMS 0x0000000081d6b800, 0x0000000081d00000| Untracked 
|  30|0x0000000081e00000, 0x0000000081f00000, 0x0000000081f00000|100%| O|  |TAMS 0x0000000081e00000, 0x0000000081e00000| Untracked 
|  31|0x0000000081f00000, 0x0000000082000000, 0x0000000082000000|100%| O|  |TAMS 0x0000000081f00000, 0x0000000081f00000| Untracked 
|  32|0x0000000082000000, 0x0000000082100000, 0x0000000082100000|100%| O|  |TAMS 0x0000000082000000, 0x0000000082000000| Untracked 
|  33|0x0000000082100000, 0x0000000082200000, 0x0000000082200000|100%| O|  |TAMS 0x0000000082100000, 0x0000000082100000| Untracked 
|  34|0x0000000082200000, 0x0000000082300000, 0x0000000082300000|100%| O|  |TAMS 0x0000000082200000, 0x0000000082200000| Untracked 
|  35|0x0000000082300000, 0x0000000082400000, 0x0000000082400000|100%| O|  |TAMS 0x0000000082300000, 0x0000000082300000| Untracked 
|  36|0x0000000082400000, 0x0000000082500000, 0x0000000082500000|100%| O|  |TAMS 0x0000000082400000, 0x0000000082400000| Untracked 
|  37|0x0000000082500000, 0x0000000082600000, 0x0000000082600000|100%| O|  |TAMS 0x0000000082500000, 0x0000000082500000| Untracked 
|  38|0x0000000082600000, 0x000000008264f200, 0x0000000082700000| 30%| O|  |TAMS 0x0000000082600000, 0x0000000082600000| Untracked 
|  39|0x0000000082700000, 0x0000000082700000, 0x0000000082800000|  0%| F|  |TAMS 0x0000000082700000, 0x0000000082700000| Untracked 
|  40|0x0000000082800000, 0x0000000082800000, 0x0000000082900000|  0%| F|  |TAMS 0x0000000082800000, 0x0000000082800000| Untracked 
|  41|0x0000000082900000, 0x0000000082900000, 0x0000000082a00000|  0%| F|  |TAMS 0x0000000082900000, 0x0000000082900000| Untracked 
|  42|0x0000000082a00000, 0x0000000082a00000, 0x0000000082b00000|  0%| F|  |TAMS 0x0000000082a00000, 0x0000000082a00000| Untracked 
|  43|0x0000000082b00000, 0x0000000082b00000, 0x0000000082c00000|  0%| F|  |TAMS 0x0000000082b00000, 0x0000000082b00000| Untracked 
|  44|0x0000000082c00000, 0x0000000082c00000, 0x0000000082d00000|  0%| F|  |TAMS 0x0000000082c00000, 0x0000000082c00000| Untracked 
|  45|0x0000000082d00000, 0x0000000082d00000, 0x0000000082e00000|  0%| F|  |TAMS 0x0000000082d00000, 0x0000000082d00000| Untracked 
|  46|0x0000000082e00000, 0x0000000082e00000, 0x0000000082f00000|  0%| F|  |TAMS 0x0000000082e00000, 0x0000000082e00000| Untracked 
|  47|0x0000000082f00000, 0x0000000082f00000, 0x0000000083000000|  0%| F|  |TAMS 0x0000000082f00000, 0x0000000082f00000| Untracked 
|  48|0x0000000083000000, 0x0000000083000000, 0x0000000083100000|  0%| F|  |TAMS 0x0000000083000000, 0x0000000083000000| Untracked 
|  49|0x0000000083100000, 0x0000000083100000, 0x0000000083200000|  0%| F|  |TAMS 0x0000000083100000, 0x0000000083100000| Untracked 
|  50|0x0000000083200000, 0x0000000083200000, 0x0000000083300000|  0%| F|  |TAMS 0x0000000083200000, 0x0000000083200000| Untracked 
|  51|0x0000000083300000, 0x0000000083300000, 0x0000000083400000|  0%| F|  |TAMS 0x0000000083300000, 0x0000000083300000| Untracked 
|  52|0x0000000083400000, 0x0000000083400000, 0x0000000083500000|  0%| F|  |TAMS 0x0000000083400000, 0x0000000083400000| Untracked 
|  53|0x0000000083500000, 0x0000000083500000, 0x0000000083600000|  0%| F|  |TAMS 0x0000000083500000, 0x0000000083500000| Untracked 
|  54|0x0000000083600000, 0x0000000083600000, 0x0000000083700000|  0%| F|  |TAMS 0x0000000083600000, 0x0000000083600000| Untracked 
|  55|0x0000000083700000, 0x0000000083700000, 0x0000000083800000|  0%| F|  |TAMS 0x0000000083700000, 0x0000000083700000| Untracked 
|  56|0x0000000083800000, 0x0000000083800000, 0x0000000083900000|  0%| F|  |TAMS 0x0000000083800000, 0x0000000083800000| Untracked 
|  57|0x0000000083900000, 0x0000000083900000, 0x0000000083a00000|  0%| F|  |TAMS 0x0000000083900000, 0x0000000083900000| Untracked 
|  58|0x0000000083a00000, 0x0000000083a00000, 0x0000000083b00000|  0%| F|  |TAMS 0x0000000083a00000, 0x0000000083a00000| Untracked 
|  59|0x0000000083b00000, 0x0000000083b00000, 0x0000000083c00000|  0%| F|  |TAMS 0x0000000083b00000, 0x0000000083b00000| Untracked 
|  60|0x0000000083c00000, 0x0000000083c00000, 0x0000000083d00000|  0%| F|  |TAMS 0x0000000083c00000, 0x0000000083c00000| Untracked 
|  61|0x0000000083d00000, 0x0000000083d00000, 0x0000000083e00000|  0%| F|  |TAMS 0x0000000083d00000, 0x0000000083d00000| Untracked 
|  62|0x0000000083e00000, 0x0000000083e00000, 0x0000000083f00000|  0%| F|  |TAMS 0x0000000083e00000, 0x0000000083e00000| Untracked 
|  63|0x0000000083f00000, 0x0000000083f00000, 0x0000000084000000|  0%| F|  |TAMS 0x0000000083f00000, 0x0000000083f00000| Untracked 
|  64|0x0000000084000000, 0x0000000084000000, 0x0000000084100000|  0%| F|  |TAMS 0x0000000084000000, 0x0000000084000000| Untracked 
|  65|0x0000000084100000, 0x0000000084100000, 0x0000000084200000|  0%| F|  |TAMS 0x0000000084100000, 0x0000000084100000| Untracked 
|  66|0x0000000084200000, 0x0000000084200000, 0x0000000084300000|  0%| F|  |TAMS 0x0000000084200000, 0x0000000084200000| Untracked 
|  67|0x0000000084300000, 0x0000000084300000, 0x0000000084400000|  0%| F|  |TAMS 0x0000000084300000, 0x0000000084300000| Untracked 
|  68|0x0000000084400000, 0x0000000084400000, 0x0000000084500000|  0%| F|  |TAMS 0x0000000084400000, 0x0000000084400000| Untracked 
|  69|0x0000000084500000, 0x0000000084500000, 0x0000000084600000|  0%| F|  |TAMS 0x0000000084500000, 0x0000000084500000| Untracked 
|  70|0x0000000084600000, 0x0000000084600000, 0x0000000084700000|  0%| F|  |TAMS 0x0000000084600000, 0x0000000084600000| Untracked 
|  71|0x0000000084700000, 0x0000000084700000, 0x0000000084800000|  0%| F|  |TAMS 0x0000000084700000, 0x0000000084700000| Untracked 
|  72|0x0000000084800000, 0x0000000084800000, 0x0000000084900000|  0%| F|  |TAMS 0x0000000084800000, 0x0000000084800000| Untracked 
|  73|0x0000000084900000, 0x0000000084900000, 0x0000000084a00000|  0%| F|  |TAMS 0x0000000084900000, 0x0000000084900000| Untracked 
|  74|0x0000000084a00000, 0x0000000084a00000, 0x0000000084b00000|  0%| F|  |TAMS 0x0000000084a00000, 0x0000000084a00000| Untracked 
|  75|0x0000000084b00000, 0x0000000084b00000, 0x0000000084c00000|  0%| F|  |TAMS 0x0000000084b00000, 0x0000000084b00000| Untracked 
|  76|0x0000000084c00000, 0x0000000084c00000, 0x0000000084d00000|  0%| F|  |TAMS 0x0000000084c00000, 0x0000000084c00000| Untracked 
|  77|0x0000000084d00000, 0x0000000084d00000, 0x0000000084e00000|  0%| F|  |TAMS 0x0000000084d00000, 0x0000000084d00000| Untracked 
|  78|0x0000000084e00000, 0x0000000084e00000, 0x0000000084f00000|  0%| F|  |TAMS 0x0000000084e00000, 0x0000000084e00000| Untracked 
|  79|0x0000000084f00000, 0x0000000084f00000, 0x0000000085000000|  0%| F|  |TAMS 0x0000000084f00000, 0x0000000084f00000| Untracked 
|  80|0x0000000085000000, 0x0000000085000000, 0x0000000085100000|  0%| F|  |TAMS 0x0000000085000000, 0x0000000085000000| Untracked 
|  81|0x0000000085100000, 0x0000000085100000, 0x0000000085200000|  0%| F|  |TAMS 0x0000000085100000, 0x0000000085100000| Untracked 
|  82|0x0000000085200000, 0x0000000085200000, 0x0000000085300000|  0%| F|  |TAMS 0x0000000085200000, 0x0000000085200000| Untracked 
|  83|0x0000000085300000, 0x0000000085300000, 0x0000000085400000|  0%| F|  |TAMS 0x0000000085300000, 0x0000000085300000| Untracked 
|  84|0x0000000085400000, 0x0000000085400000, 0x0000000085500000|  0%| F|  |TAMS 0x0000000085400000, 0x0000000085400000| Untracked 
|  85|0x0000000085500000, 0x0000000085500000, 0x0000000085600000|  0%| F|  |TAMS 0x0000000085500000, 0x0000000085500000| Untracked 
|  86|0x0000000085600000, 0x0000000085600000, 0x0000000085700000|  0%| F|  |TAMS 0x0000000085600000, 0x0000000085600000| Untracked 
|  87|0x0000000085700000, 0x0000000085700000, 0x0000000085800000|  0%| F|  |TAMS 0x0000000085700000, 0x0000000085700000| Untracked 
|  88|0x0000000085800000, 0x0000000085800000, 0x0000000085900000|  0%| F|  |TAMS 0x0000000085800000, 0x0000000085800000| Untracked 
|  89|0x0000000085900000, 0x0000000085900000, 0x0000000085a00000|  0%| F|  |TAMS 0x0000000085900000, 0x0000000085900000| Untracked 
|  90|0x0000000085a00000, 0x0000000085a00000, 0x0000000085b00000|  0%| F|  |TAMS 0x0000000085a00000, 0x0000000085a00000| Untracked 
|  91|0x0000000085b00000, 0x0000000085b00000, 0x0000000085c00000|  0%| F|  |TAMS 0x0000000085b00000, 0x0000000085b00000| Untracked 
|  92|0x0000000085c00000, 0x0000000085c00000, 0x0000000085d00000|  0%| F|  |TAMS 0x0000000085c00000, 0x0000000085c00000| Untracked 
|  93|0x0000000085d00000, 0x0000000085d00000, 0x0000000085e00000|  0%| F|  |TAMS 0x0000000085d00000, 0x0000000085d00000| Untracked 
|  94|0x0000000085e00000, 0x0000000085e00000, 0x0000000085f00000|  0%| F|  |TAMS 0x0000000085e00000, 0x0000000085e00000| Untracked 
|  95|0x0000000085f00000, 0x0000000085f00000, 0x0000000086000000|  0%| F|  |TAMS 0x0000000085f00000, 0x0000000085f00000| Untracked 
|  96|0x0000000086000000, 0x0000000086000000, 0x0000000086100000|  0%| F|  |TAMS 0x0000000086000000, 0x0000000086000000| Untracked 
|  97|0x0000000086100000, 0x0000000086100000, 0x0000000086200000|  0%| F|  |TAMS 0x0000000086100000, 0x0000000086100000| Untracked 
|  98|0x0000000086200000, 0x0000000086200000, 0x0000000086300000|  0%| F|  |TAMS 0x0000000086200000, 0x0000000086200000| Untracked 
|  99|0x0000000086300000, 0x0000000086300000, 0x0000000086400000|  0%| F|  |TAMS 0x0000000086300000, 0x0000000086300000| Untracked 
| 100|0x0000000086400000, 0x0000000086400000, 0x0000000086500000|  0%| F|  |TAMS 0x0000000086400000, 0x0000000086400000| Untracked 
| 101|0x0000000086500000, 0x0000000086500000, 0x0000000086600000|  0%| F|  |TAMS 0x0000000086500000, 0x0000000086500000| Untracked 
| 102|0x0000000086600000, 0x000000008664b8c0, 0x0000000086700000| 29%| S|CS|TAMS 0x0000000086600000, 0x0000000086600000| Complete 
| 103|0x0000000086700000, 0x0000000086800000, 0x0000000086800000|100%| S|CS|TAMS 0x0000000086700000, 0x0000000086700000| Complete 
| 104|0x0000000086800000, 0x0000000086900000, 0x0000000086900000|100%| S|CS|TAMS 0x0000000086800000, 0x0000000086800000| Complete 
| 105|0x0000000086900000, 0x0000000086a00000, 0x0000000086a00000|100%| S|CS|TAMS 0x0000000086900000, 0x0000000086900000| Complete 
| 106|0x0000000086a00000, 0x0000000086b00000, 0x0000000086b00000|100%| S|CS|TAMS 0x0000000086a00000, 0x0000000086a00000| Complete 
| 107|0x0000000086b00000, 0x0000000086c00000, 0x0000000086c00000|100%| S|CS|TAMS 0x0000000086b00000, 0x0000000086b00000| Complete 
| 108|0x0000000086c00000, 0x0000000086d00000, 0x0000000086d00000|100%| S|CS|TAMS 0x0000000086c00000, 0x0000000086c00000| Complete 
| 109|0x0000000086d00000, 0x0000000086e00000, 0x0000000086e00000|100%| S|CS|TAMS 0x0000000086d00000, 0x0000000086d00000| Complete 
| 110|0x0000000086e00000, 0x0000000086f00000, 0x0000000086f00000|100%| S|CS|TAMS 0x0000000086e00000, 0x0000000086e00000| Complete 
| 111|0x0000000086f00000, 0x0000000087000000, 0x0000000087000000|100%| S|CS|TAMS 0x0000000086f00000, 0x0000000086f00000| Complete 
| 112|0x0000000087000000, 0x0000000087000000, 0x0000000087100000|  0%| F|  |TAMS 0x0000000087000000, 0x0000000087000000| Untracked 
| 113|0x0000000087100000, 0x0000000087100000, 0x0000000087200000|  0%| F|  |TAMS 0x0000000087100000, 0x0000000087100000| Untracked 
| 114|0x0000000087200000, 0x0000000087200000, 0x0000000087300000|  0%| F|  |TAMS 0x0000000087200000, 0x0000000087200000| Untracked 
| 115|0x0000000087300000, 0x0000000087300000, 0x0000000087400000|  0%| F|  |TAMS 0x0000000087300000, 0x0000000087300000| Untracked 
| 116|0x0000000087400000, 0x0000000087400000, 0x0000000087500000|  0%| F|  |TAMS 0x0000000087400000, 0x0000000087400000| Untracked 
| 117|0x0000000087500000, 0x0000000087500000, 0x0000000087600000|  0%| F|  |TAMS 0x0000000087500000, 0x0000000087500000| Untracked 
| 118|0x0000000087600000, 0x0000000087600000, 0x0000000087700000|  0%| F|  |TAMS 0x0000000087600000, 0x0000000087600000| Untracked 
| 119|0x0000000087700000, 0x0000000087700000, 0x0000000087800000|  0%| F|  |TAMS 0x0000000087700000, 0x0000000087700000| Untracked 
| 120|0x0000000087800000, 0x0000000087800000, 0x0000000087900000|  0%| F|  |TAMS 0x0000000087800000, 0x0000000087800000| Untracked 
| 121|0x0000000087900000, 0x0000000087900000, 0x0000000087a00000|  0%| F|  |TAMS 0x0000000087900000, 0x0000000087900000| Untracked 
| 122|0x0000000087a00000, 0x0000000087a00000, 0x0000000087b00000|  0%| F|  |TAMS 0x0000000087a00000, 0x0000000087a00000| Untracked 
| 123|0x0000000087b00000, 0x0000000087b00000, 0x0000000087c00000|  0%| F|  |TAMS 0x0000000087b00000, 0x0000000087b00000| Untracked 
| 124|0x0000000087c00000, 0x0000000087c00000, 0x0000000087d00000|  0%| F|  |TAMS 0x0000000087c00000, 0x0000000087c00000| Untracked 
| 125|0x0000000087d00000, 0x0000000087d00000, 0x0000000087e00000|  0%| F|  |TAMS 0x0000000087d00000, 0x0000000087d00000| Untracked 
| 126|0x0000000087e00000, 0x0000000087e00000, 0x0000000087f00000|  0%| F|  |TAMS 0x0000000087e00000, 0x0000000087e00000| Untracked 
| 127|0x0000000087f00000, 0x0000000087f00000, 0x0000000088000000|  0%| F|  |TAMS 0x0000000087f00000, 0x0000000087f00000| Untracked 
| 128|0x0000000088000000, 0x0000000088000000, 0x0000000088100000|  0%| F|  |TAMS 0x0000000088000000, 0x0000000088000000| Untracked 
| 129|0x0000000088100000, 0x0000000088100000, 0x0000000088200000|  0%| F|  |TAMS 0x0000000088100000, 0x0000000088100000| Untracked 
| 130|0x0000000088200000, 0x0000000088200000, 0x0000000088300000|  0%| F|  |TAMS 0x0000000088200000, 0x0000000088200000| Untracked 
| 131|0x0000000088300000, 0x0000000088300000, 0x0000000088400000|  0%| F|  |TAMS 0x0000000088300000, 0x0000000088300000| Untracked 
| 132|0x0000000088400000, 0x0000000088400000, 0x0000000088500000|  0%| F|  |TAMS 0x0000000088400000, 0x0000000088400000| Untracked 
| 133|0x0000000088500000, 0x0000000088500000, 0x0000000088600000|  0%| F|  |TAMS 0x0000000088500000, 0x0000000088500000| Untracked 
| 134|0x0000000088600000, 0x0000000088600000, 0x0000000088700000|  0%| F|  |TAMS 0x0000000088600000, 0x0000000088600000| Untracked 
| 135|0x0000000088700000, 0x0000000088700000, 0x0000000088800000|  0%| F|  |TAMS 0x0000000088700000, 0x0000000088700000| Untracked 
| 136|0x0000000088800000, 0x0000000088800000, 0x0000000088900000|  0%| F|  |TAMS 0x0000000088800000, 0x0000000088800000| Untracked 
| 137|0x0000000088900000, 0x0000000088900000, 0x0000000088a00000|  0%| F|  |TAMS 0x0000000088900000, 0x0000000088900000| Untracked 
| 138|0x0000000088a00000, 0x0000000088a00000, 0x0000000088b00000|  0%| F|  |TAMS 0x0000000088a00000, 0x0000000088a00000| Untracked 
| 139|0x0000000088b00000, 0x0000000088b00000, 0x0000000088c00000|  0%| F|  |TAMS 0x0000000088b00000, 0x0000000088b00000| Untracked 
| 140|0x0000000088c00000, 0x0000000088c00000, 0x0000000088d00000|  0%| F|  |TAMS 0x0000000088c00000, 0x0000000088c00000| Untracked 
| 141|0x0000000088d00000, 0x0000000088d00000, 0x0000000088e00000|  0%| F|  |TAMS 0x0000000088d00000, 0x0000000088d00000| Untracked 
| 142|0x0000000088e00000, 0x0000000088e00000, 0x0000000088f00000|  0%| F|  |TAMS 0x0000000088e00000, 0x0000000088e00000| Untracked 
| 143|0x0000000088f00000, 0x0000000088f00000, 0x0000000089000000|  0%| F|  |TAMS 0x0000000088f00000, 0x0000000088f00000| Untracked 
| 144|0x0000000089000000, 0x0000000089000000, 0x0000000089100000|  0%| F|  |TAMS 0x0000000089000000, 0x0000000089000000| Untracked 
| 145|0x0000000089100000, 0x0000000089100000, 0x0000000089200000|  0%| F|  |TAMS 0x0000000089100000, 0x0000000089100000| Untracked 
| 146|0x0000000089200000, 0x0000000089200000, 0x0000000089300000|  0%| F|  |TAMS 0x0000000089200000, 0x0000000089200000| Untracked 
| 147|0x0000000089300000, 0x0000000089300000, 0x0000000089400000|  0%| F|  |TAMS 0x0000000089300000, 0x0000000089300000| Untracked 
| 148|0x0000000089400000, 0x0000000089400000, 0x0000000089500000|  0%| F|  |TAMS 0x0000000089400000, 0x0000000089400000| Untracked 
| 149|0x0000000089500000, 0x0000000089500000, 0x0000000089600000|  0%| F|  |TAMS 0x0000000089500000, 0x0000000089500000| Untracked 
| 150|0x0000000089600000, 0x0000000089600000, 0x0000000089700000|  0%| F|  |TAMS 0x0000000089600000, 0x0000000089600000| Untracked 
| 151|0x0000000089700000, 0x0000000089700000, 0x0000000089800000|  0%| F|  |TAMS 0x0000000089700000, 0x0000000089700000| Untracked 
| 152|0x0000000089800000, 0x0000000089800000, 0x0000000089900000|  0%| F|  |TAMS 0x0000000089800000, 0x0000000089800000| Untracked 
| 153|0x0000000089900000, 0x0000000089900000, 0x0000000089a00000|  0%| F|  |TAMS 0x0000000089900000, 0x0000000089900000| Untracked 
| 154|0x0000000089a00000, 0x0000000089a00000, 0x0000000089b00000|  0%| F|  |TAMS 0x0000000089a00000, 0x0000000089a00000| Untracked 
| 155|0x0000000089b00000, 0x0000000089b00000, 0x0000000089c00000|  0%| F|  |TAMS 0x0000000089b00000, 0x0000000089b00000| Untracked 
| 156|0x0000000089c00000, 0x0000000089c00000, 0x0000000089d00000|  0%| F|  |TAMS 0x0000000089c00000, 0x0000000089c00000| Untracked 
| 157|0x0000000089d00000, 0x0000000089d00000, 0x0000000089e00000|  0%| F|  |TAMS 0x0000000089d00000, 0x0000000089d00000| Untracked 
| 158|0x0000000089e00000, 0x0000000089e00000, 0x0000000089f00000|  0%| F|  |TAMS 0x0000000089e00000, 0x0000000089e00000| Untracked 
| 159|0x0000000089f00000, 0x0000000089f00000, 0x000000008a000000|  0%| F|  |TAMS 0x0000000089f00000, 0x0000000089f00000| Untracked 
| 160|0x000000008a000000, 0x000000008a000000, 0x000000008a100000|  0%| F|  |TAMS 0x000000008a000000, 0x000000008a000000| Untracked 
| 161|0x000000008a100000, 0x000000008a100000, 0x000000008a200000|  0%| F|  |TAMS 0x000000008a100000, 0x000000008a100000| Untracked 
| 162|0x000000008a200000, 0x000000008a200000, 0x000000008a300000|  0%| F|  |TAMS 0x000000008a200000, 0x000000008a200000| Untracked 
| 163|0x000000008a300000, 0x000000008a300000, 0x000000008a400000|  0%| F|  |TAMS 0x000000008a300000, 0x000000008a300000| Untracked 
| 164|0x000000008a400000, 0x000000008a400000, 0x000000008a500000|  0%| F|  |TAMS 0x000000008a400000, 0x000000008a400000| Untracked 
| 165|0x000000008a500000, 0x000000008a500000, 0x000000008a600000|  0%| F|  |TAMS 0x000000008a500000, 0x000000008a500000| Untracked 
| 166|0x000000008a600000, 0x000000008a600000, 0x000000008a700000|  0%| F|  |TAMS 0x000000008a600000, 0x000000008a600000| Untracked 
| 167|0x000000008a700000, 0x000000008a700000, 0x000000008a800000|  0%| F|  |TAMS 0x000000008a700000, 0x000000008a700000| Untracked 
| 168|0x000000008a800000, 0x000000008a800000, 0x000000008a900000|  0%| F|  |TAMS 0x000000008a800000, 0x000000008a800000| Untracked 
| 169|0x000000008a900000, 0x000000008a900000, 0x000000008aa00000|  0%| F|  |TAMS 0x000000008a900000, 0x000000008a900000| Untracked 
| 170|0x000000008aa00000, 0x000000008aa00000, 0x000000008ab00000|  0%| F|  |TAMS 0x000000008aa00000, 0x000000008aa00000| Untracked 
| 171|0x000000008ab00000, 0x000000008ab00000, 0x000000008ac00000|  0%| F|  |TAMS 0x000000008ab00000, 0x000000008ab00000| Untracked 
| 172|0x000000008ac00000, 0x000000008ac00000, 0x000000008ad00000|  0%| F|  |TAMS 0x000000008ac00000, 0x000000008ac00000| Untracked 
| 173|0x000000008ad00000, 0x000000008ad00000, 0x000000008ae00000|  0%| F|  |TAMS 0x000000008ad00000, 0x000000008ad00000| Untracked 
| 174|0x000000008ae00000, 0x000000008ae00000, 0x000000008af00000|  0%| F|  |TAMS 0x000000008ae00000, 0x000000008ae00000| Untracked 
| 175|0x000000008af00000, 0x000000008af00000, 0x000000008b000000|  0%| F|  |TAMS 0x000000008af00000, 0x000000008af00000| Untracked 
| 176|0x000000008b000000, 0x000000008b000000, 0x000000008b100000|  0%| F|  |TAMS 0x000000008b000000, 0x000000008b000000| Untracked 
| 177|0x000000008b100000, 0x000000008b100000, 0x000000008b200000|  0%| F|  |TAMS 0x000000008b100000, 0x000000008b100000| Untracked 
| 178|0x000000008b200000, 0x000000008b200000, 0x000000008b300000|  0%| F|  |TAMS 0x000000008b200000, 0x000000008b200000| Untracked 
| 179|0x000000008b300000, 0x000000008b300000, 0x000000008b400000|  0%| F|  |TAMS 0x000000008b300000, 0x000000008b300000| Untracked 
| 180|0x000000008b400000, 0x000000008b400000, 0x000000008b500000|  0%| F|  |TAMS 0x000000008b400000, 0x000000008b400000| Untracked 
| 181|0x000000008b500000, 0x000000008b500000, 0x000000008b600000|  0%| F|  |TAMS 0x000000008b500000, 0x000000008b500000| Untracked 
| 182|0x000000008b600000, 0x000000008b600000, 0x000000008b700000|  0%| F|  |TAMS 0x000000008b600000, 0x000000008b600000| Untracked 
| 183|0x000000008b700000, 0x000000008b700000, 0x000000008b800000|  0%| F|  |TAMS 0x000000008b700000, 0x000000008b700000| Untracked 
| 184|0x000000008b800000, 0x000000008b800000, 0x000000008b900000|  0%| F|  |TAMS 0x000000008b800000, 0x000000008b800000| Untracked 
| 185|0x000000008b900000, 0x000000008b900000, 0x000000008ba00000|  0%| F|  |TAMS 0x000000008b900000, 0x000000008b900000| Untracked 
| 186|0x000000008ba00000, 0x000000008ba00000, 0x000000008bb00000|  0%| F|  |TAMS 0x000000008ba00000, 0x000000008ba00000| Untracked 
| 187|0x000000008bb00000, 0x000000008bb00000, 0x000000008bc00000|  0%| F|  |TAMS 0x000000008bb00000, 0x000000008bb00000| Untracked 
| 188|0x000000008bc00000, 0x000000008bc00000, 0x000000008bd00000|  0%| F|  |TAMS 0x000000008bc00000, 0x000000008bc00000| Untracked 
| 189|0x000000008bd00000, 0x000000008bd00000, 0x000000008be00000|  0%| F|  |TAMS 0x000000008bd00000, 0x000000008bd00000| Untracked 
| 190|0x000000008be00000, 0x000000008be00000, 0x000000008bf00000|  0%| F|  |TAMS 0x000000008be00000, 0x000000008be00000| Untracked 
| 191|0x000000008bf00000, 0x000000008bf00000, 0x000000008c000000|  0%| F|  |TAMS 0x000000008bf00000, 0x000000008bf00000| Untracked 
| 192|0x000000008c000000, 0x000000008c000000, 0x000000008c100000|  0%| F|  |TAMS 0x000000008c000000, 0x000000008c000000| Untracked 
| 193|0x000000008c100000, 0x000000008c100000, 0x000000008c200000|  0%| F|  |TAMS 0x000000008c100000, 0x000000008c100000| Untracked 
| 194|0x000000008c200000, 0x000000008c200000, 0x000000008c300000|  0%| F|  |TAMS 0x000000008c200000, 0x000000008c200000| Untracked 
| 195|0x000000008c300000, 0x000000008c300000, 0x000000008c400000|  0%| F|  |TAMS 0x000000008c300000, 0x000000008c300000| Untracked 
| 196|0x000000008c400000, 0x000000008c400000, 0x000000008c500000|  0%| F|  |TAMS 0x000000008c400000, 0x000000008c400000| Untracked 
| 197|0x000000008c500000, 0x000000008c500000, 0x000000008c600000|  0%| F|  |TAMS 0x000000008c500000, 0x000000008c500000| Untracked 
| 198|0x000000008c600000, 0x000000008c600000, 0x000000008c700000|  0%| F|  |TAMS 0x000000008c600000, 0x000000008c600000| Untracked 
| 199|0x000000008c700000, 0x000000008c700000, 0x000000008c800000|  0%| F|  |TAMS 0x000000008c700000, 0x000000008c700000| Untracked 
| 200|0x000000008c800000, 0x000000008c800000, 0x000000008c900000|  0%| F|  |TAMS 0x000000008c800000, 0x000000008c800000| Untracked 
| 201|0x000000008c900000, 0x000000008c900000, 0x000000008ca00000|  0%| F|  |TAMS 0x000000008c900000, 0x000000008c900000| Untracked 
| 202|0x000000008ca00000, 0x000000008ca00000, 0x000000008cb00000|  0%| F|  |TAMS 0x000000008ca00000, 0x000000008ca00000| Untracked 
| 203|0x000000008cb00000, 0x000000008cb00000, 0x000000008cc00000|  0%| F|  |TAMS 0x000000008cb00000, 0x000000008cb00000| Untracked 
| 204|0x000000008cc00000, 0x000000008cc00000, 0x000000008cd00000|  0%| F|  |TAMS 0x000000008cc00000, 0x000000008cc00000| Untracked 
| 205|0x000000008cd00000, 0x000000008cd00000, 0x000000008ce00000|  0%| F|  |TAMS 0x000000008cd00000, 0x000000008cd00000| Untracked 
| 206|0x000000008ce00000, 0x000000008ce80000, 0x000000008cf00000| 50%| E|  |TAMS 0x000000008ce00000, 0x000000008ce00000| Complete 
| 207|0x000000008cf00000, 0x000000008d000000, 0x000000008d000000|100%| E|CS|TAMS 0x000000008cf00000, 0x000000008cf00000| Complete 
| 208|0x000000008d000000, 0x000000008d100000, 0x000000008d100000|100%| E|CS|TAMS 0x000000008d000000, 0x000000008d000000| Complete 
| 209|0x000000008d100000, 0x000000008d200000, 0x000000008d200000|100%| E|CS|TAMS 0x000000008d100000, 0x000000008d100000| Complete 
| 210|0x000000008d200000, 0x000000008d300000, 0x000000008d300000|100%| E|CS|TAMS 0x000000008d200000, 0x000000008d200000| Complete 
| 211|0x000000008d300000, 0x000000008d400000, 0x000000008d400000|100%| E|CS|TAMS 0x000000008d300000, 0x000000008d300000| Complete 
| 212|0x000000008d400000, 0x000000008d500000, 0x000000008d500000|100%| E|CS|TAMS 0x000000008d400000, 0x000000008d400000| Complete 
| 213|0x000000008d500000, 0x000000008d600000, 0x000000008d600000|100%| E|CS|TAMS 0x000000008d500000, 0x000000008d500000| Complete 
| 214|0x000000008d600000, 0x000000008d700000, 0x000000008d700000|100%| E|CS|TAMS 0x000000008d600000, 0x000000008d600000| Complete 
| 215|0x000000008d700000, 0x000000008d800000, 0x000000008d800000|100%| E|CS|TAMS 0x000000008d700000, 0x000000008d700000| Complete 
| 216|0x000000008d800000, 0x000000008d900000, 0x000000008d900000|100%| E|CS|TAMS 0x000000008d800000, 0x000000008d800000| Complete 
| 217|0x000000008d900000, 0x000000008da00000, 0x000000008da00000|100%| E|CS|TAMS 0x000000008d900000, 0x000000008d900000| Complete 
| 218|0x000000008da00000, 0x000000008db00000, 0x000000008db00000|100%| E|CS|TAMS 0x000000008da00000, 0x000000008da00000| Complete 
| 219|0x000000008db00000, 0x000000008dc00000, 0x000000008dc00000|100%| E|CS|TAMS 0x000000008db00000, 0x000000008db00000| Complete 
| 220|0x000000008dc00000, 0x000000008dd00000, 0x000000008dd00000|100%| E|CS|TAMS 0x000000008dc00000, 0x000000008dc00000| Complete 
| 221|0x000000008dd00000, 0x000000008de00000, 0x000000008de00000|100%| E|CS|TAMS 0x000000008dd00000, 0x000000008dd00000| Complete 
| 222|0x000000008de00000, 0x000000008df00000, 0x000000008df00000|100%| E|CS|TAMS 0x000000008de00000, 0x000000008de00000| Complete 
| 223|0x000000008df00000, 0x000000008e000000, 0x000000008e000000|100%| E|CS|TAMS 0x000000008df00000, 0x000000008df00000| Complete 
| 224|0x000000008e000000, 0x000000008e100000, 0x000000008e100000|100%| E|CS|TAMS 0x000000008e000000, 0x000000008e000000| Complete 
| 225|0x000000008e100000, 0x000000008e200000, 0x000000008e200000|100%| E|CS|TAMS 0x000000008e100000, 0x000000008e100000| Complete 
| 226|0x000000008e200000, 0x000000008e300000, 0x000000008e300000|100%| E|CS|TAMS 0x000000008e200000, 0x000000008e200000| Complete 
| 227|0x000000008e300000, 0x000000008e400000, 0x000000008e400000|100%| E|CS|TAMS 0x000000008e300000, 0x000000008e300000| Complete 
| 228|0x000000008e400000, 0x000000008e500000, 0x000000008e500000|100%| E|CS|TAMS 0x000000008e400000, 0x000000008e400000| Complete 
| 229|0x000000008e500000, 0x000000008e600000, 0x000000008e600000|100%| E|CS|TAMS 0x000000008e500000, 0x000000008e500000| Complete 
| 230|0x000000008e600000, 0x000000008e700000, 0x000000008e700000|100%| E|CS|TAMS 0x000000008e600000, 0x000000008e600000| Complete 
| 231|0x000000008e700000, 0x000000008e800000, 0x000000008e800000|100%| E|CS|TAMS 0x000000008e700000, 0x000000008e700000| Complete 
| 232|0x000000008e800000, 0x000000008e900000, 0x000000008e900000|100%| E|CS|TAMS 0x000000008e800000, 0x000000008e800000| Complete 
| 233|0x000000008e900000, 0x000000008ea00000, 0x000000008ea00000|100%| E|CS|TAMS 0x000000008e900000, 0x000000008e900000| Complete 
| 234|0x000000008ea00000, 0x000000008eb00000, 0x000000008eb00000|100%| E|CS|TAMS 0x000000008ea00000, 0x000000008ea00000| Complete 
| 235|0x000000008eb00000, 0x000000008ec00000, 0x000000008ec00000|100%| E|CS|TAMS 0x000000008eb00000, 0x000000008eb00000| Complete 
| 236|0x000000008ec00000, 0x000000008ed00000, 0x000000008ed00000|100%| E|CS|TAMS 0x000000008ec00000, 0x000000008ec00000| Complete 
| 237|0x000000008ed00000, 0x000000008ee00000, 0x000000008ee00000|100%| E|CS|TAMS 0x000000008ed00000, 0x000000008ed00000| Complete 
| 238|0x000000008ee00000, 0x000000008ef00000, 0x000000008ef00000|100%| E|CS|TAMS 0x000000008ee00000, 0x000000008ee00000| Complete 
| 239|0x000000008ef00000, 0x000000008f000000, 0x000000008f000000|100%| E|CS|TAMS 0x000000008ef00000, 0x000000008ef00000| Complete 
| 240|0x000000008f000000, 0x000000008f100000, 0x000000008f100000|100%| E|CS|TAMS 0x000000008f000000, 0x000000008f000000| Complete 
| 241|0x000000008f100000, 0x000000008f200000, 0x000000008f200000|100%| E|CS|TAMS 0x000000008f100000, 0x000000008f100000| Complete 
| 242|0x000000008f200000, 0x000000008f300000, 0x000000008f300000|100%| E|CS|TAMS 0x000000008f200000, 0x000000008f200000| Complete 
| 243|0x000000008f300000, 0x000000008f400000, 0x000000008f400000|100%| E|CS|TAMS 0x000000008f300000, 0x000000008f300000| Complete 
| 244|0x000000008f400000, 0x000000008f500000, 0x000000008f500000|100%| E|CS|TAMS 0x000000008f400000, 0x000000008f400000| Complete 
| 245|0x000000008f500000, 0x000000008f600000, 0x000000008f600000|100%| E|CS|TAMS 0x000000008f500000, 0x000000008f500000| Complete 
| 246|0x000000008f600000, 0x000000008f700000, 0x000000008f700000|100%| E|CS|TAMS 0x000000008f600000, 0x000000008f600000| Complete 
| 247|0x000000008f700000, 0x000000008f800000, 0x000000008f800000|100%| E|CS|TAMS 0x000000008f700000, 0x000000008f700000| Complete 
| 248|0x000000008f800000, 0x000000008f900000, 0x000000008f900000|100%| E|CS|TAMS 0x000000008f800000, 0x000000008f800000| Complete 
| 249|0x000000008f900000, 0x000000008fa00000, 0x000000008fa00000|100%| E|CS|TAMS 0x000000008f900000, 0x000000008f900000| Complete 
| 250|0x000000008fa00000, 0x000000008fb00000, 0x000000008fb00000|100%| E|CS|TAMS 0x000000008fa00000, 0x000000008fa00000| Complete 
| 251|0x000000008fb00000, 0x000000008fc00000, 0x000000008fc00000|100%| E|CS|TAMS 0x000000008fb00000, 0x000000008fb00000| Complete 
| 252|0x000000008fc00000, 0x000000008fd00000, 0x000000008fd00000|100%| E|CS|TAMS 0x000000008fc00000, 0x000000008fc00000| Complete 
| 253|0x000000008fd00000, 0x000000008fe00000, 0x000000008fe00000|100%| E|CS|TAMS 0x000000008fd00000, 0x000000008fd00000| Complete 
| 254|0x000000008fe00000, 0x000000008ff00000, 0x000000008ff00000|100%| E|CS|TAMS 0x000000008fe00000, 0x000000008fe00000| Complete 
| 255|0x000000008ff00000, 0x0000000090000000, 0x0000000090000000|100%| E|CS|TAMS 0x000000008ff00000, 0x000000008ff00000| Complete 

Card table byte_map: [0x000001c2af8d0000,0x000001c2afcd0000] _byte_map_base: 0x000001c2af4d0000

Marking Bits (Prev, Next): (CMBitMap*) 0x000001c298494410, (CMBitMap*) 0x000001c298494450
 Prev Bits: [0x000001c2b00d0000, 0x000001c2b20d0000)
 Next Bits: [0x000001c2b20d0000, 0x000001c2b40d0000)

Polling page: 0x000001c296180000

Metaspace:

Usage:
  Non-class:     38.19 MB used.
      Class:      6.05 MB used.
       Both:     44.24 MB used.

Virtual space:
  Non-class space:       64.00 MB reserved,      38.44 MB ( 60%) committed,  1 nodes.
      Class space:      416.00 MB reserved,       6.25 MB (  2%) committed,  1 nodes.
             Both:      480.00 MB reserved,      44.69 MB (  9%) committed. 

Chunk freelists:
   Non-Class:  9.53 MB
       Class:  9.70 MB
        Both:  19.23 MB

MaxMetaspaceSize: 512.00 MB
CompressedClassSpaceSize: 416.00 MB
Initial GC threshold: 21.00 MB
Current GC threshold: 58.88 MB
CDS: on
MetaspaceReclaimPolicy: balanced
 - commit_granule_bytes: 65536.
 - commit_granule_words: 8192.
 - virtual_space_node_default_size: 8388608.
 - enlarge_chunks_in_place: 1.
 - new_chunks_are_fully_committed: 0.
 - uncommit_free_chunks: 1.
 - use_allocation_guard: 0.
 - handle_deallocations: 1.


Internal statistics:

num_allocs_failed_limit: 6.
num_arena_births: 564.
num_arena_deaths: 0.
num_vsnodes_births: 2.
num_vsnodes_deaths: 0.
num_space_committed: 715.
num_space_uncommitted: 0.
num_chunks_returned_to_freelist: 6.
num_chunks_taken_from_freelist: 2290.
num_chunk_merges: 6.
num_chunk_splits: 1562.
num_chunks_enlarged: 1119.
num_inconsistent_stats: 0.

CodeHeap 'non-profiled nmethods': size=120000Kb used=5133Kb max_used=5133Kb free=114866Kb
 bounds [0x000001c2a7a40000, 0x000001c2a7f50000, 0x000001c2aef70000]
CodeHeap 'profiled nmethods': size=120000Kb used=9974Kb max_used=9974Kb free=110025Kb
 bounds [0x000001c29ff70000, 0x000001c2a0930000, 0x000001c2a74a0000]
CodeHeap 'non-nmethods': size=5760Kb used=2321Kb max_used=2486Kb free=3438Kb
 bounds [0x000001c2a74a0000, 0x000001c2a7720000, 0x000001c2a7a40000]
 total_blobs=6073 nmethods=5232 adapters=752
 compilation: enabled
              stopped_count=0, restarted_count=0
 full_count=0

Compilation events (20 events):
Event: 8.770 Thread 0x000001c2b68e30b0 6044       3       java.util.concurrent.ConcurrentHashMap::containsKey (14 bytes)
Event: 8.771 Thread 0x000001c2b68e30b0 nmethod 6044 0x000001c2a092a710 code [0x000001c2a092a8c0, 0x000001c2a092aa48]
Event: 8.772 Thread 0x000001c2b68e30b0 6045       1       org.gradle.internal.operations.OperationIdentifier::getId (5 bytes)
Event: 8.772 Thread 0x000001c2b68e30b0 nmethod 6045 0x000001c2a7f42210 code [0x000001c2a7f423a0, 0x000001c2a7f42478]
Event: 8.783 Thread 0x000001c2b68e30b0 6046   !   3       jdk.proxy1.$Proxy0::onOutput (34 bytes)
Event: 8.784 Thread 0x000001c2b68e30b0 nmethod 6046 0x000001c2a092ab10 code [0x000001c2a092ace0, 0x000001c2a092b1f8]
Event: 8.784 Thread 0x000001c2b68e30b0 6047       1       net.rubygrapefruit.platform.internal.WindowsFileStat::getLastModifiedTime (5 bytes)
Event: 8.784 Thread 0x000001c2b68e30b0 nmethod 6047 0x000001c2a7f42510 code [0x000001c2a7f426a0, 0x000001c2a7f42778]
Event: 8.784 Thread 0x000001c2b68e30b0 6048       1       net.rubygrapefruit.platform.internal.WindowsFileStat::getSize (5 bytes)
Event: 8.784 Thread 0x000001c2b68e30b0 nmethod 6048 0x000001c2a7f42810 code [0x000001c2a7f429a0, 0x000001c2a7f42a78]
Event: 8.787 Thread 0x000001c2b68e30b0 6049       1       org.gradle.internal.serialize.Serializers$StatefulSerializerAdapter::access$000 (5 bytes)
Event: 8.787 Thread 0x000001c2b68e30b0 nmethod 6049 0x000001c2a7f42b10 code [0x000001c2a7f42ca0, 0x000001c2a7f42d58]
Event: 8.787 Thread 0x000001c2b68e30b0 6051       3       org.gradle.internal.serialize.DefaultSerializerRegistry$TaggedTypeSerializer::write (37 bytes)
Event: 8.787 Thread 0x000001c2b68e30b0 nmethod 6051 0x000001c2a092b410 code [0x000001c2a092b5e0, 0x000001c2a092ba88]
Event: 8.787 Thread 0x000001c2b68e30b0 6052       3       org.gradle.internal.serialize.DefaultSerializerRegistry$TaggedTypeSerializer::map (110 bytes)
Event: 8.788 Thread 0x000001c2b68e30b0 nmethod 6052 0x000001c2a092bc90 code [0x000001c2a092bfe0, 0x000001c2a092d708]
Event: 8.788 Thread 0x000001c2b68e30b0 6053       1       org.gradle.launcher.daemon.protocol.OutputMessage::getEvent (5 bytes)
Event: 8.788 Thread 0x000001c2b68e30b0 nmethod 6053 0x000001c2a7f43210 code [0x000001c2a7f433a0, 0x000001c2a7f43478]
Event: 8.803 Thread 0x000001c2b68e30b0 6055       3       java.util.stream.SpinedBuffer::ensureCapacity (138 bytes)
Event: 8.803 Thread 0x000001c2b68e30b0 nmethod 6055 0x000001c2a092dd90 code [0x000001c2a092dfe0, 0x000001c2a092ef28]

GC Heap History (20 events):
Event: 7.026 GC heap before
{Heap before GC invocations=27 (full 0):
 garbage-first heap   total 181248K, used 143665K [0x0000000080000000, 0x0000000100000000)
  region size 1024K, 106 young (108544K), 7 survivors (7168K)
 Metaspace       used 45277K, committed 45760K, reserved 491520K
  class space    used 6192K, committed 6400K, reserved 425984K
}
Event: 7.029 GC heap after
{Heap after GC invocations=28 (full 0):
 garbage-first heap   total 181248K, used 42660K [0x0000000080000000, 0x0000000100000000)
  region size 1024K, 7 young (7168K), 7 survivors (7168K)
 Metaspace       used 45277K, committed 45760K, reserved 491520K
  class space    used 6192K, committed 6400K, reserved 425984K
}
Event: 7.259 GC heap before
{Heap before GC invocations=28 (full 0):
 garbage-first heap   total 181248K, used 144036K [0x0000000080000000, 0x0000000100000000)
  region size 1024K, 106 young (108544K), 7 survivors (7168K)
 Metaspace       used 45278K, committed 45760K, reserved 491520K
  class space    used 6192K, committed 6400K, reserved 425984K
}
Event: 7.262 GC heap after
{Heap after GC invocations=29 (full 0):
 garbage-first heap   total 181248K, used 43527K [0x0000000080000000, 0x0000000100000000)
  region size 1024K, 7 young (7168K), 7 survivors (7168K)
 Metaspace       used 45278K, committed 45760K, reserved 491520K
  class space    used 6192K, committed 6400K, reserved 425984K
}
Event: 7.448 GC heap before
{Heap before GC invocations=29 (full 0):
 garbage-first heap   total 181248K, used 144903K [0x0000000080000000, 0x0000000100000000)
  region size 1024K, 106 young (108544K), 7 survivors (7168K)
 Metaspace       used 45283K, committed 45760K, reserved 491520K
  class space    used 6192K, committed 6400K, reserved 425984K
}
Event: 7.451 GC heap after
{Heap after GC invocations=30 (full 0):
 garbage-first heap   total 218112K, used 44029K [0x0000000080000000, 0x0000000100000000)
  region size 1024K, 7 young (7168K), 7 survivors (7168K)
 Metaspace       used 45283K, committed 45760K, reserved 491520K
  class space    used 6192K, committed 6400K, reserved 425984K
}
Event: 7.661 GC heap before
{Heap before GC invocations=30 (full 0):
 garbage-first heap   total 218112K, used 166909K [0x0000000080000000, 0x0000000100000000)
  region size 1024K, 127 young (130048K), 7 survivors (7168K)
 Metaspace       used 45283K, committed 45760K, reserved 491520K
  class space    used 6192K, committed 6400K, reserved 425984K
}
Event: 7.664 GC heap after
{Heap after GC invocations=31 (full 0):
 garbage-first heap   total 218112K, used 44817K [0x0000000080000000, 0x0000000100000000)
  region size 1024K, 8 young (8192K), 8 survivors (8192K)
 Metaspace       used 45283K, committed 45760K, reserved 491520K
  class space    used 6192K, committed 6400K, reserved 425984K
}
Event: 7.893 GC heap before
{Heap before GC invocations=31 (full 0):
 garbage-first heap   total 218112K, used 166673K [0x0000000080000000, 0x0000000100000000)
  region size 1024K, 127 young (130048K), 8 survivors (8192K)
 Metaspace       used 45283K, committed 45760K, reserved 491520K
  class space    used 6192K, committed 6400K, reserved 425984K
}
Event: 7.897 GC heap after
{Heap after GC invocations=32 (full 0):
 garbage-first heap   total 218112K, used 45431K [0x0000000080000000, 0x0000000100000000)
  region size 1024K, 8 young (8192K), 8 survivors (8192K)
 Metaspace       used 45283K, committed 45760K, reserved 491520K
  class space    used 6192K, committed 6400K, reserved 425984K
}
Event: 8.036 GC heap before
{Heap before GC invocations=32 (full 0):
 garbage-first heap   total 218112K, used 167287K [0x0000000080000000, 0x0000000100000000)
  region size 1024K, 127 young (130048K), 8 survivors (8192K)
 Metaspace       used 45284K, committed 45760K, reserved 491520K
  class space    used 6192K, committed 6400K, reserved 425984K
}
Event: 8.039 GC heap after
{Heap after GC invocations=33 (full 0):
 garbage-first heap   total 218112K, used 45670K [0x0000000080000000, 0x0000000100000000)
  region size 1024K, 8 young (8192K), 8 survivors (8192K)
 Metaspace       used 45284K, committed 45760K, reserved 491520K
  class space    used 6192K, committed 6400K, reserved 425984K
}
Event: 8.159 GC heap before
{Heap before GC invocations=33 (full 0):
 garbage-first heap   total 218112K, used 167526K [0x0000000080000000, 0x0000000100000000)
  region size 1024K, 127 young (130048K), 8 survivors (8192K)
 Metaspace       used 45289K, committed 45760K, reserved 491520K
  class space    used 6193K, committed 6400K, reserved 425984K
}
Event: 8.162 GC heap after
{Heap after GC invocations=34 (full 0):
 garbage-first heap   total 218112K, used 46133K [0x0000000080000000, 0x0000000100000000)
  region size 1024K, 8 young (8192K), 8 survivors (8192K)
 Metaspace       used 45289K, committed 45760K, reserved 491520K
  class space    used 6193K, committed 6400K, reserved 425984K
}
Event: 8.313 GC heap before
{Heap before GC invocations=34 (full 0):
 garbage-first heap   total 218112K, used 167989K [0x0000000080000000, 0x0000000100000000)
  region size 1024K, 127 young (130048K), 8 survivors (8192K)
 Metaspace       used 45289K, committed 45760K, reserved 491520K
  class space    used 6193K, committed 6400K, reserved 425984K
}
Event: 8.317 GC heap after
{Heap after GC invocations=35 (full 0):
 garbage-first heap   total 218112K, used 46668K [0x0000000080000000, 0x0000000100000000)
  region size 1024K, 8 young (8192K), 8 survivors (8192K)
 Metaspace       used 45289K, committed 45760K, reserved 491520K
  class space    used 6193K, committed 6400K, reserved 425984K
}
Event: 8.473 GC heap before
{Heap before GC invocations=35 (full 0):
 garbage-first heap   total 218112K, used 168524K [0x0000000080000000, 0x0000000100000000)
  region size 1024K, 127 young (130048K), 8 survivors (8192K)
 Metaspace       used 45297K, committed 45760K, reserved 491520K
  class space    used 6193K, committed 6400K, reserved 425984K
}
Event: 8.477 GC heap after
{Heap after GC invocations=36 (full 0):
 garbage-first heap   total 262144K, used 47715K [0x0000000080000000, 0x0000000100000000)
  region size 1024K, 9 young (9216K), 9 survivors (9216K)
 Metaspace       used 45297K, committed 45760K, reserved 491520K
  class space    used 6193K, committed 6400K, reserved 425984K
}
Event: 8.746 GC heap before
{Heap before GC invocations=36 (full 0):
 garbage-first heap   total 262144K, used 195171K [0x0000000080000000, 0x0000000100000000)
  region size 1024K, 153 young (156672K), 9 survivors (9216K)
 Metaspace       used 45300K, committed 45760K, reserved 491520K
  class space    used 6193K, committed 6400K, reserved 425984K
}
Event: 8.750 GC heap after
{Heap after GC invocations=37 (full 0):
 garbage-first heap   total 262144K, used 48619K [0x0000000080000000, 0x0000000100000000)
  region size 1024K, 10 young (10240K), 10 survivors (10240K)
 Metaspace       used 45300K, committed 45760K, reserved 491520K
  class space    used 6193K, committed 6400K, reserved 425984K
}

Dll operation events (15 events):
Event: 0.009 Loaded shared library C:\Program Files\Microsoft\jdk-17.0.14.7-hotspot\bin\java.dll
Event: 0.022 Loaded shared library C:\Program Files\Microsoft\jdk-17.0.14.7-hotspot\bin\jsvml.dll
Event: 0.056 Loaded shared library C:\Program Files\Microsoft\jdk-17.0.14.7-hotspot\bin\zip.dll
Event: 0.059 Loaded shared library C:\Program Files\Microsoft\jdk-17.0.14.7-hotspot\bin\instrument.dll
Event: 0.061 Loaded shared library C:\Program Files\Microsoft\jdk-17.0.14.7-hotspot\bin\net.dll
Event: 0.063 Loaded shared library C:\Program Files\Microsoft\jdk-17.0.14.7-hotspot\bin\nio.dll
Event: 0.064 Loaded shared library C:\Program Files\Microsoft\jdk-17.0.14.7-hotspot\bin\zip.dll
Event: 0.246 Loaded shared library C:\Program Files\Microsoft\jdk-17.0.14.7-hotspot\bin\jimage.dll
Event: 0.373 Loaded shared library C:\Program Files\Microsoft\jdk-17.0.14.7-hotspot\bin\verify.dll
Event: 0.442 Loaded shared library C:\Users\ASUS ROG\.gradle\native\1def1411415f61bf3af743bc5b6707747c0891f09f0c88961ee8f79bc544acac\windows-amd64\native-platform.dll
Event: 0.459 Loaded shared library C:\Users\ASUS ROG\.gradle\native\0.2.7\x86_64-windows-gnu\gradle-fileevents.dll
Event: 1.206 Loaded shared library C:\Program Files\Microsoft\jdk-17.0.14.7-hotspot\bin\management.dll
Event: 1.208 Loaded shared library C:\Program Files\Microsoft\jdk-17.0.14.7-hotspot\bin\management_ext.dll
Event: 1.359 Loaded shared library C:\Program Files\Microsoft\jdk-17.0.14.7-hotspot\bin\extnet.dll
Event: 1.493 Loaded shared library C:\Program Files\Microsoft\jdk-17.0.14.7-hotspot\bin\sunmscapi.dll

Deoptimization events (20 events):
Event: 8.761 Thread 0x000001c2d2b1d0b0 Uncommon trap: trap_request=0xffffff45 fr.pc=0x000001c2a7ee0a18 relative=0x0000000000003838
Event: 8.761 Thread 0x000001c2d2b1d0b0 Uncommon trap: reason=unstable_if action=reinterpret pc=0x000001c2a7ee0a18 method=org.gradle.api.internal.runtimeshaded.RuntimeShadedJarCreator.processEntry(Lorg/gradle/internal/classpath/ClasspathBuilder$EntryBuilder;Lorg/gradle/internal/classpath/Classp
Event: 8.761 Thread 0x000001c2d2b1d0b0 DEOPT PACKING pc=0x000001c2a7ee0a18 sp=0x0000007a623f5f00
Event: 8.761 Thread 0x000001c2d2b1d0b0 DEOPT UNPACKING pc=0x000001c2a74f69a3 sp=0x0000007a623f5e28 mode 2
Event: 8.761 Thread 0x000001c2d2b1d0b0 Uncommon trap: trap_request=0xffffff45 fr.pc=0x000001c2a7ee8274 relative=0x0000000000003814
Event: 8.761 Thread 0x000001c2d2b1d0b0 Uncommon trap: reason=unstable_if action=reinterpret pc=0x000001c2a7ee8274 method=org.gradle.api.internal.runtimeshaded.RuntimeShadedJarCreator.processEntry(Lorg/gradle/internal/classpath/ClasspathBuilder$EntryBuilder;Lorg/gradle/internal/classpath/Classp
Event: 8.761 Thread 0x000001c2d2b1d0b0 DEOPT PACKING pc=0x000001c2a7ee8274 sp=0x0000007a623f5e60
Event: 8.761 Thread 0x000001c2d2b1d0b0 DEOPT UNPACKING pc=0x000001c2a74f69a3 sp=0x0000007a623f5e18 mode 2
Event: 8.761 Thread 0x000001c2d2b1d0b0 Uncommon trap: trap_request=0xffffff45 fr.pc=0x000001c2a7eefa50 relative=0x00000000000037f0
Event: 8.761 Thread 0x000001c2d2b1d0b0 Uncommon trap: reason=unstable_if action=reinterpret pc=0x000001c2a7eefa50 method=org.gradle.api.internal.runtimeshaded.RuntimeShadedJarCreator.processEntry(Lorg/gradle/internal/classpath/ClasspathBuilder$EntryBuilder;Lorg/gradle/internal/classpath/Classp
Event: 8.761 Thread 0x000001c2d2b1d0b0 DEOPT PACKING pc=0x000001c2a7eefa50 sp=0x0000007a623f5de0
Event: 8.761 Thread 0x000001c2d2b1d0b0 DEOPT UNPACKING pc=0x000001c2a74f69a3 sp=0x0000007a623f5e18 mode 2
Event: 8.767 Thread 0x000001c2d2b1d0b0 DEOPT PACKING pc=0x000001c2a091296a sp=0x0000007a623f55b0
Event: 8.768 Thread 0x000001c2d2b1d0b0 DEOPT UNPACKING pc=0x000001c2a74f7143 sp=0x0000007a623f4cc0 mode 0
Event: 8.769 Thread 0x000001c2d2b1d0b0 Uncommon trap: trap_request=0xffffff45 fr.pc=0x000001c2a7a76870 relative=0x0000000000000410
Event: 8.769 Thread 0x000001c2d2b1d0b0 Uncommon trap: reason=unstable_if action=reinterpret pc=0x000001c2a7a76870 method=org.objectweb.asm.MethodWriter.visitVarInsn(II)V @ 20 c2
Event: 8.769 Thread 0x000001c2d2b1d0b0 DEOPT PACKING pc=0x000001c2a7a76870 sp=0x0000007a623f54f0
Event: 8.769 Thread 0x000001c2d2b1d0b0 DEOPT UNPACKING pc=0x000001c2a74f69a3 sp=0x0000007a623f5498 mode 2
Event: 8.772 Thread 0x000001c2d2b1d0b0 DEOPT PACKING pc=0x000001c2a091296a sp=0x0000007a623f55b0
Event: 8.772 Thread 0x000001c2d2b1d0b0 DEOPT UNPACKING pc=0x000001c2a74f7143 sp=0x0000007a623f4cc0 mode 0

Classes loaded (20 events):
Event: 4.370 Loading class java/lang/invoke/BoundMethodHandle$Species_LLLLLLLLLLLLLLLLLLLLLLLL
Event: 4.370 Loading class java/lang/invoke/BoundMethodHandle$Species_LLLLLLLLLLLLLLLLLLLLLLLL done
Event: 4.371 Loading class java/lang/invoke/BoundMethodHandle$Species_LLLLLLLLLLLLLLLLLLLLLLLLL
Event: 4.371 Loading class java/lang/invoke/BoundMethodHandle$Species_LLLLLLLLLLLLLLLLLLLLLLLLL done
Event: 4.373 Loading class java/lang/invoke/BoundMethodHandle$Species_LLLLLLLLLLLLLLLLLLLLLLLLLL
Event: 4.373 Loading class java/lang/invoke/BoundMethodHandle$Species_LLLLLLLLLLLLLLLLLLLLLLLLLL done
Event: 4.500 Loading class java/nio/charset/UnsupportedCharsetException
Event: 4.500 Loading class java/nio/charset/UnsupportedCharsetException done
Event: 4.501 Loading class java/util/Collections$UnmodifiableSortedMap
Event: 4.501 Loading class java/util/Collections$UnmodifiableSortedMap done
Event: 4.502 Loading class java/util/zip/Deflater
Event: 4.502 Loading class java/util/zip/Deflater done
Event: 4.502 Loading class java/util/zip/Deflater$DeflaterZStreamRef
Event: 4.502 Loading class java/util/zip/Deflater$DeflaterZStreamRef done
Event: 4.519 Loading class java/nio/StringCharBuffer
Event: 4.519 Loading class java/nio/StringCharBuffer done
Event: 6.192 Loading class java/util/regex/Pattern$Caret
Event: 6.193 Loading class java/util/regex/Pattern$Caret done
Event: 8.094 Loading class jdk/internal/misc/ScopedMemoryAccess$Scope$Handle
Event: 8.094 Loading class jdk/internal/misc/ScopedMemoryAccess$Scope$Handle done

Classes unloaded (0 events):
No events

Classes redefined (0 events):
No events

Internal exceptions (20 events):
Event: 4.195 Thread 0x000001c2d2b1d0b0 Exception <a 'java/lang/NoSuchMethodError'{0x000000008452a1c0}: 'java.lang.Object java.lang.invoke.DirectMethodHandle$Holder.invokeSpecial(java.lang.Object, java.lang.Object, java.lang.Object, java.lang.Object, java.lang.Object, java.lang.Object, java.lang.Object, java.lang.Object, java.lang.Object, java.lang.Object, java.lang.Object, java.lang.Object)'> (0x000000008452a1c0) 
thrown [s\src\hotspot\share\interpreter\linkResolver.cpp, line 759]
Event: 4.195 Thread 0x000001c2d2b1d0b0 Exception <a 'java/lang/NoSuchMethodError'{0x000000008452f858}: 'java.lang.Object java.lang.invoke.Invokers$Holder.linkToTargetMethod(java.lang.Object, java.lang.Object, java.lang.Object, java.lang.Object, java.lang.Object, java.lang.Object, java.lang.Object, java.lang.Object, java.lang.Object, java.lang.Object, java.lang.Object)'> (0x000000008452f858) 
thrown [s\src\hotspot\share\interpreter\linkResolver.cpp, line 759]
Event: 4.200 Thread 0x000001c2d2b1d0b0 Exception <a 'java/lang/NoSuchMethodError'{0x00000000845af770}: 'java.lang.Object java.lang.invoke.DirectMethodHandle$Holder.newInvokeSpecial(java.lang.Object, java.lang.Object, java.lang.Object, java.lang.Object, java.lang.Object, java.lang.Object, java.lang.Object, java.lang.Object, java.lang.Object, java.lang.Object, java.lang.Object, java.lang.Object)'> (0x00000000845af770) 
thrown [s\src\hotspot\share\interpreter\linkResolver.cpp, line 759]
Event: 4.201 Thread 0x000001c2d2b1d0b0 Exception <a 'java/lang/NoSuchMethodError'{0x00000000845b5490}: 'java.lang.Object java.lang.invoke.DirectMethodHandle$Holder.invokeSpecial(java.lang.Object, java.lang.Object, java.lang.Object, java.lang.Object, java.lang.Object, java.lang.Object, java.lang.Object, java.lang.Object, java.lang.Object, java.lang.Object, java.lang.Object, java.lang.Object, java.lang.Object)'> (0x00000000845b5490) 
thrown [s\src\hotspot\share\interpreter\linkResolver.cpp, line 759]
Event: 4.201 Thread 0x000001c2d2b1d0b0 Exception <a 'java/lang/NoSuchMethodError'{0x00000000845bacb0}: 'java.lang.Object java.lang.invoke.Invokers$Holder.linkToTargetMethod(java.lang.Object, java.lang.Object, java.lang.Object, java.lang.Object, java.lang.Object, java.lang.Object, java.lang.Object, java.lang.Object, java.lang.Object, java.lang.Object, java.lang.Object, java.lang.Object)'> (0x00000000845bacb0) 
thrown [s\src\hotspot\share\interpreter\linkResolver.cpp, line 759]
Event: 4.299 Thread 0x000001c2d2b1d0b0 Exception <a 'java/lang/NoSuchMethodError'{0x0000000083b8b188}: 'void java.lang.invoke.DirectMethodHandle$Holder.invokeInterface(java.lang.Object, java.lang.Object)'> (0x0000000083b8b188) 
thrown [s\src\hotspot\share\interpreter\linkResolver.cpp, line 759]
Event: 4.340 Thread 0x000001c2d2b1d0b0 Exception <a 'sun/nio/fs/WindowsException'{0x00000000839ff718}> (0x00000000839ff718) 
thrown [s\src\hotspot\share\prims\jni.cpp, line 516]
Event: 4.340 Thread 0x000001c2d2b1d0b0 Exception <a 'sun/nio/fs/WindowsException'{0x000000008381bb58}> (0x000000008381bb58) 
thrown [s\src\hotspot\share\prims\jni.cpp, line 516]
Event: 4.340 Thread 0x000001c2d2b1d0b0 Exception <a 'sun/nio/fs/WindowsException'{0x000000008381d578}> (0x000000008381d578) 
thrown [s\src\hotspot\share\prims\jni.cpp, line 516]
Event: 4.341 Thread 0x000001c2d2b1d0b0 Exception <a 'sun/nio/fs/WindowsException'{0x000000008381ef90}> (0x000000008381ef90) 
thrown [s\src\hotspot\share\prims\jni.cpp, line 516]
Event: 4.351 Thread 0x000001c2d2b1d0b0 Exception <a 'java/lang/NoSuchMethodError'{0x0000000083717f48}: 'java.lang.Object java.lang.invoke.Invokers$Holder.invoker(java.lang.Object, java.lang.Object, java.lang.Object, java.lang.Object, java.lang.Object, java.lang.Object)'> (0x0000000083717f48) 
thrown [s\src\hotspot\share\interpreter\linkResolver.cpp, line 759]
Event: 4.365 Thread 0x000001c2d2b1d0b0 Exception <a 'java/lang/NoSuchMethodError'{0x0000000083676a60}: 'java.lang.Object java.lang.invoke.DelegatingMethodHandle$Holder.reinvoke_L(java.lang.Object, java.lang.Object, java.lang.Object, java.lang.Object, java.lang.Object, java.lang.Object, java.lang.Object, java.lang.Object, java.lang.Object, java.lang.Object, java.lang.Object, java.lang.Object, java.lang.Object, java.lang.Object, java.lang.Object, java.lang.Object, java.lang.Object, java.lang.Object, java.lang.Object, java.lang.Object, java.lang.O
Event: 4.365 Thread 0x000001c2d2b1d0b0 Exception <a 'java/lang/NoSuchMethodError'{0x0000000083683500}: 'java.lang.Object java.lang.invoke.Invokers$Holder.invoker(java.lang.Object, java.lang.Object, java.lang.Object, java.lang.Object, java.lang.Object, java.lang.Object, java.lang.Object, java.lang.Object, java.lang.Object, java.lang.Object, java.lang.Object, java.lang.Object, java.lang.Object, java.lang.Object, java.lang.Object, java.lang.Object, java.lang.Object, java.lang.Object, java.lang.Object, java.lang.Object, java.lang.Object, java.lang.
Event: 4.365 Thread 0x000001c2d2b1d0b0 Exception <a 'java/lang/NoSuchMethodError'{0x000000008368a670}: 'java.lang.Object java.lang.invoke.DelegatingMethodHandle$Holder.delegate(java.lang.Object, java.lang.Object, java.lang.Object, java.lang.Object, java.lang.Object, java.lang.Object, java.lang.Object, java.lang.Object, java.lang.Object, java.lang.Object, java.lang.Object, java.lang.Object, java.lang.Object, java.lang.Object, java.lang.Object, java.lang.Object, java.lang.Object, java.lang.Object, java.lang.Object, java.lang.Object, java.lang.Obj
Event: 4.371 Thread 0x000001c2d2b1d0b0 Exception <a 'java/lang/NoSuchMethodError'{0x000000008355a9f0}: 'java.lang.Object java.lang.invoke.DirectMethodHandle$Holder.invokeStatic(java.lang.Object, java.lang.Object, java.lang.Object, java.lang.Object, java.lang.Object, java.lang.Object, java.lang.Object, java.lang.Object, java.lang.Object, java.lang.Object, java.lang.Object, java.lang.Object, java.lang.Object, java.lang.Object, java.lang.Object, java.lang.Object, java.lang.Object, java.lang.Object, java.lang.Object, java.lang.Object, java.lang.Obj
Event: 4.372 Thread 0x000001c2d2b1d0b0 Exception <a 'java/lang/NoSuchMethodError'{0x000000008358fae8}: 'java.lang.Object java.lang.invoke.DirectMethodHandle$Holder.invokeStatic(java.lang.Object, java.lang.Object, java.lang.Object, java.lang.Object, java.lang.Object, java.lang.Object, java.lang.Object, java.lang.Object, java.lang.Object, java.lang.Object, java.lang.Object, java.lang.Object, java.lang.Object, java.lang.Object, java.lang.Object, java.lang.Object, java.lang.Object, java.lang.Object, java.lang.Object, java.lang.Object, java.lang.Obj
Event: 4.374 Thread 0x000001c2d2b1d0b0 Exception <a 'java/lang/NoSuchMethodError'{0x00000000835c6150}: 'java.lang.Object java.lang.invoke.DirectMethodHandle$Holder.invokeStatic(java.lang.Object, java.lang.Object, java.lang.Object, java.lang.Object, java.lang.Object, java.lang.Object, java.lang.Object, java.lang.Object, java.lang.Object, java.lang.Object, java.lang.Object, java.lang.Object, java.lang.Object, java.lang.Object, java.lang.Object, java.lang.Object, java.lang.Object, java.lang.Object, java.lang.Object, java.lang.Object, java.lang.Obj
Event: 4.496 Thread 0x000001c2d2b1d0b0 Exception <a 'sun/nio/fs/WindowsException'{0x000000008fd30e50}> (0x000000008fd30e50) 
thrown [s\src\hotspot\share\prims\jni.cpp, line 516]
Event: 4.496 Thread 0x000001c2d2b1d0b0 Exception <a 'sun/nio/fs/WindowsException'{0x000000008fd32970}> (0x000000008fd32970) 
thrown [s\src\hotspot\share\prims\jni.cpp, line 516]
Event: 6.635 Thread 0x000001c2d2b1d0b0 Implicit null exception at 0x000001c2a7e1016f to 0x000001c2a7e10f20

VM Operations (20 events):
Event: 7.026 Executing VM operation: G1CollectForAllocation
Event: 7.029 Executing VM operation: G1CollectForAllocation done
Event: 7.259 Executing VM operation: G1CollectForAllocation
Event: 7.262 Executing VM operation: G1CollectForAllocation done
Event: 7.448 Executing VM operation: G1CollectForAllocation
Event: 7.451 Executing VM operation: G1CollectForAllocation done
Event: 7.661 Executing VM operation: G1CollectForAllocation
Event: 7.664 Executing VM operation: G1CollectForAllocation done
Event: 7.893 Executing VM operation: G1CollectForAllocation
Event: 7.897 Executing VM operation: G1CollectForAllocation done
Event: 8.036 Executing VM operation: G1CollectForAllocation
Event: 8.039 Executing VM operation: G1CollectForAllocation done
Event: 8.159 Executing VM operation: G1CollectForAllocation
Event: 8.162 Executing VM operation: G1CollectForAllocation done
Event: 8.313 Executing VM operation: G1CollectForAllocation
Event: 8.318 Executing VM operation: G1CollectForAllocation done
Event: 8.473 Executing VM operation: G1CollectForAllocation
Event: 8.478 Executing VM operation: G1CollectForAllocation done
Event: 8.746 Executing VM operation: G1CollectForAllocation
Event: 8.750 Executing VM operation: G1CollectForAllocation done

Memory protections (0 events):
No events

Nmethod flushes (20 events):
Event: 4.200 Thread 0x000001c2b68e7450 flushing  nmethod 0x000001c2a0798f10
Event: 4.200 Thread 0x000001c2b68e7450 flushing  nmethod 0x000001c2a079ca10
Event: 4.200 Thread 0x000001c2b68e7450 flushing  nmethod 0x000001c2a079ce10
Event: 4.200 Thread 0x000001c2b68e7450 flushing  nmethod 0x000001c2a079d210
Event: 4.200 Thread 0x000001c2b68e7450 flushing  nmethod 0x000001c2a079ec90
Event: 4.200 Thread 0x000001c2b68e7450 flushing  nmethod 0x000001c2a079f110
Event: 4.200 Thread 0x000001c2b68e7450 flushing  nmethod 0x000001c2a079f510
Event: 4.200 Thread 0x000001c2b68e7450 flushing  nmethod 0x000001c2a07a5910
Event: 4.200 Thread 0x000001c2b68e7450 flushing  nmethod 0x000001c2a07af510
Event: 4.200 Thread 0x000001c2b68e7450 flushing  nmethod 0x000001c2a07b1690
Event: 4.200 Thread 0x000001c2b68e7450 flushing  nmethod 0x000001c2a07b7a90
Event: 4.200 Thread 0x000001c2b68e7450 flushing  nmethod 0x000001c2a07bda90
Event: 4.200 Thread 0x000001c2b68e7450 flushing  nmethod 0x000001c2a07bf210
Event: 4.200 Thread 0x000001c2b68e7450 flushing  nmethod 0x000001c2a07c1890
Event: 4.200 Thread 0x000001c2b68e7450 flushing  nmethod 0x000001c2a07dd010
Event: 4.200 Thread 0x000001c2b68e7450 flushing  nmethod 0x000001c2a07dd710
Event: 4.200 Thread 0x000001c2b68e7450 flushing  nmethod 0x000001c2a07ddb90
Event: 4.200 Thread 0x000001c2b68e7450 flushing  nmethod 0x000001c2a07f4410
Event: 4.201 Thread 0x000001c2b68e7450 flushing  nmethod 0x000001c2a0853c90
Event: 6.638 Thread 0x000001c2b68e7450 flushing  nmethod 0x000001c2a00f2790

Events (20 events):
Event: 1.534 Thread 0x000001c2d82263c0 Thread added: 0x000001c2d2b1a830
Event: 1.538 Thread 0x000001c2d82263c0 Thread added: 0x000001c2d2b1d0b0
Event: 1.545 Thread 0x000001c2d2b1d0b0 Thread added: 0x000001c2d2b1ad40
Event: 1.547 Thread 0x000001c2d2b1d0b0 Thread added: 0x000001c2d2b1b250
Event: 1.550 Thread 0x000001c2d2b1d0b0 Thread added: 0x000001c2d2b1c180
Event: 1.788 Thread 0x000001c2d2b1d0b0 Thread added: 0x000001c2d2b1b760
Event: 1.795 Thread 0x000001c2d2b1d0b0 Thread added: 0x000001c2d2b1cba0
Event: 1.814 Thread 0x000001c2d2b1d0b0 Thread added: 0x000001c2d2b1a320
Event: 2.295 Thread 0x000001c2d2b1d0b0 Thread added: 0x000001c2d2b19e10
Event: 2.304 Thread 0x000001c2d2b1d0b0 Thread added: 0x000001c2d9146590
Event: 2.314 Thread 0x000001c2b68e30b0 Thread added: 0x000001c2d874feb0
Event: 2.488 Thread 0x000001c2d2b1d0b0 Thread added: 0x000001c2d9148e10
Event: 2.494 Thread 0x000001c2d2b1d0b0 Thread added: 0x000001c2d9149320
Event: 3.841 Thread 0x000001c2d2b1d0b0 Thread added: 0x000001c2d914a250
Event: 3.932 Thread 0x000001c2d2b1d0b0 Thread added: 0x000001c2d914cad0
Event: 3.948 Thread 0x000001c2d2b1d0b0 Thread added: 0x000001c2d9149830
Event: 4.207 Thread 0x000001c2d2b1d0b0 Thread added: 0x000001c2d91479d0
Event: 4.226 Thread 0x000001c2d2b1d0b0 Thread added: 0x000001c2d9147ee0
Event: 4.332 Thread 0x000001c2d2b1d0b0 Thread added: 0x000001c2d9146fb0
Event: 8.094 Thread 0x000001c2d874feb0 Thread exited: 0x000001c2d874feb0


Dynamic libraries:
0x00007ff7ca720000 - 0x00007ff7ca72e000 	C:\Program Files\Microsoft\jdk-17.0.14.7-hotspot\bin\java.exe
0x00007ff9f0190000 - 0x00007ff9f0388000 	C:\Windows\SYSTEM32\ntdll.dll
0x00007ff9ee6c0000 - 0x00007ff9ee782000 	C:\Windows\System32\KERNEL32.DLL
0x00007ff9edd80000 - 0x00007ff9ee07f000 	C:\Windows\System32\KERNELBASE.dll
0x00007ff9edbf0000 - 0x00007ff9edcf0000 	C:\Windows\System32\ucrtbase.dll
0x00007ff9d7f40000 - 0x00007ff9d7f57000 	C:\Program Files\Microsoft\jdk-17.0.14.7-hotspot\bin\jli.dll
0x00007ff9e5800000 - 0x00007ff9e581d000 	C:\Program Files\Microsoft\jdk-17.0.14.7-hotspot\bin\VCRUNTIME140.dll
0x00007ff9eff10000 - 0x00007ff9f00ad000 	C:\Windows\System32\USER32.dll
0x00007ff9ed830000 - 0x00007ff9ed852000 	C:\Windows\System32\win32u.dll
0x00007ff9dbe30000 - 0x00007ff9dc0ca000 	C:\Windows\WinSxS\amd64_microsoft.windows.common-controls_6595b64144ccf1df_6.0.19041.4355_none_60b8b9eb71f62e16\COMCTL32.dll
0x00007ff9eed60000 - 0x00007ff9eed8b000 	C:\Windows\System32\GDI32.dll
0x00007ff9eeea0000 - 0x00007ff9eef3e000 	C:\Windows\System32\msvcrt.dll
0x00007ff9ed8d0000 - 0x00007ff9ed9ea000 	C:\Windows\System32\gdi32full.dll
0x00007ff9ed9f0000 - 0x00007ff9eda8d000 	C:\Windows\System32\msvcp_win.dll
0x00007ff9ef060000 - 0x00007ff9ef08f000 	C:\Windows\System32\IMM32.DLL
0x00007ff9e8740000 - 0x00007ff9e874c000 	C:\Program Files\Microsoft\jdk-17.0.14.7-hotspot\bin\vcruntime140_1.dll
0x00007ff9d7eb0000 - 0x00007ff9d7f3d000 	C:\Program Files\Microsoft\jdk-17.0.14.7-hotspot\bin\msvcp140.dll
0x00007ff97c3c0000 - 0x00007ff97d032000 	C:\Program Files\Microsoft\jdk-17.0.14.7-hotspot\bin\server\jvm.dll
0x00007ff9ee890000 - 0x00007ff9ee93f000 	C:\Windows\System32\ADVAPI32.dll
0x00007ff9ef090000 - 0x00007ff9ef12f000 	C:\Windows\System32\sechost.dll
0x00007ff9eebc0000 - 0x00007ff9eece3000 	C:\Windows\System32\RPCRT4.dll
0x00007ff9ee180000 - 0x00007ff9ee1a7000 	C:\Windows\System32\bcrypt.dll
0x00007ff9eeb50000 - 0x00007ff9eebbb000 	C:\Windows\System32\WS2_32.dll
0x00007ff9ecd70000 - 0x00007ff9ecdbb000 	C:\Windows\SYSTEM32\POWRPROF.dll
0x00007ff9e6d60000 - 0x00007ff9e6d6a000 	C:\Windows\SYSTEM32\VERSION.dll
0x00007ff9e2db0000 - 0x00007ff9e2dd7000 	C:\Windows\SYSTEM32\WINMM.dll
0x00007ff9ecc30000 - 0x00007ff9ecc42000 	C:\Windows\SYSTEM32\UMPDC.dll
0x00007ff9ec050000 - 0x00007ff9ec062000 	C:\Windows\SYSTEM32\kernel.appcore.dll
0x00007ff9e5840000 - 0x00007ff9e584a000 	C:\Program Files\Microsoft\jdk-17.0.14.7-hotspot\bin\jimage.dll
0x00007ff9eb3f0000 - 0x00007ff9eb5d4000 	C:\Windows\SYSTEM32\DBGHELP.DLL
0x00007ff9d0c70000 - 0x00007ff9d0ca4000 	C:\Windows\SYSTEM32\dbgcore.DLL
0x00007ff9edcf0000 - 0x00007ff9edd72000 	C:\Windows\System32\bcryptPrimitives.dll
0x00007ff9d1c60000 - 0x00007ff9d1c6e000 	C:\Program Files\Microsoft\jdk-17.0.14.7-hotspot\bin\instrument.dll
0x00007ff9d4fa0000 - 0x00007ff9d4fc5000 	C:\Program Files\Microsoft\jdk-17.0.14.7-hotspot\bin\java.dll
0x00007ff9a4170000 - 0x00007ff9a4247000 	C:\Program Files\Microsoft\jdk-17.0.14.7-hotspot\bin\jsvml.dll
0x00007ff9ef210000 - 0x00007ff9ef97d000 	C:\Windows\System32\SHELL32.dll
0x00007ff9eb890000 - 0x00007ff9ec034000 	C:\Windows\SYSTEM32\windows.storage.dll
0x00007ff9ee1b0000 - 0x00007ff9ee505000 	C:\Windows\System32\combase.dll
0x00007ff9ed260000 - 0x00007ff9ed28b000 	C:\Windows\SYSTEM32\Wldp.dll
0x00007ff9ee940000 - 0x00007ff9eea0d000 	C:\Windows\System32\OLEAUT32.dll
0x00007ff9eed90000 - 0x00007ff9eee3d000 	C:\Windows\System32\SHCORE.dll
0x00007ff9eecf0000 - 0x00007ff9eed45000 	C:\Windows\System32\shlwapi.dll
0x00007ff9ed760000 - 0x00007ff9ed785000 	C:\Windows\SYSTEM32\profapi.dll
0x00007ff9d31a0000 - 0x00007ff9d31b8000 	C:\Program Files\Microsoft\jdk-17.0.14.7-hotspot\bin\zip.dll
0x00007ff9d7e90000 - 0x00007ff9d7eaa000 	C:\Program Files\Microsoft\jdk-17.0.14.7-hotspot\bin\net.dll
0x00007ff9e5e70000 - 0x00007ff9e5f7a000 	C:\Windows\SYSTEM32\WINHTTP.dll
0x00007ff9ecfc0000 - 0x00007ff9ed02c000 	C:\Windows\system32\mswsock.dll
0x00007ff9d4f80000 - 0x00007ff9d4f96000 	C:\Program Files\Microsoft\jdk-17.0.14.7-hotspot\bin\nio.dll
0x00007ff9d7c20000 - 0x00007ff9d7c30000 	C:\Program Files\Microsoft\jdk-17.0.14.7-hotspot\bin\verify.dll
0x00007ff9d0e70000 - 0x00007ff9d0e97000 	C:\Users\ASUS ROG\.gradle\native\1def1411415f61bf3af743bc5b6707747c0891f09f0c88961ee8f79bc544acac\windows-amd64\native-platform.dll
0x00007ff9a3490000 - 0x00007ff9a3508000 	C:\Users\ASUS ROG\.gradle\native\0.2.7\x86_64-windows-gnu\gradle-fileevents.dll
0x00007ff9d3170000 - 0x00007ff9d317a000 	C:\Program Files\Microsoft\jdk-17.0.14.7-hotspot\bin\management.dll
0x00007ff9d3160000 - 0x00007ff9d316b000 	C:\Program Files\Microsoft\jdk-17.0.14.7-hotspot\bin\management_ext.dll
0x00007ff9f00b0000 - 0x00007ff9f00b8000 	C:\Windows\System32\PSAPI.DLL
0x00007ff9ecc50000 - 0x00007ff9ecc8b000 	C:\Windows\SYSTEM32\IPHLPAPI.DLL
0x00007ff9eed50000 - 0x00007ff9eed58000 	C:\Windows\System32\NSI.dll
0x00007ff9e69f0000 - 0x00007ff9e6a07000 	C:\Windows\SYSTEM32\dhcpcsvc6.DLL
0x00007ff9e6990000 - 0x00007ff9e69ad000 	C:\Windows\SYSTEM32\dhcpcsvc.DLL
0x00007ff9ecca0000 - 0x00007ff9ecd6a000 	C:\Windows\SYSTEM32\DNSAPI.dll
0x00007ff9d3180000 - 0x00007ff9d3189000 	C:\Program Files\Microsoft\jdk-17.0.14.7-hotspot\bin\extnet.dll
0x00007ff9ed1c0000 - 0x00007ff9ed1d8000 	C:\Windows\SYSTEM32\CRYPTSP.dll
0x00007ff9ec870000 - 0x00007ff9ec8a8000 	C:\Windows\system32\rsaenh.dll
0x00007ff9ed6e0000 - 0x00007ff9ed70e000 	C:\Windows\SYSTEM32\USERENV.dll
0x00007ff9ed1b0000 - 0x00007ff9ed1bc000 	C:\Windows\SYSTEM32\CRYPTBASE.dll
0x00007ff9d3190000 - 0x00007ff9d319e000 	C:\Program Files\Microsoft\jdk-17.0.14.7-hotspot\bin\sunmscapi.dll
0x00007ff9eda90000 - 0x00007ff9edbec000 	C:\Windows\System32\CRYPT32.dll
0x00007ff9ed2d0000 - 0x00007ff9ed2f7000 	C:\Windows\SYSTEM32\ncrypt.dll
0x00007ff9ed290000 - 0x00007ff9ed2cb000 	C:\Windows\SYSTEM32\NTASN1.dll
0x00007ff9d1a60000 - 0x00007ff9d1a67000 	C:\Windows\system32\wshunix.dll

dbghelp: loaded successfully - version: 4.0.5 - missing functions: none
symbol engine: initialized successfully - sym options: 0x614 - pdb path: .;C:\Program Files\Microsoft\jdk-17.0.14.7-hotspot\bin;C:\Windows\SYSTEM32;C:\Windows\WinSxS\amd64_microsoft.windows.common-controls_6595b64144ccf1df_6.0.19041.4355_none_60b8b9eb71f62e16;C:\Program Files\Microsoft\jdk-17.0.14.7-hotspot\bin\server;C:\Users\ASUS ROG\.gradle\native\1def1411415f61bf3af743bc5b6707747c0891f09f0c88961ee8f79bc544acac\windows-amd64;C:\Users\ASUS ROG\.gradle\native\0.2.7\x86_64-windows-gnu

VM Arguments:
jvm_args: --add-opens=java.base/java.lang=ALL-UNNAMED --add-opens=java.base/java.lang.invoke=ALL-UNNAMED --add-opens=java.base/java.util=ALL-UNNAMED --add-opens=java.prefs/java.util.prefs=ALL-UNNAMED --add-exports=jdk.compiler/com.sun.tools.javac.api=ALL-UNNAMED --add-exports=jdk.compiler/com.sun.tools.javac.util=ALL-UNNAMED --add-opens=java.base/java.util=ALL-UNNAMED --add-opens=java.prefs/java.util.prefs=ALL-UNNAMED --add-opens=java.base/java.nio.charset=ALL-UNNAMED --add-opens=java.base/java.net=ALL-UNNAMED --add-opens=java.base/java.util.concurrent.atomic=ALL-UNNAMED --add-opens=java.xml/javax.xml.namespace=ALL-UNNAMED -XX:MaxMetaspaceSize=512m -Xmx2048m -Dfile.encoding=windows-1252 -Duser.country=US -Duser.language=en -Duser.variant -javaagent:C:\Users\ASUS ROG\.gradle\wrapper\dists\gradle-8.13-bin\5xuhj0ry160q40clulazy9h7d\gradle-8.13\lib\agents\gradle-instrumentation-agent-8.13.jar 
java_command: org.gradle.launcher.daemon.bootstrap.GradleDaemon 8.13
java_class_path (initial): C:\Users\ASUS ROG\.gradle\wrapper\dists\gradle-8.13-bin\5xuhj0ry160q40clulazy9h7d\gradle-8.13\lib\gradle-daemon-main-8.13.jar
Launcher Type: SUN_STANDARD

[Global flags]
     intx CICompilerCount                          = 4                                         {product} {ergonomic}
   size_t CompressedClassSpaceSize                 = 436207616                                 {product} {ergonomic}
     uint ConcGCThreads                            = 3                                         {product} {ergonomic}
     uint G1ConcRefinementThreads                  = 10                                        {product} {ergonomic}
   size_t G1HeapRegionSize                         = 1048576                                   {product} {ergonomic}
    uintx GCDrainStackTargetSize                   = 64                                        {product} {ergonomic}
   size_t InitialHeapSize                          = 266338304                                 {product} {ergonomic}
   size_t MarkStackSize                            = 4194304                                   {product} {ergonomic}
   size_t MaxHeapSize                              = 2147483648                                {product} {command line}
   size_t MaxMetaspaceSize                         = 536870912                                 {product} {command line}
   size_t MaxNewSize                               = 1287651328                                {product} {ergonomic}
   size_t MinHeapDeltaBytes                        = 1048576                                   {product} {ergonomic}
   size_t MinHeapSize                              = 8388608                                   {product} {ergonomic}
    uintx NonNMethodCodeHeapSize                   = 5839372                                {pd product} {ergonomic}
    uintx NonProfiledCodeHeapSize                  = 122909434                              {pd product} {ergonomic}
    uintx ProfiledCodeHeapSize                     = 122909434                              {pd product} {ergonomic}
    uintx ReservedCodeCacheSize                    = 251658240                              {pd product} {ergonomic}
     bool SegmentedCodeCache                       = true                                      {product} {ergonomic}
   size_t SoftMaxHeapSize                          = 2147483648                             {manageable} {ergonomic}
     bool UseCompressedClassPointers               = true                           {product lp64_product} {ergonomic}
     bool UseCompressedOops                        = true                           {product lp64_product} {ergonomic}
     bool UseG1GC                                  = true                                      {product} {ergonomic}
     bool UseLargePagesIndividualAllocation        = false                                  {pd product} {ergonomic}

Logging:
Log output configuration:
 #0: stdout all=warning uptime,level,tags
 #1: stderr all=off uptime,level,tags

Environment Variables:
JAVA_HOME=C:\Program Files\Microsoft\jdk-17.0.14.7-hotspot\
CLASSPATH=D:\CSE441\FirstDemoApp\FirstDemoApp\android\\gradle\wrapper\gradle-wrapper.jar
PATH=D:\CSE441\FirstDemoApp\FirstDemoApp\node_modules\.bin;D:\CSE441\FirstDemoApp\FirstDemoApp\node_modules\.bin;D:\CSE441\FirstDemoApp\node_modules\.bin;D:\CSE441\node_modules\.bin;D:\node_modules\.bin;C:\Program Files\nodejs\node_modules\npm\node_modules\@npmcli\run-script\lib\node-gyp-bin;C:\Program Files\Microsoft\jdk-17.0.14.7-hotspot\bin;C:\Python313\Scripts\;C:\Python313\;E:\Oculus\Support\oculus-runtime;C:\Program Files\Common Files\Oracle\Java\javapath;C:\Windows\system32;C:\Windows;C:\Windows\System32\Wbem;C:\Windows\System32\WindowsPowerShell\v1.0\;C:\Windows\System32\OpenSSH\;D:\Git\cmd;C:\Program Files\Java\jdk-17.0.3.1\bin;C:\Program Files (x86)\Microsoft SQL Server\160\DTS\Binn\;C:\Program Files\Azure Data Studio\bin;C:\Program Files (x86)\Microsoft SQL Server\160\Tools\Binn\;C:\Program Files\Microsoft SQL Server\160\Tools\Binn\;C:\Program Files\Microsoft SQL Server\Client SDK\ODBC\170\Tools\Binn\;C:\Program Files\Microsoft SQL Server\160\DTS\Binn\;C:\Program Files\Intel\WiFi\bin\;C:\Program Files\Common Files\Intel\WirelessCommon\;C:\Program Files (x86)\NVIDIA Corporation\PhysX\Common;C:\ProgramData\chocolatey\bin;C:\Users\ASUS ROG\AppData\Roaming\nvm;C:\Program Files\nodejs;D:\Maven\apache-maven-3.9.5\bin;C:\Program Files\Microsoft SQL Server\150\Tools\Binn\;C:\Program Files\Java\jdk-17.0.1\bin;C:\Program Files\dotnet\;C:\Program Files\Cloudflare\Cloudflare WARP\;C:\Program Files\NVIDIA Corporation\NVIDIA app\NvDLISR;C:\Program Files\nodejs\;C:\Users\ASUS ROG\AppData\Local\Programs\Python\Python312\Scripts\;C:\Users\ASUS ROG\AppData\Local\Programs\Python\Python312\;C:\Users\ASUS ROG\AppData\Local\Programs\Python\Launcher\;C:\Users\ASUS ROG\AppData\Local\Microsoft\WindowsApps;D:\Microsoft VS Code\bin;C:\Users\ASUS ROG\AppData\Local\GitHubDesktop\bin;C:\Users\ASUS ROG\.dotnet\tools;C:\Users\ASUS ROG\AppData\Roaming\npm;C:\Users\ASUS ROG\.bun\bin;C:\Users\ASUS ROG\.bun\bin;C:\Users\ASUS ROG\.bun\bin;C:\Users\ASUS ROG\.bun\bin;C:\Users\ASUS ROG\.bun\bin;D:\Android\SDK\platform-tools
USERNAME=ASUS ROG
LANG=en_US.UTF-8
OS=Windows_NT
PROCESSOR_IDENTIFIER=Intel64 Family 6 Model 158 Stepping 10, GenuineIntel
TMP=C:\Users\ASUSRO~1\AppData\Local\Temp
TEMP=C:\Users\ASUSRO~1\AppData\Local\Temp



Periodic native trim disabled


---------------  S Y S T E M  ---------------

OS:
 Windows 10 , 64 bit Build 19041 (10.0.19041.5438)
OS uptime: 0 days 0:21 hours

CPU: total 12 (initial active 12) (6 cores per cpu, 2 threads per core) family 6 model 158 stepping 10 microcode 0xd2, cx8, cmov, fxsr, ht, mmx, 3dnowpref, sse, sse2, sse3, ssse3, sse4.1, sse4.2, popcnt, lzcnt, tsc, tscinvbit, avx, avx2, aes, erms, clmul, bmi1, bmi2, adx, fma, vzeroupper, clflush, clflushopt
Processor Information for the first 12 processors :
  Max Mhz: 2592, Current Mhz: 2592, Mhz Limit: 2592

Memory: 4k page, system-wide physical 16235M (2567M free)
TotalPageFile size 16235M (AvailPageFile size 83M)
current process WorkingSet (physical memory assigned to process): 468M, peak: 469M
current process commit charge ("private bytes"): 518M, peak: 519M

vm_info: OpenJDK 64-Bit Server VM (17.0.14+7-LTS) for windows-amd64 JRE (17.0.14+7-LTS), built on Jan  8 2025 23:39:28 by "MicrosoftCorporation" with unknown MS VC++:1939

END.
