#
# There is insufficient memory for the Java Runtime Environment to continue.
# Native memory allocation (mmap) failed to map 203423744 bytes. Error detail: G1 virtual space
# Possible reasons:
#   The system is out of physical RAM or swap space
#   This process is running with CompressedOops enabled, and the Java Heap may be blocking the growth of the native heap
# Possible solutions:
#   Reduce memory load on the system
#   Increase physical memory or swap space
#   Check if swap backing store is full
#   Decrease Java heap size (-Xmx/-Xms)
#   Decrease number of Java threads
#   Decrease Java thread stack sizes (-Xss)
#   Set larger code cache with -XX:ReservedCodeCacheSize=
#   JVM is running with Zero Based Compressed Oops mode in which the Java heap is
#     placed in the first 32GB address space. The Java Heap base address is the
#     maximum limit for the native heap growth. Please use -XX:HeapBaseMinAddress
#     to set the Java Heap base and to place the Java Heap above 32GB virtual address.
# This output file may be truncated or incomplete.
#
#  Out of Memory Error (os_windows.cpp:3710), pid=8572, tid=8716
#
# JRE version: OpenJDK Runtime Environment Microsoft-10800295 (17.0.14+7) (build 17.0.14+7-LTS)
# Java VM: OpenJDK 64-Bit Server VM Microsoft-10800295 (17.0.14+7-LTS, mixed mode, sharing, tiered, compressed oops, compressed class ptrs, g1 gc, windows-amd64)
# No core dump will be written. Minidumps are not enabled by default on client versions of Windows
#

---------------  S U M M A R Y ------------

Command Line: --add-opens=java.base/java.lang=ALL-UNNAMED --add-opens=java.base/java.lang.invoke=ALL-UNNAMED --add-opens=java.base/java.util=ALL-UNNAMED --add-opens=java.prefs/java.util.prefs=ALL-UNNAMED --add-exports=jdk.compiler/com.sun.tools.javac.api=ALL-UNNAMED --add-exports=jdk.compiler/com.sun.tools.javac.util=ALL-UNNAMED --add-opens=java.base/java.util=ALL-UNNAMED --add-opens=java.prefs/java.util.prefs=ALL-UNNAMED --add-opens=java.base/java.nio.charset=ALL-UNNAMED --add-opens=java.base/java.net=ALL-UNNAMED --add-opens=java.base/java.util.concurrent.atomic=ALL-UNNAMED --add-opens=java.xml/javax.xml.namespace=ALL-UNNAMED -Xmx4096m -Dfile.encoding=UTF-8 -Duser.country=US -Duser.language=en -Duser.variant -javaagent:C:\Users\ASUS ROG\.gradle\wrapper\dists\gradle-8.13-bin\5xuhj0ry160q40clulazy9h7d\gradle-8.13\lib\agents\gradle-instrumentation-agent-8.13.jar org.gradle.launcher.daemon.bootstrap.GradleDaemon 8.13

Host: Intel(R) Core(TM) i7-9750H CPU @ 2.60GHz, 12 cores, 15G,  Windows 10 , 64 bit Build 19041 (10.0.19041.5438)
Time: Wed Apr  9 09:10:07 2025 SE Asia Standard Time elapsed time: 27.458051 seconds (0d 0h 0m 27s)

---------------  T H R E A D  ---------------

Current thread (0x000002ba8a2ff2d0):  VMThread "VM Thread" [stack: 0x000000ed1a400000,0x000000ed1a500000] [id=8716]

Stack: [0x000000ed1a400000,0x000000ed1a500000]
Native frames: (J=compiled Java code, j=interpreted, Vv=VM code, C=native code)
V  [jvm.dll+0x6886b9]
V  [jvm.dll+0x83f6f8]
V  [jvm.dll+0x8411a3]
V  [jvm.dll+0x841813]
V  [jvm.dll+0x2495cf]
V  [jvm.dll+0x6855f9]
V  [jvm.dll+0x679a8a]
V  [jvm.dll+0x30afc7]
V  [jvm.dll+0x312536]
V  [jvm.dll+0x362eee]
V  [jvm.dll+0x36312d]
V  [jvm.dll+0x2e225c]
V  [jvm.dll+0x2e0609]
V  [jvm.dll+0x2dfd6c]
V  [jvm.dll+0x32291b]
V  [jvm.dll+0x84604d]
V  [jvm.dll+0x846d83]
V  [jvm.dll+0x8472af]
V  [jvm.dll+0x847694]
V  [jvm.dll+0x84775e]
V  [jvm.dll+0x7ef2ac]
V  [jvm.dll+0x687597]
C  [ucrtbase.dll+0x21bb2]
C  [KERNEL32.DLL+0x17374]
C  [ntdll.dll+0x4cc91]

VM_Operation (0x000000ed1bef63c0): G1CollectForAllocation, mode: safepoint, requested by thread 0x000002bad15a6840


---------------  P R O C E S S  ---------------

Threads class SMR info:
_java_thread_list=0x000002bad45691d0, length=43, elements={
0x000002bae6d24aa0, 0x000002ba8a304890, 0x000002ba8a305620, 0x000002ba8a31b460,
0x000002ba8a31ee50, 0x000002ba8a31f720, 0x000002ba8a31fff0, 0x000002ba8a320bf0,
0x000002ba8a321500, 0x000002ba8a324e30, 0x000002ba8a2ec3d0, 0x000002ba8a513240,
0x000002ba8a603fd0, 0x000002ba8a729e60, 0x000002bad16cc5f0, 0x000002ba8aae84a0,
0x000002bad0f3e060, 0x000002ba8ab530d0, 0x000002bad15a6840, 0x000002bad15e8fb0,
0x000002bad15e94c0, 0x000002bad15e8590, 0x000002bad15e8aa0, 0x000002bad1701e00,
0x000002bad16fffa0, 0x000002bad17013e0, 0x000002bad1704680, 0x000002bad16ffa90,
0x000002bad1705ac0, 0x000002bad1703240, 0x000002bad1702820, 0x000002bad17050a0,
0x000002bad16ff580, 0x000002bad1700ed0, 0x000002bad17069f0, 0x000002bad7405550,
0x000002bad50b5580, 0x000002bad50b64b0, 0x000002bad50b5a90, 0x000002bad500e2a0,
0x000002bad7400050, 0x000002bad500ce60, 0x000002bad500d880
}

Java Threads: ( => current thread )
  0x000002bae6d24aa0 JavaThread "main" [_thread_blocked, id=5072, stack(0x000000ed19e00000,0x000000ed19f00000)]
  0x000002ba8a304890 JavaThread "Reference Handler" daemon [_thread_blocked, id=15408, stack(0x000000ed1a500000,0x000000ed1a600000)]
  0x000002ba8a305620 JavaThread "Finalizer" daemon [_thread_blocked, id=1196, stack(0x000000ed1a600000,0x000000ed1a700000)]
  0x000002ba8a31b460 JavaThread "Signal Dispatcher" daemon [_thread_blocked, id=5796, stack(0x000000ed1a700000,0x000000ed1a800000)]
  0x000002ba8a31ee50 JavaThread "Attach Listener" daemon [_thread_blocked, id=18176, stack(0x000000ed1a800000,0x000000ed1a900000)]
  0x000002ba8a31f720 JavaThread "Service Thread" daemon [_thread_blocked, id=13140, stack(0x000000ed1a900000,0x000000ed1aa00000)]
  0x000002ba8a31fff0 JavaThread "Monitor Deflation Thread" daemon [_thread_blocked, id=18424, stack(0x000000ed1aa00000,0x000000ed1ab00000)]
  0x000002ba8a320bf0 JavaThread "C2 CompilerThread0" daemon [_thread_blocked, id=14128, stack(0x000000ed1ab00000,0x000000ed1ac00000)]
  0x000002ba8a321500 JavaThread "C1 CompilerThread0" daemon [_thread_blocked, id=16296, stack(0x000000ed1ac00000,0x000000ed1ad00000)]
  0x000002ba8a324e30 JavaThread "Sweeper thread" daemon [_thread_blocked, id=16012, stack(0x000000ed1ad00000,0x000000ed1ae00000)]
  0x000002ba8a2ec3d0 JavaThread "Common-Cleaner" daemon [_thread_blocked, id=19100, stack(0x000000ed1ae00000,0x000000ed1af00000)]
  0x000002ba8a513240 JavaThread "Notification Thread" daemon [_thread_blocked, id=7908, stack(0x000000ed1af00000,0x000000ed1b000000)]
  0x000002ba8a603fd0 JavaThread "Daemon health stats" [_thread_blocked, id=13888, stack(0x000000ed1b800000,0x000000ed1b900000)]
  0x000002ba8a729e60 JavaThread "Incoming local TCP Connector on port 50795" [_thread_in_native, id=18848, stack(0x000000ed1b900000,0x000000ed1ba00000)]
  0x000002bad16cc5f0 JavaThread "Daemon periodic checks" [_thread_blocked, id=2800, stack(0x000000ed1ba00000,0x000000ed1bb00000)]
  0x000002ba8aae84a0 JavaThread "Daemon" [_thread_blocked, id=19372, stack(0x000000ed1bb00000,0x000000ed1bc00000)]
  0x000002bad0f3e060 JavaThread "Handler for socket connection from /127.0.0.1:50795 to /127.0.0.1:50796" [_thread_in_native, id=3428, stack(0x000000ed1bc00000,0x000000ed1bd00000)]
  0x000002ba8ab530d0 JavaThread "Cancel handler" [_thread_blocked, id=12840, stack(0x000000ed1bd00000,0x000000ed1be00000)]
  0x000002bad15a6840 JavaThread "Daemon worker" [_thread_blocked, id=13304, stack(0x000000ed1be00000,0x000000ed1bf00000)]
  0x000002bad15e8fb0 JavaThread "Asynchronous log dispatcher for DefaultDaemonConnection: socket connection from /127.0.0.1:50795 to /127.0.0.1:50796" [_thread_blocked, id=18620, stack(0x000000ed1bf00000,0x000000ed1c000000)]
  0x000002bad15e94c0 JavaThread "Stdin handler" [_thread_blocked, id=7684, stack(0x000000ed1c000000,0x000000ed1c100000)]
  0x000002bad15e8590 JavaThread "Daemon client event forwarder" [_thread_blocked, id=3192, stack(0x000000ed1c100000,0x000000ed1c200000)]
  0x000002bad15e8aa0 JavaThread "Cache worker for journal cache (C:\Users\ASUS ROG\.gradle\caches\journal-1)" [_thread_blocked, id=14340, stack(0x000000ed1c200000,0x000000ed1c300000)]
  0x000002bad1701e00 JavaThread "File lock request listener" [_thread_in_native, id=11228, stack(0x000000ed1c300000,0x000000ed1c400000)]
  0x000002bad16fffa0 JavaThread "Cache worker for file hash cache (C:\Users\ASUS ROG\.gradle\caches\8.13\fileHashes)" [_thread_blocked, id=15236, stack(0x000000ed1c400000,0x000000ed1c500000)]
  0x000002bad17013e0 JavaThread "Cache worker for file hash cache (D:\CSE441\FirstDemoApp\FirstDemoApp\android\.gradle\8.13\fileHashes)" [_thread_blocked, id=12388, stack(0x000000ed1c500000,0x000000ed1c600000)]
  0x000002bad1704680 JavaThread "Cache worker for Build Output Cleanup Cache (D:\CSE441\FirstDemoApp\FirstDemoApp\android\.gradle\buildOutputCleanup)" [_thread_blocked, id=18652, stack(0x000000ed1c600000,0x000000ed1c700000)]
  0x000002bad16ffa90 JavaThread "File watcher server" daemon [_thread_in_native, id=6108, stack(0x000000ed1cd00000,0x000000ed1ce00000)]
  0x000002bad1705ac0 JavaThread "File watcher consumer" daemon [_thread_blocked, id=2336, stack(0x000000ed1ce00000,0x000000ed1cf00000)]
  0x000002bad1703240 JavaThread "jar transforms" [_thread_blocked, id=10516, stack(0x000000ed1cf00000,0x000000ed1d000000)]
  0x000002bad1702820 JavaThread "Cache worker for checksums cache (D:\CSE441\FirstDemoApp\FirstDemoApp\android\.gradle\8.13\checksums)" [_thread_blocked, id=18616, stack(0x000000ed1d000000,0x000000ed1d100000)]
  0x000002bad17050a0 JavaThread "Cache worker for file content cache (C:\Users\ASUS ROG\.gradle\caches\8.13\fileContent)" [_thread_blocked, id=18896, stack(0x000000ed1d100000,0x000000ed1d200000)]
  0x000002bad16ff580 JavaThread "Cache worker for cache directory md-supplier (C:\Users\ASUS ROG\.gradle\caches\8.13\md-supplier)" [_thread_blocked, id=9432, stack(0x000000ed1d200000,0x000000ed1d300000)]
  0x000002bad1700ed0 JavaThread "Cache worker for cache directory md-rule (C:\Users\ASUS ROG\.gradle\caches\8.13\md-rule)" [_thread_blocked, id=16324, stack(0x000000ed1d300000,0x000000ed1d400000)]
  0x000002bad17069f0 JavaThread "Cache worker for Build Output Cleanup Cache (D:\CSE441\FirstDemoApp\FirstDemoApp\node_modules\@react-native\gradle-plugin\.gradle\buildOutputCleanup)" [_thread_blocked, id=14704, stack(0x000000ed1d400000,0x000000ed1d500000)]
  0x000002bad7405550 JavaThread "C2 CompilerThread1" daemon [_thread_blocked, id=18120, stack(0x000000ed1b100000,0x000000ed1b200000)]
  0x000002bad50b5580 JavaThread "Unconstrained build operations" [_thread_blocked, id=18748, stack(0x000000ed1b200000,0x000000ed1b300000)]
  0x000002bad50b64b0 JavaThread "Unconstrained build operations Thread 2" [_thread_blocked, id=1204, stack(0x000000ed1d600000,0x000000ed1d700000)]
  0x000002bad50b5a90 JavaThread "Unconstrained build operations Thread 3" [_thread_blocked, id=14816, stack(0x000000ed1d700000,0x000000ed1d800000)]
  0x000002bad500e2a0 JavaThread "Unconstrained build operations Thread 4" [_thread_blocked, id=17932, stack(0x000000ed1d800000,0x000000ed1d900000)]
  0x000002bad7400050 JavaThread "C2 CompilerThread2" daemon [_thread_blocked, id=17268, stack(0x000000ed1d900000,0x000000ed1da00000)]
  0x000002bad500ce60 JavaThread "Unconstrained build operations Thread 5" [_thread_blocked, id=3760, stack(0x000000ed1da00000,0x000000ed1db00000)]
  0x000002bad500d880 JavaThread "Unconstrained build operations Thread 6" [_thread_blocked, id=18728, stack(0x000000ed1db00000,0x000000ed1dc00000)]

Other Threads:
=>0x000002ba8a2ff2d0 VMThread "VM Thread" [stack: 0x000000ed1a400000,0x000000ed1a500000] [id=8716]
  0x000002ba8a513720 WatcherThread [stack: 0x000000ed1b000000,0x000000ed1b100000] [id=13652]
  0x000002bae6d91550 GCTaskThread "GC Thread#0" [stack: 0x000000ed19f00000,0x000000ed1a000000] [id=17616]
  0x000002ba8a7bfa60 GCTaskThread "GC Thread#1" [stack: 0x000000ed1b300000,0x000000ed1b400000] [id=4284]
  0x000002ba8ace4320 GCTaskThread "GC Thread#2" [stack: 0x000000ed1b400000,0x000000ed1b500000] [id=18252]
  0x000002ba8ad30710 GCTaskThread "GC Thread#3" [stack: 0x000000ed1b500000,0x000000ed1b600000] [id=1628]
  0x000002ba8a604520 GCTaskThread "GC Thread#4" [stack: 0x000000ed1b600000,0x000000ed1b700000] [id=5028]
  0x000002ba8a66b1d0 GCTaskThread "GC Thread#5" [stack: 0x000000ed1b700000,0x000000ed1b800000] [id=7044]
  0x000002bad3f02830 GCTaskThread "GC Thread#6" [stack: 0x000000ed1c700000,0x000000ed1c800000] [id=3460]
  0x000002bad474b2f0 GCTaskThread "GC Thread#7" [stack: 0x000000ed1c800000,0x000000ed1c900000] [id=3604]
  0x000002bad6755920 GCTaskThread "GC Thread#8" [stack: 0x000000ed1c900000,0x000000ed1ca00000] [id=3860]
  0x000002bad4c12cb0 GCTaskThread "GC Thread#9" [stack: 0x000000ed1ca00000,0x000000ed1cb00000] [id=14252]
  0x000002bae6da23b0 ConcurrentGCThread "G1 Main Marker" [stack: 0x000000ed1a000000,0x000000ed1a100000] [id=10008]
  0x000002bae6da2ce0 ConcurrentGCThread "G1 Conc#0" [stack: 0x000000ed1a100000,0x000000ed1a200000] [id=8616]
  0x000002bad49649f0 ConcurrentGCThread "G1 Conc#1" [stack: 0x000000ed1cb00000,0x000000ed1cc00000] [id=14828]
  0x000002bad4963970 ConcurrentGCThread "G1 Conc#2" [stack: 0x000000ed1cc00000,0x000000ed1cd00000] [id=18200]
  0x000002bae6dde7c0 ConcurrentGCThread "G1 Refine#0" [stack: 0x000000ed1a200000,0x000000ed1a300000] [id=1776]
  0x000002ba8a1ba340 ConcurrentGCThread "G1 Service" [stack: 0x000000ed1a300000,0x000000ed1a400000] [id=1636]

Threads with active compile tasks:
C2 CompilerThread1    27472 11532 %     4       org.objectweb.asm.ClassReader::readCode @ 2187 (5117 bytes)

VM state: at safepoint (normal execution)

VM Mutex/Monitor currently owned by a thread:  ([mutex/lock_event])
[0x000002bae6d22090] Threads_lock - owner thread: 0x000002ba8a2ff2d0
[0x000002bae6d218b0] Heap_lock - owner thread: 0x000002bad15a6840

Heap address: 0x0000000700000000, size: 4096 MB, Compressed Oops mode: Zero based, Oop shift amount: 3

CDS archive(s) mapped at: [0x000002ba8b000000-0x000002ba8bbb0000-0x000002ba8bbb0000), size 12255232, SharedBaseAddress: 0x000002ba8b000000, ArchiveRelocationMode: 1.
Compressed class space mapped at: 0x000002ba8c000000-0x000002bacc000000, reserved size: 1073741824
Narrow klass base: 0x000002ba8b000000, Narrow klass shift: 0, Narrow klass range: 0x100000000

GC Precious Log:
 CPUs: 12 total, 12 available
 Memory: 16235M
 Large Page Support: Disabled
 NUMA Support: Disabled
 Compressed Oops: Enabled (Zero based)
 Heap Region Size: 2M
 Heap Min Capacity: 8M
 Heap Initial Capacity: 254M
 Heap Max Capacity: 4G
 Pre-touch: Disabled
 Parallel Workers: 10
 Concurrent Workers: 3
 Concurrent Refinement Workers: 10
 Periodic GC: Disabled

Heap:
 garbage-first heap   total 198656K, used 92114K [0x0000000700000000, 0x0000000800000000)
  region size 2048K, 4 young (8192K), 4 survivors (8192K)
 Metaspace       used 116863K, committed 117568K, reserved 1179648K
  class space    used 14953K, committed 15296K, reserved 1048576K

Heap Regions: E=young(eden), S=young(survivor), O=old, HS=humongous(starts), HC=humongous(continues), CS=collection set, F=free, OA=open archive, CA=closed archive, TAMS=top-at-mark-start (previous, next)
|   0|0x0000000700000000, 0x0000000700200000, 0x0000000700200000|100%|HS|  |TAMS 0x0000000700200000, 0x0000000700000000| Complete 
|   1|0x0000000700200000, 0x0000000700400000, 0x0000000700400000|100%|HC|  |TAMS 0x0000000700400000, 0x0000000700200000| Complete 
|   2|0x0000000700400000, 0x0000000700600000, 0x0000000700600000|100%| O|  |TAMS 0x0000000700600000, 0x0000000700400000| Untracked 
|   3|0x0000000700600000, 0x0000000700800000, 0x0000000700800000|100%| O|  |TAMS 0x0000000700800000, 0x0000000700600000| Untracked 
|   4|0x0000000700800000, 0x0000000700a00000, 0x0000000700a00000|100%| O|  |TAMS 0x0000000700a00000, 0x0000000700800000| Untracked 
|   5|0x0000000700a00000, 0x0000000700c00000, 0x0000000700c00000|100%| O|  |TAMS 0x0000000700c00000, 0x0000000700a00000| Untracked 
|   6|0x0000000700c00000, 0x0000000700e00000, 0x0000000700e00000|100%| O|  |TAMS 0x0000000700e00000, 0x0000000700c00000| Untracked 
|   7|0x0000000700e00000, 0x0000000701000000, 0x0000000701000000|100%| O|  |TAMS 0x0000000701000000, 0x0000000700e00000| Untracked 
|   8|0x0000000701000000, 0x0000000701200000, 0x0000000701200000|100%| O|  |TAMS 0x0000000701200000, 0x0000000701000000| Untracked 
|   9|0x0000000701200000, 0x0000000701400000, 0x0000000701400000|100%| O|  |TAMS 0x0000000701400000, 0x0000000701200000| Untracked 
|  10|0x0000000701400000, 0x0000000701600000, 0x0000000701600000|100%| O|  |TAMS 0x0000000701600000, 0x0000000701400000| Untracked 
|  11|0x0000000701600000, 0x0000000701800000, 0x0000000701800000|100%| O|  |TAMS 0x0000000701800000, 0x0000000701600000| Untracked 
|  12|0x0000000701800000, 0x0000000701a00000, 0x0000000701a00000|100%| O|  |TAMS 0x0000000701a00000, 0x0000000701800000| Untracked 
|  13|0x0000000701a00000, 0x0000000701c00000, 0x0000000701c00000|100%| O|  |TAMS 0x0000000701c00000, 0x0000000701a00000| Untracked 
|  14|0x0000000701c00000, 0x0000000701e00000, 0x0000000701e00000|100%| O|  |TAMS 0x0000000701e00000, 0x0000000701c00000| Untracked 
|  15|0x0000000701e00000, 0x0000000702000000, 0x0000000702000000|100%| O|  |TAMS 0x0000000702000000, 0x0000000701e00000| Untracked 
|  16|0x0000000702000000, 0x0000000702200000, 0x0000000702200000|100%| O|  |TAMS 0x0000000702200000, 0x0000000702000000| Untracked 
|  17|0x0000000702200000, 0x0000000702400000, 0x0000000702400000|100%| O|  |TAMS 0x0000000702400000, 0x0000000702200000| Untracked 
|  18|0x0000000702400000, 0x0000000702600000, 0x0000000702600000|100%| O|  |TAMS 0x0000000702600000, 0x0000000702400000| Untracked 
|  19|0x0000000702600000, 0x0000000702800000, 0x0000000702800000|100%| O|  |TAMS 0x00000007026e0a00, 0x0000000702600000| Untracked 
|  20|0x0000000702800000, 0x0000000702a00000, 0x0000000702a00000|100%| O|  |TAMS 0x0000000702a00000, 0x0000000702800000| Untracked 
|  21|0x0000000702a00000, 0x0000000702c00000, 0x0000000702c00000|100%| O|  |TAMS 0x0000000702a00000, 0x0000000702a00000| Untracked 
|  22|0x0000000702c00000, 0x0000000702e00000, 0x0000000702e00000|100%| O|  |TAMS 0x0000000702e00000, 0x0000000702c00000| Untracked 
|  23|0x0000000702e00000, 0x0000000703000000, 0x0000000703000000|100%| O|  |TAMS 0x0000000703000000, 0x0000000702e00000| Untracked 
|  24|0x0000000703000000, 0x0000000703200000, 0x0000000703200000|100%| O|  |TAMS 0x0000000703200000, 0x0000000703000000| Untracked 
|  25|0x0000000703200000, 0x0000000703400000, 0x0000000703400000|100%|HS|  |TAMS 0x0000000703400000, 0x0000000703200000| Complete 
|  26|0x0000000703400000, 0x0000000703600000, 0x0000000703600000|100%|HC|  |TAMS 0x0000000703600000, 0x0000000703400000| Complete 
|  27|0x0000000703600000, 0x0000000703800000, 0x0000000703800000|100%|HC|  |TAMS 0x0000000703800000, 0x0000000703600000| Complete 
|  28|0x0000000703800000, 0x0000000703a00000, 0x0000000703a00000|100%| O|  |TAMS 0x0000000703800000, 0x0000000703800000| Untracked 
|  29|0x0000000703a00000, 0x0000000703c00000, 0x0000000703c00000|100%| O|  |TAMS 0x0000000703c00000, 0x0000000703a00000| Untracked 
|  30|0x0000000703c00000, 0x0000000703e00000, 0x0000000703e00000|100%| O|  |TAMS 0x0000000703e00000, 0x0000000703c00000| Untracked 
|  31|0x0000000703e00000, 0x0000000704000000, 0x0000000704000000|100%| O|  |TAMS 0x0000000703e00000, 0x0000000703e00000| Untracked 
|  32|0x0000000704000000, 0x0000000704200000, 0x0000000704200000|100%| O|  |TAMS 0x0000000704000000, 0x0000000704000000| Untracked 
|  33|0x0000000704200000, 0x0000000704400000, 0x0000000704400000|100%| O|  |TAMS 0x0000000704200000, 0x0000000704200000| Untracked 
|  34|0x0000000704400000, 0x0000000704600000, 0x0000000704600000|100%| O|  |TAMS 0x0000000704400000, 0x0000000704400000| Untracked 
|  35|0x0000000704600000, 0x0000000704800000, 0x0000000704800000|100%| O|  |TAMS 0x0000000704600000, 0x0000000704600000| Untracked 
|  36|0x0000000704800000, 0x0000000704998c00, 0x0000000704a00000| 79%| O|  |TAMS 0x0000000704800000, 0x0000000704800000| Untracked 
|  37|0x0000000704a00000, 0x0000000704a00000, 0x0000000704c00000|  0%| F|  |TAMS 0x0000000704a00000, 0x0000000704a00000| Untracked 
|  38|0x0000000704c00000, 0x0000000704c00000, 0x0000000704e00000|  0%| F|  |TAMS 0x0000000704c00000, 0x0000000704c00000| Untracked 
|  39|0x0000000704e00000, 0x0000000705000000, 0x0000000705000000|100%| O|  |TAMS 0x0000000705000000, 0x0000000704e00000| Untracked 
|  40|0x0000000705000000, 0x0000000705200000, 0x0000000705200000|100%| O|  |TAMS 0x0000000705200000, 0x0000000705000000| Untracked 
|  41|0x0000000705200000, 0x0000000705400000, 0x0000000705400000|100%| O|  |TAMS 0x0000000705400000, 0x0000000705200000| Untracked 
|  42|0x0000000705400000, 0x0000000705600000, 0x0000000705600000|100%| O|  |TAMS 0x0000000705600000, 0x0000000705400000| Untracked 
|  43|0x0000000705600000, 0x0000000705800000, 0x0000000705800000|100%| O|  |TAMS 0x0000000705800000, 0x0000000705600000| Untracked 
|  44|0x0000000705800000, 0x0000000705800000, 0x0000000705a00000|  0%| F|  |TAMS 0x0000000705800000, 0x0000000705800000| Untracked 
|  45|0x0000000705a00000, 0x0000000705a00000, 0x0000000705c00000|  0%| F|  |TAMS 0x0000000705a00000, 0x0000000705a00000| Untracked 
|  46|0x0000000705c00000, 0x0000000705c00000, 0x0000000705e00000|  0%| F|  |TAMS 0x0000000705c00000, 0x0000000705c00000| Untracked 
|  47|0x0000000705e00000, 0x0000000705e00000, 0x0000000706000000|  0%| F|  |TAMS 0x0000000705e00000, 0x0000000705e00000| Untracked 
|  48|0x0000000706000000, 0x0000000706000000, 0x0000000706200000|  0%| F|  |TAMS 0x0000000706000000, 0x0000000706000000| Untracked 
|  49|0x0000000706200000, 0x0000000706200000, 0x0000000706400000|  0%| F|  |TAMS 0x0000000706200000, 0x0000000706200000| Untracked 
|  50|0x0000000706400000, 0x0000000706400000, 0x0000000706600000|  0%| F|  |TAMS 0x0000000706400000, 0x0000000706400000| Untracked 
|  51|0x0000000706600000, 0x0000000706600000, 0x0000000706800000|  0%| F|  |TAMS 0x0000000706600000, 0x0000000706600000| Untracked 
|  52|0x0000000706800000, 0x000000070685bda0, 0x0000000706a00000| 17%| S|CS|TAMS 0x0000000706800000, 0x0000000706800000| Complete 
|  53|0x0000000706a00000, 0x0000000706c00000, 0x0000000706c00000|100%| S|CS|TAMS 0x0000000706a00000, 0x0000000706a00000| Complete 
|  54|0x0000000706c00000, 0x0000000706c00000, 0x0000000706e00000|  0%| F|  |TAMS 0x0000000706c00000, 0x0000000706c00000| Untracked 
|  55|0x0000000706e00000, 0x0000000706e00000, 0x0000000707000000|  0%| F|  |TAMS 0x0000000706e00000, 0x0000000706e00000| Untracked 
|  56|0x0000000707000000, 0x0000000707200000, 0x0000000707200000|100%| S|CS|TAMS 0x0000000707000000, 0x0000000707000000| Complete 
|  57|0x0000000707200000, 0x0000000707400000, 0x0000000707400000|100%| S|CS|TAMS 0x0000000707200000, 0x0000000707200000| Complete 
|  58|0x0000000707400000, 0x0000000707400000, 0x0000000707600000|  0%| F|  |TAMS 0x0000000707400000, 0x0000000707400000| Untracked 
|  59|0x0000000707600000, 0x0000000707600000, 0x0000000707800000|  0%| F|  |TAMS 0x0000000707600000, 0x0000000707600000| Untracked 
|  60|0x0000000707800000, 0x0000000707800000, 0x0000000707a00000|  0%| F|  |TAMS 0x0000000707800000, 0x0000000707800000| Untracked 
|  61|0x0000000707a00000, 0x0000000707a00000, 0x0000000707c00000|  0%| F|  |TAMS 0x0000000707a00000, 0x0000000707a00000| Untracked 
|  62|0x0000000707c00000, 0x0000000707c00000, 0x0000000707e00000|  0%| F|  |TAMS 0x0000000707c00000, 0x0000000707c00000| Untracked 
|  63|0x0000000707e00000, 0x0000000707e00000, 0x0000000708000000|  0%| F|  |TAMS 0x0000000707e00000, 0x0000000707e00000| Untracked 
|  64|0x0000000708000000, 0x0000000708000000, 0x0000000708200000|  0%| F|  |TAMS 0x0000000708000000, 0x0000000708000000| Untracked 
|  65|0x0000000708200000, 0x0000000708200000, 0x0000000708400000|  0%| F|  |TAMS 0x0000000708200000, 0x0000000708200000| Untracked 
|  66|0x0000000708400000, 0x0000000708400000, 0x0000000708600000|  0%| F|  |TAMS 0x0000000708400000, 0x0000000708400000| Untracked 
|  67|0x0000000708600000, 0x0000000708600000, 0x0000000708800000|  0%| F|  |TAMS 0x0000000708600000, 0x0000000708600000| Untracked 
|  68|0x0000000708800000, 0x0000000708800000, 0x0000000708a00000|  0%| F|  |TAMS 0x0000000708800000, 0x0000000708800000| Untracked 
|  69|0x0000000708a00000, 0x0000000708a00000, 0x0000000708c00000|  0%| F|  |TAMS 0x0000000708a00000, 0x0000000708a00000| Untracked 
|  70|0x0000000708c00000, 0x0000000708c00000, 0x0000000708e00000|  0%| F|  |TAMS 0x0000000708c00000, 0x0000000708c00000| Untracked 
|  71|0x0000000708e00000, 0x0000000708e00000, 0x0000000709000000|  0%| F|  |TAMS 0x0000000708e00000, 0x0000000708e00000| Untracked 
|  72|0x0000000709000000, 0x0000000709000000, 0x0000000709200000|  0%| F|  |TAMS 0x0000000709000000, 0x0000000709000000| Untracked 
|  73|0x0000000709200000, 0x0000000709200000, 0x0000000709400000|  0%| F|  |TAMS 0x0000000709200000, 0x0000000709200000| Untracked 
|  74|0x0000000709400000, 0x0000000709400000, 0x0000000709600000|  0%| F|  |TAMS 0x0000000709400000, 0x0000000709400000| Untracked 
|  75|0x0000000709600000, 0x0000000709600000, 0x0000000709800000|  0%| F|  |TAMS 0x0000000709600000, 0x0000000709600000| Untracked 
|  76|0x0000000709800000, 0x0000000709800000, 0x0000000709a00000|  0%| F|  |TAMS 0x0000000709800000, 0x0000000709800000| Untracked 
|  77|0x0000000709a00000, 0x0000000709a00000, 0x0000000709c00000|  0%| F|  |TAMS 0x0000000709a00000, 0x0000000709a00000| Untracked 
|  78|0x0000000709c00000, 0x0000000709c00000, 0x0000000709e00000|  0%| F|  |TAMS 0x0000000709c00000, 0x0000000709c00000| Untracked 
|  79|0x0000000709e00000, 0x0000000709e00000, 0x000000070a000000|  0%| F|  |TAMS 0x0000000709e00000, 0x0000000709e00000| Untracked 
|  80|0x000000070a000000, 0x000000070a000000, 0x000000070a200000|  0%| F|  |TAMS 0x000000070a000000, 0x000000070a000000| Untracked 
|  81|0x000000070a200000, 0x000000070a200000, 0x000000070a400000|  0%| F|  |TAMS 0x000000070a200000, 0x000000070a200000| Untracked 
|  82|0x000000070a400000, 0x000000070a400000, 0x000000070a600000|  0%| F|  |TAMS 0x000000070a400000, 0x000000070a400000| Untracked 
|  83|0x000000070a600000, 0x000000070a600000, 0x000000070a800000|  0%| F|  |TAMS 0x000000070a600000, 0x000000070a600000| Untracked 
|  84|0x000000070a800000, 0x000000070a800000, 0x000000070aa00000|  0%| F|  |TAMS 0x000000070a800000, 0x000000070a800000| Untracked 
|  85|0x000000070aa00000, 0x000000070aa00000, 0x000000070ac00000|  0%| F|  |TAMS 0x000000070aa00000, 0x000000070aa00000| Untracked 
|  86|0x000000070ac00000, 0x000000070ac00000, 0x000000070ae00000|  0%| F|  |TAMS 0x000000070ac00000, 0x000000070ac00000| Untracked 
|  87|0x000000070ae00000, 0x000000070ae00000, 0x000000070b000000|  0%| F|  |TAMS 0x000000070ae00000, 0x000000070ae00000| Untracked 
|  88|0x000000070b000000, 0x000000070b000000, 0x000000070b200000|  0%| F|  |TAMS 0x000000070b000000, 0x000000070b000000| Untracked 
|  89|0x000000070b200000, 0x000000070b200000, 0x000000070b400000|  0%| F|  |TAMS 0x000000070b200000, 0x000000070b200000| Untracked 
|  90|0x000000070b400000, 0x000000070b400000, 0x000000070b600000|  0%| F|  |TAMS 0x000000070b400000, 0x000000070b400000| Untracked 
| 270|0x0000000721c00000, 0x0000000721c00000, 0x0000000721e00000|  0%| F|  |TAMS 0x0000000721c00000, 0x0000000721c00000| Untracked 
| 271|0x0000000721e00000, 0x0000000721e00000, 0x0000000722000000|  0%| F|  |TAMS 0x0000000721e00000, 0x0000000721e00000| Untracked 
| 272|0x0000000722000000, 0x0000000722000000, 0x0000000722200000|  0%| F|  |TAMS 0x0000000722000000, 0x0000000722000000| Untracked 
| 273|0x0000000722200000, 0x0000000722200000, 0x0000000722400000|  0%| F|  |TAMS 0x0000000722200000, 0x0000000722200000| Untracked 
| 274|0x0000000722400000, 0x0000000722400000, 0x0000000722600000|  0%| F|  |TAMS 0x0000000722400000, 0x0000000722400000| Untracked 
| 299|0x0000000725600000, 0x0000000725600000, 0x0000000725800000|  0%| F|  |TAMS 0x0000000725600000, 0x0000000725600000| Untracked 

Card table byte_map: [0x000002bafe5b0000,0x000002bafedb0000] _byte_map_base: 0x000002bafadb0000

Marking Bits (Prev, Next): (CMBitMap*) 0x000002bae6d91a80, (CMBitMap*) 0x000002bae6d91ac0
 Prev Bits: [0x000002ba80000000, 0x000002ba84000000)
 Next Bits: [0x000002ba84000000, 0x000002ba88000000)

Polling page: 0x000002bae4cf0000

Metaspace:

Usage:
  Non-class:     99.52 MB used.
      Class:     14.60 MB used.
       Both:    114.12 MB used.

Virtual space:
  Non-class space:      128.00 MB reserved,      99.88 MB ( 78%) committed,  2 nodes.
      Class space:        1.00 GB reserved,      14.94 MB (  1%) committed,  1 nodes.
             Both:        1.12 GB reserved,     114.81 MB ( 10%) committed. 

Chunk freelists:
   Non-Class:  11.44 MB
       Class:  1.05 MB
        Both:  12.48 MB

MaxMetaspaceSize: unlimited
CompressedClassSpaceSize: 1.00 GB
Initial GC threshold: 21.00 MB
Current GC threshold: 165.12 MB
CDS: on
MetaspaceReclaimPolicy: balanced
 - commit_granule_bytes: 65536.
 - commit_granule_words: 8192.
 - virtual_space_node_default_size: 8388608.
 - enlarge_chunks_in_place: 1.
 - new_chunks_are_fully_committed: 0.
 - uncommit_free_chunks: 1.
 - use_allocation_guard: 0.
 - handle_deallocations: 1.


Internal statistics:

num_allocs_failed_limit: 12.
num_arena_births: 906.
num_arena_deaths: 0.
num_vsnodes_births: 3.
num_vsnodes_deaths: 0.
num_space_committed: 1835.
num_space_uncommitted: 0.
num_chunks_returned_to_freelist: 12.
num_chunks_taken_from_freelist: 4994.
num_chunk_merges: 12.
num_chunk_splits: 3791.
num_chunks_enlarged: 3103.
num_inconsistent_stats: 0.

CodeHeap 'non-profiled nmethods': size=120000Kb used=8039Kb max_used=8039Kb free=111960Kb
 bounds [0x000002baf6330000, 0x000002baf6b10000, 0x000002bafd860000]
CodeHeap 'profiled nmethods': size=120000Kb used=18338Kb max_used=18338Kb free=101661Kb
 bounds [0x000002baee860000, 0x000002baefa50000, 0x000002baf5d90000]
CodeHeap 'non-nmethods': size=5760Kb used=2574Kb max_used=2672Kb free=3185Kb
 bounds [0x000002baf5d90000, 0x000002baf6040000, 0x000002baf6330000]
 total_blobs=10568 nmethods=9428 adapters=1051
 compilation: enabled
              stopped_count=0, restarted_count=0
 full_count=0

Compilation events (20 events):
Event: 27.157 Thread 0x000002bad7400050 nmethod 11704 0x000002baf6b04a90 code [0x000002baf6b04cc0, 0x000002baf6b05340]
Event: 27.157 Thread 0x000002bad7400050 11604       4       org.gradle.internal.classpath.types.PropertiesBackedInstrumentationTypeRegistry::getSuperTypes (25 bytes)
Event: 27.160 Thread 0x000002ba8a320bf0 nmethod 11603 0x000002baf6b05910 code [0x000002baf6b05ac0, 0x000002baf6b06198]
Event: 27.160 Thread 0x000002ba8a320bf0 11666       4       org.gradle.internal.io.IoSupplier::wrap (7 bytes)
Event: 27.161 Thread 0x000002ba8a320bf0 nmethod 11666 0x000002baf6b06510 code [0x000002baf6b06680, 0x000002baf6b06738]
Event: 27.161 Thread 0x000002ba8a320bf0 11667       4       org.gradle.internal.io.IoSupplier$$Lambda$527/0x000002ba8c457c58::<init> (10 bytes)
Event: 27.162 Thread 0x000002ba8a320bf0 nmethod 11667 0x000002baf6b06810 code [0x000002baf6b06980, 0x000002baf6b06af8]
Event: 27.162 Thread 0x000002ba8a320bf0 11672       4       org.gradle.api.internal.changedetection.state.FallbackHandlingResourceHasher::hashWithDelegate (11 bytes)
Event: 27.163 Thread 0x000002ba8a320bf0 nmethod 11672 0x000002baf6b06b90 code [0x000002baf6b06d20, 0x000002baf6b06e78]
Event: 27.163 Thread 0x000002ba8a320bf0 11674       4       org.gradle.api.internal.changedetection.state.FallbackHandlingResourceHasher$$Lambda$715/0x000002ba8c5de548::<init> (15 bytes)
Event: 27.164 Thread 0x000002ba8a320bf0 nmethod 11674 0x000002baf6b07010 code [0x000002baf6b07180, 0x000002baf6b073d8]
Event: 27.164 Thread 0x000002ba8a320bf0 11673       4       org.gradle.api.internal.changedetection.state.FallbackHandlingResourceHasher$$Lambda$714/0x000002ba8c5de308::<init> (10 bytes)
Event: 27.165 Thread 0x000002ba8a320bf0 nmethod 11673 0x000002baf6b07490 code [0x000002baf6b07600, 0x000002baf6b07778]
Event: 27.165 Thread 0x000002ba8a320bf0 11671       4       org.gradle.api.internal.changedetection.state.FallbackHandlingResourceHasher$$Lambda$712/0x000002ba8c5dde80::<init> (10 bytes)
Event: 27.166 Thread 0x000002ba8a320bf0 nmethod 11671 0x000002baf6b07810 code [0x000002baf6b07980, 0x000002baf6b07af8]
Event: 27.166 Thread 0x000002ba8a320bf0 11658       4       java.lang.String::compareToIgnoreCase (11 bytes)
Event: 27.171 Thread 0x000002bad7400050 nmethod 11604 0x000002baf6b07b90 code [0x000002baf6b07d40, 0x000002baf6b086f8]
Event: 27.173 Thread 0x000002ba8a320bf0 nmethod 11658 0x000002baf6b08c90 code [0x000002baf6b08e40, 0x000002baf6b09538]
Event: 27.199 Thread 0x000002ba8a320bf0 11715       4       java.util.stream.ReduceOps$3ReducingSink::accept (15 bytes)
Event: 27.199 Thread 0x000002ba8a320bf0 nmethod 11715 0x000002baf6b09a10 code [0x000002baf6b09b80, 0x000002baf6b09c38]

GC Heap History (20 events):
Event: 18.413 GC heap after
{Heap after GC invocations=56 (full 0):
 garbage-first heap   total 198656K, used 67154K [0x0000000700000000, 0x0000000800000000)
  region size 2048K, 1 young (2048K), 1 survivors (2048K)
 Metaspace       used 67509K, committed 68096K, reserved 1114112K
  class space    used 9203K, committed 9472K, reserved 1048576K
}
Event: 19.242 GC heap before
{Heap before GC invocations=56 (full 0):
 garbage-first heap   total 198656K, used 157266K [0x0000000700000000, 0x0000000800000000)
  region size 2048K, 45 young (92160K), 1 survivors (2048K)
 Metaspace       used 78148K, committed 78720K, reserved 1179648K
  class space    used 10404K, committed 10688K, reserved 1048576K
}
Event: 19.246 GC heap after
{Heap after GC invocations=57 (full 0):
 garbage-first heap   total 198656K, used 70482K [0x0000000700000000, 0x0000000800000000)
  region size 2048K, 3 young (6144K), 3 survivors (6144K)
 Metaspace       used 78148K, committed 78720K, reserved 1179648K
  class space    used 10404K, committed 10688K, reserved 1048576K
}
Event: 19.941 GC heap before
{Heap before GC invocations=57 (full 0):
 garbage-first heap   total 198656K, used 158546K [0x0000000700000000, 0x0000000800000000)
  region size 2048K, 46 young (94208K), 3 survivors (6144K)
 Metaspace       used 82661K, committed 83328K, reserved 1179648K
  class space    used 10899K, committed 11200K, reserved 1048576K
}
Event: 19.948 GC heap after
{Heap after GC invocations=58 (full 0):
 garbage-first heap   total 198656K, used 76513K [0x0000000700000000, 0x0000000800000000)
  region size 2048K, 6 young (12288K), 6 survivors (12288K)
 Metaspace       used 82661K, committed 83328K, reserved 1179648K
  class space    used 10899K, committed 11200K, reserved 1048576K
}
Event: 20.844 GC heap before
{Heap before GC invocations=58 (full 0):
 garbage-first heap   total 198656K, used 158433K [0x0000000700000000, 0x0000000800000000)
  region size 2048K, 46 young (94208K), 6 survivors (12288K)
 Metaspace       used 91518K, committed 92160K, reserved 1179648K
  class space    used 11925K, committed 12224K, reserved 1048576K
}
Event: 20.852 GC heap after
{Heap after GC invocations=59 (full 0):
 garbage-first heap   total 198656K, used 81453K [0x0000000700000000, 0x0000000800000000)
  region size 2048K, 6 young (12288K), 6 survivors (12288K)
 Metaspace       used 91518K, committed 92160K, reserved 1179648K
  class space    used 11925K, committed 12224K, reserved 1048576K
}
Event: 21.556 GC heap before
{Heap before GC invocations=59 (full 0):
 garbage-first heap   total 198656K, used 140845K [0x0000000700000000, 0x0000000800000000)
  region size 2048K, 36 young (73728K), 6 survivors (12288K)
 Metaspace       used 100468K, committed 101120K, reserved 1179648K
  class space    used 12728K, committed 13056K, reserved 1048576K
}
Event: 21.562 GC heap after
{Heap after GC invocations=60 (full 0):
 garbage-first heap   total 198656K, used 83996K [0x0000000700000000, 0x0000000800000000)
  region size 2048K, 4 young (8192K), 4 survivors (8192K)
 Metaspace       used 100468K, committed 101120K, reserved 1179648K
  class space    used 12728K, committed 13056K, reserved 1048576K
}
Event: 23.856 GC heap before
{Heap before GC invocations=61 (full 0):
 garbage-first heap   total 198656K, used 160335K [0x0000000700000000, 0x0000000800000000)
  region size 2048K, 42 young (86016K), 4 survivors (8192K)
 Metaspace       used 113417K, committed 114112K, reserved 1179648K
  class space    used 14443K, committed 14784K, reserved 1048576K
}
Event: 23.864 GC heap after
{Heap after GC invocations=62 (full 0):
 garbage-first heap   total 198656K, used 85923K [0x0000000700000000, 0x0000000800000000)
  region size 2048K, 6 young (12288K), 6 survivors (12288K)
 Metaspace       used 113417K, committed 114112K, reserved 1179648K
  class space    used 14443K, committed 14784K, reserved 1048576K
}
Event: 26.937 GC heap before
{Heap before GC invocations=62 (full 0):
 garbage-first heap   total 198656K, used 161699K [0x0000000700000000, 0x0000000800000000)
  region size 2048K, 43 young (88064K), 6 survivors (12288K)
 Metaspace       used 116836K, committed 117568K, reserved 1179648K
  class space    used 14950K, committed 15296K, reserved 1048576K
}
Event: 26.946 GC heap after
{Heap after GC invocations=63 (full 0):
 garbage-first heap   total 198656K, used 88453K [0x0000000700000000, 0x0000000800000000)
  region size 2048K, 4 young (8192K), 4 survivors (8192K)
 Metaspace       used 116836K, committed 117568K, reserved 1179648K
  class space    used 14950K, committed 15296K, reserved 1048576K
}
Event: 27.106 GC heap before
{Heap before GC invocations=63 (full 0):
 garbage-first heap   total 198656K, used 164229K [0x0000000700000000, 0x0000000800000000)
  region size 2048K, 41 young (83968K), 4 survivors (8192K)
 Metaspace       used 116863K, committed 117568K, reserved 1179648K
  class space    used 14953K, committed 15296K, reserved 1048576K
}
Event: 27.112 GC heap after
{Heap after GC invocations=64 (full 0):
 garbage-first heap   total 198656K, used 89319K [0x0000000700000000, 0x0000000800000000)
  region size 2048K, 2 young (4096K), 2 survivors (4096K)
 Metaspace       used 116863K, committed 117568K, reserved 1179648K
  class space    used 14953K, committed 15296K, reserved 1048576K
}
Event: 27.225 GC heap before
{Heap before GC invocations=64 (full 0):
 garbage-first heap   total 198656K, used 167143K [0x0000000700000000, 0x0000000800000000)
  region size 2048K, 40 young (81920K), 2 survivors (4096K)
 Metaspace       used 116863K, committed 117568K, reserved 1179648K
  class space    used 14953K, committed 15296K, reserved 1048576K
}
Event: 27.227 GC heap after
{Heap after GC invocations=65 (full 0):
 garbage-first heap   total 198656K, used 89943K [0x0000000700000000, 0x0000000800000000)
  region size 2048K, 3 young (6144K), 3 survivors (6144K)
 Metaspace       used 116863K, committed 117568K, reserved 1179648K
  class space    used 14953K, committed 15296K, reserved 1048576K
}
Event: 27.340 GC heap before
{Heap before GC invocations=65 (full 0):
 garbage-first heap   total 198656K, used 165719K [0x0000000700000000, 0x0000000800000000)
  region size 2048K, 40 young (81920K), 3 survivors (6144K)
 Metaspace       used 116863K, committed 117568K, reserved 1179648K
  class space    used 14953K, committed 15296K, reserved 1048576K
}
Event: 27.343 GC heap after
{Heap after GC invocations=66 (full 0):
 garbage-first heap   total 198656K, used 90965K [0x0000000700000000, 0x0000000800000000)
  region size 2048K, 3 young (6144K), 3 survivors (6144K)
 Metaspace       used 116863K, committed 117568K, reserved 1179648K
  class space    used 14953K, committed 15296K, reserved 1048576K
}
Event: 27.454 GC heap before
{Heap before GC invocations=66 (full 0):
 garbage-first heap   total 198656K, used 168789K [0x0000000700000000, 0x0000000800000000)
  region size 2048K, 41 young (83968K), 3 survivors (6144K)
 Metaspace       used 116863K, committed 117568K, reserved 1179648K
  class space    used 14953K, committed 15296K, reserved 1048576K
}

Dll operation events (15 events):
Event: 0.005 Loaded shared library C:\Program Files\Microsoft\jdk-17.0.14.7-hotspot\bin\java.dll
Event: 0.017 Loaded shared library C:\Program Files\Microsoft\jdk-17.0.14.7-hotspot\bin\jsvml.dll
Event: 0.049 Loaded shared library C:\Program Files\Microsoft\jdk-17.0.14.7-hotspot\bin\zip.dll
Event: 0.050 Loaded shared library C:\Program Files\Microsoft\jdk-17.0.14.7-hotspot\bin\instrument.dll
Event: 0.054 Loaded shared library C:\Program Files\Microsoft\jdk-17.0.14.7-hotspot\bin\net.dll
Event: 0.055 Loaded shared library C:\Program Files\Microsoft\jdk-17.0.14.7-hotspot\bin\nio.dll
Event: 0.057 Loaded shared library C:\Program Files\Microsoft\jdk-17.0.14.7-hotspot\bin\zip.dll
Event: 0.232 Loaded shared library C:\Program Files\Microsoft\jdk-17.0.14.7-hotspot\bin\jimage.dll
Event: 0.359 Loaded shared library C:\Program Files\Microsoft\jdk-17.0.14.7-hotspot\bin\verify.dll
Event: 0.430 Loaded shared library C:\Users\ASUS ROG\.gradle\native\1def1411415f61bf3af743bc5b6707747c0891f09f0c88961ee8f79bc544acac\windows-amd64\native-platform.dll
Event: 0.439 Loaded shared library C:\Users\ASUS ROG\.gradle\native\0.2.7\x86_64-windows-gnu\gradle-fileevents.dll
Event: 1.167 Loaded shared library C:\Program Files\Microsoft\jdk-17.0.14.7-hotspot\bin\management.dll
Event: 1.169 Loaded shared library C:\Program Files\Microsoft\jdk-17.0.14.7-hotspot\bin\management_ext.dll
Event: 1.314 Loaded shared library C:\Program Files\Microsoft\jdk-17.0.14.7-hotspot\bin\extnet.dll
Event: 1.418 Loaded shared library C:\Program Files\Microsoft\jdk-17.0.14.7-hotspot\bin\sunmscapi.dll

Deoptimization events (20 events):
Event: 26.795 Thread 0x000002bad15a6840 Uncommon trap: trap_request=0xffffff45 fr.pc=0x000002baf636d42c relative=0x000000000000020c
Event: 26.795 Thread 0x000002bad15a6840 Uncommon trap: reason=unstable_if action=reinterpret pc=0x000002baf636d42c method=sun.instrument.TransformerManager.transform(Ljava/lang/Module;Ljava/lang/ClassLoader;Ljava/lang/String;Ljava/lang/Class;Ljava/security/ProtectionDomain;[B)[B @ 66 c2
Event: 26.795 Thread 0x000002bad15a6840 DEOPT PACKING pc=0x000002baf636d42c sp=0x000000ed1bef58d0
Event: 26.795 Thread 0x000002bad15a6840 DEOPT UNPACKING pc=0x000002baf5de69a3 sp=0x000000ed1bef57e8 mode 2
Event: 26.808 Thread 0x000002bad15a6840 Uncommon trap: trap_request=0xffffff45 fr.pc=0x000002baf63f3dc0 relative=0x00000000000001a0
Event: 26.808 Thread 0x000002bad15a6840 Uncommon trap: reason=unstable_if action=reinterpret pc=0x000002baf63f3dc0 method=sun.instrument.TransformerManager.transform(Ljava/lang/Module;Ljava/lang/ClassLoader;Ljava/lang/String;Ljava/lang/Class;Ljava/security/ProtectionDomain;[B)[B @ 66 c2
Event: 26.808 Thread 0x000002bad15a6840 DEOPT PACKING pc=0x000002baf63f3dc0 sp=0x000000ed1bef4d10
Event: 26.808 Thread 0x000002bad15a6840 DEOPT UNPACKING pc=0x000002baf5de69a3 sp=0x000000ed1bef4cc0 mode 2
Event: 26.947 Thread 0x000002ba8a305620 Uncommon trap: trap_request=0xffffff45 fr.pc=0x000002baf64e8c8c relative=0x00000000000006cc
Event: 26.947 Thread 0x000002ba8a305620 Uncommon trap: reason=unstable_if action=reinterpret pc=0x000002baf64e8c8c method=java.util.HashMap$HashIterator.<init>(Ljava/util/HashMap;)V @ 45 c2
Event: 26.947 Thread 0x000002ba8a305620 DEOPT PACKING pc=0x000002baf64e8c8c sp=0x000000ed1a6feff0
Event: 26.947 Thread 0x000002ba8a305620 DEOPT UNPACKING pc=0x000002baf5de69a3 sp=0x000000ed1a6fee80 mode 2
Event: 26.948 Thread 0x000002ba8a305620 Uncommon trap: trap_request=0xffffff45 fr.pc=0x000002baf676d690 relative=0x00000000000001f0
Event: 26.948 Thread 0x000002ba8a305620 Uncommon trap: reason=unstable_if action=reinterpret pc=0x000002baf676d690 method=java.lang.ThreadLocal.get()Ljava/lang/Object; @ 11 c2
Event: 26.948 Thread 0x000002ba8a305620 DEOPT PACKING pc=0x000002baf676d690 sp=0x000000ed1a6fe800
Event: 26.948 Thread 0x000002ba8a305620 DEOPT UNPACKING pc=0x000002baf5de69a3 sp=0x000000ed1a6fe798 mode 2
Event: 26.949 Thread 0x000002ba8a305620 Uncommon trap: trap_request=0xffffff45 fr.pc=0x000002baf64e6668 relative=0x00000000000003c8
Event: 26.949 Thread 0x000002ba8a305620 Uncommon trap: reason=unstable_if action=reinterpret pc=0x000002baf64e6668 method=java.util.HashMap$HashIterator.<init>(Ljava/util/HashMap;)V @ 45 c2
Event: 26.949 Thread 0x000002ba8a305620 DEOPT PACKING pc=0x000002baf64e6668 sp=0x000000ed1a6fefa0
Event: 26.949 Thread 0x000002ba8a305620 DEOPT UNPACKING pc=0x000002baf5de69a3 sp=0x000000ed1a6fef58 mode 2

Classes loaded (20 events):
Event: 24.543 Loading class sun/security/ssl/PreSharedKeyExtension$SHPreSharedKeySpec
Event: 24.543 Loading class sun/security/ssl/PreSharedKeyExtension$SHPreSharedKeySpec done
Event: 25.694 Loading class com/sun/org/apache/xerces/internal/dom/DeferredCommentImpl
Event: 25.694 Loading class com/sun/org/apache/xerces/internal/dom/CommentImpl
Event: 25.694 Loading class com/sun/org/apache/xerces/internal/dom/CommentImpl done
Event: 25.694 Loading class com/sun/org/apache/xerces/internal/dom/DeferredCommentImpl done
Event: 26.450 Loading class sun/reflect/ReflectionFactory
Event: 26.450 Loading class sun/reflect/ReflectionFactory done
Event: 26.450 Loading class sun/reflect/ReflectionFactory$1
Event: 26.450 Loading class sun/reflect/ReflectionFactory$1 done
Event: 26.451 Loading class jdk/internal/reflect/SerializationConstructorAccessorImpl
Event: 26.451 Loading class jdk/internal/reflect/SerializationConstructorAccessorImpl done
Event: 26.771 Loading class java/util/stream/SortedOps$SizedRefSortingSink
Event: 26.771 Loading class java/util/stream/SortedOps$SizedRefSortingSink done
Event: 26.947 Loading class sun/security/ssl/Alert
Event: 26.947 Loading class sun/security/ssl/Alert done
Event: 26.948 Loading class sun/security/ssl/Alert$AlertConsumer
Event: 26.948 Loading class sun/security/ssl/Alert$AlertConsumer done
Event: 26.948 Loading class sun/security/ssl/Alert$Level
Event: 26.948 Loading class sun/security/ssl/Alert$Level done

Classes unloaded (0 events):
No events

Classes redefined (0 events):
No events

Internal exceptions (20 events):
Event: 21.789 Thread 0x000002bad15a6840 Exception <a 'java/lang/NoSuchMethodError'{0x000000070b118968}: 'void java.lang.invoke.DirectMethodHandle$Holder.invokeStatic(java.lang.Object, java.lang.Object, long, java.lang.Object)'> (0x000000070b118968) 
thrown [s\src\hotspot\share\interpreter\linkResolver.cpp, line 759]
Event: 21.812 Thread 0x000002bad15a6840 Exception <a 'java/lang/NoSuchMethodError'{0x000000070aea7380}: 'int java.lang.invoke.DirectMethodHandle$Holder.invokeInterface(java.lang.Object, java.lang.Object, java.lang.Object, java.lang.Object)'> (0x000000070aea7380) 
thrown [s\src\hotspot\share\interpreter\linkResolver.cpp, line 759]
Event: 21.846 Thread 0x000002bad15a6840 Exception <a 'java/lang/NoSuchMethodError'{0x000000070ad12088}: 'java.lang.Object java.lang.invoke.DirectMethodHandle$Holder.invokeStatic(java.lang.Object, long, java.lang.Object)'> (0x000000070ad12088) 
thrown [s\src\hotspot\share\interpreter\linkResolver.cpp, line 759]
Event: 21.847 Thread 0x000002bad15a6840 Exception <a 'java/lang/NoSuchMethodError'{0x000000070ad1a458}: 'java.lang.Object java.lang.invoke.DirectMethodHandle$Holder.newInvokeSpecial(java.lang.Object, long)'> (0x000000070ad1a458) 
thrown [s\src\hotspot\share\interpreter\linkResolver.cpp, line 759]
Event: 21.853 Thread 0x000002bad15a6840 Exception <a 'java/lang/NoSuchMethodError'{0x000000070ad8dcb8}: 'java.lang.Object java.lang.invoke.Invokers$Holder.linkToTargetMethod(java.lang.Object, java.lang.Object, java.lang.Object, java.lang.Object, long, java.lang.Object, java.lang.Object)'> (0x000000070ad8dcb8) 
thrown [s\src\hotspot\share\interpreter\linkResolver.cpp, line 759]
Event: 21.857 Thread 0x000002bad15a6840 Exception <a 'java/lang/NoSuchMethodError'{0x000000070add4340}: 'java.lang.Object java.lang.invoke.DirectMethodHandle$Holder.newInvokeSpecial(java.lang.Object, java.lang.Object, java.lang.Object, long, java.lang.Object)'> (0x000000070add4340) 
thrown [s\src\hotspot\share\interpreter\linkResolver.cpp, line 759]
Event: 21.857 Thread 0x000002bad15a6840 Exception <a 'java/lang/NoSuchMethodError'{0x000000070add9730}: 'java.lang.Object java.lang.invoke.DirectMethodHandle$Holder.invokeSpecial(java.lang.Object, java.lang.Object, java.lang.Object, java.lang.Object, long, java.lang.Object)'> (0x000000070add9730) 
thrown [s\src\hotspot\share\interpreter\linkResolver.cpp, line 759]
Event: 21.858 Thread 0x000002bad15a6840 Exception <a 'java/lang/NoSuchMethodError'{0x000000070adde468}: 'java.lang.Object java.lang.invoke.Invokers$Holder.linkToTargetMethod(java.lang.Object, java.lang.Object, long, java.lang.Object, java.lang.Object)'> (0x000000070adde468) 
thrown [s\src\hotspot\share\interpreter\linkResolver.cpp, line 759]
Event: 21.994 Thread 0x000002bad15a6840 Exception <a 'java/lang/NoSuchMethodError'{0x000000070a3e7c80}: 'java.lang.Object java.lang.invoke.DirectMethodHandle$Holder.newInvokeSpecial(java.lang.Object, int, java.lang.Object)'> (0x000000070a3e7c80) 
thrown [s\src\hotspot\share\interpreter\linkResolver.cpp, line 759]
Event: 22.193 Thread 0x000002bad15a6840 Exception <a 'sun/nio/fs/WindowsException'{0x0000000709382130}> (0x0000000709382130) 
thrown [s\src\hotspot\share\prims\jni.cpp, line 516]
Event: 23.726 Thread 0x000002bad15a6840 Exception <a 'java/lang/NoSuchMethodError'{0x00000007073e3c68}: 'void java.lang.invoke.DirectMethodHandle$Holder.invokeVirtual(java.lang.Object, java.lang.Object, long)'> (0x00000007073e3c68) 
thrown [s\src\hotspot\share\interpreter\linkResolver.cpp, line 759]
Event: 23.768 Thread 0x000002bad15a6840 Exception <a 'java/lang/NoSuchMethodError'{0x0000000707175d90}: 'int java.lang.invoke.DirectMethodHandle$Holder.invokeSpecial(java.lang.Object, java.lang.Object, int)'> (0x0000000707175d90) 
thrown [s\src\hotspot\share\interpreter\linkResolver.cpp, line 759]
Event: 23.963 Thread 0x000002bad15a6840 Exception <a 'java/lang/NoSuchMethodError'{0x0000000722260928}: 'void java.lang.invoke.DirectMethodHandle$Holder.invokeStatic(java.lang.Object, java.lang.Object, java.lang.Object, int, java.lang.Object)'> (0x0000000722260928) 
thrown [s\src\hotspot\share\interpreter\linkResolver.cpp, line 759]
Event: 23.990 Thread 0x000002bad15a6840 Exception <a 'java/lang/NoSuchMethodError'{0x0000000722063680}: 'int java.lang.invoke.DirectMethodHandle$Holder.invokeInterface(java.lang.Object, java.lang.Object, java.lang.Object, java.lang.Object, java.lang.Object)'> (0x0000000722063680) 
thrown [s\src\hotspot\share\interpreter\linkResolver.cpp, line 759]
Event: 24.085 Thread 0x000002bad15a6840 Exception <a 'java/lang/NoSuchMethodError'{0x0000000721f47ce8}: 'java.lang.Object java.lang.invoke.DirectMethodHandle$Holder.invokeSpecial(java.lang.Object, java.lang.Object, long, java.lang.Object, java.lang.Object)'> (0x0000000721f47ce8) 
thrown [s\src\hotspot\share\interpreter\linkResolver.cpp, line 759]
Event: 24.104 Thread 0x000002bad15a6840 Implicit null exception at 0x000002baf657ae60 to 0x000002baf657ae88
Event: 26.554 Thread 0x000002bad15a6840 Exception <a 'java/lang/NoSuchMethodError'{0x000000070a751bb8}: 'java.lang.Object java.lang.invoke.DirectMethodHandle$Holder.invokeSpecialIFC(java.lang.Object, java.lang.Object, java.lang.Object)'> (0x000000070a751bb8) 
thrown [s\src\hotspot\share\interpreter\linkResolver.cpp, line 759]
Event: 26.639 Thread 0x000002bad500ce60 Exception <a 'sun/nio/fs/WindowsException'{0x000000070a2f29d8}> (0x000000070a2f29d8) 
thrown [s\src\hotspot\share\prims\jni.cpp, line 516]
Event: 26.639 Thread 0x000002bad15a6840 Exception <a 'sun/nio/fs/WindowsException'{0x000000070a5c8b28}> (0x000000070a5c8b28) 
thrown [s\src\hotspot\share\prims\jni.cpp, line 516]
Event: 26.948 Thread 0x000002ba8a305620 Implicit null exception at 0x000002baf676d4e0 to 0x000002baf676d67c

VM Operations (20 events):
Event: 23.864 Executing VM operation: G1CollectForAllocation done
Event: 24.076 Executing VM operation: HandshakeAllThreads
Event: 24.076 Executing VM operation: HandshakeAllThreads done
Event: 24.166 Executing VM operation: HandshakeAllThreads
Event: 24.166 Executing VM operation: HandshakeAllThreads done
Event: 25.172 Executing VM operation: Cleanup
Event: 25.173 Executing VM operation: Cleanup done
Event: 26.181 Executing VM operation: Cleanup
Event: 26.181 Executing VM operation: Cleanup done
Event: 26.605 Executing VM operation: ICBufferFull
Event: 26.605 Executing VM operation: ICBufferFull done
Event: 26.937 Executing VM operation: G1CollectForAllocation
Event: 26.946 Executing VM operation: G1CollectForAllocation done
Event: 27.106 Executing VM operation: G1CollectForAllocation
Event: 27.112 Executing VM operation: G1CollectForAllocation done
Event: 27.225 Executing VM operation: G1CollectForAllocation
Event: 27.227 Executing VM operation: G1CollectForAllocation done
Event: 27.340 Executing VM operation: G1CollectForAllocation
Event: 27.343 Executing VM operation: G1CollectForAllocation done
Event: 27.454 Executing VM operation: G1CollectForAllocation

Memory protections (0 events):
No events

Nmethod flushes (20 events):
Event: 21.687 Thread 0x000002ba8a324e30 flushing  nmethod 0x000002baef4db390
Event: 21.687 Thread 0x000002ba8a324e30 flushing  nmethod 0x000002baef4dfc10
Event: 21.687 Thread 0x000002ba8a324e30 flushing  nmethod 0x000002baef4e2e10
Event: 21.687 Thread 0x000002ba8a324e30 flushing  nmethod 0x000002baef578810
Event: 21.687 Thread 0x000002ba8a324e30 flushing  nmethod 0x000002baef5aa090
Event: 21.687 Thread 0x000002ba8a324e30 flushing  nmethod 0x000002baef5b8210
Event: 21.687 Thread 0x000002ba8a324e30 flushing  nmethod 0x000002baef5d1090
Event: 21.688 Thread 0x000002ba8a324e30 flushing  nmethod 0x000002baef630010
Event: 21.688 Thread 0x000002ba8a324e30 flushing  nmethod 0x000002baef693190
Event: 21.688 Thread 0x000002ba8a324e30 flushing  nmethod 0x000002baef6d5d10
Event: 21.688 Thread 0x000002ba8a324e30 flushing  nmethod 0x000002baef700110
Event: 24.166 Thread 0x000002ba8a324e30 flushing  nmethod 0x000002baf63ee190
Event: 24.166 Thread 0x000002ba8a324e30 flushing  nmethod 0x000002baf651bf90
Event: 24.167 Thread 0x000002ba8a324e30 flushing  nmethod 0x000002baf660ef90
Event: 24.167 Thread 0x000002ba8a324e30 flushing  nmethod 0x000002baf66c4710
Event: 24.167 Thread 0x000002ba8a324e30 flushing  nmethod 0x000002baf6825990
Event: 24.167 Thread 0x000002ba8a324e30 flushing  nmethod 0x000002baf6828c90
Event: 24.167 Thread 0x000002ba8a324e30 flushing  nmethod 0x000002baf6853e10
Event: 24.168 Thread 0x000002ba8a324e30 flushing  nmethod 0x000002baf697c510
Event: 24.169 Thread 0x000002ba8a324e30 flushing  nmethod 0x000002baee90e190

Events (20 events):
Event: 17.291 Thread 0x000002bad398dc70 Thread exited: 0x000002bad398dc70
Event: 17.507 Thread 0x000002ba8a320bf0 Thread added: 0x000002bad398d720
Event: 18.051 Thread 0x000002bad398d720 Thread exited: 0x000002bad398d720
Event: 19.349 Thread 0x000002ba8a321500 Thread added: 0x000002bad7403ac0
Event: 20.300 Thread 0x000002bad7403ac0 Thread exited: 0x000002bad7403ac0
Event: 20.466 Thread 0x000002ba8a321500 Thread added: 0x000002bad7401040
Event: 22.664 Thread 0x000002bad7401040 Thread exited: 0x000002bad7401040
Event: 23.109 Thread 0x000002bad398ec60 Thread exited: 0x000002bad398ec60
Event: 23.324 Thread 0x000002ba8a321500 Thread added: 0x000002bad7406a90
Event: 23.371 Thread 0x000002ba8a320bf0 Thread added: 0x000002bad7403ac0
Event: 24.051 Thread 0x000002bad7403ac0 Thread exited: 0x000002bad7403ac0
Event: 24.435 Thread 0x000002bad7406a90 Thread exited: 0x000002bad7406a90
Event: 26.241 Thread 0x000002ba8a321500 Thread added: 0x000002bad7405550
Event: 26.272 Thread 0x000002bad15a6840 Thread added: 0x000002bad50b5580
Event: 26.272 Thread 0x000002bad15a6840 Thread added: 0x000002bad50b64b0
Event: 26.479 Thread 0x000002bad15a6840 Thread added: 0x000002bad50b5a90
Event: 26.481 Thread 0x000002bad15a6840 Thread added: 0x000002bad500e2a0
Event: 26.528 Thread 0x000002ba8a321500 Thread added: 0x000002bad7400050
Event: 26.554 Thread 0x000002bad15a6840 Thread added: 0x000002bad500ce60
Event: 26.555 Thread 0x000002bad15a6840 Thread added: 0x000002bad500d880


Dynamic libraries:
0x00007ff7ca720000 - 0x00007ff7ca72e000 	C:\Program Files\Microsoft\jdk-17.0.14.7-hotspot\bin\java.exe
0x00007ff9f0190000 - 0x00007ff9f0388000 	C:\Windows\SYSTEM32\ntdll.dll
0x00007ff9ee6c0000 - 0x00007ff9ee782000 	C:\Windows\System32\KERNEL32.DLL
0x00007ff9edd80000 - 0x00007ff9ee07f000 	C:\Windows\System32\KERNELBASE.dll
0x00007ff9edbf0000 - 0x00007ff9edcf0000 	C:\Windows\System32\ucrtbase.dll
0x00007ff9d8000000 - 0x00007ff9d8017000 	C:\Program Files\Microsoft\jdk-17.0.14.7-hotspot\bin\jli.dll
0x00007ff9c2210000 - 0x00007ff9c222d000 	C:\Program Files\Microsoft\jdk-17.0.14.7-hotspot\bin\VCRUNTIME140.dll
0x00007ff9eff10000 - 0x00007ff9f00ad000 	C:\Windows\System32\USER32.dll
0x00007ff9dbe30000 - 0x00007ff9dc0ca000 	C:\Windows\WinSxS\amd64_microsoft.windows.common-controls_6595b64144ccf1df_6.0.19041.4355_none_60b8b9eb71f62e16\COMCTL32.dll
0x00007ff9ed830000 - 0x00007ff9ed852000 	C:\Windows\System32\win32u.dll
0x00007ff9eeea0000 - 0x00007ff9eef3e000 	C:\Windows\System32\msvcrt.dll
0x00007ff9eed60000 - 0x00007ff9eed8b000 	C:\Windows\System32\GDI32.dll
0x00007ff9ed8d0000 - 0x00007ff9ed9ea000 	C:\Windows\System32\gdi32full.dll
0x00007ff9ed9f0000 - 0x00007ff9eda8d000 	C:\Windows\System32\msvcp_win.dll
0x00007ff9ef060000 - 0x00007ff9ef08f000 	C:\Windows\System32\IMM32.DLL
0x00007ff9e8ae0000 - 0x00007ff9e8aec000 	C:\Program Files\Microsoft\jdk-17.0.14.7-hotspot\bin\vcruntime140_1.dll
0x00007ff9a3480000 - 0x00007ff9a350d000 	C:\Program Files\Microsoft\jdk-17.0.14.7-hotspot\bin\msvcp140.dll
0x00007ff97baf0000 - 0x00007ff97c762000 	C:\Program Files\Microsoft\jdk-17.0.14.7-hotspot\bin\server\jvm.dll
0x00007ff9ee890000 - 0x00007ff9ee93f000 	C:\Windows\System32\ADVAPI32.dll
0x00007ff9ef090000 - 0x00007ff9ef12f000 	C:\Windows\System32\sechost.dll
0x00007ff9eebc0000 - 0x00007ff9eece3000 	C:\Windows\System32\RPCRT4.dll
0x00007ff9ee180000 - 0x00007ff9ee1a7000 	C:\Windows\System32\bcrypt.dll
0x00007ff9eeb50000 - 0x00007ff9eebbb000 	C:\Windows\System32\WS2_32.dll
0x00007ff9ecd70000 - 0x00007ff9ecdbb000 	C:\Windows\SYSTEM32\POWRPROF.dll
0x00007ff9e2db0000 - 0x00007ff9e2dd7000 	C:\Windows\SYSTEM32\WINMM.dll
0x00007ff9e6d60000 - 0x00007ff9e6d6a000 	C:\Windows\SYSTEM32\VERSION.dll
0x00007ff9ecc30000 - 0x00007ff9ecc42000 	C:\Windows\SYSTEM32\UMPDC.dll
0x00007ff9ec050000 - 0x00007ff9ec062000 	C:\Windows\SYSTEM32\kernel.appcore.dll
0x00007ff9d5280000 - 0x00007ff9d528a000 	C:\Program Files\Microsoft\jdk-17.0.14.7-hotspot\bin\jimage.dll
0x00007ff9eb3f0000 - 0x00007ff9eb5d4000 	C:\Windows\SYSTEM32\DBGHELP.DLL
0x00007ff9d0c70000 - 0x00007ff9d0ca4000 	C:\Windows\SYSTEM32\dbgcore.DLL
0x00007ff9edcf0000 - 0x00007ff9edd72000 	C:\Windows\System32\bcryptPrimitives.dll
0x00007ff9bcaf0000 - 0x00007ff9bcafe000 	C:\Program Files\Microsoft\jdk-17.0.14.7-hotspot\bin\instrument.dll
0x00007ff9beb10000 - 0x00007ff9beb35000 	C:\Program Files\Microsoft\jdk-17.0.14.7-hotspot\bin\java.dll
0x00007ff97ba10000 - 0x00007ff97bae7000 	C:\Program Files\Microsoft\jdk-17.0.14.7-hotspot\bin\jsvml.dll
0x00007ff9ef210000 - 0x00007ff9ef97d000 	C:\Windows\System32\SHELL32.dll
0x00007ff9eb890000 - 0x00007ff9ec034000 	C:\Windows\SYSTEM32\windows.storage.dll
0x00007ff9ee1b0000 - 0x00007ff9ee505000 	C:\Windows\System32\combase.dll
0x00007ff9ed260000 - 0x00007ff9ed28b000 	C:\Windows\SYSTEM32\Wldp.dll
0x00007ff9ee940000 - 0x00007ff9eea0d000 	C:\Windows\System32\OLEAUT32.dll
0x00007ff9eed90000 - 0x00007ff9eee3d000 	C:\Windows\System32\SHCORE.dll
0x00007ff9eecf0000 - 0x00007ff9eed45000 	C:\Windows\System32\shlwapi.dll
0x00007ff9ed760000 - 0x00007ff9ed785000 	C:\Windows\SYSTEM32\profapi.dll
0x00007ff9bd930000 - 0x00007ff9bd948000 	C:\Program Files\Microsoft\jdk-17.0.14.7-hotspot\bin\zip.dll
0x00007ff9beaf0000 - 0x00007ff9beb0a000 	C:\Program Files\Microsoft\jdk-17.0.14.7-hotspot\bin\net.dll
0x00007ff9e5e70000 - 0x00007ff9e5f7a000 	C:\Windows\SYSTEM32\WINHTTP.dll
0x00007ff9ecfc0000 - 0x00007ff9ed02c000 	C:\Windows\system32\mswsock.dll
0x00007ff9bead0000 - 0x00007ff9beae6000 	C:\Program Files\Microsoft\jdk-17.0.14.7-hotspot\bin\nio.dll
0x00007ff9c2200000 - 0x00007ff9c2210000 	C:\Program Files\Microsoft\jdk-17.0.14.7-hotspot\bin\verify.dll
0x00007ff9bc9d0000 - 0x00007ff9bc9f7000 	C:\Users\ASUS ROG\.gradle\native\1def1411415f61bf3af743bc5b6707747c0891f09f0c88961ee8f79bc544acac\windows-amd64\native-platform.dll
0x00007ff9a3400000 - 0x00007ff9a3478000 	C:\Users\ASUS ROG\.gradle\native\0.2.7\x86_64-windows-gnu\gradle-fileevents.dll
0x00007ff9bf720000 - 0x00007ff9bf72a000 	C:\Program Files\Microsoft\jdk-17.0.14.7-hotspot\bin\management.dll
0x00007ff9bee30000 - 0x00007ff9bee3b000 	C:\Program Files\Microsoft\jdk-17.0.14.7-hotspot\bin\management_ext.dll
0x00007ff9f00b0000 - 0x00007ff9f00b8000 	C:\Windows\System32\PSAPI.DLL
0x00007ff9ecc50000 - 0x00007ff9ecc8b000 	C:\Windows\SYSTEM32\IPHLPAPI.DLL
0x00007ff9eed50000 - 0x00007ff9eed58000 	C:\Windows\System32\NSI.dll
0x00007ff9e69f0000 - 0x00007ff9e6a07000 	C:\Windows\SYSTEM32\dhcpcsvc6.DLL
0x00007ff9e6990000 - 0x00007ff9e69ad000 	C:\Windows\SYSTEM32\dhcpcsvc.DLL
0x00007ff9ecca0000 - 0x00007ff9ecd6a000 	C:\Windows\SYSTEM32\DNSAPI.dll
0x00007ff9bd800000 - 0x00007ff9bd809000 	C:\Program Files\Microsoft\jdk-17.0.14.7-hotspot\bin\extnet.dll
0x00007ff9ed1c0000 - 0x00007ff9ed1d8000 	C:\Windows\SYSTEM32\CRYPTSP.dll
0x00007ff9ec870000 - 0x00007ff9ec8a8000 	C:\Windows\system32\rsaenh.dll
0x00007ff9ed6e0000 - 0x00007ff9ed70e000 	C:\Windows\SYSTEM32\USERENV.dll
0x00007ff9ed1b0000 - 0x00007ff9ed1bc000 	C:\Windows\SYSTEM32\CRYPTBASE.dll
0x00007ff9bca90000 - 0x00007ff9bca9e000 	C:\Program Files\Microsoft\jdk-17.0.14.7-hotspot\bin\sunmscapi.dll
0x00007ff9eda90000 - 0x00007ff9edbec000 	C:\Windows\System32\CRYPT32.dll
0x00007ff9ed2d0000 - 0x00007ff9ed2f7000 	C:\Windows\SYSTEM32\ncrypt.dll
0x00007ff9ed290000 - 0x00007ff9ed2cb000 	C:\Windows\SYSTEM32\NTASN1.dll
0x00007ff9d1a60000 - 0x00007ff9d1a67000 	C:\Windows\system32\wshunix.dll
0x00007ff9dd040000 - 0x00007ff9dd04a000 	C:\Windows\System32\rasadhlp.dll
0x00007ff9df3f0000 - 0x00007ff9df470000 	C:\Windows\System32\fwpuclnt.dll

dbghelp: loaded successfully - version: 4.0.5 - missing functions: none
symbol engine: initialized successfully - sym options: 0x614 - pdb path: .;C:\Program Files\Microsoft\jdk-17.0.14.7-hotspot\bin;C:\Windows\SYSTEM32;C:\Windows\WinSxS\amd64_microsoft.windows.common-controls_6595b64144ccf1df_6.0.19041.4355_none_60b8b9eb71f62e16;C:\Program Files\Microsoft\jdk-17.0.14.7-hotspot\bin\server;C:\Users\ASUS ROG\.gradle\native\1def1411415f61bf3af743bc5b6707747c0891f09f0c88961ee8f79bc544acac\windows-amd64;C:\Users\ASUS ROG\.gradle\native\0.2.7\x86_64-windows-gnu

VM Arguments:
jvm_args: --add-opens=java.base/java.lang=ALL-UNNAMED --add-opens=java.base/java.lang.invoke=ALL-UNNAMED --add-opens=java.base/java.util=ALL-UNNAMED --add-opens=java.prefs/java.util.prefs=ALL-UNNAMED --add-exports=jdk.compiler/com.sun.tools.javac.api=ALL-UNNAMED --add-exports=jdk.compiler/com.sun.tools.javac.util=ALL-UNNAMED --add-opens=java.base/java.util=ALL-UNNAMED --add-opens=java.prefs/java.util.prefs=ALL-UNNAMED --add-opens=java.base/java.nio.charset=ALL-UNNAMED --add-opens=java.base/java.net=ALL-UNNAMED --add-opens=java.base/java.util.concurrent.atomic=ALL-UNNAMED --add-opens=java.xml/javax.xml.namespace=ALL-UNNAMED -Xmx4096m -Dfile.encoding=UTF-8 -Duser.country=US -Duser.language=en -Duser.variant -javaagent:C:\Users\ASUS ROG\.gradle\wrapper\dists\gradle-8.13-bin\5xuhj0ry160q40clulazy9h7d\gradle-8.13\lib\agents\gradle-instrumentation-agent-8.13.jar 
java_command: org.gradle.launcher.daemon.bootstrap.GradleDaemon 8.13
java_class_path (initial): C:\Users\ASUS ROG\.gradle\wrapper\dists\gradle-8.13-bin\5xuhj0ry160q40clulazy9h7d\gradle-8.13\lib\gradle-daemon-main-8.13.jar
Launcher Type: SUN_STANDARD

[Global flags]
     intx CICompilerCount                          = 4                                         {product} {ergonomic}
     uint ConcGCThreads                            = 3                                         {product} {ergonomic}
     uint G1ConcRefinementThreads                  = 10                                        {product} {ergonomic}
   size_t G1HeapRegionSize                         = 2097152                                   {product} {ergonomic}
    uintx GCDrainStackTargetSize                   = 64                                        {product} {ergonomic}
   size_t InitialHeapSize                          = 266338304                                 {product} {ergonomic}
   size_t MarkStackSize                            = 4194304                                   {product} {ergonomic}
   size_t MaxHeapSize                              = 4294967296                                {product} {command line}
   size_t MaxNewSize                               = 2575302656                                {product} {ergonomic}
   size_t MinHeapDeltaBytes                        = 2097152                                   {product} {ergonomic}
   size_t MinHeapSize                              = 8388608                                   {product} {ergonomic}
    uintx NonNMethodCodeHeapSize                   = 5839372                                {pd product} {ergonomic}
    uintx NonProfiledCodeHeapSize                  = 122909434                              {pd product} {ergonomic}
    uintx ProfiledCodeHeapSize                     = 122909434                              {pd product} {ergonomic}
    uintx ReservedCodeCacheSize                    = 251658240                              {pd product} {ergonomic}
     bool SegmentedCodeCache                       = true                                      {product} {ergonomic}
   size_t SoftMaxHeapSize                          = 4294967296                             {manageable} {ergonomic}
     bool UseCompressedClassPointers               = true                           {product lp64_product} {ergonomic}
     bool UseCompressedOops                        = true                           {product lp64_product} {ergonomic}
     bool UseG1GC                                  = true                                      {product} {ergonomic}
     bool UseLargePagesIndividualAllocation        = false                                  {pd product} {ergonomic}

Logging:
Log output configuration:
 #0: stdout all=warning uptime,level,tags
 #1: stderr all=off uptime,level,tags

Environment Variables:
JAVA_HOME=C:\Program Files\Microsoft\jdk-17.0.14.7-hotspot\
CLASSPATH=D:\CSE441\FirstDemoApp\FirstDemoApp\android\\gradle\wrapper\gradle-wrapper.jar
PATH=C:\Program Files\Microsoft\jdk-17.0.14.7-hotspot\bin;C:\Python313\Scripts\;C:\Python313\;E:\Oculus\Support\oculus-runtime;C:\Program Files\Common Files\Oracle\Java\javapath;C:\Windows\system32;C:\Windows;C:\Windows\System32\Wbem;C:\Windows\System32\WindowsPowerShell\v1.0\;C:\Windows\System32\OpenSSH\;D:\Git\cmd;C:\Program Files\Java\jdk-17.0.3.1\bin;C:\Program Files (x86)\Microsoft SQL Server\160\DTS\Binn\;C:\Program Files\Azure Data Studio\bin;C:\Program Files (x86)\Microsoft SQL Server\160\Tools\Binn\;C:\Program Files\Microsoft SQL Server\160\Tools\Binn\;C:\Program Files\Microsoft SQL Server\Client SDK\ODBC\170\Tools\Binn\;C:\Program Files\Microsoft SQL Server\160\DTS\Binn\;C:\Program Files\Intel\WiFi\bin\;C:\Program Files\Common Files\Intel\WirelessCommon\;C:\Program Files (x86)\NVIDIA Corporation\PhysX\Common;C:\ProgramData\chocolatey\bin;C:\Users\ASUS ROG\AppData\Roaming\nvm;C:\Program Files\nodejs;D:\Maven\apache-maven-3.9.5\bin;C:\Program Files\Microsoft SQL Server\150\Tools\Binn\;C:\Program Files\Java\jdk-17.0.1\bin;C:\Program Files\dotnet\;C:\Program Files\Cloudflare\Cloudflare WARP\;C:\Program Files\NVIDIA Corporation\NVIDIA app\NvDLISR;C:\Program Files\nodejs\;C:\Users\ASUS ROG\AppData\Local\Programs\Python\Python312\Scripts\;C:\Users\ASUS ROG\AppData\Local\Programs\Python\Python312\;C:\Users\ASUS ROG\AppData\Local\Programs\Python\Launcher\;C:\Users\ASUS ROG\AppData\Local\Microsoft\WindowsApps;D:\Microsoft VS Code\bin;C:\Users\ASUS ROG\AppData\Local\GitHubDesktop\bin;C:\Users\ASUS ROG\.dotnet\tools;C:\Users\ASUS ROG\AppData\Roaming\npm;C:\Users\ASUS ROG\.bun\bin;C:\Users\ASUS ROG\.bun\bin;C:\Users\ASUS ROG\.bun\bin;C:\Users\ASUS ROG\.bun\bin;C:\Users\ASUS ROG\.bun\bin;D:\Android\SDK\platform-tools
USERNAME=ASUS ROG
LANG=en_US.UTF-8
OS=Windows_NT
PROCESSOR_IDENTIFIER=Intel64 Family 6 Model 158 Stepping 10, GenuineIntel
TMP=C:\Users\ASUSRO~1\AppData\Local\Temp
TEMP=C:\Users\ASUSRO~1\AppData\Local\Temp



Periodic native trim disabled


---------------  S Y S T E M  ---------------

OS:
 Windows 10 , 64 bit Build 19041 (10.0.19041.5438)
OS uptime: 0 days 0:32 hours

CPU: total 12 (initial active 12) (6 cores per cpu, 2 threads per core) family 6 model 158 stepping 10 microcode 0xd2, cx8, cmov, fxsr, ht, mmx, 3dnowpref, sse, sse2, sse3, ssse3, sse4.1, sse4.2, popcnt, lzcnt, tsc, tscinvbit, avx, avx2, aes, erms, clmul, bmi1, bmi2, adx, fma, vzeroupper, clflush, clflushopt
Processor Information for the first 12 processors :
  Max Mhz: 2592, Current Mhz: 2592, Mhz Limit: 2592

Memory: 4k page, system-wide physical 16235M (2476M free)
TotalPageFile size 16235M (AvailPageFile size 133M)
current process WorkingSet (physical memory assigned to process): 500M, peak: 840M
current process commit charge ("private bytes"): 540M, peak: 900M

vm_info: OpenJDK 64-Bit Server VM (17.0.14+7-LTS) for windows-amd64 JRE (17.0.14+7-LTS), built on Jan  8 2025 23:39:28 by "MicrosoftCorporation" with unknown MS VC++:1939

END.
